0x1822cb0;0x18326c0;8000;0.000041;3.121343
0x899cb0;0x8b90b0;15999;0.000048;5.341665
0x7f042323b010;0x7f042320c010;23998;0.000061;6.315602
0x7fedbd33a010;0x7fedbd2fb010;31997;0.000071;7.205645
0x7fa419556010;0x7fa419507010;39996;0.000081;7.894371
0x7f49238ca010;0x7f492386c010;47995;0.000086;8.946916
0x7f7dd7e84010;0x7f7dd7e16010;55994;0.000090;9.967357
0x7fb6f31ad010;0x7fb6f3130010;63993;0.000100;10.249397
0x7fcd50802010;0x7fcd50775010;71992;0.000117;9.839718
0x7f34c9d29010;0x7f34c9c8c010;79991;0.000110;11.644480
0x7f8969bb4010;0x7f8969b08010;87990;0.000125;11.268910
0x7f8eecabb010;0x7f8eec9ff010;95989;0.000124;12.387909
0x7fd29b115010;0x7fd29b049010;103988;0.000132;12.596600
0x7f759e2c1010;0x7f759e1e6010;111987;0.000140;12.802931
0x7ffa3d9d9010;0x7ffa3d8ee010;119986;0.000152;12.640697
0x7f82e283d010;0x7f82e1593010;127985;0.000162;12.649378
0x7f9e2fbec010;0x7f9e2e942010;135984;0.000170;12.799063
0x7fa0e6449010;0x7fa0e519f010;143983;0.000179;12.866226
0x7f87220ac010;0x7f8720e02010;151982;0.000183;13.280390
0x7fc330c40010;0x7fc32f996010;159981;0.000191;13.386712
0x7f0fcfcc4010;0x7f0fcea1a010;167980;0.000199;13.500535
0x7fd828358010;0x7fd8270ae010;175979;0.000209;13.481451
0x7fb843743010;0x7fb842499010;183978;0.000222;13.261605
0x7f2681c73010;0x7f26809c9010;191977;0.000229;13.420165
0x7f63e3729010;0x7f63e247f010;199976;0.000238;13.447056
0x7fdce0e66010;0x7fdcdfbbc010;207975;0.000247;13.471975
0x7f5ed2e6a010;0x7f5ed1bc0010;215974;0.000251;13.764264
0x7f0cdd58d010;0x7f0cdc2e3010;223973;0.000269;13.313174
0x7fac04ae5010;0x7fac0383b010;231972;0.000273;13.595963
0x7f77739f5010;0x7f777274b010;239971;0.000280;13.705686
0x7f7ffd6a3010;0x7f7ffd4be010;247970;0.000268;14.805147
0x7f5cfea29010;0x7f5cfe835010;255969;0.000277;14.795684
0x7feee7644010;0x7feee7440010;263968;0.000280;15.089091
0x7f626745c010;0x7f6267248010;271967;0.000268;16.237897
0x7fba7e4ab010;0x7fba7e288010;279966;0.000277;16.182774
0x7f3683bbd010;0x7f368398a010;287965;0.000284;16.212252
0x7f7377382010;0x7f737713f010;295964;0.000290;16.333724
0x7f3c6c217010;0x7f3c6bfc5010;303963;0.000315;15.441795
0x7f56d0192010;0x7f56cff30010;311962;0.000360;13.864514
0x7f3a572f2010;0x7f3a57081010;319961;0.000317;16.156674
0x7f4f90199010;0x7f4f8ff18010;327960;0.000352;14.911262
0x7fa244072010;0x7fa243de1010;335959;0.000340;15.810538
0x7fd560035010;0x7fd55fd95010;343958;0.000356;15.460570
0x7efe62dc4010;0x7efe62b14010;351957;0.000357;15.777845
0x7fb9e1ef5010;0x7fb9e1c35010;359956;0.000342;16.845354
0x7f9583902010;0x7f9583633010;367955;0.000350;16.820873
0x7f6344d6c010;0x7f6344a8d010;375954;0.000367;16.383017
0x7fe9bf480010;0x7fe9bf192010;383953;0.000371;16.559543
0x7f4a6b396010;0x7f4a6b098010;391952;0.000372;16.861188
0x7f42c8675010;0x7f42c8367010;399951;0.000379;16.880665
0x7faf0bba0010;0x7faf0b883010;407950;0.000386;16.909859
0x7f9b04f06010;0x7f9b04bd9010;415949;0.000418;15.923483
0x7ff596549010;0x7ff59620c010;423948;0.000420;16.146804
0x7f2ea03cf010;0x7f2ea0083010;431947;0.000411;16.814079
0x7f25980f0010;0x7f2597d94010;439946;0.000424;16.605330
0x7fdb69f53010;0x7fdb69be8010;447945;0.000423;16.945366
0x7f45d42cd010;0x7f45d3f52010;455944;0.000438;16.656442
0x7effbf495010;0x7effbf10a010;463943;0.000446;16.640667
0x7f3e7077a010;0x7f3e703e0010;471942;0.000443;17.046013
0x7f8399ea5010;0x7f8399afb010;479941;0.000453;16.951734
0x7fb06858c010;0x7fb0681d2010;487940;0.000457;17.081429
0x7f2c26b22010;0x7f2c26759010;495939;0.000468;16.954612
0x7f7c87a5d010;0x7f7c87684010;503938;0.000475;16.977262
0x7f643fa47010;0x7f643f65f010;511937;0.000483;16.957310
0x7f247f92f010;0x7f247f537010;519936;0.000489;17.012342
0x7fd5b26da010;0x7fd5b22d2010;527935;0.000507;16.664684
0x7efe30021010;0x7efe2fc0a010;535934;0.000506;16.949068
0x7f0fc040f010;0x7f0fbffe8010;543933;0.000532;16.354268
0x7f836a214010;0x7f8369dde010;551932;0.000529;16.691992
0x7fbeff4e4010;0x7fbeff09e010;559931;0.000542;16.524333
0x7f0dc1205010;0x7f0dc0daf010;567930;0.000539;16.864220
0x7f66be4cb010;0x7f66be066010;575929;0.000565;16.307992
0x7f3c9b263010;0x7f3c9adee010;583928;0.000552;16.920011
0x7f931fc37010;0x7f931f7b2010;591927;0.000560;16.910834
0x7f6f7c408010;0x7f6f7bf74010;599926;0.000568;16.901911
0x7fd7f9105010;0x7fd7f8c61010;607925;0.000600;16.208644
0x7f726da3f010;0x7f726d58c010;615924;0.000585;16.843504
0x7fc3fdbbb010;0x7fc3fd6f8010;623923;0.000599;16.668298
0x7f00263bb010;0x7f0025ee8010;631922;0.000600;16.855154
0x7fbe0955a010;0x7fbe09078010;639921;0.000613;16.703373
0x7fbb7f444010;0x7fbb7ef52010;647920;0.000619;16.742848
0x7fb1ee215010;0x7fb1edd13010;655919;0.000618;16.982245
0x7f4180971010;0x7f4180460010;663918;0.000627;16.940982
0x7efe6f291010;0x7efe6ed70010;671917;0.000636;16.900895
0x7f9e5e59c010;0x7f9e5e06c010;679916;0.000643;16.918202
0x7fdc0e22d010;0x7fdc0dced010;687915;0.000652;16.885587
0x7fa477e53010;0x7fa477903010;695914;0.000664;16.769120
0x7f32363ca010;0x7f3235e6b010;703913;0.000680;16.563395
0x7f35411a6010;0x7f3540c37010;711912;0.000683;16.675604
0x7f8cccd73010;0x7f8ccc7f4010;719911;0.000686;16.786800
0x7f8e11365010;0x7f8e10dd7010;727910;0.000687;16.949762
0x7f53f8730010;0x7f53f8192010;735909;0.000701;16.797965
0x7f63066ac010;0x7f63060ff010;743908;0.000713;16.691013
0x7f7e2d098010;0x7f7e2cadb010;751907;0.000707;17.012685
0x7f927fdc1010;0x7f927f7f4010;759906;0.000713;17.055662
0x7f83fcf86010;0x7f83fc9aa010;767905;0.000724;16.968466
0x7f4c88526010;0x7f4c87f3a010;775904;0.000737;16.845693
0x7f3b851a5010;0x7f3b84ba9010;783903;0.000743;16.877395
0x7fb236dc7010;0x7fb2367bc010;791902;0.000759;16.696087
0x7fa754a5c010;0x7fa754441010;799901;0.000763;16.775140
0x7f8958d7b010;0x7f8958751010;807900;0.000777;16.636162
0x7f874e6a0010;0x7f874e066010;815899;0.000782;16.693309
0x7f169db92010;0x7f169d548010;823898;0.000796;16.559107
0x7f45d529a010;0x7f45d4c41010;831897;0.000797;16.699869
0x7fd99e639010;0x7fd99dfd0010;839896;0.000813;16.529169
0x7f79ae04a010;0x7f79ad9d1010;847895;0.000802;16.914765
0x7f60ff8a7010;0x7f60ff21f010;855894;0.000850;16.111662
0x7fd37df63010;0x7fd37d8cb010;863893;0.000850;16.262238
0x7fe943fde010;0x7fe943937010;871892;0.000844;16.528724
0x7f1b98141010;0x7f1b97a8a010;879891;0.000869;16.199859
0x7f9ecaa11010;0x7f9eca34a010;887890;0.000860;16.519348
0x7fc04a7c8010;0x7fc04a0f2010;895889;0.000863;16.608313
0x7fc5fce34010;0x7fc5fc74e010;903888;0.000865;16.719652
0x7f1c39ef0010;0x7f1c397fa010;911887;0.000868;16.807388
0x7fe81125d010;0x7fe810b58010;919886;0.000895;16.444460
0x7fe0d6e16010;0x7fe0d6701010;927885;0.000896;16.569800
0x7fa2fb649010;0x7fa2faf25010;935884;0.000911;16.437088
0x7f1e10ec2010;0x7f1e1078e010;943883;0.000909;16.616715
0x7fb67b6df010;0x7fb67af9b010;951882;0.000917;16.605074
0x7fcf7a60f010;0x7fcf79ebc010;959881;0.000950;16.168806
0x7f4146e5d010;0x7f41466fa010;967880;0.000945;16.385804
0x7fa969a86010;0x7fa969313010;975879;0.000946;16.508730
0x7fb086ce1010;0x7fb08655f010;983878;0.000952;16.535671
0x7f56ed140010;0x7f56ec9ae010;991877;0.000955;16.616011
0x7fa532c0a010;0x7fa532469010;999876;0.000997;16.048922
0x7f470c63d010;0x7f470be8c010;1007875;0.000993;16.239459
0x7f82647f0010;0x7f826402f010;1015874;0.001005;16.174176
0x7f42356f6010;0x7f4234f26010;1023873;0.001015;16.140699
0x7f85c38a1010;0x7f85c30c1010;1031872;0.001013;16.297425
0x7f9adbee0010;0x7f9adb6f0010;1039871;0.001008;16.505336
0x7fbd35b6c010;0x7fbd3536d010;1047870;0.001016;16.499616
0x7f942934e010;0x7f9428b3f010;1055869;0.001043;16.196153
0x7fc575a5d010;0x7fc57523f010;1063868;0.001025;16.607344
0x7fa53b63b010;0x7fa53ae0d010;1071867;0.000998;17.183893
0x7f5ff5900010;0x7f5ff50c2010;1079866;0.000972;17.774977
0x7fd941805010;0x7fd940fb8010;1087865;0.000921;18.898624
0x7f9aa0e52010;0x7f9aa05f5010;1095864;0.000920;19.057317
0x7f2cd6dc8010;0x7f2cd655c010;1103863;0.000896;19.712345
0x7f4463b58010;0x7f44632dc010;1111862;0.000892;19.945415
0x7f93dfd04010;0x7f93df478010;1119861;0.000862;20.783352
0x7feae4210010;0x7feae3975010;1127860;0.000854;21.130487
0x7f9801259010;0x7f98009ae010;1135859;0.000821;22.133045
0x7f4eebd6b010;0x7f4eeb4b0010;1143858;0.000804;22.764831
0x7fb92eca7010;0x7fb92e3dd010;1151857;0.000800;23.040183
0x7fa70b239010;0x7fa70a95f010;1159856;0.000777;23.883590
0x7fb310184010;0x7fb30f89b010;1167855;0.000801;23.325423
0x7f7a0dcb3010;0x7f7a0d3ba010;1175854;0.000802;23.457261
0x7efec485e010;0x7efec3f55010;1183853;0.000808;23.442617
0x7f047adf4010;0x7f047a4dc010;1191852;0.000837;22.780927
0x7f4b69f03010;0x7f4b695db010;1199851;0.000830;23.131467
0x7f4bd5d18010;0x7f4bd53e0010;1207850;0.000834;23.172510
0x7f38fbf2c010;0x7f38fb5e5010;1215849;0.000845;23.016712
0x7f0153d56010;0x7f01533ff010;1223848;0.000870;22.507824
0x7fa4d08d2010;0x7fa4cff6c010;1231847;0.000861;22.887002
0x7f60208c1010;0x7f601ff4b010;1239846;0.000861;23.041999
0x7f72838a2010;0x7f7282f1c010;1247845;0.000865;23.081990
0x7fc772835010;0x7fc771ea0010;1255844;0.000931;21.582142
0x7f4b8d21f010;0x7f4b8c87a010;1263843;0.000913;22.144926
0x7f0189223010;0x7f018886e010;1271842;0.000909;22.390313
0x7f84312bb010;0x7f84308f7010;1279841;0.000921;22.233672
0x7f86142e0010;0x7f861390c010;1287840;0.000940;21.918711
0x7f51bf94a010;0x7f51bef67010;1295839;0.000936;22.150352
0x7f0214fde010;0x7f02145eb010;1303838;0.000968;21.551499
0x7f28718cf010;0x7f2870ecc010;1311837;0.000957;21.932210
0x7f99384e0010;0x7f9937ace010;1319836;0.000975;21.661212
0x7fec1d5a4010;0x7fec1cb82010;1327835;0.000982;21.633770
0x7fd71ea07010;0x7fd71dfd5010;1335834;0.001011;21.142996
0x7fda19a8d010;0x7fda1904c010;1343833;0.001056;20.361957
0x7ff332f52010;0x7ff332501010;1351832;0.001035;20.898390
0x7fb0ede1b010;0x7fb0ed3bb010;1359831;0.001010;21.543134
0x7f1e5b8d0010;0x7f1e5ae60010;1367830;0.001044;20.962210
0x7f7da0a8c010;0x7f7da000c010;1375829;0.001060;20.767054
0x7f3e6a180010;0x7f3e696f1010;1383828;0.001038;21.329151
0x7f7cbbdd7010;0x7f7cbb338010;1391827;0.001061;20.989647
0x7ffbd0a53010;0x7ffbcffa4010;1399826;0.001053;21.272811
0x7f61438d8010;0x7f6142e1a010;1407825;0.001097;20.534131
0x7f5b22165010;0x7f5b21697010;1415824;0.001089;20.804541
0x7f7830ec9010;0x7f78303ec010;1423823;0.001098;20.749434
0x7fef87bc7010;0x7fef870da010;1431822;0.001147;19.972552
0x7f7d5d648010;0x7f7d5cb4b010;1439821;0.001128;20.423748
0x7fcf4dc81010;0x7fcf4d175010;1447820;0.001113;20.814386
0x7f54cd11b010;0x7f54cc5ff010;1455819;0.001124;20.725150
0x7f04b9484010;0x7f04b8958010;1463818;0.001129;20.746603
0x7f6ede769010;0x7f6eddc2e010;1471817;0.001187;19.837712
0x7ff040509010;0x7ff03f9be010;1479816;0.001175;20.147854
0x7f15cd6bc010;0x7f15ccb62010;1487815;0.001210;19.670129
0x7fc6f18c7010;0x7fc6f0d5d010;1495814;0.001206;19.846259
0x7fc632a4b010;0x7fc631ed1010;1503813;0.001178;20.424850
0x7f8cb37a1010;0x7f8cb2c18010;1511812;0.001200;20.158153
0x7f1b4f6f9010;0x7f1b4eb60010;1519811;0.001234;19.704944
0x7ff334466010;0x7ff3338bd010;1527810;0.001238;19.743808
0x7f25211fd010;0x7f2520645010;1535809;0.001254;19.594372
0x7f12b71db010;0x7f12b6613010;1543808;0.001267;19.496274
0x7f9710f39010;0x7f9710362010;1551807;0.001270;19.549466
0x7f433114a010;0x7f4330563010;1559806;0.001287;19.388185
0x7fcfb9c14010;0x7fcfb901d010;1567805;0.001310;19.147154
0x7f137fb2e010;0x7f137ef28010;1575804;0.001290;19.543599
0x7fba7f9f1010;0x7fba7eddb010;1583803;0.001284;19.737645
0x7f24928c5010;0x7f2491ca0010;1591802;0.001313;19.397862
0x7f68748d4010;0x7f6873c9f010;1599801;0.001334;19.188709
0x7fafa6131010;0x7fafa54ec010;1607800;0.001350;19.056452
0x7f445d42f010;0x7f445c7db010;1615799;0.001327;19.485074
0x7f19829bf010;0x7f1981d5b010;1623798;0.001366;19.020988
0x7f009106f010;0x7f00903fb010;1631797;0.001362;19.168220
0x7f804aa5a010;0x7f8049dd7010;1639796;0.001351;19.421964
0x7fbe33bdf010;0x7fbe32f4c010;1647795;0.001376;19.161610
0x7fd366d18010;0x7fd366076010;1655794;0.001419;18.669095
0x7fc0dd0b6010;0x7fc0dc404010;1663793;0.001416;18.800347
0x7efe6050e010;0x7efe5f84c010;1671792;0.001379;19.396968
0x7fa751009010;0x7fa750338010;1679791;0.001448;18.562303
0x7f558a2dc010;0x7f55895fb010;1687790;0.001394;19.371587
0x7fdb793f3010;0x7fdb78702010;1695789;0.001429;18.986065
0x7f3bf955d010;0x7f3bf885d010;1703788;0.001425;19.129877
0x7fdd408c8010;0x7fdd3fbb8010;1711787;0.001487;18.418483
0x7efea13d8010;0x7efea06b9010;1719786;0.001446;19.029330
0x7f36b9843010;0x7f36b8b14010;1727785;0.001453;19.026861
0x7f0d93bb6010;0x7f0d92e77010;1735784;0.001481;18.751850
0x7f139fce7010;0x7f139ef99010;1743783;0.001533;18.199580
0x7f8407ad6010;0x7f8406d78010;1751782;0.001544;18.153196
0x7fc120386010;0x7fc11f618010;1759781;0.001497;18.808234
0x7f3187488010;0x7f318670b010;1767780;0.001508;18.756317
0x7f466b4b1010;0x7f466a724010;1775779;0.001560;18.210653
0x7ff5afb64010;0x7ff5aedc8010;1783778;0.001543;18.496186
0x7f82b1ac7010;0x7f82b0d1b010;1791777;0.001587;18.065523
0x7f07aadfc010;0x7f07aa040010;1799776;0.001592;18.086392
0x7f43787c1010;0x7f43779f6010;1807775;0.001616;17.898750
0x7f3a4536d010;0x7f3a44592010;1815774;0.001611;18.033821
0x7f5319bf4010;0x7f5318e09010;1823773;0.001638;17.812740
0x7f272bd99010;0x7f272af9f010;1831772;0.001655;17.710436
0x7fbf28f7b010;0x7fbf28171010;1839771;0.001645;17.893470
0x7efd573e8010;0x7efd565cf010;1847770;0.001628;18.158112
0x7fd304e4a010;0x7fd304021010;1855769;0.001662;17.865234
0x7f83ecd9f010;0x7f83ebf66010;1863768;0.001674;17.814464
0x7f29fc8dd010;0x7f29fba95010;1871767;0.001702;17.595203
0x7f99c9bf3010;0x7f99c8d9b010;1879766;0.001653;18.195436
0x7f015344a010;0x7f01525e2010;1887765;0.001670;18.087631
0x7fcb0ab5b010;0x7fcb09ce4010;1895764;0.001707;17.768515
0x7faed2ed6010;0x7faed204f010;1903763;0.001698;17.938693
0x7fcf9b576010;0x7fcf9a6e0010;1911762;0.001751;17.469523
0x7f6da823c010;0x7f6da7396010;1919761;0.001768;17.374643
0x7fe419577010;0x7fe4186c1010;1927760;0.001725;17.881103
0x7fdc9ee6a010;0x7fdc9dfa5010;1935759;0.001736;17.841861
0x7fe3f9b93010;0x7fe3f8cbe010;1943758;0.001728;17.997157
0x7fd34372e010;0x7fd342849010;1951757;0.001757;17.772075
0x7f1c3a5a0010;0x7f1c396ac010;1959756;0.001725;18.177885
0x7fb2471d2010;0x7fb2462ce010;1967755;0.001755;17.939655
0x7ffab5e3b010;0x7ffab4f28010;1975754;0.001747;18.096166
0x7fe30df87010;0x7fe30d064010;1983753;0.001777;17.862258
0x7f640f160010;0x7f640e22d010;1991752;0.001787;17.831405
0x7f7780d79010;0x7f777fe37010;1999751;0.001818;17.600133
0x7f29d793c010;0x7f29d69ea010;2007750;0.001840;17.459871
0x7ff970a0b010;0x7ff96faa9010;2015749;0.001836;17.565852
0x7f607d930010;0x7f607c9bf010;2023748;0.001915;16.906689
0x7f9a8a630010;0x7f9a896af010;2031747;0.003107;10.462572
0x7f0399822010;0x7f0398892010;2039746;0.001895;17.222576
0x7ffb4a879010;0x7ffb498d9010;2047745;0.001904;17.207844
0x7f785bbac010;0x7f785abfc010;2055744;0.001880;17.496340
0x7f3be043f010;0x7f3bdf480010;2063743;0.001917;17.225802
0x7fd235880010;0x7fd2348b1010;2071742;0.001915;17.309792
0x7fb9586d1010;0x7fb9576f3010;2079741;0.001941;17.143970
0x7fd0b20d7010;0x7fd0b10e9010;2087740;0.001985;16.827511
0x7fd32716d010;0x7fd32616f010;2095739;0.002004;16.731223
0x7f7f1db35010;0x7f7f1cb28010;2103738;0.001973;17.060963
0x7f7e38845010;0x7f7e37828010;2111737;0.001968;17.169405
0x7f623d78f010;0x7f623c762010;2119736;0.001998;16.975307
0x7ff184649010;0x7ff18360d010;2127735;0.002002;17.004868
0x7f3823b84010;0x7f3822b38010;2135734;0.002002;17.068796
0x7f56351d3010;0x7f5634178010;2143733;0.002000;17.151107
0x7f3e36837010;0x7f3e357cc010;2151732;0.002010;17.127303
0x7fd0aa127010;0x7fd0a90ac010;2159731;0.002023;17.081567
0x7fc4d62dd010;0x7fc4d5253010;2167730;0.002025;17.128682
0x7f885c8e5010;0x7f885b84b010;2175729;0.002051;16.974041
0x7f51e8130010;0x7f51e7086010;2183728;0.002042;17.110041
0x7fc96b891010;0x7fc96a7d8010;2191727;0.002046;17.138698
0x7f4e48cfc010;0x7f4e47c33010;2199726;0.002070;17.001165
0x7f7235010010;0x7f7233f38010;2207725;0.002028;17.418048
0x7fb86b715010;0x7fb86a62d010;2215724;0.002079;17.052147
0x7f45816af010;0x7f45805b7010;2223723;0.002056;17.304212
0x7f1559288010;0x7f1558181010;2231722;0.002098;17.019128
0x7f06190cd010;0x7f0617fb6010;2239721;0.002107;17.008615
0x7f4595021010;0x7f4593efa010;2247720;0.002113;17.019286
0x7f4d0c296010;0x7f4d0b160010;2255719;0.002105;17.145627
0x7fe4314fa010;0x7fe4303b4010;2263718;0.002134;16.973804
0x7f9f68014010;0x7f9f66ebf010;2271717;0.002131;17.056651
0x7fad14a34010;0x7fad138cf010;2279716;0.002150;16.964865
0x7f73d676e010;0x7f73d55f9010;2287715;0.002177;16.813707
0x7f7d39aa3010;0x7f7d3891f010;2295714;0.002187;16.795242
0x7fb348909010;0x7fb347775010;2303713;0.002226;16.557734
0x7f485feb0010;0x7f485ed0c010;2311712;0.002241;16.503869
0x7f1097c36010;0x7f1096a83010;2319711;0.002216;16.748055
0x7f47b5219010;0x7f47b4056010;2327710;0.002248;16.566971
0x7f4231ee3010;0x7f4230d11010;2335709;0.002229;16.766154
0x7f48834af010;0x7f48822cd010;2343708;0.002278;16.460867
0x7f6c334a5010;0x7f6c322b3010;2351707;0.002289;16.437911
0x7f5bd22a8010;0x7f5bd10a7010;2359706;0.002240;16.855475
0x7f62a4321010;0x7f62a3110010;2367705;0.002292;16.529074
0x7f66bc878010;0x7f66bb657010;2375704;0.002287;16.621226
0x7f80abc5a010;0x7f80aaa2a010;2383703;0.002347;16.250264
0x7f9b1434e010;0x7f9b1310e010;2391702;0.002351;16.278337
0x7fc87d7a9010;0x7fc87c55a010;2399701;0.002373;16.180168
0x7f6fb1ee2010;0x7f6fb0c83010;2407700;0.002353;16.372278
0x7f1bbe7cd010;0x7f1bbd55e010;2415699;0.002355;16.413366
0x7f1bf28e8010;0x7f1bf166a010;2423698;0.002343;16.549819
0x7f5d957b2010;0x7f5d94524010;2431697;0.002344;16.599372
0x7f699756e010;0x7f69962d0010;2439696;0.002330;16.754526
0x7f93040f1010;0x7f9302e44010;2447695;0.002389;16.393416
0x7efdc156c010;0x7efdc02af010;2455694;0.002369;16.586034
0x7f7c7fb6f010;0x7f7c7e8a3010;2463693;0.002433;16.201434
0x7f393c69c010;0x7f393b3c0010;2471692;0.002378;16.630483
0x7fb1e0766010;0x7fb1df47a010;2479691;0.002394;16.572975
0x7f0c6e02a010;0x7f0c6cd2f010;2487690;0.002422;16.433315
0x7fcb705fa010;0x7fcb6f2ef010;2495689;0.002430;16.432776
0x7f36cfb85010;0x7f36ce86a010;2503688;0.003789;10.572594
0x7fa4abb42010;0x7fa4aa818010;2511687;0.002468;16.284075
0x7fa4c1ff5010;0x7fa4c0cbb010;2519686;0.002468;16.335935
0x7f04cf4af010;0x7f04ce166010;2527685;0.002423;16.690944
0x7f1f9f2d0010;0x7f1f9df77010;2535684;0.002502;16.215635
0x7f232ee3a010;0x7f232dad1010;2543683;0.002520;16.149827
0x7f6971227010;0x7f696feaf010;2551682;0.002533;16.118268
0x7f3a88f00010;0x7f3a87b78010;2559681;0.002579;15.880307
0x7f7a17837010;0x7f7a1649f010;2567680;0.002536;16.201024
0x7fd7d1e15010;0x7fd7d0a6e010;2575679;0.002561;16.092626
0x7f3f61203010;0x7f3f5fe4c010;2583678;0.002565;16.115596
0x7ff3ff1d9010;0x7ff3fde13010;2591677;0.002608;15.899488
0x7f1165036010;0x7f1163c60010;2599676;0.002614;15.912195
0x7f92440f1010;0x7f9242d0b010;2607675;0.002626;15.888697
0x7f75ff776010;0x7f75fe381010;2615674;0.002602;16.083463
0x7fc5d1681010;0x7fc5d027c010;2623673;0.002638;15.912491
0x7f25ebc60010;0x7f25ea84c010;2631672;0.002607;16.150756
0x7fd16cfde010;0x7fd16bbba010;2639671;0.002685;15.729473
0x7ff6ead37010;0x7ff6e9903010;2647670;0.002607;16.250423
0x7f4378b6f010;0x7f437772c010;2655669;0.002613;16.260851
0x7f020c28e010;0x7f020ae3b010;2663668;0.002672;15.948941
0x7f1033128010;0x7f1031cc5010;2671667;0.002658;16.081490
0x7f5591698010;0x7f5590226010;2679666;0.002623;16.345150
0x7fd9af717010;0x7fd9ae295010;2687665;0.002615;16.444762
0x7fbfb9bf6010;0x7fbfb8765010;2695664;0.002652;16.263863
0x7f06e52e0010;0x7f06e3e3f010;2703663;0.002632;16.436249
0x7f6f71f61010;0x7f6f70ab0010;2711662;0.002682;16.177132
0x7f13ab668010;0x7f13aa1a8010;2719661;0.002691;16.170228
0x7f74a8d7c010;0x7f74a78ac010;2727660;0.002703;16.146261
0x7f81c107a010;0x7f81bfb9a010;2735659;0.002692;16.259584
0x7f698db7c010;0x7f698c68d010;2743658;0.002701;16.252429
0x7fac36fd8010;0x7fac35ad9010;2751657;0.002767;15.912156
0x7fda07378010;0x7fda05e6a010;2759656;0.002746;16.078953
0x7fd8d7a80010;0x7fd8d6562010;2767655;0.002783;15.911435
0x7fbb23e77010;0x7fbb22949010;2775654;0.002796;15.883942
0x7fa168ac2010;0x7fa167585010;2783653;0.002810;15.849974
0x7f376fc86010;0x7f376e739010;2791652;0.002792;15.998684
0x7fb01c2de010;0x7fb01ad81010;2799651;0.002807;15.958668
0x7f41f3f8c010;0x7f41f2a20010;2807650;0.002809;15.992039
0x7f5240702010;0x7f523f186010;2815649;0.002855;15.779124
0x7fdc8f97a010;0x7fdc8e3ef010;2823648;0.002885;15.659186
0x7fe179d81010;0x7fe1787e6010;2831647;0.002910;15.569735
0x7f552250a010;0x7f5520f5f010;2839646;0.002969;15.302772
0x7f683af90010;0x7f68399d6010;2847645;0.002872;15.864372
0x7f7265615010;0x7f726404b010;2855644;0.002992;15.271259
0x7f97d5693010;0x7f97d40b9010;2863643;0.002945;15.557017
0x7f31c9b04010;0x7f31c851b010;2871642;0.002964;15.501338
0x7f5209f63010;0x7f520896a010;2879641;0.002893;15.924964
0x7f49be265010;0x7f49bcc5d010;2887640;0.002909;15.881515
0x7fd036da3010;0x7fd03578b010;2895639;0.002961;15.645978
0x7f7ebaf6d010;0x7f7eb9945010;2903638;0.003077;15.098392
0x7f555de3b010;0x7f555c804010;2911637;0.002932;15.888490
0x7f9794f23010;0x7f97938dc010;2919636;0.002938;15.899818
0x7f36cc7a6010;0x7f36cb14f010;2927635;0.002944;15.911100
0x7febba463010;0x7febb8dfd010;2935634;0.003024;15.533160
0x7f2cc14e5010;0x7f2cbfe6f010;2943633;0.003044;15.471794
0x7ff3d4a20010;0x7ff3d339b010;2951632;0.002969;15.906261
0x7f985dafd010;0x7f985c468010;2959631;0.002963;15.982737
0x7f33c713f010;0x7f33c5a9a010;2967630;0.003049;15.572310
0x7fd062c2c010;0x7fd061578010;2975629;0.003033;15.697750
0x7fe9d70cd010;0x7fe9d5a09010;2983628;0.003015;15.833298
0x7fa965115010;0x7fa963a41010;2991627;0.003033;15.782147
0x7f7ac9e62010;0x7f7ac877f010;2999626;0.003035;15.814400
0x7fd308a74010;0x7fd307381010;3007625;0.003042;15.818048
0x7f469eb9f010;0x7f469d49d010;3015624;0.003026;15.945091
0x7fba3ad44010;0x7fba39632010;3023623;0.003037;15.929652
0x7fe2f9b32010;0x7fe2f8410010;3031622;0.003117;15.561321
0x7fc2c32d2010;0x7fc2c1ba1010;3039621;0.003055;15.918957
0x7f9ae4765010;0x7f9ae3024010;3047620;0.003141;15.524694
0x7ff1da1ca010;0x7ff1d8a79010;3055619;0.003100;15.771352
0x7fedd66d3010;0x7fedd4f73010;3063618;0.003155;15.536607
0x7f92bdbe9010;0x7f92bc479010;3071617;0.003168;15.512698
0x7fc79ec5d010;0x7fc79d4de010;3079616;0.003165;15.568326
0x7f26875f4010;0x7f2685e65010;3087615;0.003243;15.233520
0x7f958709b010;0x7f95858fc010;3095614;0.003200;15.478961
0x7f3204881010;0x7f32030d3010;3103613;0.003182;15.606170
0x7f713cc77010;0x7f713b4b9010;3111612;0.003215;15.485113
0x7f3fe1c34010;0x7f3fe0467010;3119611;0.003254;15.339504
0x7f5f87254010;0x7f5f85a77010;3127610;0.003227;15.507230
0x7faf07ab8010;0x7faf062cb010;3135609;0.003209;15.633518
0x7ff39aa66010;0x7ff39926a010;3143608;0.003201;15.713091
0x7f98a88e4010;0x7f98a70d8010;3151607;0.003364;14.989423
0x7f421ab23010;0x7f4219307010;3159606;0.003264;15.488500
0x7f824b5a6010;0x7f8249d7b010;3167605;0.003256;15.565232
0x7f5a2a34f010;0x7f5a28b14010;3175604;0.003305;15.373768
0x7f4b931c5010;0x7f4b9197b010;3183603;0.003285;15.505333
0x7f6b66164010;0x7f6b6490a010;3191602;0.003318;15.390155
0x7f206a5e5010;0x7f2068d7b010;3199601;0.003315;15.443152
0x7ffa90542010;0x7ffa8ecc9010;3207600;0.003363;15.260059
0x7f6a2ca53010;0x7f6a2b1ca010;3215599;0.003350;15.357996
0x7ff6fd37b010;0x7ff6fbae2010;3223598;0.003346;15.414850
0x7f4a5f883010;0x7f4a5dfdb010;3231597;0.003286;15.734514
0x7f8efec3a010;0x7f8efd382010;3239596;0.003313;15.645193
0x7fd6aab8c010;0x7fd6a92c5010;3247595;0.003383;15.359956
0x7fa64c625010;0x7fa64ad4e010;3255594;0.003349;15.553443
0x7f61a657f010;0x7f61a4c98010;3263593;0.003419;15.273084
0x7f311bd90010;0x7f311a49a010;3271592;0.003378;15.496388
0x7fd4f5124010;0x7fd4f381e010;3279591;0.003366;15.589292
0x7f8b4eb96010;0x7f8b4d280010;3287590;0.003378;15.572165
0x7fc288944010;0x7fc28701f010;3295589;0.003397;15.522406
0x7fc079566010;0x7fc077c31010;3303588;0.003440;15.364893
0x7f038236c010;0x7f0380a28010;3311587;0.003453;15.344669
0x7f8baf23c010;0x7f8bad8e8010;3319586;0.003438;15.448935
0x7f4088608010;0x7f4086ca4010;3327585;0.003473;15.330938
0x7f9096570010;0x7f9094bfd010;3335584;0.003550;15.034405
0x7ff252abd010;0x7ff25113a010;3343583;0.003538;15.121238
0x7ff62b30c010;0x7ff629979010;3351582;0.003512;15.269576
0x7f3fe90f6010;0x7f3fe7754010;3359581;0.003484;15.428568
0x7f252e03b010;0x7f252c689010;3367580;0.003544;15.203126
0x7f4f0860f010;0x7f4f06c4e010;3375579;0.003556;15.188151
0x7fb470086010;0x7fb46e6b5010;3383578;0.003523;15.366318
0x7f68b050f010;0x7f68aeb2e010;3391577;0.003591;15.111199
0x7f98469db010;0x7f9844feb010;3399576;0.003544;15.348606
0x7f306cf4f010;0x7f306b54f010;3407575;0.003673;14.844433
0x7f5c2d6cf010;0x7f5c2bcbf010;3415574;0.003576;15.282038
0x7f5177f3b010;0x7f517651c010;3423573;0.004417;12.401603
0x7fc74371f010;0x7fc741cf0010;3431572;0.003865;14.205718
0x7f23331d6010;0x7f2331798010;3439571;0.003871;14.216907
0x7f9abf9ba010;0x7f9abdf6c010;3447570;0.003777;14.604375
0x7fa768099010;0x7fa76663b010;3455569;0.003728;14.830166
0x7f773619b010;0x7f773472e010;3463568;0.003694;15.002654
0x7ff675c19010;0x7ff67419c010;3471567;0.003682;15.085988
0x7fecb236f010;0x7fecb08e2010;3479566;0.003684;15.111942
0x7f7540350010;0x7f753e8b4010;3487565;0.003665;15.225509
0x7eff785fc010;0x7eff76b50010;3495564;0.003612;15.484048
0x7f97d4719010;0x7f97d2c5e010;3503563;0.003645;15.379391
0x7f9f1e8f6010;0x7f9f1ce2b010;3511562;0.003624;15.502726
0x7f64df9d8010;0x7f64ddefd010;3519561;0.003687;15.272793
0x7f8733ad0010;0x7f8731fe6010;3527560;0.003665;15.400113
0x7fbc89d75010;0x7fbc8827b010;3535559;0.003695;15.309546
0x7f6dfcd30010;0x7f6dfb226010;3543558;0.003720;15.240925
0x7f37c9c7e010;0x7f37c8165010;3551557;0.003744;15.178052
0x7f5ed49e1010;0x7f5ed2eb8010;3559556;0.003754;15.170695
0x7f13cf025010;0x7f13cd4ed010;3567555;0.003758;15.189352
0x7f035b17a010;0x7f0359632010;3575554;0.003773;15.162804
0x7fc94c65c010;0x7fc94ab04010;3583553;0.003855;14.873410
0x7f5742ac2010;0x7f5740f5b010;3591552;0.003805;15.101815
0x7fcb0262c010;0x7fcb00ab5010;3599551;0.003829;15.041207
0x7fcaf0354010;0x7fcaee7cd010;3607550;0.003794;15.213887
0x7fd36e65c010;0x7fd36cac6010;3615549;0.003811;15.178942
0x7f57e9f70010;0x7f57e83ca010;3623548;0.003896;14.881108
0x7f31d7f96010;0x7f31d63e1010;3631547;0.003881;14.971679
0x7efcea461010;0x7efce889c010;3639546;0.003834;15.188471
0x7fb85af65010;0x7fb859390010;3647545;0.003914;14.911221
0x7f3480cd8010;0x7f347f0f4010;3655544;0.003889;15.039198
0x7fe0dbc5a010;0x7fe0da066010;3663543;0.003952;14.832059
0x7f9234bc9010;0x7f9232fc6010;3671542;0.004010;14.649683
0x7fd0b9d8e010;0x7fd0b817b010;3679541;0.003918;15.026460
0x7fafd7b90010;0x7fafd5f6d010;3687540;0.003971;14.858398
0x7f61e0f9a010;0x7f61df368010;3695539;0.003918;15.091792
0x7ff2b7600010;0x7ff2b59be010;3703538;0.003948;15.008468
0x7fd1d22d8010;0x7fd1d0686010;3711537;0.003975;14.939841
0x7fe921208010;0x7fe91f5a7010;3719536;0.003911;15.216644
0x7f501be87010;0x7f501a216010;3727535;0.003944;15.122152
0x7f58474e1010;0x7f5845861010;3735534;0.003915;15.266271
0x7f6d415a9010;0x7f6d3f919010;3743533;0.004005;14.955605
0x7fcc9edfc010;0x7fcc9d15c010;3751532;0.003937;15.246233
0x7f942f339010;0x7f942d68a010;3759531;0.003975;15.133029
0x7f48b2b1f010;0x7f48b0e60010;3767530;0.003971;15.180706
0x7f8a9b00b010;0x7f8a9933c010;3775529;0.003968;15.223906
0x7fab12703010;0x7fab10a25010;3783528;0.003984;15.194989
0x7f926e016010;0x7f926c328010;3791527;0.004018;15.098805
0x7fc455549010;0x7fc45384c010;3799526;0.004069;14.940928
0x7f785a13e010;0x7f7858431010;3807525;0.004110;14.822129
0x7f2e52f62010;0x7f2e51245010;3815524;0.004065;15.017917
0x7feaf9151010;0x7feaf7425010;3823523;0.004123;14.837928
0x7fce09c1b010;0x7fce07edf010;3831522;0.004060;15.099483
0x7f7b089f5010;0x7f7b06ca9010;3839521;0.004063;15.120350
0x7fb7224d8010;0x7fb72077d010;3847520;0.004068;15.133202
0x7f65563bb010;0x7f6554650010;3855519;0.004147;14.876071
0x7f3d9f74a010;0x7f3d9d9d0010;3863518;0.004119;15.007021
0x7f4fcf9ba010;0x7f4fcdc30010;3871517;0.004142;14.954994
0x7fd0c1ca8010;0x7fd0bff0e010;3879516;0.004155;14.939457
0x7f04f6c8e010;0x7f04f4ee5010;3887515;0.004186;14.859413
0x7ff77a5e2010;0x7ff778829010;3895514;0.004181;14.906969
0x7f6d549e7010;0x7f6d52c1e010;3903513;0.004149;15.053461
0x7fa2941e2010;0x7fa29240a010;3911512;0.004190;14.936675
0x7f708e8c5010;0x7f708cadd010;3919511;0.004252;14.749015
0x7f17ea9f3010;0x7f17e8bfc010;3927510;0.004298;14.620887
0x7ff79ff01010;0x7ff79e0fa010;3935509;0.004213;14.945817
0x7f2e7f0c4010;0x7f2e7d2ad010;3943508;0.004348;14.511397
0x7f62e7df0010;0x7f62e5fca010;3951507;0.004302;14.697176
0x7f01ab613010;0x7f01a97dd010;3959506;0.004286;14.780995
0x7f9e3ad41010;0x7f9e38efb010;3967505;0.004416;14.374278
0x7f535f291010;0x7f535d43c010;3975504;0.004285;14.844845
0x7fe53887e010;0x7fe536a19010;3983503;0.004252;14.989815
0x7fd632305010;0x7fd630491010;3991502;0.004321;14.779583
0x7f714c362010;0x7f714a4de010;3999501;0.004269;14.990336
0x7f8b40c4e010;0x7f8b3edba010;4007500;0.004237;15.132724
0x7ffbbec12010;0x7ffbbcd6f010;4015499;0.004267;15.057025
0x7f35fa78c010;0x7f35f88d9010;4023498;0.004324;14.887378
0x7f693c4c3010;0x7f693a600010;4031497;0.004279;15.074057
0x7f09ce445010;0x7f09cc573010;4039496;0.004330;14.925999
0x7fb829cb4010;0x7fb827dd2010;4047495;0.004349;14.890784
0x7f33c03d8010;0x7f33be4e7010;4055494;0.004392;14.773618
0x7f35ed85f010;0x7f35eb95e010;4063493;0.004330;15.015495
0x7f12f5b65010;0x7f12f3c54010;4071492;0.004311;15.111620
0x7f5fca3bd010;0x7f5fc849d010;4079491;0.004363;14.960110
0x7f1bc2e00010;0x7f1bc0ed0010;4087490;0.004334;15.089213
0x7f56af493010;0x7f56ad553010;4095489;0.004401;14.889410
0x7fa43f71a010;0x7fa43d7cb010;4103488;0.004474;14.675215
0x7ff9780d1010;0x7ff976172010;4111487;0.004427;14.859825
0x7fc1ac8fa010;0x7fc1aa98c010;4119486;0.004445;14.828838
0x7f9d16993010;0x7f9d14a15010;4127485;0.004529;14.581535
0x7f14b1dfe010;0x7f14afe70010;4135484;0.004499;14.707347
0x7f388028a010;0x7f387e2ed010;4143483;0.006598;10.047859
0x7f00a0f58010;0x7f009efab010;4151482;0.005965;11.135587
0x7f3631d55010;0x7f362fd99010;4159481;0.005761;11.552293
0x7fb4ff2b8010;0x7fb4fd2ec010;4167480;0.005582;11.945280
0x7f01d6935010;0x7f01d4959010;4175479;0.005618;11.892019
0x7f193719f010;0x7f19351b4010;4183478;0.005755;11.630974
0x7f6378009010;0x7f637600e010;4191477;0.005698;11.769750
0x7fdc2b6f0010;0x7fdc296e5010;4199476;0.005900;11.388591
0x7f292659f010;0x7f2924585010;4207475;0.005909;11.392788
0x7f1fd80f7010;0x7f1fd60cd010;4215474;0.005920;11.392842
0x7ff886d40010;0x7ff884d07010;4223473;0.005990;11.281344
0x7f99b6a2d010;0x7f99b49e4010;4231472;0.005939;11.399810
0x7faa54068010;0x7faa5200f010;4239471;0.005928;11.442490
0x7fb85ded6010;0x7fb85be6e010;4247470;0.005915;11.489032
0x7f020e359010;0x7f020c2e1010;4255469;0.005957;11.430046
0x7f5628394010;0x7f562630c010;4263468;0.005977;11.413159
0x7fb782ac4010;0x7fb780a2d010;4271467;0.005972;11.443702
0x7f2f0736d010;0x7f2f052c6010;4279466;0.005979;11.451874
0x7f181fda9010;0x7f181dcf3010;4287465;0.005977;11.477399
0x7f98a0ec3010;0x7f989edfd010;4295464;0.005971;11.509831
0x7f9da6a76010;0x7f9da49a0010;4303463;0.005971;11.531264
0x7f38e6a17010;0x7f38e4932010;4311462;0.005999;11.498979
0x7fea827a6010;0x7fea806b1010;4319461;0.006030;11.461552
0x7f31f0dba010;0x7f31eecb5010;4327460;0.006068;11.410590
0x7f64206fd010;0x7f641e5e9010;4335459;0.006086;11.397647
0x7f57a8f41010;0x7f57a6e1d010;4343458;0.006090;11.411523
0x7f60b05fc010;0x7f60ae4c9010;4351457;0.006145;11.330074
0x7f84bcba9010;0x7f84baa66010;4359456;0.006073;11.485480
0x7feb1ef6b010;0x7feb1ce18010;4367455;0.006139;11.382770
0x7f9606d8c010;0x7f9604c2a010;4375454;0.006116;11.446739
0x7f8e4ba0b010;0x7f8e49899010;4383453;0.006168;11.371030
0x7f0fc078c010;0x7f0fbe60a010;4391452;0.006230;11.278429
0x7efd8d805010;0x7efd8b674010;4399451;0.006151;11.443495
0x7f7e1cdef010;0x7f7e1ac4e010;4407450;0.006224;11.330357
0x7f2c2ba4b010;0x7f2c2989b010;4415449;0.005806;12.168026
0x7fa5c4696010;0x7fa5c24d6010;4423448;0.006560;10.788754
0x7fe9133ac010;0x7fe9111dc010;4431447;0.006512;10.888199
0x7ff554667010;0x7ff552488010;4439446;0.006460;10.995615
0x7fd365eb6010;0x7fd363cc7010;4447445;0.006410;11.101469
0x7f3a482cb010;0x7f3a460cc010;4455444;0.006550;10.883405
0x7f5ceb94e010;0x7f5ce9740010;4463443;0.006235;11.454116
0x7f1477f06010;0x7f1475ce8010;4471442;0.005821;12.290534
0x7f4676234010;0x7f4674007010;4479441;0.005476;13.088218
0x7fab1a764010;0x7fab18527010;4487440;0.005127;14.004232
0x7f96b4c4d010;0x7f96b2a00010;4495439;0.004939;14.562841
0x7f3f8865e010;0x7f3f86402010;4503438;0.004849;14.859168
0x7f281f919010;0x7f281d6ad010;4511437;0.004877;14.801145
0x7f4c585ac010;0x7f4c56330010;4519436;0.004884;14.805673
0x7f2a08eaa010;0x7f2a06c1f010;4527435;0.004897;14.792883
0x7efe49d70010;0x7efe47ad5010;4535434;0.004892;14.833463
0x7eff4c84c010;0x7eff4a5a2010;4543433;0.004852;14.982292
0x7fb1a7f63010;0x7fb1a5ca9010;4551432;0.006209;11.728801
0x7fba4c13b010;0x7fba49e71010;4559431;0.005414;13.474469
0x7f43891a9010;0x7f4386ed0010;4567430;0.005425;13.470820
0x7fb1f5ad7010;0x7fb1f37ee010;4575429;0.005145;14.228538
0x7fab980ac010;0x7fab95db3010;4583428;0.005090;14.407637
0x7f7dd48d7010;0x7f7dd25cf010;4591427;0.005042;14.569957
0x7f1b1db85010;0x7f1b1b86d010;4599426;0.005001;14.715020
0x7f1914dcf010;0x7f1912aa8010;4607425;0.004981;14.799878
0x7ff7cda8e010;0x7ff7cb757010;4615424;0.004976;14.840490
0x7f1d74288010;0x7f1d71f41010;4623423;0.005083;14.553127
0x7f65d2305010;0x7f65cffaf010;4631422;0.005044;14.691315
0x7fd827ce6010;0x7fd825980010;4639421;0.005037;14.737587
0x7f5049d24010;0x7f50479af010;4647420;0.005091;14.605370
0x7f494720d010;0x7f4944e88010;4655419;0.005117;14.556207
0x7f48645fe010;0x7f4862269010;4663418;0.005097;14.639194
0x7f7d4265f010;0x7f7d402bb010;4671417;0.005111;14.623944
0x7f6df9f71010;0x7f6df7bbd010;4679416;0.005137;14.574877
0x7f5388b71010;0x7f53867ad010;4687415;0.005209;14.397981
0x7f0939f95010;0x7f0937bc2010;4695414;0.005163;14.551092
0x7fd6e99d8010;0x7fd6e75f5010;4703413;0.005173;14.547666
0x7efedf9a2010;0x7efedd5b0010;4711412;0.005182;14.547599
0x7fbad247e010;0x7fbad007c010;4719411;0.005208;14.498916
0x7f2b8e24d010;0x7f2b8be3b010;4727410;0.005237;14.443483
0x7f6cad98d010;0x7f6cab56c010;4735409;0.005286;14.333495
0x7fbf2d2a0010;0x7fbf2ae6f010;4743408;0.005175;14.665963
0x7fcc7fee9010;0x7fcc7daa8010;4751407;0.005244;14.497001
0x7f05152c9010;0x7f0512e79010;4759406;0.005173;14.720852
0x7f4935954010;0x7f49334f4010;4767405;0.005231;14.581611
0x7f7be2f9e010;0x7f7be0b2f010;4775404;0.005273;14.489847
0x7f002a8e3010;0x7f0028464010;4783403;0.005184;14.763774
0x7f47b37b2010;0x7f47b1323010;4791402;0.005238;14.635664
0x7f52bcb75010;0x7f52ba6d7010;4799401;0.005288;14.521951
0x7f3a5c407010;0x7f3a59f59010;4807400;0.005213;14.755049
0x7f4373c54010;0x7f4371796010;4815399;0.005232;14.726392
0x7f8c1b63c010;0x7f8c1916f010;4823398;0.005200;14.841484
0x7f76ccfe9010;0x7f76cab0c010;4831397;0.005219;14.811766
0x7f9f51ef9010;0x7f9f4fa0d010;4839396;0.005241;14.773524
0x7f0c91fdd010;0x7f0c8fae1010;4847395;0.005289;14.663865
0x7fb17db1c010;0x7fb17b610010;4855394;0.005218;14.888055
0x7efcd9faa010;0x7efcd7a8f010;4863393;0.005252;14.816451
0x7fed5bd59010;0x7fed5982e010;4871392;0.005296;14.717219
0x7fd122635010;0x7fd1200fa010;4879391;0.005270;14.814078
0x7f438b959010;0x7f438940f010;4887390;0.005376;14.545532
0x7f568651e010;0x7f5683fc4010;4895389;0.005380;14.559007
0x7ffa14c9a010;0x7ffa12731010;4903388;0.005404;14.517815
0x7fb9e62a2010;0x7fb9e3d29010;4911387;0.005443;14.437671
0x7f0372538010;0x7f036ffaf010;4919386;0.005553;14.174334
0x7f2a8f501010;0x7f2a8cf69010;4927385;0.005442;14.486603
0x7fe0c9fb5010;0x7fe0c7a0d010;4935384;0.005410;14.596449
0x7f377a2db010;0x7f3777d23010;4943383;0.005505;14.368089
0x7f842801e010;0x7f8425a57010;4951382;0.005545;14.286767
0x7f30a42cb010;0x7f30a1cf4010;4959381;0.005534;14.338823
0x7fcb8421e010;0x7fcb81c38010;4967380;0.005514;14.413491
0x7ff31ff83010;0x7ff31d98d010;4975379;0.007800;10.205772
0x7f3acfa0d010;0x7f3acd407010;4983378;0.007313;10.903036
0x7f2b36caa010;0x7f2b34695010;4991377;0.006931;11.522329
0x7fefb0bee010;0x7fefae5c9010;4999376;0.006716;11.910343
0x7f6ae6381010;0x7f6ae3d4c010;5007375;0.006781;11.815311
0x7ff2fa55b010;0x7ff2f7f17010;5015374;0.006632;12.099653
0x7f164416a010;0x7f1641b16010;5023373;0.006671;12.048351
0x7f5d42ba5010;0x7f5d40542010;5031372;0.006633;12.136503
0x7f887ffbf010;0x7f887d94c010;5039371;0.006637;12.148811
0x7f6b6cbbf010;0x7f6b6a53c010;5047370;0.006557;12.316314
0x7fd28396b010;0x7fd2812d9010;5055369;0.006513;12.419375
0x7f6348727010;0x7f6346085010;5063368;0.006492;12.479227
0x7fa6652ba010;0x7fa662c08010;5071367;0.006470;12.541315
0x7fd0189f7010;0x7fd016336010;5079366;0.006506;12.491589
0x7fbb9d0fa010;0x7fbb9aa29010;5087365;0.006552;12.423394
0x7ff0debea010;0x7ff0dc50a010;5095364;0.006523;12.498413
0x7f6540094010;0x7f653d9a4010;5103363;0.006758;12.082586
0x7f5784471010;0x7f5781d71010;5111362;0.007008;11.670047
0x7fd3e43d9010;0x7fd3e1cca010;5119361;0.006838;11.978470
0x7ff700387010;0x7ff6fdc68010;5127360;0.006724;12.200521
0x7f6138259010;0x7f6135b2a010;5135359;0.006786;12.107933
0x7fee2e02d010;0x7fee2b8ef010;5143358;0.006830;12.048903
0x7ff134129010;0x7ff1319db010;5151357;0.006707;12.288995
0x7f15cc711010;0x7f15c9fb4010;5159356;0.006684;12.350664
0x7f45952de010;0x7f4592b71010;5167355;0.006708;12.325407
0x7f7d0ba68010;0x7f7d092eb010;5175354;0.006750;12.267312
0x7f686efeb010;0x7f686c85f010;5183353;0.006741;12.302785
0x7f8b8f58c010;0x7f8b8cdf0010;5191352;0.006777;12.256314
0x7f163a7ef010;0x7f1638044010;5199351;0.006702;12.412313
0x7f2f49105010;0x7f2f4694a010;5207350;0.006869;12.129793
0x7fead6261010;0x7fead3a96010;5215349;0.006796;12.278412
0x7f0de81ef010;0x7f0de5a15010;5223348;0.006518;12.822187
0x7f338a5d1010;0x7f3387de7010;5231347;0.006227;13.441678
0x7f7b3bbe0010;0x7f7b393e6010;5239346;0.006058;13.837875
0x7fd79e7ee010;0x7fd79bfe5010;5247345;0.005944;14.124719
0x7fbf63196010;0x7fbf6097d010;5255344;0.005898;14.256616
0x7ff1bf1e9010;0x7ff1bc9c1010;5263343;0.005851;14.392933
0x7fe2a900f010;0x7fe2a67d7010;5271342;0.005771;14.614905
0x7f3c5c4f0010;0x7f3c59ca8010;5279341;0.005971;14.146725
0x7fa76fb0e010;0x7fa76d2b7010;5287340;0.005931;14.263271
0x7f1fa132b010;0x7f1f9eac4010;5295339;0.005941;14.260772
0x7ff2bc6cf010;0x7ff2b9e58010;5303338;0.005845;14.517683
0x7fc73a83b010;0x7fc737fb5010;5311337;0.005894;14.418421
0x7f94ae357010;0x7f94abac1010;5319336;0.005945;14.316206
0x7ff9df0ba010;0x7ff9dc815010;5327335;0.005938;14.354429
0x7f2e1403c010;0x7f2e11787010;5335334;0.005951;14.344880
0x7f5fdd41c010;0x7f5fdab57010;5343333;0.005883;14.532320
0x7f3054af3010;0x7f305221f010;5351332;0.008241;10.389753
0x7f72b74a3010;0x7f72b4bbf010;5359331;0.007710;11.121857
0x7f43ed25c010;0x7f43ea968010;5367330;0.007363;11.663604
0x7fd796600010;0x7fd793cfd010;5375329;0.007253;11.858000
0x7fa500f20010;0x7fa4fe60d010;5383328;0.007273;11.842556
0x7f9a1b1ce010;0x7f9a188ac010;5391327;0.007069;12.202969
0x7f8719723010;0x7f8716df1010;5399326;0.006967;12.399652
0x7fbeacbcc010;0x7fbeaa28a010;5407325;0.006941;12.464515
0x7f607d856010;0x7f607af05010;5415324;0.006938;12.488531
0x7f01ac762010;0x7f01a9e01010;5423323;0.006911;12.555733
0x7f2c3162c010;0x7f2c2ecbb010;5431322;0.006998;12.417888
0x7fa2e9e53010;0x7fa2e74d3010;5439321;0.007133;12.200904
0x7f6301977010;0x7f62fefe7010;5447320;0.007337;11.879357
0x7f4bf9303010;0x7f4bf6964010;5455319;0.007054;12.374105
0x7f30e3621010;0x7f30e0c72010;5463318;0.007098;12.315242
0x7f1fd94a6010;0x7f1fd6ae7010;5471317;0.007036;12.441932
0x7ff4ffbbc010;0x7ff4fd1ee010;5479316;0.007056;12.424757
0x7ff0e31db010;0x7ff0e07fd010;5487315;0.007031;12.487198
0x7f06f5437010;0x7f06f2a49010;5495314;0.007213;12.189604
0x7f5593e65010;0x7f5591468010;5503313;0.007230;12.178766
0x7fd8cfa81010;0x7fd8cd074010;5511312;0.007113;12.397194
0x7ff552782010;0x7ff54fd66010;5519311;0.007062;12.504885
0x7f2cacae7010;0x7f2caa0bb010;5527310;0.007055;12.535704
0x7f1d999af010;0x7f1d96f73010;5535309;0.007132;12.418290
0x7fe87aa25010;0x7fe877fda010;5543308;0.007126;12.446221
0x7f8748bca010;0x7f874616f010;5551307;0.007088;12.530841
0x7f9bf6d70010;0x7f9bf4305010;5559306;0.007108;12.513961
0x7ffa80e5a010;0x7ffa7e3e0010;5567305;0.007106;12.535330
0x7f730dc7c010;0x7f730b1f2010;5575304;0.007171;12.439815
0x7f1c82823010;0x7f1c7fd8a010;5583303;0.007109;12.566292
0x7f95e4f1e010;0x7f95e2475010;5591302;0.006805;13.146448
0x7f9ece668010;0x7f9ecbbaf010;5599301;0.006393;14.013677
0x7f5aeea75010;0x7f5aebfad010;5607300;0.006367;14.090977
0x7f1170699010;0x7f116dbc1010;5615299;0.006263;14.345287
0x7f7cdda31010;0x7f7cdaf49010;5623298;0.006305;14.269573
0x7fecedc2f010;0x7feceb138010;5631297;0.006314;14.270446
0x7ffad0ff7010;0x7fface4f0010;5639296;0.006391;14.117987
0x7f1b8ed00010;0x7f1b8c1ea010;5647295;0.006424;14.065601
0x7f44213dd010;0x7f441e8b7010;5655294;0.006300;14.362714
0x7f96f9b8b010;0x7f96f7055010;5663293;0.006348;14.274447
0x7f6e2795f010;0x7f6e24e1a010;5671292;0.006311;14.378314
0x7f6b9c2df010;0x7f6b9978a010;5679291;0.006387;14.227137
0x7f5e57775010;0x7f5e54c11010;5687290;0.006539;13.915761
0x7f351a28e010;0x7f351771a010;5695289;0.006513;13.990935
0x7f3cf33be010;0x7f3cf083a010;5703288;0.006417;14.220367
0x7f7c275ca010;0x7f7c24a37010;5711287;0.006489;14.082818
0x7fb52a941010;0x7fb527d9e010;5719286;0.006555;13.960455
0x7f2dacaad010;0x7f2da9efa010;5727285;0.006526;14.041780
0x7fde9ffc1010;0x7fde9d3ff010;5735284;0.006577;13.952309
0x7f0fc3f5e010;0x7f0fc138c010;5743283;0.006740;13.633718
0x7fc527d01010;0x7fc525120010;5751282;0.006572;14.001887
0x7f966b06d010;0x7f966847c010;5759281;0.006698;13.757343
0x7f2531f8a010;0x7f252f389010;5767280;0.006588;14.006790
0x7fc845d75010;0x7fc843165010;5775279;0.006689;13.814243
0x7fdc6f449010;0x7fdc6c829010;5783278;0.006522;14.187871
0x7f964adda010;0x7f96481aa010;5791277;0.006808;13.610913
0x7f86d2ee1010;0x7f86d02a2010;5799276;0.006590;14.079911
0x7f625fed4010;0x7f625d285010;5807275;0.006589;14.101883
0x7f804dd95010;0x7f804b137010;5815274;0.006637;14.018839
0x7f5569c2e010;0x7f5566fc0010;5823273;0.006574;14.173040
0x7fa8973e8010;0x7fa89476a010;5831272;0.006647;14.036732
0x7fec3bc05010;0x7fec38f78010;5839271;0.006635;14.080735
0x7f110b2dd010;0x7f1108640010;5847270;0.006598;14.179506
0x7fb5f5f3f010;0x7fb5f3292010;5855269;0.006499;14.415601
0x7faeb9b1c010;0x7faeb6e60010;5863268;0.006621;14.168638
0x7fb3fbef7010;0x7fb3f922b010;5871267;0.006510;14.430635
0x7f9114dca010;0x7f91120ef010;5879266;0.006602;14.248857
0x7f8162635010;0x7f815f94a010;5887265;0.006644;14.177617
0x7f90b53cc010;0x7f90b26d1010;5895264;0.006578;14.339415
0x7f44268dd010;0x7f4423bd3010;5903263;0.006725;14.044786
0x7f616b490010;0x7f6168776010;5911262;0.006728;14.057836
0x7f29b4771010;0x7f29b1a47010;5919261;0.006687;14.163186
0x7f75f7288010;0x7f75f454f010;5927260;0.006734;14.083405
0x7fb723c26010;0x7fb720edd010;5935259;0.006794;13.977208
0x7fdfdfbb1010;0x7fdfdce59010;5943258;0.006745;14.097957
0x7fb52c7c6010;0x7fb529a5e010;5951257;0.006839;13.923029
0x7f8551a03010;0x7f854ec8b010;5959256;0.006736;14.154918
0x7f2f7d15a010;0x7f2f7a3d3010;5967255;0.006882;13.873400
0x7efcf8507010;0x7efcf5770010;5975254;0.006863;13.930606
0x7f6df280c010;0x7f6defa65010;5983253;0.006820;14.037032
0x7fc69a0ce010;0x7fc697318010;5991252;0.006850;13.994157
0x7ffa50af4010;0x7ffa4dd2e010;5999251;0.006787;14.142794
0x7f25b5868010;0x7f25b2a93010;6007250;0.006824;14.084960
0x7fedfb6fa010;0x7fedf8915010;6015249;0.006944;13.860138
0x7feeb111b010;0x7feeae326010;6023248;0.006961;13.844345
0x7f56b88d9010;0x7f56b5ad5010;6031247;0.006930;13.924730
0x7f9a07bd8010;0x7f9a04dc4010;6039246;0.006977;13.849808
0x7f0a16892010;0x7f0a13a6e010;6047245;0.006998;13.826573
0x7f0c8dc91010;0x7f0c8ae5e010;6055244;0.006957;13.925995
0x7ff8f537d010;0x7ff8f253a010;6063243;0.006845;14.172670
0x7fcad477e010;0x7fcad192c010;6071242;0.006833;14.216125
0x7f2857020010;0x7f28541be010;6079241;0.006931;14.033606
0x7f4760170010;0x7f475d2fe010;6087240;0.006935;14.043859
0x7fb3a428f010;0x7fb3a140e010;6095239;0.006940;14.052168
0x7f8594d86010;0x7f8591ef5010;6103238;0.006930;14.091425
0x7f14becc7010;0x7f14bbe26010;6111237;0.006957;14.054769
0x7fbd881c0010;0x7fbd85310010;6119236;0.006967;14.052939
0x7fd1136e2010;0x7fd110822010;6127235;0.009232;10.619074
0x7f6349d8f010;0x7f6346ec0010;6135234;0.007927;12.383559
0x7fb6765b4010;0x7fb6736d5010;6143233;0.007918;12.413519
0x7f89f6d22010;0x7f89f3e33010;6151232;0.007416;13.271249
0x7fe838084010;0x7fe835186010;6159231;0.007120;13.841175
0x7f8fa3c9d010;0x7f8fa0d8f010;6167230;0.007105;13.887984
0x7faa185ea010;0x7faa156cd010;6175229;0.007022;14.070780
0x7f39f2b73010;0x7f39efc46010;6183228;0.006947;14.240834
0x7ff203435010;0x7ff2004f8010;6191227;0.007050;14.050937
0x7f6e7eddc010;0x7f6e7be90010;6199226;0.007123;13.924990
0x7f9f2943b010;0x7f9f264df010;6207225;0.007071;14.045445
0x7fd304e58010;0x7fd301eec010;6215224;0.007168;13.873162
0x7fee623ca010;0x7fee5f44f010;6223223;0.007163;13.901189
0x7fd1c5d62010;0x7fd1c2dd7010;6231222;0.007269;13.715896
0x7f0619a26010;0x7f0616a8c010;6239221;0.007236;13.795948
0x7fb0eca7c010;0x7fb0e9ad2010;6247220;0.007212;13.859759
0x7ff0ad2aa010;0x7ff0aa2f0010;6255219;0.007267;13.772331
0x7ff578bad010;0x7ff575be4010;6263218;0.007220;13.879650
0x7fb6ef290010;0x7fb6ec2b7010;6271217;0.007237;13.864869
0x7fe9d2ac5010;0x7fe9cfadc010;6279216;0.007368;13.635927
0x7f5448fbc010;0x7f5445fc4010;6287215;0.007172;14.025924
0x7f3d49017010;0x7f3d4600f010;6295214;0.007197;13.995384
0x7fe95c3e2010;0x7fe9593cb010;6303213;0.007277;13.858904
0x7f94d9cf2010;0x7f94d6ccb010;6311212;0.007477;13.505685
0x7fad036b3010;0x7fad0067c010;6319211;0.007321;13.810821
0x7fe444237010;0x7fe4411f1010;6327210;0.007222;14.017294
0x7f750522a010;0x7f75021d4010;6335209;0.007291;13.902380
0x7f32ee453010;0x7f32eb3ed010;6343208;0.007183;14.129231
0x7f69c56d8010;0x7f69c2663010;6351207;0.007320;13.882558
0x7fd72ed23010;0x7fd72bc9e010;6359206;0.007172;14.186527
0x7fe7cdaf5010;0x7fe7caa61010;6367205;0.007263;14.026717
0x7fd3abfbb010;0x7fd3a8f17010;6375204;0.007278;14.015354
0x7fa62f2eb010;0x7fa62c237010;6383203;0.007253;14.081375
0x7f882085a010;0x7f881d797010;6391202;0.007145;14.312143
0x7fd3d94ec010;0x7fd3d6419010;6399201;0.007286;14.052918
0x7fe6fd23d010;0x7fe6fa15a010;6407200;0.007261;14.118533
0x7f3571b99010;0x7f356eaa7010;6415199;0.007295;14.070093
0x7f7ace756010;0x7f7acb654010;6423198;0.007460;13.776520
0x7f22470be010;0x7f2243fad010;6431197;0.007400;13.905223
0x7f8b584ec010;0x7f8b553cb010;6439196;0.007317;14.080389
0x7f837f62f010;0x7f837c4fe010;6447195;0.007429;13.885681
0x7fdcaedbf010;0x7fdcabc7f010;6455194;0.007309;14.130565
0x7f2e42387010;0x7f2e3f237010;6463193;0.007336;14.096576
0x7f9bf2605010;0x7f9bef4a5010;6471192;0.007401;13.989896
0x7fd711cf1010;0x7fd70eb82010;6479191;0.007534;13.759846
0x7fc21161d010;0x7fc20e49e010;6487190;0.007575;13.702252
0x7f9d1d16a010;0x7f9d19fdc010;6495189;0.007533;13.796004
0x7fdb68a82010;0x7fdb658e4010;6503188;0.007569;13.746860
0x7f985b1b2010;0x7f9858004010;6511187;0.007523;13.847955
0x7f7731e24010;0x7f772ec67010;6519186;0.007632;13.667026
0x7f827f7e0010;0x7f827c613010;6527185;0.007529;13.870989
0x7ff981909010;0x7ff97e72c010;6535184;0.007636;13.693720
0x7f416375d010;0x7f4160571010;6543183;0.007494;13.970017
0x7fe67bee0010;0x7fe678ce4010;6551182;0.007564;13.857479
0x7fd0be4c8010;0x7fd0bb2bd010;6559181;0.007550;13.900249
0x7fc235600010;0x7fc2323e5010;6567180;0.007971;13.182460
0x7f0f0cb17010;0x7f0f098ec010;6575179;0.007682;13.694997
0x7f5c54450010;0x7f5c51216010;6583178;0.007614;13.834025
0x7f7c9505b010;0x7f7c91e11010;6591177;0.007555;13.958798
0x7f89006f1010;0x7f88fd497010;6599176;0.007683;13.742846
0x7fd68165c010;0x7fd67e3f3010;6607175;0.007435;14.218830
0x7fd84bfe0010;0x7fd848d67010;6615174;0.007597;13.932237
0x7fc914d32010;0x7fc911aaa010;6623173;0.007563;14.011967
0x7f8b40a05010;0x7f8b3d76d010;6631172;0.007533;14.084837
0x7f9a971e3010;0x7f9a93f3b010;6639171;0.007638;13.907705
0x7f9ac8341010;0x7f9ac508a010;6647170;0.007516;14.150167
0x7f9f404d5010;0x7f9f3d20e010;6655169;0.007595;14.019991
0x7fa25fa15010;0x7fa25c73e010;6663168;0.007546;14.128203
0x7fe4b3409010;0x7fe4b0123010;6671167;0.007521;14.191797
0x7f62a6afd010;0x7f62a3807010;6679166;0.007486;14.275790
0x7fb3a6233010;0x7fb3a2f2e010;6687165;0.007537;14.196130
0x7fbda38f9010;0x7fbda05e4010;6695164;0.007645;14.012314
0x7f83ff4ec010;0x7f83fc1c7010;6703163;0.007721;13.890861
0x7ff647db4010;0x7ff644a80010;6711162;0.007673;13.994297
0x7f60f5708010;0x7f60f23c4010;6719161;0.007709;13.945545
0x7f991e0fa010;0x7f991ada7010;6727160;0.007757;13.875890
0x7fedd5a29010;0x7fedd26c6010;6735159;0.007651;14.084599
0x7f4ff2a22010;0x7f4fef6af010;6743158;0.007771;13.883711
0x7fc21338c010;0x7fc21000a010;6751157;0.007779;13.885696
0x7fd3bb088010;0x7fd3b7cf6010;6759156;0.007868;13.745016
0x7f44c0e1c010;0x7f44bda7a010;6767155;0.007782;13.913483
0x7f80231e8010;0x7f801fe37010;6775154;0.007820;13.862401
0x7fe3b53a7010;0x7fe3b1fe6010;6783153;0.007932;13.682698
0x7efdc3dc9010;0x7efdc09f9010;6791152;0.007952;13.664333
0x7fa3304db010;0x7fa32d0fb010;6799151;0.007845;13.867107
0x7f4ead323010;0x7f4ea9f33010;6807150;0.008017;13.585324
0x7f7473f5b010;0x7f7470b5c010;6815149;0.008053;13.540483
0x7f8362d90010;0x7f835f981010;6823148;0.008026;13.602285
0x7f8fd2e12010;0x7f8fcf9f3010;6831147;0.007922;13.796928
0x7ff92c5a0010;0x7ff929172010;6839146;0.010771;10.159539
0x7f2e15d77010;0x7f2e12939010;6847145;0.008968;12.215981
0x7f371dbb0010;0x7f371a763010;6855144;0.008760;12.520846
0x7fc995f98010;0x7fc992b3b010;6863143;0.008310;13.214108
0x7fe3373a7010;0x7fe333f3a010;6871142;0.008053;13.652136
0x7fbbe7757010;0x7fbbe42db010;6879141;0.007946;13.851756
0x7f322b7b7010;0x7f322832b010;6887140;0.007879;13.985782
0x7ff41dbbd010;0x7ff41a721010;6895139;0.007931;13.910264
0x7f2ad4f03010;0x7f2ad1a58010;6903138;0.007968;13.861812
0x7ff63d990010;0x7ff63a4d5010;6911137;0.007846;14.093793
0x7f7c07f26010;0x7f7c04a5c010;6919136;0.007874;14.059691
0x7f2b2bee7010;0x7f2b28a0d010;6927135;0.007864;14.093869
0x7f7d8466d010;0x7f7d81183010;6935134;0.007927;13.998104
0x7f85f6365010;0x7f85f2e6c010;6943133;0.007968;13.942124
0x7f559fd9b010;0x7f559c892010;6951132;0.007877;14.119577
0x7f0aafd11010;0x7f0aac7f8010;6959131;0.008037;13.854031
0x7fd3cab2b010;0x7fd3c7603010;6967130;0.007922;14.071150
0x7f228b6b9010;0x7f2288181010;6975129;0.008024;13.908572
0x7f67a4459010;0x7f67a0f12010;6983128;0.008177;13.663871
0x7fcd93683010;0x7fcd9012c010;6991127;0.008085;13.835233
0x7f8539bd7010;0x7f8536670010;6999126;0.008040;13.928693
0x7fd7d889a010;0x7fd7d5324010;7007125;0.008260;13.573104
0x7ffa6df6e010;0x7ffa6a9e8010;7015124;0.008137;13.794046
0x7efc25486010;0x7efc21ef0010;7023123;0.008174;13.746939
0x7f7e7077b010;0x7f7e6d1d6010;7031122;0.008204;13.712601
0x7f7f8abdc010;0x7f7f87627010;7039121;0.008166;13.792333
0x7f914bce8010;0x7f9148724010;7047120;0.008634;13.059515
0x7f1e40c00010;0x7f1e3d62c010;7055119;0.008149;13.851990
0x7fa40418d010;0x7fa400ba9010;7063118;0.008258;13.684725
0x7f12d881b010;0x7f12d5228010;7071117;0.008288;13.650959
0x7f1edb0e5010;0x7f1ed7ae2010;7079116;0.008411;13.466507
0x7fe531681010;0x7fe52e06e010;7087115;0.008290;13.678695
0x7fb1ef7f3010;0x7fb1ec1d1010;7095114;0.008264;13.737199
0x7f0b2f170010;0x7f0b2bb3e010;7103113;0.008308;13.679672
0x7f625e239010;0x7f625abf8010;7111112;0.008087;14.068946
0x7f661f214010;0x7f661bbc3010;7119111;0.008174;13.935231
0x7f6b51fec010;0x7f6b4e98b010;7127110;0.008279;13.773715
0x7f7e19a55010;0x7f7e163e5010;7135109;0.008263;13.815831
0x7f2daaf3b010;0x7f2da78bb010;7143108;0.008288;13.789939
0x7fcc4c132010;0x7fcc48aa2010;7151107;0.008204;13.946605
0x7ffa67f87010;0x7ffa648e8010;7159106;0.008282;13.830770
0x7f930f7fb010;0x7f930c14c010;7167105;0.008261;13.880989
0x7fe67c860010;0x7fe6791a2010;7175104;0.008176;14.041148
0x7fec87b8b010;0x7fec844bd010;7183103;0.008267;13.902344
0x7fb3c0ebc010;0x7fb3bd7de010;7191102;0.008322;13.825718
0x7f2998fee010;0x7f2995901010;7199101;0.008281;13.909639
0x7f9772e41010;0x7f976f744010;7207100;0.008339;13.828348
0x7f1d8ba06010;0x7f1d882fa010;7215099;0.008344;13.835389
0x7fcd00507010;0x7fccfcdeb010;7223098;0.008344;13.850727
0x7f980eb69010;0x7f980b43d010;7231097;0.008260;14.006948
0x7f285203a010;0x7f284e8ff010;7239096;0.008343;13.882991
0x7f30a7c09010;0x7f30a44be010;7247095;0.008399;13.805618
0x7ff20bcf9010;0x7ff20859e010;7255094;0.008489;13.674131
0x7fc8dd3da010;0x7fc8d9c70010;7263093;0.008433;13.780157
0x7f3415c0d010;0x7f3412493010;7271092;0.008533;13.633829
0x7fc60f9ca010;0x7fc60c241010;7279091;0.008342;13.961289
0x7faa32444010;0x7faa2ecab010;7287090;0.008515;13.692903
0x7f825957e010;0x7f8255dd5010;7295089;0.008564;13.628939
0x7fe2acaab010;0x7fe2a92f3010;7303088;0.008485;13.771551
0x7fb4cdcba010;0x7fb4ca4f2010;7311087;0.008617;13.575307
0x7f1fd1abd010;0x7f1fce2e5010;7319086;0.008594;13.626354
0x7f96d2334010;0x7f96ceb4d010;7327085;0.008610;13.615937
0x7f20cd500010;0x7f20c9d09010;7335084;0.008717;13.463409
0x7f72658b0010;0x7f72620aa010;7343083;0.008684;13.529155
0x7f7affa6e010;0x7f7afc258010;7351082;0.008694;13.528294
0x7f6fdf6fb010;0x7f6fdbed5010;7359081;0.008593;13.702715
0x7fd955e67010;0x7fd952632010;7367080;0.008580;13.738194
0x7f9344440010;0x7f9340bfb010;7375079;0.008609;13.707023
0x7f3e03601010;0x7f3dffdac010;7383078;0.008468;13.950220
0x7fcf95910010;0x7fcf920ac010;7391077;0.008646;13.677663
0x7f5c6b395010;0x7f5c67b21010;7399076;0.008495;13.935718
0x7f4adea61010;0x7f4adb1de010;7407075;0.008492;13.955876
0x7f467a230010;0x7f467699d010;7415074;0.008456;14.030428
0x7f7c80ea0010;0x7f7c7d5fd010;7423073;0.008498;13.976208
0x7f3978307010;0x7f3974a55010;7431072;0.008630;13.777131
0x7f5780156010;0x7f577c894010;7439071;0.008563;13.899866
0x7f54627ef010;0x7f545ef1d010;7447070;0.008592;13.867707
0x7f15b50c0010;0x7f15b17df010;7455069;0.008575;13.910393
0x7f3ed9235010;0x7f3ed5944010;7463068;0.008608;13.871708
0x7ffb71d88010;0x7ffb6e488010;7471067;0.008524;14.023294
0x7f01dd0ff010;0x7f01d97ef010;7479066;0.008534;14.022228
0x7f951ed91010;0x7f951b471010;7487065;0.008694;13.778545
0x7f123f8dd010;0x7f123bfae010;7495064;0.008781;13.656573
0x7fc4f658c010;0x7fc4f2c4d010;7503063;0.008709;13.784550
0x7f78d3733010;0x7f78cfde4010;7511062;0.008811;13.639432
0x7f7fb4671010;0x7f7fb0d13010;7519061;0.008789;13.688033
0x7fcc6cd45010;0x7fcc693d7010;7527060;0.008830;13.639326
0x7f799ea2d010;0x7f799b0b0010;7535059;0.008913;13.526717
0x7f1270d02010;0x7f126d375010;7543058;0.008876;13.597090
0x7fa14a69f010;0x7fa146d02010;7551057;0.008849;13.652949
0x7f06edbf6010;0x7f06ea24a010;7559056;0.008687;13.922867
0x7f11a5d3a010;0x7f11a237e010;7567055;0.008809;13.744085
0x7f2a274a6010;0x7f2a23ada010;7575054;0.008889;13.634623
0x7f1226d1a010;0x7f122333f010;7583053;0.008781;13.817270
0x7f2214e71010;0x7f2211486010;7591052;0.008901;13.645119
0x7f53dfd1b010;0x7f53dc321010;7599051;0.009034;13.458702
0x7f0f918cb010;0x7f0f8dec1010;7607050;0.008925;13.637348
0x7f8c10d0a010;0x7f8c0d2f0010;7615049;0.008964;13.592502
0x7fb582a44010;0x7fb57f01b010;7623048;0.008905;13.696396
0x7f22570df010;0x7f22536a6010;7631047;0.009065;13.469159
0x7f93695b7010;0x7f9365b6e010;7639046;0.009013;13.561032
0x7f77227e3010;0x7f771ed8b010;7647045;0.008915;13.724079
0x7f40594b5010;0x7f4055a4d010;7655044;0.008820;13.886612
0x7fa432a81010;0x7fa42f00a010;7663043;0.008866;13.829347
0x7fb71ca65010;0x7fb718fde010;7671042;0.008780;13.979116
0x7fc77fbad010;0x7fc77c116010;7679041;0.008857;13.872021
0x7f0e4b66e010;0x7f0e47bc8010;7687040;0.008856;13.888341
0x7fc426749010;0x7fc422c93010;7695039;0.008833;13.938818
0x7f5620671010;0x7f561cbab010;7703038;0.008911;13.831228
0x7fc41780e010;0x7fc413d39010;7711037;0.008933;13.811224
0x7efc72448010;0x7efc6e963010;7719036;0.008937;13.819281
0x7f511058c010;0x7f510ca98010;7727035;0.008844;13.979041
0x7fe3f8958010;0x7fe3f4e54010;7735034;0.008815;14.040067
0x7f5b2e832010;0x7f5b2ad1e010;7743033;0.008873;13.962440
0x7f4f801f4010;0x7f4f7c6d1010;7751032;0.008839;14.030397
0x7f9845473010;0x7f9841940010;7759031;0.008900;13.948934
0x7f1891326010;0x7f188d7e4010;7767030;0.008945;13.892973
0x7f2628f1a010;0x7f26253c8010;7775029;0.009274;13.413887
0x7f4216247010;0x7f42126e5010;7783028;0.009227;13.496038
0x7fcb0f86e010;0x7fcb0bcfd010;7791027;0.009220;13.520040
0x7fd91cd00010;0x7fd91917f010;7799026;0.009203;13.559165
0x7f5735480010;0x7f57318ef010;7807025;0.009263;13.485035
0x7f2908cbf010;0x7f290511f010;7815024;0.009270;13.488436
0x7f0e5c0f1010;0x7f0e58541010;7823023;0.009102;13.751583
0x7f20396b0010;0x7f2035af1010;7831022;0.009348;13.403667
0x7f0c37aaf010;0x7f0c33ee0010;7839021;0.009351;13.412911
0x7f96ac644010;0x7f96a8a65010;7847020;0.009360;13.413944
0x7fb4a64c0010;0x7fb4a28d2010;7855019;0.009432;13.324774
0x7fa575788010;0x7fa571b8a010;7863018;0.009267;13.575811
0x7f4353792010;0x7f434fb84010;7871017;0.009325;13.505190
0x7f570a2ee010;0x7f57066d1010;7879016;0.009251;13.627273
0x7fa8102f7010;0x7fa80c6ca010;7887015;0.009406;13.416355
0x7f59ab1b3010;0x7f59a7577010;7895014;0.009421;13.408549
0x7f2230cea010;0x7f222d09e010;7903013;0.009162;13.801453
0x7f335dfa5010;0x7f335a349010;7911012;0.009133;13.859060
0x7fbc7f7b4010;0x7fbc7bb49010;7919011;0.009148;13.850295
0x7fb4a133d010;0x7fb49d6c2010;7927010;0.009205;13.778819
0x7f0eec5e6010;0x7f0ee895b010;7935009;0.009111;13.934931
0x7fc67f85c010;0x7fc67bbc2010;7943008;0.009231;13.767757
0x7f8d6db0c010;0x7f8d69e62010;7951007;0.009262;13.735148
0x7f0f82265010;0x7f0f7e5ac010;7959006;0.009288;13.710498
0x7fe1311e8010;0x7fe12d51f010;7967005;0.009158;13.919001
0x7f41e792a010;0x7f41e3c51010;7975004;0.009160;13.930437
0x7fc746006010;0x7fc74231e010;7983003;0.009166;13.934979
0x7ffaeebe5010;0x7ffaeaeed010;7991002;0.009144;13.982767
0x7fa27546c010;0x7fa271764010;7999001;0.009336;13.708664
