0x8eccb0;0x8fc6c0;8000;0.000138;0.927238
0x212bcb0;0x214b0b0;15999;0.000097;2.638021
0x7f575f45d010;0x7f575f42e010;23998;0.000106;3.619053
0x7f480afbb010;0x7f480af7c010;31997;0.000115;4.454943
0x7fd585f59010;0x7fd585f0a010;39996;0.000141;4.541601
0x7fc1e0d21010;0x7fc1e0cc3010;47995;0.000131;5.866830
0x7f53dad70010;0x7f53dad02010;55994;0.000140;6.401523
0x7fc2eff2d010;0x7fc2efeb0010;63993;0.000150;6.827500
0x7f71c7d86010;0x7f71c7cf9010;71992;0.000162;7.115319
0x7fdab4ca7010;0x7fdab4c0a010;79991;0.000174;7.353569
0x7f4b71307010;0x7f4b7125b010;87990;0.000183;7.698708
0x7fda61886010;0x7fda617ca010;95989;0.000194;7.923386
0x7f78ddc4e010;0x7f78ddb82010;103988;0.000207;8.039766
0x7fdc0a5b8010;0x7fdc0a4dd010;111987;0.000210;8.530443
0x7fa8028fd010;0x7fa802812010;119986;0.000212;9.047331
0x7feb430ff010;0x7feb41e55010;127985;0.000220;9.305447
0x7f1bf462a010;0x7f1bf3380010;135984;0.000242;8.990869
0x7f5d6069a010;0x7f5d5f3f0010;143983;0.000241;9.557404
0x7f1e912ab010;0x7f1e90001010;151982;0.000384;6.331061
0x7f569d577010;0x7f569c2cd010;159981;0.000250;10.234646
0x7f1c6fef1010;0x7f1c6ec47010;167980;0.000269;9.993747
0x7f012462b010;0x7f0123381010;175979;0.000267;10.544420
0x7fea37c62010;0x7fea369b8010;183978;0.000276;10.661964
0x7f89c503b010;0x7f89c3d91010;191977;0.000286;10.736132
0x7ff33b257010;0x7ff339fad010;199976;0.000294;10.875334
0x7fafa0bbf010;0x7faf9f915010;207975;0.000290;11.477768
0x7f7e28a77010;0x7f7e277cd010;215974;0.000300;11.521280
0x7fc4b6445010;0x7fc4b519b010;223973;0.000310;11.561980
0x7f34685cd010;0x7f3467323010;231972;0.000326;11.379662
0x7fe864f0b010;0x7fe863c61010;239971;0.000327;11.737741
0x7f1b66644010;0x7f1b6645f010;247970;0.000335;11.844117
0x7f854ed28010;0x7f854eb34010;255969;0.000343;11.937310
0x7ffa88457010;0x7ffa88253010;263968;0.000339;12.457519
0x7f3570263010;0x7f357004f010;271967;0.000345;12.613266
0x7f33fce7b010;0x7f33fcc58010;279966;0.000342;13.092822
0x7f3dc039c010;0x7f3dc0169010;287965;0.000353;13.048619
0x7f523ae3a010;0x7f523abf7010;295964;0.000365;12.973095
0x7f6b7aaf9010;0x7f6b7a8a7010;303963;0.000359;13.553895
0x7f269d1b8010;0x7f269cf56010;311962;0.000373;13.385815
0x7f9b0da05010;0x7f9b0d794010;319961;0.000365;14.024964
0x7fbf44fe8010;0x7fbf44d67010;327960;0.000384;13.661715
0x7f74b735d010;0x7f74b70cc010;335959;0.000377;14.260485
0x7fb38e33b010;0x7fb38e09b010;343958;0.000398;13.830216
0x7f2402b0a010;0x7f240285a010;351957;0.000392;14.358319
0x7f2b4e0b0010;0x7f2b4ddf0010;359956;0.000378;15.240529
0x7f2209eda010;0x7f2209c0b010;367955;0.000394;14.938319
0x7fbbaaef5010;0x7fbbaac16010;375954;0.000432;13.923756
0x7f9a64144010;0x7f9a63e56010;383953;0.000419;14.665139
0x7fcdc01db010;0x7fcdbfedd010;391952;0.000414;15.143036
0x7f8025e41010;0x7f8025b33010;399951;0.000414;15.460978
0x7f401417a010;0x7f4013e5d010;407950;0.000433;15.075474
0x7f04cc7a7010;0x7f04cc47a010;415949;0.000432;15.405003
0x7f8237e82010;0x7f8237b45010;423948;0.000422;16.073824
0x7fa4420c6010;0x7fa441d7a010;431947;0.000415;16.649898
0x7f4449811010;0x7f44494b5010;439946;0.000440;15.993649
0x7ff51ca81010;0x7ff51c716010;447945;0.000406;17.662209
0x7f30214d9010;0x7f302115e010;455944;0.000391;18.657246
0x7fead7154010;0x7fead6dc9010;463943;0.000389;19.089324
0x7f8ce1343010;0x7f8ce0fa9010;471942;0.000405;18.652233
0x7fd542023010;0x7fd541c79010;479941;0.000430;17.863725
0x7f28a6886010;0x7f28a64cc010;487940;0.000425;18.375476
0x7fd44d0f8010;0x7fd44cd2f010;495939;0.000422;18.803335
0x7f5f6a418010;0x7f5f6a03f010;503938;0.000442;18.240942
0x7f5f98efb010;0x7f5f98b13010;511937;0.000439;18.651200
0x7f8b2ea0d010;0x7f8b2e615010;519936;0.000441;18.860710
0x7fe60bf05010;0x7fe60bafd010;527935;0.000454;18.607730
0x7fd60fb9c010;0x7fd60f785010;535934;0.000467;18.368704
0x7fe172ba1010;0x7fe17277a010;543933;0.000475;18.324662
0x7f0eb3ece010;0x7f0eb3a98010;551932;0.000481;18.354574
0x7f0f111b6010;0x7f0f10d70010;559931;0.000482;18.583745
0x7f4e37a86010;0x7f4e37630010;567930;0.000499;18.209812
0x7f638a61d010;0x7f638a1b8010;575929;0.000468;19.689221
0x7fadd86dc010;0x7fadd8267010;583928;0.000525;17.795979
0x7f7ffb92d010;0x7f7ffb4a8010;591927;0.000578;16.380845
0x7f0ae138d010;0x7f0ae0ef9010;599926;0.000513;18.708342
0x7f9f14d50010;0x7f9f148ac010;607925;0.000536;18.148201
0x7f1554fd2010;0x7f1554b1f010;615924;0.000517;19.065480
0x7f6a6e5b2010;0x7f6a6e0ef010;623923;0.000518;19.277516
0x7fb1f413f010;0x7fb1f3c6c010;631922;0.000523;19.328882
0x7f06806a5010;0x7f06801c3010;639921;0.000514;19.927783
0x7f99c9e95010;0x7f99c99a3010;647920;0.000528;19.630327
0x7fa199b34010;0x7fa199632010;655919;0.000564;18.604387
0x7fe29331b010;0x7fe292e0a010;663918;0.000560;18.967553
0x7f4095273010;0x7f4094d52010;671917;0.000546;19.682054
0x7fb2f2af2010;0x7fb2f25c2010;679916;0.000559;19.457736
0x7fa87dd60010;0x7fa87d820010;687915;0.000606;18.160973
0x7fb6c24e7010;0x7fb6c1f97010;695914;0.000558;19.949593
0x7faaded26010;0x7faade7c7010;703913;0.000562;20.041918
0x7f3ba13f4010;0x7f3ba0e85010;711912;0.000625;18.228007
0x7f935367b010;0x7f93530fc010;719911;0.000605;19.043125
0x7f67fc6aa010;0x7f67fc11c010;727910;0.000588;19.809089
0x7fd3d9b06010;0x7fd3d9568010;735909;0.000609;19.336733
0x7f4340417010;0x7f433fe6a010;743908;0.000627;18.989281
0x7f9d309d6010;0x7f9d30419010;751907;0.000657;18.315653
0x7f2087a0c010;0x7f208743f010;759906;0.000634;19.178800
0x7fa1215dd010;0x7fa121001010;767905;0.000834;14.732199
0x7f0ccfa4d010;0x7f0ccf461010;775904;0.000664;18.696602
0x7f5287a44010;0x7f5287448010;783903;0.000649;19.326539
0x7ff8fd45d010;0x7ff8fce52010;791902;0.000648;19.552481
0x7f0bf960e010;0x7f0bf8ff3010;799901;0.000629;20.348919
0x7fa5fab04010;0x7fa5fa4da010;807900;0.000698;18.516821
0x7efc5c3ee010;0x7efc5bdb4010;815899;0.000656;19.903328
0x7f97deb50010;0x7f97de506010;823898;0.000712;18.516698
0x7f6f321f5010;0x7f6f31b9c010;831897;0.000668;19.924219
0x7f085aa11010;0x7f085a3a8010;839896;0.000647;20.775697
0x7fa5d9a7a010;0x7fa5d9401010;847895;0.000843;16.091988
0x7f1426ca7010;0x7f142661f010;855894;0.000754;18.159366
0x7f94e224f010;0x7f94e1bb7010;863893;0.000687;20.116196
0x7fdf86b8e010;0x7fdf864e7010;871892;0.000708;19.700903
0x7fea16c14010;0x7fea1655d010;879891;0.000696;20.229012
0x7ff9cad92010;0x7ff9ca6cb010;887890;0.000727;19.536160
0x7fe132b52010;0x7fe13247c010;895889;0.000733;19.558261
0x7f689b942010;0x7f689b25c010;903888;0.000732;19.758598
0x7f0c50598010;0x7f0c4fea2010;911887;0.000743;19.639185
0x7f65a4566010;0x7f65a3e61010;919886;0.000753;19.541787
0x7fab47898010;0x7fab47183010;927885;0.000749;19.824676
0x7f7f409d3010;0x7f7f402af010;935884;0.000778;19.247966
0x7f214480e010;0x7f21440da010;943883;0.000761;19.844272
0x7f0d06ed7010;0x7f0d06793010;951882;0.000746;20.415379
0x7f5c271a3010;0x7f5c26a50010;959881;0.000824;18.633649
0x7f198c5ca010;0x7f198be67010;967880;0.000815;19.003314
0x7fc28cdb9010;0x7fc28c646010;975879;0.000837;18.652843
0x7fde8c890010;0x7fde8c10e010;983878;0.000793;19.851754
0x7f4cc46e3010;0x7f4cc3f51010;991877;0.000788;20.140314
0x7fdc05e52010;0x7fdc056b1010;999876;0.000838;19.089770
0x7f829f01a010;0x7f829e869010;1007875;0.000831;19.402566
0x7f55ae99d010;0x7f55ae1dc010;1015874;0.000818;19.870052
0x7fdd500bf010;0x7fdd4f8ef010;1023873;0.000833;19.665413
0x7f489a750010;0x7f4899f70010;1031872;0.000835;19.773774
0x7fc5eb9e8010;0x7fc5eb1f8010;1039871;0.000848;19.618938
0x7fe4e7d17010;0x7fe4e7518010;1047870;0.000853;19.653819
0x7fde0c966010;0x7fde0c157010;1055869;0.000857;19.715684
0x7f3903625010;0x7f3902e07010;1063868;0.000874;19.474897
0x7f76280d1010;0x7f76278a3010;1071867;0.000942;18.205967
0x7fe8ded74010;0x7fe8de536010;1079866;0.000900;19.196975
0x7eff0b4d4010;0x7eff0ac87010;1087865;0.000900;19.339175
0x7fc03b7ce010;0x7fc03af71010;1095864;0.000898;19.522747
0x7f193a924010;0x7f193a0b8010;1103863;0.000938;18.830450
0x7f3dbc56e010;0x7f3dbbcf2010;1111862;0.000934;19.049220
0x7f2c2e72c010;0x7f2c2dea0010;1119861;0.000947;18.920594
0x7f2c3eb64010;0x7f2c3e2c9010;1127860;0.000952;18.955523
0x7fe515140010;0x7fe514895010;1135859;0.000981;18.528490
0x7fc0f86c1010;0x7fc0f7e06010;1143858;0.000973;18.809853
0x7fba795d2010;0x7fba78d08010;1151857;0.000985;18.707603
0x7fa5e2b37010;0x7fa5e225d010;1159856;0.000978;18.975285
0x7f1a2f0b8010;0x7f1a2e7cf010;1167855;0.000970;19.261102
0x7f1de43f2010;0x7f1de3af9010;1175854;0.001002;18.774739
0x7f8d01fac010;0x7f8d016a3010;1183853;0.001000;18.938505
0x7fcb1dadd010;0x7fcb1d1c5010;1191852;0.001031;18.497649
0x7f300da4f010;0x7f300d127010;1199851;0.001032;18.604584
0x7f8b11676010;0x7f8b10d3e010;1207850;0.001012;19.094804
0x7f23e3e9b010;0x7f23e3554010;1215849;0.001017;19.131124
0x7f29e80f9010;0x7f29e77a2010;1223848;0.001031;18.989838
0x7ff7559e6010;0x7ff755080010;1231847;0.001066;18.489790
0x7f962ceae010;0x7f962c538010;1239846;0.001037;19.131905
0x7f381e43f010;0x7f381dab9010;1247845;0.001055;18.924624
0x7f3db8dd0010;0x7f3db843b010;1255844;0.001083;18.551236
0x7f218a5bc010;0x7f2189c17010;1263843;0.001105;18.298828
0x7fa37957d010;0x7fa378bc8010;1271842;0.001124;18.102200
0x7f806067b010;0x7f805fcb7010;1279841;0.001082;18.926548
0x7f70ef5af010;0x7f70eebdb010;1287840;0.001120;18.400145
0x7f0cac1b2010;0x7f0cab7cf010;1295839;0.001120;18.510490
0x7fa307e53010;0x7fa307460010;1303838;0.001095;19.050531
0x7fdd07af4010;0x7fdd070f1010;1311837;0.001125;18.655624
0x7f3754bd0010;0x7f37541be010;1319836;0.001164;18.138991
0x7fa002c1d010;0x7fa0021fb010;1327835;0.001128;18.831255
0x7f9ca3734010;0x7f9ca2d02010;1335834;0.001154;18.518137
0x7f5344a05010;0x7f5343fc4010;1343833;0.001124;19.126852
0x7f5593769010;0x7f5592d18010;1351832;0.001170;18.487856
0x7f399c63f010;0x7f399bbdf010;1359831;0.001169;18.608628
0x7fafeee80010;0x7fafee410010;1367830;0.001233;17.751599
0x7f079a75e010;0x7f0799cde010;1375829;0.001168;18.846769
0x7f3ff89a5010;0x7f3ff7f16010;1383828;0.001186;18.666759
0x7fe7cca02010;0x7fe7cbf63010;1391827;0.001180;18.873293
0x7f075f6d4010;0x7f075ec25010;1399826;0.001223;18.312034
0x7f438e457010;0x7f438d999010;1407825;0.001188;18.959971
0x7f9dbb1ba010;0x7f9dba6ec010;1415824;0.001220;18.568368
0x7f4f43d49010;0x7f4f4326c010;1423823;0.001272;17.910243
0x7f591628b010;0x7f591579e010;1431822;0.001237;18.517623
0x7f54e6f8a010;0x7f54e648d010;1439821;0.001248;18.460977
0x7fc2cdbc7010;0x7fc2cd0bb010;1447820;0.001241;18.666966
0x7f7f529c4010;0x7f7f51ea8010;1455819;0.001274;18.281879
0x7fd6142f9010;0x7fd6137cd010;1463818;0.002410;9.717595
0x7fb629290010;0x7fb628755010;1471817;0.001277;18.441368
0x7f9e4a6f1010;0x7f9e49ba6010;1479816;0.001275;18.572802
0x7fbb929ac010;0x7fbb91e52010;1487815;0.001280;18.600144
0x7febf09b3010;0x7febefe49010;1495814;0.001309;18.284586
0x7f12a4893010;0x7f12a3d19010;1503813;0.001285;18.723410
0x7f3cbad5b010;0x7f3cba1d2010;1511812;0.001340;18.052667
0x7f283ac0c010;0x7f283a073010;1519811;0.001305;18.635628
0x7f92d7893010;0x7f92d6cea010;1527810;0.001330;18.381067
0x7f91c064d010;0x7f91bfa95010;1535809;0.001330;18.477303
0x7f03a957b010;0x7f03a89b3010;1543808;0.001353;18.256071
0x7fa6e5737010;0x7fa6e4b60010;1551807;0.001370;18.123913
0x7f09ecb8e010;0x7f09ebfa7010;1559806;0.001408;17.726809
0x7fa84e846010;0x7fa84dc4f010;1567805;0.001383;18.137151
0x7f102fa12010;0x7f102ee0c010;1575804;0.001390;18.139008
0x7f190a55e010;0x7f1909948010;1583803;0.001432;17.696840
0x7f02aff42010;0x7f02af31d010;1591802;0.001476;17.254728
0x7fa16e2f6010;0x7fa16d6c1010;1599801;0.001450;17.652224
0x7f6134eff010;0x7f61342ba010;1607800;0.001454;17.693938
0x7fa42c8ad010;0x7fa42bc59010;1615799;0.001454;17.781967
0x7f704522e010;0x7f70445ca010;1623798;0.001468;17.698756
0x7fa620b0a010;0x7fa61fe96010;1631797;0.001498;17.429260
0x7f4a49edd010;0x7f4a4925a010;1639796;0.001486;17.655198
0x7f91a0648010;0x7f919f9b5010;1647795;0.002735;9.640106
0x7f685f6bb010;0x7f685ea19010;1655794;0.001549;17.103041
0x7fb4d873c010;0x7fb4d7a8a010;1663793;0.001506;17.678160
0x7f0605b64010;0x7f0604ea2010;1671792;0.001503;17.796964
0x7fde59754010;0x7fde58a83010;1679791;0.001503;17.882117
0x7f753b1c0010;0x7f753a4df010;1687790;0.001536;17.582377
0x7f0cfa0dd010;0x7f0cf93ec010;1695789;0.001541;17.608305
0x7f84ad369010;0x7f84ac669010;1703788;0.001540;17.699579
0x7f3b997da010;0x7f3b98aca010;1711787;0.001596;17.161052
0x7fa8b943a010;0x7fa8b871b010;1719786;0.001571;17.515994
0x7fe3c4174010;0x7fe3c3445010;1727785;0.001585;17.441289
0x7fa0d0a16010;0x7fa0cfcd7010;1735784;0.001599;17.367898
0x7fc03f761010;0x7fc03ea13010;1743783;0.001595;17.492271
0x7f844904d010;0x7f84482ef010;1751782;0.001620;17.300971
0x7fd580501010;0x7fd57f793010;1759781;0.001667;16.890289
0x7fed253de010;0x7fed24661010;1767780;0.001670;16.935576
0x7f8cf0be8010;0x7f8cefe5b010;1775779;0.001732;16.403374
0x7f565e924010;0x7f565db88010;1783778;0.003005;9.497565
0x7f7a5ff57010;0x7f7a5f1ab010;1791777;0.001734;16.532946
0x7ff65d021010;0x7ff65c265010;1799776;0.001744;16.513662
0x7fec03cc0010;0x7fec02ef5010;1807775;0.001692;17.096636
0x7f6455618010;0x7f645483d010;1815774;0.001716;16.928943
0x7f414931f010;0x7f4148534010;1823773;0.001724;16.925921
0x7fb7c0080010;0x7fb7bf286010;1831772;0.001749;16.759119
0x7fb1dc66f010;0x7fb1db865010;1839771;0.001756;16.763740
0x7f25f0f0b010;0x7f25f00f2010;1847770;0.001768;16.723094
0x7f9b4d7ae010;0x7f9b4c985010;1855769;0.001791;16.578614
0x7efff9d0f010;0x7efff8ed6010;1863768;0.001796;16.603658
0x7eff4e446010;0x7eff4d5fe010;1871767;0.001764;16.976910
0x7fe5aa9c9010;0x7fe5a9b71010;1879766;0.001834;16.400021
0x7f5482d6d010;0x7f5481f05010;1887765;0.001799;16.790691
0x7fc3281ce010;0x7fc327357010;1895764;0.001819;16.676179
0x7fcb0302b010;0x7fcb021a4010;1903763;0.001815;16.781738
0x7ff869956010;0x7ff868ac0010;1911762;0.001828;16.733556
0x7f52b2817010;0x7f52b1971010;1919761;0.001823;16.847519
0x7f022d0a5010;0x7f022c1ef010;1927760;0.001841;16.753404
0x7f615e34a010;0x7f615d485010;1935759;0.001836;16.868795
0x7fed98747010;0x7fed97872010;1943758;0.001841;16.892436
0x7f0db8bdd010;0x7f0db7cf8010;1951757;0.001856;16.824688
0x7fa9be6d2010;0x7fa9bd7de010;1959756;0.001888;16.607779
0x7fb47229f010;0x7fb47139b010;1967755;0.001915;16.440961
0x7ff03b5f6010;0x7ff03a6e3010;1975754;0.001899;16.646655
0x7f1f7742b010;0x7f1f76508010;1983753;0.001863;17.037037
0x7f81e224b010;0x7f81e1318010;1991752;0.001922;16.581592
0x7f105743b010;0x7f10564f9010;1999751;0.001925;16.621379
0x7fedf8769010;0x7fedf7817010;2007750;0.001972;16.290391
0x7fde5a802010;0x7fde598a0010;2015749;0.002007;16.069687
0x7f3514d07010;0x7f3513d96010;2023748;0.002044;15.841762
0x7f3e13868010;0x7f3e128e7010;2031747;0.001982;16.401808
0x7f32e12d2010;0x7f32e0342010;2039746;0.001972;16.549998
0x7f2f9229b010;0x7f2f912fb010;2047745;0.001991;16.455735
0x7f643f1e8010;0x7f643e238010;2055744;0.002065;15.926881
0x7f0dfef1e010;0x7f0dfdf5f010;2063743;0.003480;9.487939
0x7f4568488010;0x7f45674b9010;2071742;0.002046;16.200449
0x7fbac8aa1010;0x7fbac7ac3010;2079741;0.002191;15.187057
0x7fd1d2520010;0x7fd1d1532010;2087740;0.002097;15.930172
0x7fda97849010;0x7fda9684b010;2095739;0.002080;16.121351
0x7fbc5f635010;0x7fbc5e628010;2103738;0.002067;16.283676
0x7fd819c2c010;0x7fd818c0f010;2111737;0.002096;16.120609
0x7ff5d930a010;0x7ff5d82dd010;2119736;0.002135;15.887098
0x7f2859759010;0x7f285871d010;2127735;0.002114;16.103516
0x7f4c85da5010;0x7f4c84d59010;2135734;0.002109;16.202429
0x7fc9a151f010;0x7fc9a04c4010;2143733;0.002142;16.011518
0x7f66eaf2e010;0x7f66e9ec3010;2151732;0.002108;16.333027
0x7f791365d010;0x7f79125e2010;2159731;0.002172;15.909670
0x7f9b9e85c010;0x7f9b9d7d2010;2167730;0.002124;16.328869
0x7fbf97389010;0x7fbf962ef010;2175729;0.002155;16.155200
0x7f6d57830010;0x7f6d56786010;2183728;0.002123;16.458615
0x7fb27b2cb010;0x7fb27a212010;2191727;0.002174;16.129434
0x7efdceb58010;0x7efdcda8f010;2199726;0.002161;16.286531
0x7fd731587010;0x7fd7304af010;2207725;0.002177;16.225815
0x7f3434393010;0x7f34332ab010;2215724;0.002212;16.026592
0x7ff07c7ec010;0x7ff07b6f4010;2223723;0.002223;16.006814
0x7f322654f010;0x7f3225448010;2231722;0.002219;16.092009
0x7fb85b1b2010;0x7fb85a09b010;2239721;0.002223;16.120242
0x7fb0af9c8010;0x7fb0ae8a1010;2247720;0.002229;16.134553
0x7fd545853010;0x7fd54471d010;2255719;0.002239;16.117839
0x7f018975f010;0x7f0188619010;2263718;0.002282;15.872484
0x7f8952384010;0x7f895122f010;2271717;0.002278;15.956913
0x7f1d84732010;0x7f1d835cd010;2279716;0.002248;16.225385
0x7fd8d65bf010;0x7fd8d544a010;2287715;0.002308;15.858481
0x7f5f3472d010;0x7f5f335a9010;2295714;0.002267;16.203487
0x7f1c68d9b010;0x7f1c67c07010;2303713;0.002387;15.441427
0x7f9ac6cf6010;0x7f9ac5b52010;2311712;0.002353;15.719563
0x7efe4fb4d010;0x7efe4e99a010;2319711;0.002330;15.928903
0x7fe69010a010;0x7fe68ef47010;2327710;0.002359;15.788354
0x7fa951d2d010;0x7fa950b5b010;2335709;0.002385;15.669977
0x7fd69da87010;0x7fd69c8a5010;2343708;0.002344;15.998737
0x7f3ef407a010;0x7f3ef2e88010;2351707;0.002382;15.796255
0x7f46749be010;0x7f46737bd010;2359706;0.002447;15.428409
0x7fe40ad75010;0x7fe409b64010;2367705;0.002440;15.526089
0x7fa392161010;0x7fa390f40010;2375704;0.002516;15.107628
0x7f853e67f010;0x7f853d44f010;2383703;0.002424;15.734002
0x7fd26b04f010;0x7fd269e0f010;2391702;0.002397;15.964234
0x7f1467109010;0x7f1465eba010;2399701;0.002407;15.950991
0x7f00044c6010;0x7f0003267010;2407700;0.002487;15.488690
0x7f63f2f5d010;0x7f63f1cee010;2415699;0.002514;15.373619
0x7f209d4e3010;0x7f209c265010;2423698;0.002588;14.984028
0x7fc5f4565010;0x7fc5f32d7010;2431697;0.002494;15.601188
0x7f10be189010;0x7f10bceeb010;2439696;0.002485;15.708071
0x7fdbd9181010;0x7fdbd7ed4010;2447695;0.002451;15.978797
0x7f5db7a4f010;0x7f5db6792010;2455694;0.002487;15.798949
0x7f73e05ca010;0x7f73df2fe010;2463693;0.002515;15.673110
0x7fbdbccb0010;0x7fbdbb9d4010;2471692;0.004396;8.996227
0x7f43e6d1c010;0x7f43e5a30010;2479691;0.004145;9.572002
0x7fd6d725c010;0x7fd6d5f61010;2487690;0.004112;9.679715
0x7fa764943010;0x7fa763638010;2495689;0.003799;10.511036
0x7fd4c03f2010;0x7fd4bf0d7010;2503688;0.004421;9.061083
0x7fc319ebd010;0x7fc318b93010;2511687;0.004128;9.734708
0x7fed9d640010;0x7fed9c306010;2519686;0.003960;10.180822
0x7f82e3443010;0x7f82e20fa010;2527685;0.003744;10.802399
0x7f123d11d010;0x7f123bdc4010;2535684;0.003620;11.207724
0x7fd14f0e1010;0x7fd14dd78010;2543683;0.003611;11.271289
0x7f77550f4010;0x7f7753d7c010;2551682;0.003547;11.509644
0x7f7d14c17010;0x7f7d1388f010;2559681;0.003575;11.456402
0x7ff41dcdf010;0x7ff41c947010;2567680;0.003122;13.159775
0x7f1cbb005010;0x7f1cb9c5e010;2575679;0.004464;9.231515
0x7f0eadfb5010;0x7f0eacbfe010;2583678;0.003022;13.679503
0x7f105261d010;0x7f1051257010;2591677;0.003055;13.573006
0x7ff1a9d79010;0x7ff1a89a3010;2599676;0.003230;12.878224
0x7f40e2bee010;0x7f40e1808010;2607675;0.003184;13.103565
0x7fb2c6089010;0x7fb2c4c94010;2615674;0.003026;13.830359
0x7f097341c010;0x7f0972017010;2623673;0.003069;13.678660
0x7f20e8dcd010;0x7f20e79b9010;2631672;0.003211;13.113196
0x7f183d872010;0x7f183c44e010;2639671;0.003350;12.608208
0x7fa035d98010;0x7fa034964010;2647670;0.003234;13.099537
0x7ff043373010;0x7ff041f30010;2655669;0.003182;13.353734
0x7f0bd2b31010;0x7f0bd16de010;2663668;0.003116;13.677843
0x7fb0dded9010;0x7fb0dca76010;2671667;0.003314;12.898744
0x7f8b7abb7010;0x7f8b79745010;2679666;0.003147;13.624467
0x7f3dde54d010;0x7f3ddd0cb010;2687665;0.003122;13.774717
0x7fca9c9da010;0x7fca9b549010;2695664;0.003123;13.810440
0x7f0bcd33c010;0x7f0bcbe9b010;2703663;0.003206;13.492954
0x7f88d5b09010;0x7f88d4658010;2711662;0.003165;13.708215
0x7f6cf5362010;0x7f6cf3ea2010;2719661;0.003075;14.151614
0x7fc8825c2010;0x7fc8810f2010;2727660;0.003147;13.868487
0x7f7d29786010;0x7f7d282a6010;2735659;0.003299;13.267830
0x7fcd5f706010;0x7fcd5e217010;2743658;0.003175;13.826220
0x7f9875e71010;0x7f9874972010;2751657;0.003147;13.990497
0x7f21fcad3010;0x7f21fb5c5010;2759656;0.003125;14.129654
0x7f64a4408010;0x7f64a2eea010;2767655;0.003097;14.298243
0x7f84dae8e010;0x7f84d9960010;2775654;0.003074;14.447451
0x7f0f7f17a010;0x7f0f7dc3d010;2783653;0.003125;14.252521
0x7f39e94d4010;0x7f39e7f87010;2791652;0.003105;14.385671
0x7f05b5e6e010;0x7f05b4911010;2799651;0.003118;14.366218
0x7f2f7fa58010;0x7f2f7e4ec010;2807650;0.003152;14.252511
0x7ff587046010;0x7ff585aca010;2815649;0.003164;14.238189
0x7fba91453010;0x7fba8fec8010;2823648;0.003192;14.153855
0x7fa99e32d010;0x7fa99cd92010;2831647;0.003237;13.996362
0x7f2b4fc67010;0x7f2b4e6bc010;2839646;0.003115;14.585949
0x7fec27353010;0x7fec25d99010;2847645;0.003276;13.907446
0x7f1727066010;0x7f1725a9c010;2855644;0.003263;14.002559
0x7f9c13c6a010;0x7f9c12690010;2863643;0.003304;13.867501
0x7f68091c6010;0x7f6807bdd010;2871642;0.003315;13.860230
0x7f1e95cb4010;0x7f1e946bb010;2879641;0.003271;14.085236
0x7fc17b224010;0x7fc179c1c010;2887640;0.003260;14.172913
0x7ff6bf4fc010;0x7ff6bdee4010;2895639;0.003365;13.768106
0x7f0b1eecb010;0x7f0b1d8a3010;2903638;0.003280;14.164414
0x7fbaba4f0010;0x7fbab8eb9010;2911637;0.003286;14.177670
0x7fa623c34010;0x7fa6225ed010;2919636;0.003305;14.134573
0x7f4ddd06a010;0x7f4ddba13010;2927635;0.003299;14.198906
0x7f0c39d95010;0x7f0c3872f010;2935634;0.003383;13.883514
0x7fdf1a9f2010;0x7fdf1937c010;2943633;0.003271;14.398241
0x7f0173f66010;0x7f01728e1010;2951632;0.003291;14.349512
0x7f4220acf010;0x7f421f43a010;2959631;0.003349;14.139494
0x7f4ed05c6010;0x7f4ecef21010;2967630;0.003286;14.449269
0x7f89ef559010;0x7f89edea5010;2975629;0.003311;14.378678
0x7f422c659010;0x7f422af95010;2983628;0.003332;14.327577
0x7f5a9b019010;0x7f5a99945010;2991627;0.003303;14.491460
0x7f39434fa010;0x7f3941e17010;2999626;0.003314;14.482122
0x7f3d6f5a2010;0x7f3d6deaf010;3007625;0.003347;14.377995
0x7f542b77a010;0x7f542a078010;3015624;0.003297;14.635168
0x7f12f0e70010;0x7f12ef75e010;3023623;0.003350;14.441101
0x7fd32c9d6010;0x7fd32b2b4010;3031622;0.003324;14.592505
0x7f16eea96010;0x7f16ed365010;3039621;0.003313;14.679441
0x7f4d528b8010;0x7f4d51177010;3047620;0.003324;14.669511
0x7fd23451b010;0x7fd232dca010;3055619;0.005259;9.296360
0x7f053fb25010;0x7f053e3c5010;3063618;0.003362;14.580237
0x7f86641e6010;0x7f8662a76010;3071617;0.003429;14.332689
0x7fc8e07bb010;0x7fc8df03c010;3079616;0.003432;14.357036
0x7f13e5866010;0x7f13e40d7010;3087615;0.003406;14.504153
0x7f31f1d33010;0x7f31f0594010;3095614;0.003404;14.549877
0x7fbe87f42010;0x7fbe86794010;3103613;0.003428;14.486016
0x7f693c7dd010;0x7f693b01f010;3111612;0.003543;14.051325
0x7f0cec218010;0x7f0ceaa4b010;3119611;0.003461;14.422262
0x7f194dd5e010;0x7f194c581010;3127610;0.003522;14.208662
0x7f5f53c46010;0x7f5f52459010;3135609;0.003576;14.030348
0x7f72c3b78010;0x7f72c237c010;3143608;0.003676;13.682965
0x7fec9b581010;0x7fec99d75010;3151607;0.003562;14.155730
0x7f4e41b57010;0x7f4e4033b010;3159606;0.003798;13.310582
0x7ff993863010;0x7ff992038010;3167605;0.003567;14.208567
0x7fd8634b8010;0x7fd861c7d010;3175604;0.003525;14.414013
0x7f1cd63f1010;0x7f1cd4ba7010;3183603;0.003501;14.549713
0x7f7ceb1e7010;0x7f7ce998d010;3191602;0.003548;14.393171
0x7f246f958010;0x7f246e0ee010;3199601;0.003565;14.359766
0x7f08172b8010;0x7f0815a3f010;3207600;0.003541;14.493563
0x7f2671203010;0x7f266f97a010;3215599;0.003531;14.570911
0x7fbd0c35e010;0x7fbd0aac5010;3223598;0.003595;14.346575
0x7f14c1004010;0x7f14bf75c010;3231597;0.003566;14.499485
0x7fc728369010;0x7fc726ab1010;3239596;0.003625;14.299238
0x7f4c28268010;0x7f4c269a1010;3247595;0.003555;14.616217
0x7fee77bd1010;0x7fee762fa010;3255594;0.003624;14.372687
0x7f0d2612b010;0x7f0d24844010;3263593;0.003634;14.369244
0x7fdef1b0c010;0x7fdef0216010;3271592;0.003593;14.568867
0x7f6816077010;0x7f6814771010;3279591;0.003623;14.483392
0x7f1d150ce010;0x7f1d137b8010;3287590;0.003615;14.550315
0x7f64d563a010;0x7f64d3d15010;3295589;0.003696;14.266755
0x7f4c8aea8010;0x7f4c89573010;3303588;0.003704;14.270085
0x7fc87eb06010;0x7fc87d1c2010;3311587;0.003799;13.947335
0x7f9760a2e010;0x7f975f0da010;3319586;0.003662;14.503493
0x7fbc91e4c010;0x7fbc904e8010;3327585;0.003764;14.145211
0x7f64212d2010;0x7f641f95f010;3335584;0.003727;14.318893
0x7f0e18122010;0x7f0e1679f010;3343583;0.003650;14.657003
0x7f963303c010;0x7f96316a9010;3351582;0.003604;14.878670
0x7f438ed21010;0x7f438d37f010;3359581;0.003737;14.384182
0x7fd6c9ff5010;0x7fd6c8643010;3367580;0.003707;14.535276
0x7f5b53159010;0x7f5b51798010;3375579;0.003642;14.829227
0x7f17d8339010;0x7f17d6968010;3383578;0.003586;15.096608
0x7f950dfd2010;0x7f950c5f1010;3391577;0.003671;14.782417
0x7f5a20ee8010;0x7f5a1f4f8010;3399576;0.003734;14.567504
0x7f32160f9010;0x7f32146f9010;3407575;0.003935;13.855943
0x7fc166aca010;0x7fc1650ba010;3415574;0.003821;14.302714
0x7f4c45a92010;0x7f4c44073010;3423573;0.003702;14.796940
0x7f3b83a47010;0x7f3b82018010;3431572;0.003620;15.166550
0x7fde7896e010;0x7fde76f30010;3439571;0.003803;14.470924
0x7f8cc028f010;0x7f8cbe841010;3447570;0.003640;15.154418
0x7fdd6c86e010;0x7fdd6ae10010;3455569;0.003636;15.206512
0x7f85944ac010;0x7f8592a3f010;3463568;0.003636;15.241712
0x7eff35da7010;0x7eff3432a010;3471567;0.003712;14.963897
0x7fd7cac72010;0x7fd7c91e5010;3479566;0.003646;15.270058
0x7fc8c6186010;0x7fc8c46ea010;3487565;0.003652;15.279183
0x7f2102952010;0x7f2100ea6010;3495564;0.003721;15.030648
0x7f0340a69010;0x7f033efae010;3503563;0.003744;14.971990
0x7fc52b478010;0x7fc5299ad010;3511562;0.003814;14.731321
0x7f02837df010;0x7f0281d04010;3519561;0.003799;14.823255
0x7f36bb95f010;0x7f36b9e75010;3527560;0.003717;15.183795
0x7f6767cf9010;0x7f67661ff010;3535559;0.003709;15.252465
0x7fa497117010;0x7fa49560d010;3543558;0.003700;15.323420
0x7f0c2d47b010;0x7f0c2b962010;3551557;0.003743;15.181920
0x7fe75a424010;0x7fe7588fb010;3559556;0.003834;14.854658
0x7fdb0b7ae010;0x7fdb09c76010;3567555;0.003871;14.745000
0x7fe15cbe5010;0x7fe15b09d010;3575554;0.003811;15.011033
0x7fea526bf010;0x7fea50b67010;3583553;0.003824;14.993963
0x7f753bdd6010;0x7f753a26f010;3591552;0.003989;14.405892
0x7f3d1f106010;0x7f3d1d58f010;3599551;0.003936;14.633013
0x7f8632734010;0x7f8630bad010;3607550;0.003867;14.925930
0x7f4a72c4c010;0x7f4a710b6010;3615549;0.006195;9.337877
0x7f58d07bd010;0x7f58cec17010;3623548;0.006109;9.490387
0x7f1b94d52010;0x7f1b9319d010;3631547;0.005783;10.047784
0x7fc77ea3c010;0x7fc77ce77010;3639546;0.005684;10.245210
0x7f4b425c8010;0x7f4b409f3010;3647545;0.005719;10.204377
0x7fafd8ac4010;0x7fafd6ee0010;3655544;0.005495;10.643848
0x7fbf047b3010;0x7fbf02bbf010;3663543;0.005384;10.887265
0x7fb466666010;0x7fb464a63010;3671542;0.005431;10.816674
0x7f0a5d017010;0x7f0a5b404010;3679541;0.005131;11.473901
0x7f420b8ec010;0x7f4209cc9010;3687540;0.005009;11.779077
0x7fa61b830010;0x7fa619bfe010;3695539;0.005111;11.568943
0x7fcba65f6010;0x7fcba49b4010;3703538;0.005928;9.995987
0x7f83128f7010;0x7f8310ca5010;3711537;0.005033;11.799007
0x7ffb187ad010;0x7ffb16b4c010;3719536;0.004834;12.311410
0x7f50d5999010;0x7f50d3d28010;3727535;0.004802;12.419971
0x7f5ad7f6b010;0x7f5ad62eb010;3735534;0.004746;12.592929
0x7f80441a3010;0x7f8042513010;3743533;0.004885;12.261421
0x7f8ba3b12010;0x7f8ba1e72010;3751532;0.004763;12.601915
0x7f3edaf7e010;0x7f3ed92cf010;3759531;0.004898;12.280854
0x7f16210da010;0x7f161f41b010;3767530;0.004573;13.182203
0x7f6603919010;0x7f6601c4a010;3775529;0.004607;13.112429
0x7f2c76427010;0x7f2c74749010;3783528;0.004522;13.387550
0x7fdb45c0e010;0x7fdb43f20010;3791527;0.004499;13.484105
0x7f607169b010;0x7f606f99e010;3799526;0.004502;13.503250
0x7f839d099010;0x7f839b38c010;3807525;0.004537;13.427151
0x7f50c177c010;0x7f50bfa5f010;3815524;0.004540;13.446880
0x7f2c9ae3f010;0x7f2c99113010;3823523;0.004552;13.439780
0x7f22b2f3b010;0x7f22b11ff010;3831522;0.004541;13.499716
0x7fa622df1010;0x7fa6210a5010;3839521;0.004709;13.045714
0x7fa066b7a010;0x7fa064e1f010;3847520;0.004703;13.089460
0x7fb78aba0010;0x7fb788e35010;3855519;0.004561;13.525327
0x7ffa8f4ce010;0x7ffa8d754010;3863518;0.004617;13.388913
0x7ff09a965010;0x7ff098bdb010;3871517;0.004696;13.191161
0x7fbaf673f010;0x7fbaf49a5010;3879516;0.004681;13.260832
0x7fb66c724010;0x7fb66a97b010;3887515;0.004697;13.242980
0x7fe039f04010;0x7fe03814b010;3895514;0.004701;13.258788
0x7fb494189010;0x7fb4923c0010;3903513;0.004703;13.279951
0x7f4aa1fde010;0x7f4aa0206010;3911512;0.004726;13.242717
0x7f9f338ad010;0x7f9f31ac5010;3919511;0.004799;13.067412
0x7fb4dfb97010;0x7fb4ddda0010;3927510;0.005031;12.490320
0x7f07933a5010;0x7f079159e010;3935509;0.004777;13.181650
0x7fdbd019b010;0x7fdbce384010;3943508;0.004763;13.247452
0x7f33cee12010;0x7f33ccfec010;3951507;0.004924;12.839837
0x7fbfee4f6010;0x7fbfec6c0010;3959506;0.004859;13.038172
0x7f7408835010;0x7f74069ef010;3967505;0.004802;13.219540
0x7f64c0a89010;0x7f64bec34010;3975504;0.004842;13.136617
0x7fa1b46ca010;0x7fa1b2865010;3983503;0.004886;13.044226
0x7fe02a1ee010;0x7fe02837a010;3991502;0.007164;8.914576
0x7f9eb5127010;0x7f9eb32a3010;3999501;0.006196;10.327919
0x7f86d639f010;0x7f86d450b010;4007500;0.006079;10.547446
0x7febcf953010;0x7febcdab0010;4015499;0.005895;10.898470
0x7fd23fb8c010;0x7fd23dcd9010;4023498;0.005938;10.841258
0x7ffbbc4c8010;0x7ffbba605010;4031497;0.005712;11.292645
0x7fe555a79010;0x7fe553ba7010;4039496;0.005593;11.555735
0x7f4a1d501010;0x7f4a1b61f010;4047495;0.005055;12.811187
0x7fe8e9b2f010;0x7fe8e7c3e010;4055494;0.005028;12.905287
0x7feba2a06010;0x7feba0b05010;4063493;0.004978;13.060798
0x7fbc670d8010;0x7fbc651c7010;4071492;0.004924;13.229710
0x7f0ab5dfb010;0x7f0ab3edb010;4079491;0.005066;12.884507
0x7fc34dea6010;0x7fc34bf76010;4087490;0.005036;12.986167
0x7f91a6c07010;0x7f91a4cc7010;4095489;0.004915;13.332215
0x7f6737f4a010;0x7f6735ffb010;4103488;0.004922;13.338843
0x7f6e05dcb010;0x7f6e03e6c010;4111487;0.004869;13.510784
0x7f7f2a30e010;0x7f7f283a0010;4119486;0.004858;13.567630
0x7fcbc0e5a010;0x7fcbbeedc010;4127485;0.004883;13.524943
0x7f8e03fec010;0x7f8e0205e010;4135484;0.004994;13.249672
0x7f2235cb3010;0x7f2233d16010;4143483;0.004899;13.532433
0x7fd38bf77010;0x7fd389fca010;4151482;0.004848;13.701251
0x7f0fa8da0010;0x7f0fa6de4010;4159481;0.005033;13.223024
0x7fb1f8ba2010;0x7fb1f6bd6010;4167480;0.005286;12.614444
0x7fae62b6c010;0x7fae60b90010;4175479;0.005042;13.250031
0x7f12bb95d010;0x7f12b9972010;4183478;0.004976;13.451605
0x7fec3d23b010;0x7fec3b240010;4191477;0.004921;13.628162
0x7f217a7fe010;0x7f21787f3010;4199476;0.005106;13.159416
0x7f14a0cad010;0x7f149ec93010;4207475;0.004966;13.556045
0x7fa6c45e1010;0x7fa6c25b7010;4215474;0.005103;13.216953
0x7f3ddf873010;0x7f3ddd83a010;4223473;0.005081;13.299821
0x7fca225dc010;0x7fca20593010;4231472;0.004973;13.614406
0x7ff55ee28010;0x7ff55cdcf010;4239471;0.005059;13.408082
0x7fb073959010;0x7fb0718f1010;4247470;0.005031;13.507861
0x7ff793e26010;0x7ff791dae010;4255469;0.005131;13.269815
0x7fdfb27c6010;0x7fdfb073e010;4263468;0.005115;13.336277
0x7f08f0b74010;0x7f08eeadd010;4271467;0.005132;13.317226
0x7f4a78d1e010;0x7f4a76c77010;4279466;0.005119;13.376344
0x7fe90470c010;0x7fe902656010;4287465;0.005137;13.354075
0x7f947cc35010;0x7f947ab6f010;4295464;0.005049;13.612113
0x7fae79178010;0x7fae770a2010;4303463;0.005204;13.231343
0x7f7f6d95e010;0x7f7f6b879010;4311462;0.005277;13.072666
0x7feb3aec3010;0x7feb38dce010;4319461;0.005049;13.688158
0x7f1e258f0010;0x7f1e237eb010;4327460;0.005120;13.523210
0x7fc6f1fcb010;0x7fc6efeb7010;4335459;0.005256;13.197302
0x7fb4d8855010;0x7fb4d6731010;4343458;0.005158;13.473446
0x7efd3f712010;0x7efd3d5df010;4351457;0.005248;13.266461
0x7f18d7a7c010;0x7f18d5939010;4359456;0.005184;13.455279
0x7fbcbf4dc010;0x7fbcbd389010;4367455;0.005084;13.744839
0x7fc52161c010;0x7fc51f4ba010;4375454;0.005157;13.575208
0x7f431e4fb010;0x7f431c389010;4383453;0.005224;13.425610
0x7f4e2068f010;0x7f4e1e50d010;4391452;0.005342;13.152966
0x7f05ebae9010;0x7f05e9958010;4399451;0.005222;13.480146
0x7fa8ea3ec010;0x7fa8e824b010;4407450;0.005211;13.532459
0x7fded8b6b010;0x7fded69bb010;4415449;0.005244;13.471960
0x7f704a907010;0x7f7048747010;4423448;0.005404;13.096822
0x7fb207ca6010;0x7fb205ad6010;4431447;0.005239;13.533693
0x7f597c050010;0x7f5979e71010;4439446;0.005371;13.225293
0x7f739b175010;0x7f7398f86010;4447445;0.005356;13.285688
0x7fbe4ed44010;0x7fbe4cb45010;4455444;0.005225;13.643613
0x7f6011714010;0x7f600f506010;4463443;0.005437;13.135265
0x7f65efc60010;0x7f65eda42010;4471442;0.005548;12.895290
0x7ffb5a19d010;0x7ffb57f70010;4479441;0.005365;13.358672
0x7f99f4a99010;0x7f99f285c010;4487440;0.005421;13.244799
0x7f7d924d8010;0x7f7d9028b010;4495439;0.005316;13.530242
0x7fb655265010;0x7fb653009010;4503438;0.005271;13.670192
0x7f278a6d2010;0x7f2788466010;4511437;0.005068;14.242716
0x7f622364a010;0x7f62213ce010;4519436;0.005214;13.868682
0x7f5cc2254010;0x7f5cbffc9010;4527435;0.005024;14.418708
0x7f02fef84010;0x7f02fcce9010;4535434;0.005083;14.276164
0x7f4411b4f010;0x7f440f8a5010;4543433;0.005104;14.243221
0x7fc4b8f5d010;0x7fc4b6ca3010;4551432;0.005150;14.140807
0x7efdac943010;0x7efdaa679010;4559431;0.005195;14.042785
0x7f62f4f6c010;0x7f62f2c93010;4567430;0.005178;14.113410
0x7f95a2e4a010;0x7f95a0b61010;4575429;0.005143;14.234474
0x7f3d0d2ba010;0x7f3d0afc1010;4583428;0.005086;14.419119
0x7fc1ae80d010;0x7fc1ac505010;4591427;0.005132;14.314771
0x7f9b8c2cf010;0x7f9b89fb7010;4599426;0.005271;13.961564
0x7fbefbef3010;0x7fbef9bcc010;4607425;0.005133;14.361312
0x7ff452875010;0x7ff45053e010;4615424;0.005319;13.883275
0x7fdb6f08e010;0x7fdb6cd47010;4623423;0.005182;14.275255
0x7fd2c757e010;0x7fd2c5228010;4631422;0.005212;14.217532
0x7fdea73ff010;0x7fdea5099010;4639421;0.005318;13.958587
0x7fe3268f2010;0x7fe32457d010;4647420;0.005266;14.120663
0x7f3002d89010;0x7f3000a04010;4655419;0.005369;13.873613
0x7f0fc962a010;0x7f0fc7295010;4663418;0.005403;13.809756
0x7fe38f32a010;0x7fe38cf86010;4671417;0.005230;14.291279
0x7f6958925010;0x7f6956571010;4679416;0.005386;13.900681
0x7f25f608e010;0x7f25f3cca010;4687415;0.005521;13.584104
0x7f2764e50010;0x7f2762a7d010;4695414;0.005370;13.990317
0x7f6e5cdf7010;0x7f6e5aa14010;4703413;0.005299;14.201417
0x7ffaf0510010;0x7ffaee11e010;4711412;0.005567;13.540793
0x7f7312004010;0x7f730fc02010;4719411;0.005311;14.217737
0x7f27057f6010;0x7f27033e4010;4727410;0.005496;13.762412
0x7f11d3181010;0x7f11d0d60010;4735409;0.005486;13.810861
0x7f129c913010;0x7f129a4e2010;4743408;0.005589;13.579248
0x7f971516e010;0x7f9712d2d010;4751407;0.005486;13.857520
0x7f0d175cb010;0x7f0d1517b010;4759406;0.005370;14.180985
0x7fb0bd1fd010;0x7fb0bad9d010;4767405;0.005586;13.655518
0x7f89e8b0c010;0x7f89e669d010;4775404;0.005443;14.037317
0x7fb43b4b2010;0x7fb439033010;4783403;0.005491;13.938721
0x7f56116d4010;0x7f560f245010;4791402;0.005373;14.268084
0x7f38440a8010;0x7f3841c0a010;4799401;0.005334;14.396672
0x7f322ec64010;0x7f322c7b6010;4807400;0.005532;13.904200
0x7f348d124010;0x7f348ac66010;4815399;0.005401;14.265482
0x7f1cdce8c010;0x7f1cda9bf010;4823398;0.005523;13.973355
0x7f812c325010;0x7f8129e48010;4831397;0.005541;13.950758
0x7fe43e883010;0x7fe43c397010;4839396;0.005529;14.003983
0x7f381e9f1010;0x7f381c4f5010;4847395;0.005584;13.889380
0x7f173dfb3010;0x7f173baa7010;4855394;0.005589;13.899837
0x7f5465378010;0x7f5462e5d010;4863393;0.005462;14.246662
0x7f7ecfbc4010;0x7f7ecd699010;4871392;0.005483;14.215488
0x7f8bf5459010;0x7f8bf2f1e010;4879391;0.005671;13.766518
0x7f8b110fb010;0x7f8b0ebb1010;4887390;0.005649;13.842626
0x7f42ec19f010;0x7f42e9c45010;4895389;0.005840;13.411880
0x7fb31eb0e010;0x7fb31c5a5010;4903388;0.005651;13.883250
0x7f34d0b80010;0x7f34ce607010;4911387;0.005677;13.842241
0x7f2078bb7010;0x7f207662e010;4919386;0.005656;13.916217
0x7fe93c646010;0x7fe93a0ae010;4927385;0.005775;13.651689
0x7f5206b78010;0x7f52045d0010;4935384;0.005598;14.106564
0x7f4aea61a010;0x7f4ae8062010;4943383;0.005726;13.813492
0x7fead70de010;0x7fead4b17010;4951382;0.005848;13.547033
0x7fa71d1e8010;0x7fa71ac11010;4959381;0.005664;14.009278
0x7fb520d85010;0x7fb51e79f010;4967380;0.005805;13.691278
0x7f930165b010;0x7f92ff065010;4975379;0.005802;13.720087
0x7f385378d010;0x7f3851187010;4983378;0.005878;13.564892
0x7f4d07d02010;0x7f4d056ed010;4991377;0.006006;13.297036
0x7fdb775c2010;0x7fdb74f9d010;4999376;0.005764;13.877500
0x7f508c15a010;0x7f5089b25010;5007375;0.005822;13.761384
0x7f06ecbc2010;0x7f06ea57e010;5015374;0.005825;13.776034
0x7fb3aaef6010;0x7fb3a88a2010;5023373;0.005903;13.615770
0x7fae9b866010;0x7fae99203010;5031372;0.005789;13.905921
0x7fb1d705a010;0x7fb1d49e7010;5039371;0.005873;13.729000
0x7f9afcd8b010;0x7f9afa708010;5047370;0.005983;13.497640
0x7ff9c9a25010;0x7ff9c7393010;5055369;0.005830;13.873965
0x7efe216d6010;0x7efe1f034010;5063368;0.005891;13.752504
0x7f2ac3849010;0x7f2ac1197010;5071367;0.005873;13.816168
0x7ff2fd081010;0x7ff2fa9c0010;5079366;0.005830;13.939823
0x7f6ea2372010;0x7f6e9fca1010;5087365;0.005869;13.869324
0x7ff7243e3010;0x7ff721d03010;5095364;0.005895;13.829333
0x7ff827856010;0x7ff825166010;5103363;0.005944;13.737150
0x7f4dfdb54010;0x7f4dfb454010;5111362;0.006104;13.398082
0x7f5581ebd010;0x7f557f7ae010;5119361;0.005983;13.690703
0x7efdd6a6b010;0x7efdd434c010;5127360;0.005961;13.762001
0x7f2d53b55010;0x7f2d51426010;5135359;0.009457;8.688250
0x7f2433eee010;0x7f24317b0010;5143358;0.005856;14.053374
0x7fd1379e2010;0x7fd135294010;5151357;0.005991;13.757630
0x7fd6299a8010;0x7fd62724b010;5159356;0.005957;13.857856
0x7fa4558e5010;0x7fa453178010;5167355;0.005992;13.798159
0x7f02931dc010;0x7f0290a5f010;5175354;0.005936;13.949959
0x7f7b56682010;0x7f7b53ef6010;5183353;0.006017;13.783292
0x7f4072f95010;0x7f40707f9010;5191352;0.006119;13.574352
0x7f8187bf2010;0x7f8185447010;5199351;0.006014;13.832958
0x7f2dc4c94010;0x7f2dc24d9010;5207350;0.006106;13.644893
0x7f413f9a4010;0x7f413d1d9010;5215349;0.006079;13.726954
0x7ffa33a2e010;0x7ffa31254010;5223348;0.006142;13.606589
0x7f19746fb010;0x7f1971f11010;5231347;0.006245;13.403190
0x7f358586b010;0x7f3583071010;5239346;0.006186;13.551475
0x7f4fa6b1a010;0x7f4fa4311010;5247345;0.006064;13.844834
0x7f9ac5f7d010;0x7f9ac3764010;5255344;0.006204;13.553154
0x7ff3ffa8c010;0x7ff3fd264010;5263343;0.006037;13.949566
0x7f7b77f54010;0x7f7b7571c010;5271342;0.006077;13.878684
0x7f751e78a010;0x7f751bf42010;5279341;0.006051;13.959990
0x7f5440e5a010;0x7f543e603010;5287340;0.006032;14.024798
0x7fa49b9ab010;0x7fa499144010;5295339;0.006127;13.828476
0x7efec2460010;0x7efebfbe9010;5303338;0.006022;14.090624
0x7fd12d6bc010;0x7fd12ae36010;5311337;0.006239;13.620612
0x7ff3acd01010;0x7ff3aa46b010;5319336;0.006109;13.931803
0x7f7b4ee36010;0x7f7b4c591010;5327335;0.006216;13.712465
0x7f6c83d29010;0x7f6c81474010;5335334;0.006194;13.782217
0x7f102ce11010;0x7f102a54c010;5343333;0.006327;13.512643
0x7fdba1c5d010;0x7fdb9f389010;5351332;0.006157;13.906514
0x7f99141ad010;0x7f99118c9010;5359331;0.006299;13.613119
0x7f21386d8010;0x7f2135de4010;5367330;0.006420;13.376241
0x7f03d674d010;0x7f03d3e4a010;5375329;0.006299;13.653756
0x7f5961065010;0x7f595e752010;5383328;0.006159;13.984788
0x7f6dd8b96010;0x7f6dd6274010;5391327;0.006243;13.817294
0x7f8e3e474010;0x7f8e3bb42010;5399326;0.006181;13.976572
0x7f8f09f3a010;0x7f8f075f8010;5407325;0.006365;13.593027
0x7fd2debe1010;0x7fd2dc290010;5415324;0.006418;13.500362
0x7faed2d7f010;0x7faed041e010;5423323;0.006444;13.465778
0x7f8156752010;0x7f8153de1010;5431322;0.006309;13.774085
0x7f7449d6a010;0x7f74473ea010;5439321;0.006546;13.294968
0x7f1b4372a010;0x7f1b40d9a010;5447320;0.006283;13.872323
0x7fa2101a2010;0x7fa20d803010;5455319;0.006759;12.914045
0x7f2380d4f010;0x7f237e3a0010;5463318;0.007602;11.498732
0x7f55982f4010;0x7f5595935010;5471317;0.007463;11.730045
0x7f4bd73d0010;0x7f4bd4a02010;5479316;0.006780;12.930713
0x7f7755f7b010;0x7f775359d010;5487315;0.006868;12.783264
0x7f876c86a010;0x7f8769e7c010;5495314;0.006476;13.577214
0x7f0d8a5cb010;0x7f0d87bce010;5503313;0.006690;13.161835
0x7fdeec91f010;0x7fdee9f12010;5511312;0.006447;13.678176
0x7f24efa24010;0x7f24ed008010;5519311;0.006485;13.617452
0x7fba9da78010;0x7fba9b04c010;5527310;0.006568;13.464916
0x7f79dfa6a010;0x7f79dd02e010;5535309;0.006596;13.426889
0x7f5782988010;0x7f577ff3d010;5543308;0.006603;13.432212
0x7fb0c96eb010;0x7fb0c6c90010;5551307;0.006605;13.447224
0x7f3023a6f010;0x7f3021004010;5559306;0.006490;13.705548
0x7f8f014a5010;0x7f8efea2b010;5567305;0.006601;13.494258
0x7fe7c4efe010;0x7fe7c2474010;5575304;0.006572;13.573456
0x7fdeb38bb010;0x7fdeb0e22010;5583303;0.006598;13.539392
0x7faedc33b010;0x7faed9892010;5591302;0.006577;13.602042
0x7f559d899010;0x7f559ade0010;5599301;0.006592;13.590955
0x7f88e03e5010;0x7f88dd91d010;5607300;0.006624;13.544237
0x7ff7d364b010;0x7ff7d0b73010;5615299;0.006617;13.577731
0x7fbd3c146010;0x7fbd3965e010;5623298;0.006537;13.763701
0x7ff29f645010;0x7ff29cb4e010;5631297;0.006613;13.624759
0x7f59e5002010;0x7f59e24fb010;5639296;0.006626;13.617601
0x7f1fa085e010;0x7f1f9dd48010;5647295;0.006865;13.161893
0x7f0e355db010;0x7f0e32ab5010;5655294;0.006927;13.062585
0x7f4d7c63c010;0x7f4d79b06010;5663293;0.007112;12.741197
0x7f5d72073010;0x7f5d6f52e010;5671292;0.006986;12.989112
0x7fa35a542010;0x7fa3579ed010;5679291;0.007293;12.459733
0x7fdd6e735010;0x7fdd6bbd1010;5687290;0.007290;12.482587
0x7fa3f9862010;0x7fa3f6cee010;5695289;0.007164;12.719794
0x7f82bf446010;0x7f82bc8c2010;5703288;0.007107;12.839786
0x7f1c90b45010;0x7f1c8dfb2010;5711287;0.006677;13.685567
0x7f84d3f2b010;0x7f84d1388010;5719286;0.006727;13.603218
0x7f64d1eca010;0x7f64cf317010;5727285;0.006635;13.811189
0x7fabce92d010;0x7fabcbd6b010;5735284;0.006834;13.428057
0x7fada6fd7010;0x7fada4405010;5743283;0.006897;13.323603
0x7f8783e89010;0x7f87812a8010;5751282;0.006810;13.512656
0x7f9f145b1010;0x7f9f119c0010;5759281;0.007171;12.849884
0x7f503d96b010;0x7f503ad6a010;5767280;0.007036;13.114516
0x7febb3a8c010;0x7febb0e7c010;5775279;0.007159;12.907464
0x7f5fd86a5010;0x7f5fd5a85010;5783278;0.006890;13.429849
0x7f68d633c010;0x7f68d370c010;5791277;0.007731;11.985629
0x7f24bb756010;0x7f24b8b17010;5799276;0.007609;12.194737
0x7f83939a9010;0x7f8390d5a010;5807275;0.007293;12.740515
0x7fadaf00c010;0x7fadac3ae010;5815274;0.007270;12.798230
0x7fed01a6d010;0x7fecfedff010;5823273;0.009202;10.125226
0x7fcfde166010;0x7fcfdb4e8010;5831272;0.007378;12.645986
0x7f22feda5010;0x7f22fc118010;5839271;0.007167;13.035722
0x7f4fd64b6010;0x7f4fd3819010;5847270;0.007200;12.993929
0x7f9ceebb9010;0x7f9cebf0c010;5855269;0.007163;13.079268
0x7f7cb99c6010;0x7f7cb6d0a010;5863268;0.007134;13.150099
0x7fa4e55ec010;0x7fa4e2920010;5871267;0.007195;13.056334
0x7f59a8be5010;0x7f59a5f0a010;5879266;0.007156;13.145561
0x7f0093737010;0x7f0090a4c010;5887265;0.007050;13.361098
0x7f3084307010;0x7f308160c010;5895264;0.006864;13.742210
0x7f18c7017010;0x7f18c430d010;5903263;0.006860;13.768508
0x7fe612861010;0x7fe60fb47010;5911262;0.007133;13.259512
0x7f1294511010;0x7f12917e7010;5919261;0.007063;13.409225
0x7f6469d35010;0x7f6466ffc010;5927260;0.006960;13.626051
0x7f2477742010;0x7f24749f9010;5935259;0.006938;13.687107
0x7f2c47850010;0x7f2c44af8010;5943258;0.006856;13.869985
0x7fb2e87c6010;0x7fb2e5a5e010;5951257;0.007090;13.430025
0x7f777a13a010;0x7f77773c2010;5959256;0.007061;13.503474
0x7fa36ce4a010;0x7fa36a0c3010;5967255;0.007324;13.036092
0x7f37725d3010;0x7f376f83c010;5975254;0.007401;12.917741
0x7f1097705010;0x7f109495e010;5983253;0.007101;13.481376
0x7fea611ab010;0x7fea5e3f5010;5991252;0.007089;13.522555
0x7f6279fe1010;0x7f627721b010;5999251;0.007176;13.376401
0x7f5078208010;0x7f5075433010;6007250;0.007200;13.349439
0x7f4208374010;0x7f420558f010;6015249;0.008944;10.760690
0x7f0556758010;0x7f0553963010;6023248;0.008767;10.992721
0x7f2a557d3010;0x7f2a529cf010;6031247;0.007391;13.056456
0x7f5013bc3010;0x7f5010daf010;6039246;0.007415;13.031315
0x7f1dc5c2a010;0x7f1dc2e06010;6047245;0.007416;13.046897
0x7f356c009010;0x7f35691d6010;6055244;0.007406;13.081819
0x7f1c1a60e010;0x7f1c177cb010;6063243;0.007360;13.180569
0x7f076cc4c010;0x7f0769dfa010;6071242;0.007356;13.205230
0x7f02351fa010;0x7f0232398010;6079241;0.007261;13.395861
0x7f1f1d3c0010;0x7f1f1a54e010;6087240;0.007523;12.946717
0x7f40152cd010;0x7f401244c010;6095239;0.007043;13.847142
0x7f96499b7010;0x7f9646b26010;6103238;0.007212;13.540328
0x7f99afc90010;0x7f99acdef010;6111237;0.007196;13.588171
0x7f9303117010;0x7f9300267010;6119236;0.007256;13.493296
0x7f3acfc25010;0x7f3accd65010;6127235;0.008753;11.200168
0x7f7c3722b010;0x7f7c3435c010;6135234;0.007668;12.801710
0x7f0cfa733010;0x7f0cf7854010;6143233;0.007778;12.637262
0x7f767e8bb010;0x7f767b9cc010;6151232;0.007572;12.997959
0x7f77f16e9010;0x7f77ee7eb010;6159231;0.007579;13.002579
0x7f3576ed0010;0x7f3573fc2010;6167230;0.007505;13.148097
0x7f3905b8a010;0x7f3902c6d010;6175229;0.007824;12.627986
0x7f4d4f1b0010;0x7f4d4c283010;6183228;0.007574;13.061868
0x7ff5d98a6010;0x7ff5d6969010;6191227;0.007950;12.460599
0x7ff4d33c1010;0x7ff4d0475010;6199226;0.008643;11.476180
0x7f49484c7010;0x7f494556b010;6207225;0.008529;11.644531
0x7f40955ee010;0x7f4092682010;6215224;0.009347;10.639134
0x7f6eb2c06010;0x7f6eafc8b010;6223223;0.009102;10.939685
0x7f4df0bec010;0x7f4dedc61010;6231222;0.008151;12.231491
0x7f308e1dd010;0x7f308b243010;6239221;0.007905;12.628394
0x7f94492fa010;0x7f9446350010;6247220;0.007636;13.089916
0x7f953dbdb010;0x7f953ac21010;6255219;0.007801;12.829482
0x7f4d202f2010;0x7f4d1d329010;6263218;0.007651;13.097674
0x7efd9fe23010;0x7efd9ce4a010;6271217;0.007848;12.785316
0x7fad24d71010;0x7fad21d88010;6279216;0.007857;12.786862
0x7f464449f010;0x7f46414a7010;6287215;0.007866;12.788793
0x7f334fa0e010;0x7f334ca06010;6295214;0.007871;12.796531
0x7f5536f37010;0x7f5533f20010;6303213;0.007906;12.756377
0x7f1aa270b010;0x7f1a9f6e4010;6311212;0.007876;12.821283
0x7f0c469e3010;0x7f0c439ac010;6319211;0.007845;12.887861
0x7f030df27010;0x7f030aee1010;6327210;0.007934;12.759537
0x7f25eddb7010;0x7f25ead61010;6335209;0.007873;12.874710
0x7f7d72363010;0x7f7d6f2fd010;6343208;0.007971;12.732494
0x7faea207f010;0x7fae9f00a010;6351207;0.007820;12.994582
0x7fdab0a3d010;0x7fdaad9b8010;6359206;0.007955;12.790238
0x7f301c1e4010;0x7f3019150010;6367205;0.007939;12.832094
0x7f9ac8691010;0x7f9ac55ed010;6375204;0.007970;12.798633
0x7f9336c97010;0x7f9333be3010;6383203;0.007906;12.918260
0x7f16c3970010;0x7f16c08ad010;6391202;0.007897;12.949288
0x7f4c0ae85010;0x7f4c07db2010;6399201;0.007968;12.849884
0x7f7887d62010;0x7f7884c7f010;6407200;0.008428;12.163505
0x7f1f01e2c010;0x7f1efed3a010;6415199;0.008519;12.048829
0x7fe824794010;0x7fe821692010;6423198;0.007962;12.907726
0x7f18d64be010;0x7f18d33ad010;6431197;0.008078;12.738418
0x7f732898f010;0x7f732586e010;6439196;0.007975;12.918985
0x7fb94f258010;0x7fb94c127010;6447195;0.007923;13.019497
0x7f51ab308010;0x7f51a81c8010;6455194;0.008069;12.799927
0x7f50e61c3010;0x7f50e3073010;6463193;0.008107;12.755861
0x7f7360d55010;0x7f735dbf5010;6471192;0.008126;12.741670
0x7fcbd549b010;0x7fcbd232c010;6479191;0.008605;12.047300
0x7f8524c39010;0x7f8521aba010;6487190;0.011805;8.792421
0x7f02a0a57010;0x7f029d8c9010;6495189;0.011430;9.092108
0x7fadaa80d010;0x7fada766f010;6503188;0.010855;9.585573
0x7f7fa1a88010;0x7f7f9e8da010;6511187;0.010061;10.354709
0x7f20c505b010;0x7f20c1e9e010;6519186;0.009647;10.812228
0x7f559b791010;0x7f55985c4010;6527185;0.009609;10.868471
0x7fc1f8a77010;0x7fc1f589a010;6535184;0.008745;11.956619
0x7f883be36010;0x7f8838c4a010;6543183;0.008571;12.214681
0x7f537ee92010;0x7f537bc96010;6551182;0.008426;12.440010
0x7f8b15681010;0x7f8b12476010;6559181;0.008526;12.309261
0x7fef46563010;0x7fef43348010;6567180;0.008381;12.537080
0x7fe2680ba010;0x7fe264e8f010;6575179;0.008885;11.840627
0x7f23f494b010;0x7f23f1711010;6583178;0.008822;11.939614
0x7f3f7eda1010;0x7f3f7bb57010;6591177;0.008461;12.464112
0x7f92f92f0010;0x7f92f6096010;6599176;0.008474;12.460278
0x7f6269938010;0x7f62666cf010;6607175;0.008427;12.544560
0x7f67de2cd010;0x7f67db054010;6615174;0.008931;11.851272
0x7fea4fc72010;0x7fea4c9ea010;6623173;0.008152;12.999345
0x7f1565b57010;0x7f15628bf010;6631172;0.008866;11.966828
0x7f3df14d1010;0x7f3dee229010;6639171;0.008142;13.046771
0x7fc6b358a010;0x7fc6b02d3010;6647170;0.008303;12.809304
0x7f4ae43d8010;0x7f4ae1111010;6655169;0.008964;11.878845
0x7f838056d010;0x7f837d296010;6663168;0.009142;11.661433
0x7f4b8b28e010;0x7f4b87fa8010;6671167;0.009289;11.490835
0x7f17edf66010;0x7f17eac70010;6679166;0.009390;11.380760
0x7f81efdef010;0x7f81ecaea010;6687165;0.009137;11.710149
0x7fce62461010;0x7fce5f14c010;6695164;0.009697;11.047031
0x7fbee99ff010;0x7fbee66da010;6703163;0.011389;9.417021
0x7f156dbd7010;0x7f156a8a3010;6711162;0.010635;10.096587
0x7fb643f7f010;0x7fb640c3b010;6719161;0.009837;10.928630
0x7f14aa933010;0x7f14a75e0010;6727160;0.009346;11.516634
0x7f90d57ac010;0x7f90d2449010;6735159;0.009486;11.360215
0x7f3409038010;0x7f3405cc5010;6743158;0.009294;11.608580
0x7f349dc84010;0x7f349a902010;6751157;0.008942;12.080055
0x7f536e87f010;0x7f536b4ed010;6759156;0.008827;12.251824
0x7fb5f41d4010;0x7fb5f0e32010;6767155;0.009542;11.347161
0x7f275d46f010;0x7f275a0be010;6775154;0.009321;11.629950
0x7f1973678010;0x7f19702b7010;6783153;0.010865;9.989021
0x7f62b6cf4010;0x7f62b3924010;6791152;0.010361;10.487298
0x7f1dca4d3010;0x7f1dc70f3010;6799151;0.010468;10.392277
0x7f17a2b4f010;0x7f179f75f010;6807150;0.009175;11.870699
0x7f239a843010;0x7f2397444010;6815149;0.008754;12.456271
0x7f2c9fba2010;0x7f2c9c793010;6823148;0.008632;12.646901
0x7f85e2f60010;0x7f85dfb41010;6831147;0.008909;12.268325
0x7f54903f7010;0x7f548cfc9010;6839146;0.009561;11.445284
0x7f94b6edb010;0x7f94b3a9d010;6847145;0.009312;11.764962
0x7fdde763a010;0x7fdde41ed010;6855144;0.009140;12.000233
0x7f75cfd3f010;0x7f75cc8e2010;6863143;0.009264;11.853452
0x7f238ec6b010;0x7f238b7fe010;6871142;0.009095;12.087515
0x7fa4922f3010;0x7fa48ee77010;6879141;0.009066;12.140413
0x7fb2a0216010;0x7fb29cd8a010;6887140;0.009120;12.082718
0x7f7922c71010;0x7f791f7d5010;6895139;0.008980;12.285277
0x7f5e44a42010;0x7f5e41597010;6903138;0.008694;12.703937
0x7fec48380010;0x7fec44ec5010;6911137;0.008587;12.877570
0x7f1c06ded010;0x7f1c03923010;6919136;0.008652;12.795485
0x7f2268c49010;0x7f226576f010;6927135;0.008669;12.784911
0x7febd5ad0010;0x7febd25e6010;6935134;0.008685;12.776483
0x7f52559d3010;0x7f52524da010;6943133;0.009905;11.215718
0x7fb2f5961010;0x7fb2f2458010;6951132;0.009686;11.482365
0x7f9b9ca12010;0x7f9b994f9010;6959131;0.010909;10.206958
0x7f0f2471d010;0x7f0f211f5010;6967130;0.010753;10.366640
0x7f7f2a3ee010;0x7f7f26eb6010;6975129;0.011829;9.434696
0x7f7742518010;0x7f773efd1010;6983128;0.011570;9.656895
0x7ff2a6ddd010;0x7ff2a3886010;6991127;0.009761;11.459578
0x7f753c018010;0x7f7538ab1010;6999126;0.009129;12.266999
0x7fce8fe9e010;0x7fce8c928010;7007125;0.009050;12.388435
0x7f97645ec010;0x7f9761066010;7015124;0.009022;12.440924
0x7f9c9a326010;0x7f9c96d90010;7023123;0.008898;12.628649
0x7f871e826010;0x7f871b281010;7031122;0.008818;12.757891
0x7f7816a2b010;0x7f7813476010;7039121;0.008819;12.770679
0x7f63f66e5010;0x7f63f3121010;7047120;0.009031;12.485459
0x7f1c2953e010;0x7f1c25f6a010;7055119;0.008713;12.955562
0x7fe9bcc71010;0x7fe9b968d010;7063118;0.009259;12.205429
0x7f25daf80010;0x7f25d798d010;7071117;0.009105;12.425951
0x7fe432391010;0x7fe42ed8e010;7079116;0.009017;12.561381
0x7fea73ec0010;0x7fea708ad010;7087115;0.008881;12.768349
0x7fa6164d8010;0x7fa612eb6010;7095114;0.008920;12.726387
0x7f8e287f7010;0x7f8e251c5010;7103113;0.008865;12.819887
0x7f755ad3e010;0x7f75576fd010;7111112;0.008847;12.860610
0x7f0e17483010;0x7f0e13e32010;7119111;0.008987;12.674576
0x7f83c1576010;0x7f83bdf15010;7127110;0.009053;12.596251
0x7f70ca3d6010;0x7f70c6d66010;7135109;0.008987;12.703058
0x7f9b552b5010;0x7f9b51c35010;7143108;0.009130;12.518041
0x7fd55f4e7010;0x7fd55be57010;7151107;0.012508;9.147624
0x7fbc28068010;0x7fbc249c9010;7159106;0.010555;10.852239
0x7f0d34aa8010;0x7f0d313f9010;7167105;0.009252;12.394379
0x7f62492ad010;0x7f6245bef010;7175104;0.009040;12.699469
0x7f2a36fea010;0x7f2a3391c010;7183103;0.008933;12.865642
0x7f8a4d69e010;0x7f8a49fc0010;7191102;0.010368;11.097263
0x7f1830e95010;0x7f182d7a8010;7199101;0.011364;10.136025
0x7f27ff9da010;0x7f27fc2dd010;7207100;0.011050;10.435633
0x7faeec449010;0x7faee8d3d010;7215099;0.010850;10.639824
0x7fb067176010;0x7fb063a5a010;7223098;0.010393;11.120045
0x7f3840811010;0x7f383d0e5010;7231097;0.010380;11.146168
0x7f6e9ca9b010;0x7f6e99360010;7239096;0.010444;11.089976
0x7ff28622d010;0x7ff282ae2010;7247095;0.010127;11.449861
0x7fcc4a8bc010;0x7fcc47161010;7255094;0.009614;12.074227
0x7f0d0479d010;0x7f0d01033010;7263093;0.009425;12.330017
0x7fdbc5eae010;0x7fdbc2734010;7271092;0.009175;12.679748
0x7fee0e24d010;0x7fee0aac4010;7279091;0.009252;12.588041
0x7ff8dd78d010;0x7ff8d9ff4010;7287090;0.009170;12.714584
0x7fa77ed7a010;0x7fa77b5d1010;7295089;0.009266;12.596880
0x7f852a2ad010;0x7f8526af5010;7303088;0.009385;12.450828
0x7f28ae44a010;0x7f28aac82010;7311087;0.009145;12.791374
0x7f50b2b1d010;0x7f50af345010;7319086;0.009287;12.609765
0x7f31b486a010;0x7f31b1083010;7327085;0.009320;12.578981
0x7fc66918d010;0x7fc665996010;7335084;0.009944;11.802272
0x7f039fcf1010;0x7f039c4eb010;7343083;0.009256;12.693472
0x7efe8f16f010;0x7efe8b959010;7351082;0.009231;12.741761
0x7f4c85428010;0x7f4c81c02010;7359081;0.009233;12.752661
0x7ff62a33e010;0x7ff626b09010;7367080;0.013099;8.998678
0x7fb6587f1010;0x7fb654fac010;7375079;0.013520;8.727903
0x7fef73062010;0x7fef6f80d010;7383078;0.010860;10.877497
0x7fa4407db010;0x7fa43cf77010;7391077;0.010845;10.904363
0x7fbe15d2d010;0x7fbe124b9010;7399076;0.010638;11.128523
0x7f6481831010;0x7f647dfae010;7407075;0.013722;8.636765
0x7f474653a010;0x7f4742ca7010;7415074;0.010602;11.190456
0x7ff6321b5010;0x7ff62e912010;7423073;0.013585;8.742611
0x7f754835f010;0x7f7544aad010;7431072;0.012386;9.599253
0x7f352af0e010;0x7f352764c010;7439071;0.011785;10.099893
0x7f658e978010;0x7f658b0a6010;7447070;0.011964;9.959434
0x7fed1b28c010;0x7fed179ab010;7455069;0.011802;10.106891
0x7f8fe8db8010;0x7f8fe54c7010;7463068;0.012686;9.412656
0x7fd0d4146010;0x7fd0d0846010;7471067;0.012977;9.211538
0x7f3768fd1010;0x7f37656c1010;7479066;0.012456;9.607067
0x7fe69cb02010;0x7fe6991e2010;7487065;0.011601;10.326122
0x7ff00d7b1010;0x7ff009e82010;7495064;0.011652;10.291890
0x7ffbe32de010;0x7ffbdf99f010;7503063;0.011387;10.542535
0x7f19599b4010;0x7f1956065010;7511062;0.015269;7.870631
0x7f2ba6cbe010;0x7f2ba3360010;7519061;0.015620;7.701986
0x7feef638b010;0x7feef2a1d010;7527060;0.015216;7.914955
0x7ffaaf089010;0x7ffaab70c010;7535059;0.014110;8.544308
0x7f6bc94c7010;0x7f6bc5b3a010;7543058;0.013160;9.170732
0x7f3ed4551010;0x7f3ed0bb4010;7551057;0.013626;8.866736
0x7f4f3e0dd010;0x7f4f3a731010;7559056;0.013155;9.193846
0x7f9dc91f0010;0x7f9dc5834010;7567055;0.012681;9.547576
0x7f092d610010;0x7f0929c44010;7575054;0.012293;9.859259
0x7f66b3723010;0x7f66afd48010;7583053;0.011453;10.593490
0x7f34a9dfc010;0x7f34a6411010;7591052;0.014104;8.611439
0x7fe122424010;0x7fe11ea2a010;7599051;0.013668;8.895543
0x7fb062c88010;0x7fb05f27e010;7607050;0.013016;9.351025
0x7fc5a9a6f010;0x7fc5a6055010;7615049;0.012670;9.616448
0x7f269f370010;0x7f269b947010;7623048;0.012231;9.972010
0x7fc6d802c010;0x7fc6d45f3010;7631047;0.012043;10.138401
0x7f9f11002010;0x7f9f0d5b9010;7639046;0.012476;9.796814
0x7f167d322010;0x7f16798ca010;7647045;0.011983;10.210392
0x7f8d4d251010;0x7f8d497e9010;7655044;0.011310;10.829321
0x7fde38780010;0x7fde34d09010;7663043;0.013530;9.061977
0x7fc9e3a98010;0x7fc9e0011010;7671042;0.013602;9.023416
0x7efdaa11e010;0x7efda6687010;7679041;0.012629;9.728747
0x7f1804a54010;0x7f1800fae010;7687040;0.011332;10.853535
0x7fbc20e5b010;0x7fbc1d3a5010;7695039;0.011971;10.284910
0x7f956f954010;0x7f956be8e010;7703038;0.011849;10.401669
0x7fd37db32010;0x7fd37a05d010;7711037;0.011621;10.616695
0x7efd7260c010;0x7efd6eb27010;7719036;0.010994;11.233860
0x7f040f68f010;0x7f040bb9b010;7727035;0.010985;11.254776
0x7f197a18e010;0x7f197668a010;7735034;0.011556;10.709718
0x7fe95ee93010;0x7fe95b37f010;7743033;0.013722;9.028498
0x7fbc02f4d010;0x7fbbff42a010;7751032;0.013226;9.376698
0x7f796880c010;0x7f7964cd9010;7759031;0.011922;10.412954
0x7f4f7f691010;0x7f4f7bb4f010;7767030;0.011141;11.154456
0x7fc4424ef010;0x7fc43e99d010;7775029;0.010786;11.533452
0x7f8b0b5cc010;0x7f8b07a6a010;7783028;0.010556;11.796955
0x7fca3425a010;0x7fca306e9010;7791027;0.013915;8.958381
0x7fae13bc0010;0x7fae1003f010;7799026;0.013358;9.341635
0x7f27d4dd8010;0x7f27d1247010;7807025;0.012981;9.622756
0x7f2dcee4e010;0x7f2dcb2ae010;7815024;0.012070;10.359652
0x7f69e1c41010;0x7f69de091010;7823023;0.011636;10.756975
0x7f105b355010;0x7f1057796010;7831022;0.010150;12.344522
0x7fde24477010;0x7fde208a8010;7839021;0.009824;12.767086
0x7fdfca438010;0x7fdfc6859010;7847020;0.009824;12.780114
0x7ff3a9bbf010;0x7ff3a5fd1010;7855019;0.009950;12.631285
0x7fd5e3e03010;0x7fd5e0205010;7863018;0.009795;12.844198
0x7f670290f010;0x7f66fed01010;7871017;0.009793;12.860082
0x7fb337445010;0x7fb333828010;7879016;0.009855;12.791867
0x7f88a78d7010;0x7f88a3caa010;7887015;0.009974;12.652116
0x7fd932b64010;0x7fd92ef28010;7895014;0.014222;8.881939
0x7f1502458010;0x7f14fe80c010;7903013;0.009779;12.930303
0x7fded5ca1010;0x7fded2045010;7911012;0.010212;12.394916
0x7f726f904010;0x7f726bc99010;7919011;0.009908;12.788118
0x7fa20e445010;0x7fa20a7ca010;7927010;0.009983;12.705038
0x7f75efc7b010;0x7f75ebff0010;7935009;0.010025;12.664323
0x7fd07c0ae010;0x7fd078414010;7943008;0.009894;12.845107
0x7f18e1dc5010;0x7f18de11b010;7951007;0.009878;12.878836
0x7f086db1c010;0x7f0869e63010;7959006;0.009855;12.921733
0x7fd1f64f6010;0x7fd1f282d010;7967005;0.009865;12.921591
0x7fefd9b84010;0x7fefd5eab010;7975004;0.009973;12.794794
0x7f79ed30a010;0x7f79e9622010;7983003;0.012081;10.572511
0x7fca07dd7010;0x7fca040df010;7991002;0.011838;10.800513
0x7f77bc320010;0x7f77b8618010;7999001;0.011944;10.715290
