0.000000;0.000001;134.217728
0.000000;0.000002;134.209339
0.000000;0.000002;178.942058
0.000000;0.000003;165.175563
0.000000;0.000003;206.468163
0.000000;0.000004;189.464113
0.000000;0.000004;221.040808
0.000000;0.000005;204.499883
0.000000;0.000005;230.061968
0.000000;0.000006;214.724206
0.000000;0.000007;203.617550
0.000000;0.000007;214.723758
0.000000;0.000008;205.250487
0.000000;0.000008;227.736980
0.000000;0.000009;211.898004
0.000000;0.000009;232.133188
0.000000;0.000010;217.279328
0.000000;0.000011;210.055121
0.000000;0.000011;221.724769
0.000000;0.000012;214.722863
0.000000;0.000012;225.458939
0.000000;0.000013;218.699088
0.000000;0.000013;224.482811
0.000000;0.000014;218.362007
0.000000;0.000015;213.018447
0.000000;0.000015;221.539143
0.000000;0.000016;216.324922
0.000000;0.000017;208.757967
0.000000;0.000017;216.213575
0.000000;0.000017;226.819454
0.000000;0.000018;221.879800
0.000000;0.000018;226.023537
0.000000;0.000019;224.235350
0.000000;0.000019;228.142455
0.000000;0.000020;223.669050
0.000000;0.000021;219.602318
0.000000;0.000022;213.567826
0.000000;0.000022;221.724039
0.000000;0.000022;227.558863
0.000000;0.000024;214.722192
0.000000;0.000025;209.609743
0.000000;0.000028;191.066329
0.000000;0.000028;195.615514
0.000000;0.000032;176.264436
0.000000;0.000032;180.270435
0.000000;0.000033;178.935087
0.000000;0.000034;176.432489
0.000000;0.000035;175.283331
0.000000;0.000036;174.195056
0.000000;0.000039;163.660105
0.000000;0.000038;172.182774
0.000000;0.000041;162.289912
0.000000;0.000038;178.935023
0.000000;0.000041;168.531817
0.000000;0.000043;164.023757
0.000000;0.000040;178.935001
0.000000;0.000046;158.538258
0.000000;0.000044;169.210259
0.000000;0.000045;167.574029
0.000000;0.000040;191.716043
0.000000;0.000047;166.218777
0.000000;0.000046;172.445093
0.000000;0.000048;168.252272
0.000000;0.000047;174.393454
0.000000;0.000051;163.048198
0.000000;0.000047;179.843239
0.000000;0.000046;186.351927
0.000000;0.000047;185.293024
0.000000;0.000051;173.894505
0.000000;0.000050;178.934921
0.000000;0.000045;201.656810
0.000000;0.000045;204.497042
0.000000;0.000050;186.603546
0.000000;0.000051;185.624059
0.000000;0.000047;204.367271
0.000000;0.000052;187.142918
0.000000;0.000052;189.605321
0.000000;0.000055;181.258718
0.000000;0.000054;186.817478
0.000000;0.000056;182.742006
0.000000;0.000052;198.544179
0.000000;0.000050;209.609424
0.000000;0.000055;193.716447
0.000000;0.000055;196.050376
0.000000;0.000057;190.913767
0.000000;0.000054;203.370899
0.000000;0.000052;214.229349
0.000000;0.000052;216.691751
0.000000;0.000054;210.465223
0.000000;0.000057;202.143972
0.000000;0.000055;212.387883
0.000000;0.000055;213.792281
0.000000;0.000060;198.895700
0.000000;0.000056;214.721807
0.000000;0.000058;209.861845
0.000000;0.000057;215.620218
0.000000;0.000058;213.401787
0.000000;0.000058;216.489053
0.000000;0.000059;214.288886
0.000000;0.000060;213.866324
0.000000;0.000060;215.147822
0.000000;0.000062;210.592519
0.000000;0.000062;212.657149
0.000000;0.000062;214.721779
0.000000;0.000062;216.786409
0.000000;0.000070;193.541736
0.000000;0.000064;214.321172
0.000000;0.000063;219.601810
0.000000;0.000067;208.226625
0.000000;0.000071;198.149280
0.000000;0.000067;212.047293
0.000000;0.000068;210.954712
0.000000;0.000070;206.322778
0.000000;0.000069;211.749829
0.000000;0.000069;213.607282
0.000000;0.000069;215.464735
0.000000;0.000071;210.758765
0.000000;0.000071;212.560120
0.000000;0.000072;211.522251
0.000000;0.000072;213.299747
0.000000;0.000073;212.265775
0.000000;0.000076;205.298217
0.000000;0.000074;212.305257
0.000000;0.000075;211.986429
0.000000;0.000074;215.757371
0.000000;0.000092;175.226286
0.000000;0.000076;213.712069
0.000000;0.000077;212.727411
0.000000;0.000078;211.766843
0.000000;0.000077;216.051274
0.000000;0.000076;220.443151
0.000000;0.000080;210.887408
0.000000;0.000083;205.157968
0.000000;0.000080;214.082669
0.000000;0.000082;210.664478
0.000000;0.000083;209.785587
0.000000;0.000082;213.785431
0.000000;0.000085;208.087056
0.000000;0.000085;209.594932
0.000000;0.000085;211.102808
0.000000;0.000086;210.248343
0.000000;0.000090;201.656633
0.000000;0.000089;205.798957
0.000000;0.000087;212.362128
0.000000;0.000091;203.760782
0.000000;0.000095;196.424617
0.000000;0.000090;209.310945
0.000000;0.000091;208.522388
0.000000;0.000101;189.087077
0.000000;0.000092;208.602688
0.000000;0.000093;207.839593
0.000000;0.000094;207.091993
0.000000;0.000099;197.430406
0.000000;0.000092;214.721696
0.000000;0.000095;209.056926
0.000000;0.000097;205.752974
0.000000;0.000094;213.362694
0.000000;0.000096;210.982756
0.000000;0.000098;207.668788
0.000000;0.000098;208.974880
0.000000;0.000096;214.988755
0.000000;0.000103;201.301582
0.000000;0.000100;208.331160
0.000000;0.000098;214.199248
0.000000;0.000104;202.683512
0.000000;0.000105;202.062355
0.000000;0.000101;211.429958
0.000000;0.000102;210.708192
0.000000;0.000122;177.187324
0.000000;0.000105;207.401622
0.000000;0.000104;210.053816
0.000000;0.000108;203.819694
0.000000;0.000111;199.285676
0.000000;0.000106;209.896469
0.000000;0.000109;205.110770
0.000000;0.000111;203.177498
0.000000;0.000108;209.744680
0.000000;0.000110;206.820658
0.000000;0.000113;202.717190
0.000000;0.000109;211.432717
0.000000;0.000110;210.762593
0.000000;0.000114;204.389873
0.000000;0.000113;207.247179
0.000000;0.000112;210.153121
0.000000;0.000122;193.962443
0.000000;0.000118;201.708231
0.000000;0.000115;208.262196
0.000000;0.000115;209.375896
0.000000;0.000133;181.820763
0.000000;0.000118;206.046040
0.000000;0.000116;210.966242
0.000000;0.000125;196.691598
0.000000;0.000119;207.621646
0.000000;0.000117;212.530622
0.000000;0.000122;204.446892
0.000000;0.000129;194.479875
0.000000;0.000120;210.239396
0.000000;0.000122;207.592227
0.000000;0.000128;198.927419
0.000000;0.000123;208.467627
0.000000;0.000123;209.103937
0.000000;0.000128;201.926323
0.000000;0.000125;207.960380
0.000000;0.000124;210.592390
0.000000;0.000133;197.567050
0.000000;0.000131;201.057546
0.000000;0.000127;208.477400
0.000000;0.000131;203.379341
0.000000;0.000136;196.828179
0.000000;0.000129;208.371286
0.000000;0.000131;206.312695
0.000000;0.000153;177.538960
0.000000;0.000132;206.388587
0.000000;0.000131;208.865602
0.000000;0.000139;197.963782
0.000000;0.000142;194.546457
0.000000;0.000133;208.757155
0.000000;0.000137;203.518776
0.000000;0.000139;201.646827
0.000000;0.000134;210.136839
0.000000;0.000136;207.764812
0.000000;0.000140;203.016203
0.000000;0.000136;209.645035
0.000000;0.000137;209.120207
0.000000;0.000142;202.652555
0.000000;0.000141;205.275341
0.000000;0.000137;211.920922
0.000000;0.000148;197.087495
0.000000;0.000146;200.535299
0.000000;0.000140;210.332099
0.000000;0.000141;209.816828
0.000000;0.000168;176.901349
0.000000;0.000145;205.716042
0.000000;0.000145;206.259700
0.000000;0.000152;197.725644
0.000000;0.000148;204.331878
0.000000;0.000145;209.247645
0.000000;0.000149;204.414996
0.000000;0.000156;196.171523
0.000000;0.000146;210.511405
0.000000;0.000148;208.324933
0.000000;0.000153;202.346709
0.000000;0.000147;211.415545
0.000000;0.000149;209.568312
0.000000;0.000153;204.855138
0.000000;0.000151;208.615802
0.000000;0.000151;209.463833
0.000000;0.000163;194.630717
0.000000;0.000156;204.379532
0.000000;0.000153;209.361962
0.000000;0.000153;209.871996
0.000000;0.000166;194.360094
0.000000;0.000157;206.400348
0.000000;0.000156;208.165241
0.000000;0.000176;185.230091
0.000000;0.000159;206.339100
0.000000;0.000154;213.558273
0.000000;0.000161;205.178442
0.000000;0.000171;193.908301
0.000000;0.000156;213.082528
0.000000;0.000159;210.053763
0.000000;0.000162;207.132052
0.000000;0.000158;213.262035
0.000000;0.000161;209.950031
0.000000;0.000168;202.064027
0.000000;0.000162;210.294372
0.000000;0.000162;210.774533
0.000000;0.000172;199.256906
0.000000;0.000170;202.524951
0.000000;0.000165;209.446668
0.000000;0.000172;201.487393
0.000000;0.000175;198.924662
0.000000;0.000170;205.536473
0.000000;0.000171;205.138507
0.000000;0.000199;176.791752
0.000000;0.000173;204.074266
0.000000;0.000171;207.384548
0.000000;0.000181;196.615974
0.000000;0.000181;197.323226
0.000000;0.000172;208.467589
0.000000;0.000177;203.017410
0.000000;0.000182;198.399397
0.000000;0.000173;209.250060
0.000000;0.000175;207.700746
0.000000;0.000181;201.566734
0.000000;0.000175;209.163426
0.000000;0.000176;208.757125
0.000000;0.000182;202.620658
0.000000;0.000182;203.324202
0.000000;0.000178;208.397818
0.000000;0.000190;195.997458
0.000000;0.000188;198.917230
0.000000;0.000180;208.322624
0.000000;0.000183;205.495293
0.000000;0.000204;184.996716
0.000000;0.000184;205.821234
0.000000;0.000185;205.452058
0.000000;0.000202;188.863755
0.000000;0.000188;203.685792
0.000000;0.000185;207.527330
0.000000;0.000193;199.725602
0.000000;0.000198;195.084014
0.000000;0.000185;209.602602
0.000000;0.000189;205.786158
0.000000;0.000194;201.136643
0.000000;0.000188;208.454354
0.000000;0.000191;205.741367
0.000000;0.000194;203.364869
0.000000;0.000192;206.052723
0.000000;0.000189;210.112684
0.000000;0.000200;198.982181
0.000000;0.000195;204.746765
0.000000;0.000191;209.762369
0.000000;0.000195;206.059244
0.000000;0.000204;197.538861
0.000000;0.000195;207.371722
0.000000;0.000195;208.027962
0.000000;0.000225;180.830166
0.000000;0.000197;207.312930
0.000000;0.000195;210.253714
0.000000;0.000201;204.405798
0.000000;0.000207;199.136972
0.000000;0.000194;213.006997
0.000000;0.000204;203.420467
0.000000;0.000207;200.992285
0.000000;0.000200;208.579388
0.000000;0.000201;208.226466
0.000000;0.000209;200.765923
0.000000;0.000203;207.530574
0.000000;0.000204;206.945470
0.000000;0.000212;199.867408
0.000000;0.000211;201.377322
0.000000;0.000209;203.826378
0.000000;0.000220;194.249770
0.000000;0.000218;196.749826
0.000000;0.000210;204.728882
0.000000;0.000211;204.410112
0.000000;0.000244;177.360462
0.000000;0.000217;199.974238
0.000000;0.000213;204.382262
0.000000;0.000226;193.090890
0.000000;0.000219;199.985804
0.000000;0.000213;206.185634
0.000000;0.000219;200.936426
0.000000;0.000226;195.355885
0.000000;0.000212;208.924840
0.000000;0.000216;205.824295
0.000000;0.000224;198.731692
0.000000;0.000217;205.873181
0.000000;0.000218;205.334861
0.000000;0.000223;201.516794
0.000000;0.000220;204.718316
0.000000;0.000219;206.193482
0.000000;0.000234;193.511826
0.000000;0.000227;199.963712
0.000000;0.000218;208.854886
0.000000;0.000224;203.871303
0.000000;0.000239;191.792244
0.000000;0.000227;202.216823
0.000000;0.000225;204.713386
0.000000;0.000253;182.644901
0.000000;0.000226;205.198568
0.000000;0.000224;207.518475
0.000000;0.000235;198.372235
0.000000;0.000242;193.037887
0.000000;0.000228;205.298076
0.000000;0.000232;202.473857
0.000000;0.000235;200.348749
0.000000;0.000229;206.334032
0.000000;0.000232;204.128956
0.000000;0.000238;199.553385
0.000000;0.000232;205.232355
0.000000;0.000229;208.570714
0.000000;0.000240;199.567286
0.000000;0.000238;201.704903
0.000000;0.000233;206.378627
0.000000;0.000243;198.601669
0.000000;0.000246;196.810771
0.000000;0.000233;208.238187
0.000000;0.000239;203.375386
0.000000;0.000279;174.656120
0.000000;0.000238;205.470060
0.000000;0.000235;208.515136
0.000000;0.000250;196.504030
0.000000;0.000247;199.487965
0.000000;0.000237;208.457078
0.000000;0.000242;204.673043
0.000000;0.000251;197.984736
0.000000;0.000236;210.926007
0.000000;0.000240;207.898262
0.000000;0.000247;202.596867
0.000000;0.000240;208.964407
0.000000;0.000239;210.332963
0.000000;0.000247;204.151318
0.000000;0.000246;205.462761
0.000000;0.000242;209.432880
0.000000;0.000260;195.335634
0.000000;0.000257;198.189221
0.000000;0.000248;205.946908
0.000000;0.000251;204.107974
0.000000;0.000276;186.048740
0.000000;0.000253;203.388498
0.000000;0.000252;204.666036
0.000000;0.000272;190.069065
0.000000;0.000257;201.674960
0.000000;0.000249;208.557331
0.000000;0.000260;200.439647
0.000000;0.000267;195.550017
0.000000;0.000251;208.502206
0.000000;0.000256;204.925164
0.000000;0.000262;200.751984
0.000000;0.000254;207.470201
0.000000;0.000255;207.196297
0.000000;0.000263;201.483991
0.000000;0.000258;205.890615
0.000000;0.000257;207.152550
0.000000;0.000270;197.570391
0.000000;0.000266;201.060983
0.000000;0.000259;207.109448
0.000000;0.000268;200.585111
0.000000;0.000275;196.005610
0.000000;0.000261;206.877874
0.000000;0.000264;204.935086
0.000000;0.000306;177.262367
0.000000;0.000268;202.973028
0.000000;0.000266;204.909039
0.000000;0.000277;197.259287
0.000000;0.000283;193.556946
0.000000;0.000265;207.094333
0.000000;0.000271;203.191639
0.000000;0.000279;197.745732
0.000000;0.000265;208.542545
0.000000;0.000270;205.151027
0.000000;0.000280;198.443712
0.000000;0.000273;203.760664
0.000000;0.000268;208.226446
0.000000;0.000282;198.295291
0.000000;0.000277;202.340906
0.000000;0.000273;205.813919
0.000000;0.000287;196.174203
0.000000;0.000290;194.679724
0.000000;0.000276;205.071174
0.000000;0.000278;203.948672
0.000000;0.000320;177.469066
0.000000;0.000283;201.244953
0.000000;0.000277;206.036629
0.000000;0.000295;193.821783
0.000000;0.000285;201.245331
0.000000;0.000277;207.422526
0.000000;0.000283;203.506132
0.000000;0.000297;194.300628
0.000000;0.000276;209.529694
0.000000;0.000284;204.174803
0.000000;0.000291;199.597865
0.000000;0.000281;207.163526
0.000000;0.000282;206.916823
0.000000;0.000293;199.608955
0.000000;0.000286;204.880174
0.000000;0.000281;209.162150
0.000000;0.000304;193.670444
0.000000;0.000299;197.341803
0.000000;0.000287;206.154135
0.000000;0.000299;198.197949
0.000000;0.000312;190.280391
0.000000;0.000290;205.105863
0.000000;0.000290;205.546951
0.000000;0.000329;181.657568
0.000000;0.000293;204.413545
0.000000;0.000292;205.519225
0.000000;0.000307;195.883427
0.000000;0.000313;192.562573
0.000000;0.000292;206.833847
0.000000;0.000300;201.674556
0.000000;0.000303;200.192817
0.000000;0.000292;208.148468
0.000000;0.000297;205.071170
0.000000;0.000307;198.800839
0.000000;0.000297;206.098221
0.000000;0.000293;209.388509
0.000000;0.000309;198.816275
0.000000;0.000307;200.467932
0.000000;0.000295;209.166936
0.000000;0.000312;198.223474
0.000000;0.000316;196.085364
0.000000;0.000299;207.615560
0.000000;0.000304;204.617032
0.000000;0.000355;175.569858
0.000000;0.000305;204.656502
0.000000;0.000302;207.180053
0.000000;0.000324;193.549618
0.000000;0.000317;198.173485
0.000000;0.000304;207.143167
0.000000;0.000318;198.384065
0.000000;0.000324;195.129614
0.000000;0.000305;207.592148
0.000000;0.000312;203.403173
0.000000;0.000321;198.063517
0.000000;0.000309;206.271884
0.000000;0.000309;206.686084
0.000000;0.000321;199.259071
0.000000;0.000314;204.205598
0.000000;0.000312;205.863695
0.000000;0.000332;193.835162
0.000000;0.000324;199.079606
0.000000;0.000310;208.527683
0.000000;0.000319;203.006571
0.000000;0.000346;187.566916
0.000000;0.000319;203.808968
0.000000;0.000315;206.838155
0.000000;0.000348;187.513703
0.000000;0.000321;203.642769
0.000000;0.000317;206.649334
0.000000;0.000326;201.301475
0.000000;0.000340;193.490338
0.000000;0.000316;208.644548
0.000000;0.000321;205.788135
0.000000;0.000330;200.525747
0.000000;0.000318;208.444106
0.000000;0.000319;208.222153
0.000000;0.000331;201.108101
0.000000;0.000323;206.554541
0.000000;0.000317;210.685453
0.000000;0.000338;198.128762
0.000000;0.000332;202.072744
0.000000;0.000322;208.757084
0.000000;0.000337;199.688025
0.000000;0.000348;193.764158
0.000000;0.000329;205.385852
0.000000;0.000332;203.854472
0.000000;0.000388;174.865447
0.000000;0.000335;202.877499
0.000000;0.000333;204.423544
0.000000;0.000350;194.902244
0.000000;0.000351;194.605090
0.000000;0.000332;206.314728
0.000000;0.000340;201.630628
0.000000;0.000349;196.901441
0.000000;0.000334;206.138839
0.000000;0.000338;204.046063
0.000000;0.000350;197.461935
0.000000;0.000338;204.947724
0.000000;0.000335;207.080234
0.000000;0.000350;198.558946
0.000000;0.000344;202.370988
0.000000;0.000339;205.737088
0.000000;0.000363;192.572236
0.000000;0.000358;195.493840
0.000000;0.000341;205.712274
0.000000;0.000344;204.231015
0.000000;0.000392;179.478516
0.000000;0.000350;201.484307
0.000000;0.000344;205.347031
0.000000;0.000367;192.761409
0.000000;0.000357;198.656896
0.000000;0.000345;205.892314
0.000000;0.000357;199.240976
0.000000;0.000367;194.155705
0.000000;0.000346;206.434589
0.000000;0.000353;202.615390
0.000000;0.000362;198.030433
0.000000;0.000353;203.340311
0.000000;0.000349;206.209026
0.000000;0.000362;199.091310
0.000000;0.000354;203.877045
0.000000;0.000352;205.483886
0.000000;0.000371;195.264151
0.000000;0.000367;197.769866
0.000000;0.000357;203.677106
0.000000;0.000363;200.552483
0.000000;0.000375;194.642643
0.000000;0.000367;199.165067
0.000000;0.000357;204.974528
0.000000;0.000398;184.295175
0.000000;0.000362;202.847564
0.000000;0.000358;205.637744
0.000000;0.000371;198.714047
0.000000;0.000381;193.827197
0.000000;0.000359;206.024346
0.000000;0.000363;204.211215
0.000000;0.000369;201.128083
0.000000;0.000356;208.896903
0.000000;0.000361;206.353950
0.000000;0.000370;201.647348
0.000000;0.000364;205.434789
0.000000;0.000364;205.651796
0.000000;0.000380;197.344477
0.000000;0.000373;201.473082
0.000000;0.000365;206.166364
0.000000;0.000385;195.775546
0.000000;0.000383;197.084201
0.000000;0.000372;203.366099
0.000000;0.000373;203.189206
0.000000;0.000437;173.758036
0.000000;0.000379;200.541840
0.000000;0.000371;205.268850
0.000000;0.000389;196.038685
0.000000;0.000386;197.944372
0.000000;0.000380;201.385660
0.000000;0.000383;200.215159
0.000000;0.000394;194.847156
0.000000;0.000372;206.674665
0.000000;0.000376;204.918172
0.000000;0.000388;198.828477
0.000000;0.000381;202.897099
0.000000;0.000381;203.233021
0.000000;0.000385;201.426113
0.000000;0.000384;202.259451
0.000000;0.000383;203.223399
0.000000;0.000404;192.869371
0.000000;0.000395;197.735741
0.000000;0.000388;201.466333
0.000000;0.000392;199.832114
0.000000;0.000410;191.425712
0.000000;0.000387;203.079237
0.000000;0.000406;193.968511
0.000000;0.000426;185.042647
0.000000;0.000397;198.923732
0.000000;0.000392;201.791251
0.000000;0.000399;198.495592
0.000000;0.000414;191.715683
0.000000;0.000385;206.411906
0.000000;0.000395;201.503942
0.000000;0.000402;198.356368
0.000000;0.000397;201.180565
0.000000;0.000392;204.076912
0.000000;0.000403;198.839792
0.000000;0.000399;201.181143
0.000000;0.000389;206.690899
0.000000;0.000407;197.802964
0.000000;0.000405;199.167528
0.000000;0.000400;201.861303
0.000000;0.000401;201.700399
0.000000;0.000410;197.671248
0.000000;0.000411;197.409326
0.000000;0.000399;203.748047
0.000000;0.000447;182.181049
0.000000;0.000399;204.389773
0.000000;0.000400;204.100652
0.000000;0.000410;199.428894
0.000000;0.000413;198.242643
0.000000;0.000409;200.519408
0.000000;0.000410;200.481739
0.000000;0.000407;202.205573
0.000000;0.000397;207.628658
0.000000;0.000400;206.340000
0.000000;0.000412;200.680164
0.000000;0.000404;204.903910
0.000000;0.000402;206.316092
0.000000;0.000415;200.106683
0.000000;0.000408;203.809894
0.000000;0.000404;206.292410
0.000000;0.000420;198.748522
0.000000;0.000421;198.489779
0.000000;0.000410;204.110322
0.000000;0.000409;205.018401
0.000000;0.000463;181.330258
0.000000;0.000411;204.570862
0.000000;0.000412;204.407969
0.000000;0.000429;196.639118
0.000000;0.000429;196.937508
0.000000;0.000422;200.467447
0.000000;0.000419;202.256224
0.000000;0.000443;191.550586
0.000000;0.000414;205.203104
0.000000;0.000414;205.630528
0.000000;0.000424;201.075028
0.000000;0.000422;202.287121
0.000000;0.000421;203.049268
0.000000;0.000424;201.867235
0.000000;0.000419;204.583968
0.000000;0.000423;203.041386
0.000000;0.000441;194.990391
0.000000;0.000439;196.235213
0.000000;0.000429;201.114970
0.000000;0.000434;198.980030
0.000000;0.000439;197.002952
0.000000;0.000424;204.396087
0.000000;0.000459;188.968352
0.000000;0.000487;178.496498
0.000000;0.000448;194.266447
0.000000;0.000431;202.304071
0.000000;0.000442;197.465081
0.000000;0.000456;191.655549
0.000000;0.000426;205.584473
0.000000;0.000443;197.906713
0.000000;0.000444;197.769858
0.000000;0.000439;200.317371
0.000000;0.000433;203.370641
0.000000;0.000442;199.599508
0.000000;0.000442;199.781387
0.000000;0.000434;203.808514
0.000000;0.000445;199.071972
0.000000;0.000447;198.508593
0.000000;0.000442;200.939540
0.000000;0.000450;197.605249
0.000000;0.000452;197.054596
0.000000;0.000454;196.508570
0.000000;0.000442;202.097692
0.000000;0.000482;185.663496
0.000000;0.000444;201.697654
0.000000;0.000443;202.529350
0.000000;0.000453;198.334914
0.000000;0.000460;195.530125
0.000000;0.000455;198.066009
0.000000;0.000448;201.408594
0.000000;0.000452;199.885840
0.000000;0.000439;206.149025
0.000000;0.000444;204.002770
0.000000;0.000451;201.159600
0.000000;0.000454;200.173722
0.000000;0.000447;203.556038
0.000000;0.000453;201.160197
0.000000;0.000448;203.694081
0.000000;0.000445;205.290832
0.000000;0.000463;197.638922
0.000000;0.000473;193.725600
0.000000;0.000465;197.378664
0.000000;0.000456;201.476841
0.000000;0.000470;195.820397
0.000000;0.000457;201.616487
0.000000;0.000457;201.896510
0.000000;0.000484;190.922371
0.000000;0.000478;193.570682
0.000000;0.000460;201.370995
0.000000;0.000466;199.070498
0.000000;0.000482;192.835046
0.000000;0.000463;200.955938
0.000000;0.000461;202.169289
0.000000;0.000468;199.353051
0.000000;0.000465;200.854353
0.000000;0.000458;204.270509
0.000000;0.000466;200.992558
0.000000;0.000470;199.633310
0.000000;0.000467;201.130198
0.000000;0.000480;195.904102
0.000000;0.000484;194.624466
0.000000;0.000471;200.214813
0.000000;0.000468;201.814200
0.000000;0.000479;197.460467
0.000000;0.000486;194.914073
0.000000;0.000502;188.965171
0.000000;0.000543;174.926873
0.000000;0.000503;189.115833
0.000000;0.000468;203.454965
0.000000;0.000474;201.166449
0.000000;0.000491;194.490386
0.000000;0.000488;195.892774
0.000000;0.000492;194.633695
0.000000;0.000491;195.177726
0.000000;0.000481;199.505907
0.000000;0.000471;204.018079
0.000000;0.000485;198.464369
0.000000;0.000487;197.852830
0.000000;0.000476;202.780629
0.000000;0.000481;200.935517
0.000000;0.000483;200.406786
0.000000;0.000484;200.177609
0.000000;0.000485;200.047861
0.000000;0.000494;196.638105
0.000000;0.000496;196.045631
0.000000;0.000479;203.338856
0.000000;0.000506;192.672899
0.000000;0.000482;202.662726
0.000000;0.000489;199.960104
0.000000;0.000491;199.347076
0.000000;0.000503;194.877621
0.000000;0.000494;198.710707
0.000000;0.000489;201.007015
0.000000;0.000492;200.001062
0.000000;0.000475;207.499496
0.000000;0.000480;205.601490
0.000000;0.000490;201.660634
0.000000;0.000497;199.111999
0.000000;0.000485;204.270507
0.000000;0.000489;202.839110
0.000000;0.000482;206.013758
0.000000;0.000480;207.201501
0.000000;0.000498;199.920261
0.000000;0.000511;195.133098
0.000000;0.000506;197.317169
0.000000;0.000491;203.615268
0.000000;0.000506;197.823111
0.000000;0.000495;202.465051
0.000000;0.000495;202.723627
0.000000;0.000521;192.768094
0.000000;0.000524;191.959898
0.000000;0.000501;200.982236
0.000000;0.000501;201.333396
0.000000;0.000521;193.839024
0.000000;0.000510;198.165921
0.000000;0.000507;199.723366
0.000000;0.000505;200.731199
0.000000;0.000507;200.134219
0.000000;0.000498;204.129448
0.000000;0.000506;201.111730
0.000000;0.000514;198.189190
0.000000;0.000510;200.015287
0.000000;0.000518;197.223528
0.000000;0.000521;196.295792
0.000000;0.000512;199.926960
0.000000;0.000510;200.925193
0.000000;0.000521;197.032823
0.000000;0.000528;194.694454
0.000000;0.000540;190.547605
0.000000;0.000585;176.162710
0.000000;0.000562;183.565521
0.000000;0.000512;201.676320
0.000000;0.000515;200.804417
0.000000;0.000532;194.654569
0.000000;0.000530;195.596558
0.000000;0.000540;192.206601
0.000000;0.000540;192.443601
0.000000;0.000527;197.386503
0.000000;0.000512;203.520430
0.000000;0.000523;199.496200
0.000000;0.000529;197.400618
0.000000;0.000517;202.291870
0.000000;0.000520;201.332223
0.000000;0.000523;200.383948
0.000000;0.000525;199.899721
0.000000;0.000528;199.058713
0.000000;0.000540;194.813595
0.000000;0.000539;195.482123
0.000000;0.000520;202.716041
0.000000;0.000530;199.218716
0.000000;0.000524;201.728848
0.000000;0.000524;201.973072
0.000000;0.000538;196.931155
0.000000;0.000550;192.895717
0.000000;0.000529;200.787392
0.000000;0.000530;200.667579
0.000000;0.000529;201.271217
0.000000;0.000520;205.024133
0.000000;0.000518;206.025973
0.000000;0.000532;200.820449
0.000000;0.000541;197.782303
0.000000;0.000525;204.043983
0.000000;0.000532;201.632297
0.000000;0.000525;204.531543
0.000000;0.000522;205.897380
0.000000;0.000528;203.907889
0.000000;0.000553;194.906800
0.000000;0.000547;197.264897
0.000000;0.000535;201.899500
0.000000;0.000548;197.302862
0.000000;0.000539;200.945170
0.000000;0.000538;201.450106
0.000000;0.000564;192.396320
0.000000;0.000588;184.812042
0.000000;0.000545;199.598994
0.000000;0.000538;202.491181
0.000000;0.000568;192.005419
0.000000;0.000556;196.352363
0.000000;0.000553;197.599360
0.000000;0.000551;198.601176
0.000000;0.000554;197.721223
0.000000;0.000537;204.190380
0.000000;0.000546;201.125646
0.000000;0.000557;197.394920
0.000000;0.000555;198.303839
0.000000;0.000558;197.516300
0.000000;0.000557;198.084309
0.000000;0.000551;200.459433
0.000000;0.000550;201.039685
0.000000;0.000566;195.591978
0.000000;0.000567;195.488713
0.000000;0.000577;192.317754
0.000000;0.000608;182.723831
0.000000;0.000616;180.597202
0.000000;0.000552;201.649126
0.000000;0.000558;199.724981
0.000000;0.000579;192.710162
0.000000;0.000562;198.824687
0.000000;0.000581;192.518092
0.000000;0.000584;191.793955
0.000000;0.000576;194.635844
0.000000;0.000547;205.131591
0.000000;0.000560;200.644447
0.000000;0.000570;197.427034
0.000000;0.000555;203.002756
0.000000;0.000558;202.104367
0.000000;0.000559;201.902355
0.000000;0.000561;201.444040
0.000000;0.000556;203.488263
0.000000;0.000585;193.669561
0.000000;0.000579;195.804132
0.000000;0.000557;203.741994
0.000000;0.000562;202.240918
0.000000;0.000558;203.939593
0.000000;0.000567;200.906414
0.000000;0.000576;197.968649
0.000000;0.000608;187.702493
0.000000;0.000571;200.152761
0.000000;0.000561;203.953535
0.000000;0.000564;203.059793
0.000000;0.000559;205.194656
0.000000;0.000560;205.073713
0.000000;0.000569;202.032641
0.000000;0.000581;198.024902
0.000000;0.000564;204.280545
0.000000;0.000568;203.047982
0.000000;0.000565;204.302573
0.000000;0.000559;206.709553
0.000000;0.000562;205.884898
0.000000;0.000588;196.922379
0.000000;0.000587;197.540338
0.000000;0.000574;202.277157
0.000000;0.000586;198.298584
0.000000;0.000576;201.968015
0.000000;0.000575;202.609510
0.000000;0.000590;197.587205
0.000000;0.000653;178.738640
0.000000;0.000582;200.779164
0.000000;0.000577;202.743282
0.000000;0.000607;192.920482
0.000000;0.000600;195.434162
0.000000;0.000596;196.899662
0.000000;0.000601;195.472415
0.000000;0.000596;197.329105
0.000000;0.000572;205.860594
0.000000;0.000581;202.870894
0.000000;0.000602;196.013138
0.000000;0.000599;197.162745
0.000000;0.000597;198.085775
0.000000;0.000597;198.300154
0.000000;0.000588;201.491848
0.000000;0.000582;203.857924
0.000000;0.000611;194.439499
0.000000;0.000611;194.649024
0.000000;0.000616;193.199537
0.000000;0.000629;189.448221
0.000000;0.000656;181.861582
0.000000;0.000591;202.032277
0.000000;0.000599;199.512463
0.000000;0.000629;190.262177
0.000000;0.000599;199.939684
0.000000;0.000616;194.653727
0.000000;0.000631;190.295553
0.000000;0.000620;193.868784
0.000000;0.000585;205.621696
0.000000;0.000603;199.736040
0.000000;0.000614;196.376408
0.000000;0.000595;202.888198
0.000000;0.000596;202.697143
0.000000;0.000601;201.221603
0.000000;0.000604;200.480247
0.000000;0.000596;203.341307
0.000000;0.000628;193.200483
0.000000;0.000622;195.257523
0.000000;0.000598;203.334801
0.000000;0.000599;203.224715
0.000000;0.000597;204.088374
0.000000;0.000605;201.565836
0.000000;0.000619;197.193260
0.000000;0.000674;181.339830
0.000000;0.000614;199.294953
0.000000;0.000601;203.776798
0.000000;0.000602;203.666578
0.000000;0.000602;203.879174
0.000000;0.000601;204.496714
0.000000;0.000619;198.716688
0.000000;0.000629;195.756378
0.000000;0.000601;205.135766
0.000000;0.000610;202.298254
0.000000;0.000609;202.745885
0.000000;0.000601;205.693194
0.000000;0.000605;204.607546
0.000000;0.000628;197.276442
0.000000;0.000625;198.384040
0.000000;0.000611;203.239561
0.000000;0.000638;194.781973
0.000000;0.000631;197.118762
0.000000;0.000623;199.889081
0.000000;0.000627;198.801130
0.000000;0.000706;176.699451
0.000000;0.000625;199.893391
0.000000;0.000623;200.710824
0.000000;0.000659;189.940010
0.000000;0.000655;191.310881
0.000000;0.000647;193.834854
0.000000;0.000648;193.747093
0.000000;0.000649;193.659589
0.000000;0.000614;204.923575
0.000000;0.000626;201.148138
0.000000;0.000645;195.472020
0.000000;0.000648;194.734591
0.000000;0.000644;196.158986
0.000000;0.000643;196.648952
0.000000;0.000630;200.945885
0.000000;0.000617;205.346148
0.000000;0.000660;192.117239
0.000000;0.000650;195.344622
0.000000;0.000656;193.694129
0.000000;0.000668;190.429353
0.000000;0.000679;187.607956
0.000000;0.000626;203.678726
0.000000;0.000638;199.997556
0.000000;0.000689;185.373793
0.000000;0.000638;200.398754
0.000000;0.000645;198.448751
