0.001209
0.001193
0.000956
0.001103
0.001097
0.001149
0.001195
0.001212
0.001179
0.001212
0.001161
0.001122
0.001181
0.001145
0.001149
0.001203
0.000846
0.000629
0.000806
0.000769
0.000949
0.000841
0.001076
0.000852
0.000821
0.000729
0.000999
0.001006
0.001182
0.001255
0.001067
0.000854
0.001210
0.001038
0.000871
0.001191
0.001213
0.001161
0.001234
0.000787
0.000843
0.001182
0.000886
0.001128
0.000785
0.000697
0.001144
0.000696
0.000676
0.000958
0.001164
0.000779
0.001146
0.001200
0.001075
0.001148
0.001132
0.001194
0.000715
0.001075
0.000976
0.000960
0.000591
0.000641
0.000878
0.000903
0.000675
0.000956
0.001038
0.000784
0.001185
0.001221
0.001168
0.001170
0.001219
0.001167
0.000759
0.001070
0.001040
0.000861
0.000863
0.000658
0.000845
0.000801
0.000995
0.001179
0.001174
0.001047
0.000927
0.001148
0.001038
0.001130
0.001200
0.001059
0.001211
0.001238
0.001124
0.001166
0.001175
0.001071
0.001212
0.001173
0.000802
0.000980
0.000885
0.001134
0.000780
0.001169
0.001162
0.001005
0.001220
0.001224
0.000881
0.001008
0.001135
0.001004
0.000837
0.000979
0.001177
0.001166
0.001030
0.001227
0.001067
0.000775
0.001219
0.001031
0.001141
0.000732
0.001222
0.001218
0.001190
0.001233
0.001202
0.001015
0.001220
0.000809
0.001214
0.001122
0.001057
0.001217
0.001107
0.001056
0.001067
0.001126
0.001138
0.000761
0.000924
0.000886
0.001035
0.001045
0.001198
0.000766
0.000905
0.000989
0.000842
0.000841
0.000680
0.001006
0.001090
0.000964
0.001075
0.001099
0.000971
0.001093
0.000882
0.001005
0.000877
0.000868
0.000907
0.001182
0.001400
0.001319
0.001269
0.001332
0.001353
0.001159
0.001434
0.001250
0.001284
0.001195
0.001331
0.001340
0.001411
0.001249
0.001324
0.001326
0.001238
0.001282
0.001452
0.001438
0.001405
0.001192
0.001217
0.001326
0.001460
0.001354
0.001288
0.001351
0.001289
0.001375
0.001226
0.001328
0.001616
0.001292
0.001156
0.001254
0.001170
0.001242
0.001351
0.001123
0.001245
0.001607
0.001216
0.001237
0.001465
0.001311
0.001217
0.001402
0.001187
0.001269
0.001221
0.001316
0.001190
0.001214
0.001088
0.001548
0.001364
0.001455
0.001507
0.001134
0.001201
0.001243
0.001144
0.001295
0.001329
0.001419
0.001187
0.001372
0.001425
0.001432
0.001245
0.001245
0.001418
0.001231
0.001372
0.000921
0.000997
0.001263
0.001372
0.001191
0.001254
0.001362
0.001322
0.001197
0.001253
0.001292
0.001218
0.001297
0.001343
0.001284
0.001234
0.001241
0.001256
0.001279
0.001340
0.001388
0.001388
0.001242
0.001330
0.001345
0.001239
0.001204
0.001262
0.001285
0.001317
0.001088
0.001181
0.001501
0.001364
0.001249
0.001267
0.001255
0.001288
0.001405
0.001243
0.001263
0.001229
0.001559
0.001258
0.001324
0.001478
0.001099
0.001343
0.001195
0.001189
0.001177
0.001226
0.001425
0.001342
0.001415
0.001483
0.001220
0.001451
0.001200
0.001252
0.001257
0.001187
0.001091
0.001252
0.001233
0.001356
0.001281
0.001199
0.001211
0.001421
0.001349
0.001269
0.001289
0.001336
0.001423
0.001333
0.001315
0.001342
0.001309
0.001249
0.001489
0.001232
0.001416
0.001340
0.001346
0.001311
0.001239
0.001066
0.001269
0.001156
0.001213
0.001206
0.001201
0.001311
0.001246
0.001202
0.001369
0.001389
0.001343
0.001381
0.001388
0.001429
0.001323
0.001149
0.001243
0.001174
0.001352
0.001350
0.001409
0.001286
0.001257
0.001470
0.001211
0.001264
0.001305
0.001247
0.001188
0.001447
0.001507
0.001392
0.001400
0.001239
0.001248
0.001241
0.001338
0.001183
0.001444
0.001340
0.001348
0.001311
0.001392
0.001341
0.001362
0.001199
0.001371
0.001218
0.001318
0.001196
0.001332
0.001272
0.001445
0.001204
0.001296
0.001145
0.001271
0.001343
0.001285
0.001437
0.001301
0.001359
0.001396
0.001284
0.001323
0.001481
0.001309
0.001441
0.001248
0.001553
0.001385
0.001211
0.001488
0.001278
0.001299
0.001127
0.001459
0.001285
0.001342
0.001389
0.001182
0.001379
0.001232
0.001393
0.001375
0.001419
0.001597
0.001389
0.001439
0.001333
0.001256
0.001395
0.001254
0.001312
0.001461
0.001381
0.001343
0.001141
0.001132
0.001209
0.001236
0.001159
0.001350
0.001153
0.001403
0.001483
0.001398
0.001321
0.001258
0.001353
0.001266
0.001307
0.001117
0.001170
0.001251
0.001409
0.001360
0.001217
0.001173
0.001286
0.001388
0.001222
0.001584
0.001416
0.001582
0.001543
0.001414
0.001446
0.001461
0.001308
0.001426
0.001440
0.001527
0.001573
0.001561
0.001555
0.001469
0.001264
0.001463
0.001368
0.001330
0.001359
0.001353
0.001387
0.001287
0.001452
0.001416
0.001046
0.001388
0.001361
0.001244
0.001356
0.001395
0.001374
0.001522
0.001343
0.001336
0.001442
0.001373
0.001309
0.001341
0.001488
0.001305
0.001373
0.001374
0.001340
0.001392
0.001375
0.001591
0.001393
0.001248
0.001200
0.001246
0.001319
0.001527
0.001299
0.001491
0.001496
0.001358
0.001310
0.001294
0.001327
0.001318
0.001377
0.001467
0.001327
0.001417
0.001222
0.001287
0.001650
0.001309
0.002107
0.002311
0.002202
0.002360
0.002255
0.002199
0.002254
0.002081
0.002271
0.002286
0.002307
0.002096
0.002213
0.002270
0.002188
0.002244
0.002184
0.002084
0.002200
0.002338
0.002232
0.002396
0.002048
0.002067
0.001990
0.002184
0.002075
0.002247
0.002201
0.002172
0.001925
0.002124
0.002139
0.001891
0.002159
0.002157
0.002023
0.002287
0.001976
0.002252
0.001941
0.002182
0.001970
0.002317
0.001970
0.002209
0.001922
0.002359
0.002005
0.002088
0.002023
0.002422
0.002140
0.002256
0.002230
0.002052
0.002319
0.002188
0.002223
0.002178
0.002268
0.002317
0.002323
0.002325
0.002365
0.002407
0.002144
0.002025
0.002102
0.002271
0.002227
0.002249
0.002228
0.002537
0.002221
0.002232
0.002324
0.001891
0.002209
0.002121
0.002223
0.002227
0.002074
0.002275
0.002266
0.002245
0.002093
0.002033
0.002078
0.002066
0.002112
0.002103
0.002267
0.002346
0.002085
0.002193
0.002106
0.002286
0.002326
0.002364
0.002068
0.002396
0.001906
0.002313
0.002000
0.002300
0.001882
0.002081
0.002071
0.001883
0.001951
0.002101
0.002161
0.001911
0.002108
0.002293
0.002422
0.002168
0.002062
0.002197
0.002158
0.002159
0.002161
0.002107
0.002134
0.002046
0.002072
0.002220
0.002188
0.002174
0.002307
0.002233
0.002162
0.002166
0.002153
0.002375
0.002076
0.002286
0.002271
0.002097
0.002233
0.002094
0.002130
0.002154
0.002232
0.002058
0.002106
0.002153
0.002257
0.002146
0.002169
0.002160
0.002168
0.002209
0.002138
0.002254
0.002148
0.002273
0.002197
0.002188
0.002147
0.002254
0.002329
0.002094
0.002013
0.002378
0.002126
0.002149
0.002151
0.002025
0.002157
0.002241
0.002116
0.002162
0.001951
0.002036
0.002168
0.002345
0.002345
0.002148
0.002057
0.002219
0.002134
0.002166
0.002303
0.002325
0.002226
0.002102
0.002163
0.002248
0.002121
0.002227
0.002280
0.002272
0.002229
0.002126
0.002274
0.002270
0.002161
0.002141
0.002037
0.002141
0.001758
0.002124
0.002167
0.002264
0.002116
0.002216
0.002012
0.002031
0.002161
0.002129
0.002398
0.002184
0.002091
0.002035
0.002230
0.002231
0.002104
0.002204
0.002026
0.002241
0.002158
0.002127
0.002163
0.002201
0.002317
0.002245
0.002203
0.002201
0.002071
0.001895
0.002057
0.002342
0.002251
0.002150
0.002158
0.002075
0.002161
0.002168
0.002198
0.002203
0.002138
0.002131
0.002139
0.002387
0.002153
0.002287
0.002074
0.001903
0.001882
0.002024
0.001904
0.001974
0.002168
0.002117
0.002129
0.002146
0.002080
0.002143
0.002096
0.002129
0.002143
0.002120
0.002149
0.002002
0.002024
0.002192
0.002191
0.002219
0.002380
0.002266
0.002282
0.002179
0.001871
0.002231
0.001334
0.001454
0.001626
0.001534
0.001555
0.001865
0.001698
0.002034
0.001679
0.002215
0.002164
0.001991
0.002192
0.002128
0.002119
0.002192
0.002350
0.002118
0.002161
0.002123
0.002061
0.002207
0.002102
0.002120
0.002205
0.002156
0.002122
0.002149
0.002156
0.002141
0.002259
0.002159
0.002168
0.002164
0.002035
0.002369
0.002232
0.002337
0.002249
0.002329
0.002281
0.002294
0.002245
0.002337
0.002311
0.002309
0.002359
0.002189
0.002502
0.002087
0.002045
0.002219
0.002212
0.002014
0.002246
0.002290
0.002103
0.002046
0.002262
0.002193
0.001980
0.002020
0.002290
0.002166
0.002245
0.002236
0.002000
0.002170
0.002383
0.002278
0.001965
0.002306
0.002236
0.002419
0.002124
0.002004
0.001924
0.002142
0.002566
0.002325
0.002050
0.002067
0.001991
0.002218
0.002065
0.002405
0.002058
0.002225
0.002147
0.002118
0.002157
0.002197
0.002398
0.002308
0.002247
0.002141
0.002385
0.002399
0.002297
0.002300
0.002130
0.002297
0.002429
0.002317
0.002167
0.002131
0.002267
0.002303
0.002380
0.001971
0.002001
0.002174
0.002039
0.002198
0.002005
0.002001
0.002017
0.001901
0.002190
0.002150
0.002138
0.002035
0.002061
0.002235
0.002090
0.002305
0.002096
0.002223
0.001913
0.001929
0.001968
0.002202
0.002186
0.002101
0.002083
0.002006
0.002071
0.002330
0.002092
0.002109
0.002149
0.002228
0.002453
0.002180
0.002229
0.002417
0.001863
0.002036
0.001940
0.002179
0.002390
0.002199
0.002028
0.002273
0.002304
0.002361
0.002205
0.002213
0.002196
0.002114
0.002091
0.002168
0.002013
0.002175
0.002179
0.002007
0.002193
0.002077
0.002148
0.002221
0.002183
0.002259
0.002074
0.002243
0.002172
0.002074
0.002151
0.002113
0.002134
0.002192
0.002129
0.002115
0.002333
0.002073
0.002241
0.002188
0.002100
0.002120
0.002100
0.002202
0.002158
0.002118
0.002096
0.002147
0.002057
0.002171
0.002235
0.002330
0.002044
0.002380
