0.001173
0.001151
0.001162
0.001140
0.001048
0.001180
0.001062
0.001081
0.001068
0.001145
0.001070
0.001108
0.001068
0.001064
0.001105
0.001022
0.001121
0.001052
0.001121
0.001027
0.001079
0.001048
0.001062
0.000995
0.001213
0.001196
0.001166
0.001323
0.001201
0.001314
0.001141
0.001110
0.001122
0.001195
0.001218
0.001217
0.001082
0.001079
0.000903
0.001014
0.001011
0.001204
0.001087
0.001038
0.001072
0.001065
0.001478
0.001326
0.001224
0.001221
0.001176
0.001226
0.001164
0.001174
0.001217
0.001196
0.001260
0.001160
0.001211
0.001217
0.001178
0.001124
0.001128
0.001195
0.001153
0.001410
0.001227
0.001230
0.001164
0.001145
0.001080
0.000951
0.001606
0.001236
0.001325
0.001253
0.001261
0.001160
0.001156
0.001294
0.001417
0.001157
0.001226
0.001311
0.001207
0.001209
0.001461
0.001096
0.001171
0.001098
0.001247
0.001176
0.001162
0.001318
0.001207
0.001379
0.001274
0.001347
0.001118
0.001179
0.001268
0.001378
0.001193
0.000928
0.001188
0.001252
0.001100
0.001304
0.001283
0.001360
0.001350
0.001158
0.001248
0.001178
0.000876
0.000841
0.000894
0.001018
0.000958
0.000915
0.000897
0.000843
0.000944
0.000799
0.000855
0.000884
0.000884
0.000850
0.000618
0.000912
0.000884
0.000971
0.000871
0.000859
0.001214
0.000885
0.000914
0.001006
0.001034
0.001052
0.001064
0.001123
0.001025
0.001013
0.000994
0.001038
0.001133
0.000982
0.001041
0.001009
0.000975
0.001042
0.001007
0.001076
0.001092
0.001145
0.001037
0.001247
0.001081
0.000971
0.001048
0.001001
0.001113
0.001143
0.001020
0.001042
0.001087
0.001002
0.001195
0.001020
0.001050
0.001050
0.001035
0.001031
0.001088
0.000974
0.001147
0.000972
0.001005
0.001150
0.000989
0.000997
0.001066
0.000998
0.000968
0.001090
0.001007
0.000995
0.000997
0.001009
0.001007
0.001144
0.001024
0.001024
0.001023
0.001016
0.001153
0.001052
0.001107
0.001109
0.001041
0.001003
0.001000
0.000997
0.001026
0.001137
0.001021
0.001054
0.001011
0.000975
0.001135
0.000977
0.001192
0.001003
0.001100
0.001004
0.000965
0.000953
0.000995
0.001017
0.000962
0.001065
0.000998
0.000961
0.000993
0.001131
0.000935
0.001177
0.001048
0.001267
0.001195
0.001057
0.000963
0.000972
0.001003
0.001067
0.000948
0.001154
0.001135
0.001257
0.001232
0.001038
0.001057
0.001020
0.001009
0.001111
0.000981
0.001072
0.000962
0.000987
0.000946
0.000999
0.001010
0.000970
0.000956
0.001102
0.001058
0.001143
0.001002
0.001095
0.000970
0.001135
0.001022
0.001195
0.001046
0.001031
0.000949
0.001006
0.001103
0.001121
0.001263
0.000977
0.001013
0.001140
0.001132
0.001049
0.000993
0.000982
0.001136
0.000864
0.001035
0.001185
0.000982
0.001090
0.000988
0.001172
0.000975
0.001213
0.001155
0.001071
0.000948
0.001126
0.000954
0.000978
0.001082
0.001144
0.001018
0.001008
0.001074
0.001072
0.001186
0.001048
0.001122
0.000955
0.000944
0.000964
0.001008
0.001098
0.001013
0.001051
0.000953
0.000995
0.001112
0.001180
0.000982
0.000968
0.000945
0.001032
0.000992
0.000943
0.000951
0.001152
0.001140
0.001009
0.001061
0.001171
0.001108
0.001035
0.001039
0.001126
0.001069
0.001153
0.001135
0.000938
0.000930
0.001223
0.000850
0.001103
0.000950
0.000992
0.001082
0.001121
0.001148
0.001132
0.001132
0.001245
0.001120
0.001245
0.001055
0.001016
0.001037
0.001080
0.001086
0.001007
0.001093
0.001087
0.001172
0.001109
0.001117
0.001192
0.001111
0.001420
0.001264
0.001226
0.001183
0.001260
0.001127
0.001116
0.001235
0.001267
0.001113
0.001040
0.001146
0.001304
0.000944
0.000956
0.001165
0.001168
0.001215
0.001020
0.001146
0.000977
0.001229
0.001077
0.000937
0.001079
0.001219
0.001026
0.001007
0.000966
0.001222
0.001228
0.000936
0.000940
0.000947
0.001489
0.001336
0.001092
0.001279
0.001111
0.001199
0.001441
0.001207
0.001266
0.001108
0.000882
0.000994
0.000922
0.000855
0.000876
0.001267
0.001247
0.001310
0.000936
0.001239
0.001440
0.001103
0.001105
0.001382
0.001187
0.001180
0.001060
0.001307
0.001364
0.001208
0.001321
0.001153
0.001185
0.001251
0.001379
0.001283
0.001159
0.001245
0.001109
0.001057
0.001092
0.001099
0.001096
0.001189
0.001100
0.001195
0.001428
0.001118
0.001083
0.001093
0.001131
0.001512
0.001216
0.001288
0.001322
0.001394
0.001202
0.001202
0.001233
0.001331
0.001159
0.001142
0.001298
0.001227
0.000990
0.001220
0.001366
0.001245
0.001093
0.001217
0.001226
0.001198
0.001406
0.001095
0.001157
0.001181
0.001278
0.001355
0.001194
0.001298
0.001330
0.001236
0.001189
0.001449
0.001352
0.001146
0.001197
0.001448
0.001193
0.001101
0.001341
0.001279
0.001305
0.000976
0.001225
0.001147
0.001265
0.001375
0.001183
0.001122
0.001301
0.001325
0.001136
0.001267
0.001182
0.001324
0.001096
0.001290
0.001185
0.001186
0.001166
0.001124
0.001184
0.001127
0.001180
0.001180
0.001273
0.001158
0.001166
0.001185
0.001185
0.001277
0.001118
0.001153
0.001214
0.001190
0.001277
0.001124
0.001230
0.001975
0.001901
0.002031
0.001982
0.002066
0.001820
0.001843
0.001880
0.001918
0.001827
0.001892
0.001849
0.002000
0.001858
0.001944
0.001882
0.001966
0.001920
0.001940
0.002221
0.002002
0.002032
0.001856
0.001862
0.001973
0.001930
0.001872
0.001839
0.001854
0.001955
0.001960
0.002009
0.001850
0.002102
0.001887
0.001965
0.001873
0.001780
0.001891
0.001900
0.002096
0.001894
0.001871
0.002039
0.002065
0.002031
0.002148
0.002042
0.001847
0.002104
0.001954
0.002069
0.002020
0.002162
0.002004
0.002025
0.002141
0.001717
0.001932
0.002124
0.001908
0.002174
0.002126
0.001854
0.001899
0.001818
0.002073
0.001912
0.001866
0.002056
0.001974
0.001917
0.001945
0.001874
0.001856
0.001862
0.001878
0.002047
0.002086
0.001917
0.002001
0.001895
0.001968
0.002015
0.001826
0.001819
0.001882
0.001907
0.001904
0.001865
0.001895
0.001884
0.001869
0.002092
0.001774
0.001985
0.001904
0.001907
0.002038
0.001969
0.001877
0.001895
0.001861
0.002178
0.001919
0.002032
0.001895
0.001869
0.001858
0.001935
0.001894
0.001896
0.002061
0.001852
0.001880
0.001897
0.001888
0.001874
0.001859
0.001699
0.001865
0.001828
0.002023
0.001961
0.001858
0.001896
0.001879
0.001912
0.001918
0.001981
0.001889
0.001891
0.001801
0.002222
0.001864
0.001835
0.001879
0.001936
0.001771
0.002061
0.001888
0.001942
0.001891
0.001890
0.001968
0.002034
0.001864
0.001877
0.001995
0.001957
0.001864
0.001991
0.001830
0.001814
0.002041
0.001872
0.002023
0.001958
0.002081
0.001882
0.001995
0.002345
0.002309
0.002300
0.002418
0.002390
0.002220
0.002180
0.002281
0.002044
0.002222
0.001977
0.002269
0.002310
0.002380
0.002296
0.002273
0.002172
0.001902
0.002142
0.002202
0.002121
0.002143
0.001977
0.002174
0.001986
0.001984
0.001986
0.002336
0.002363
0.001727
0.001960
0.002256
0.002390
0.002062
0.002241
0.002114
0.002189
0.002075
0.002313
0.001827
0.002214
0.002188
0.002107
0.002117
0.002218
0.001866
0.002087
0.002135
0.002077
0.002338
0.002007
0.002250
0.002086
0.002127
0.001977
0.001978
0.002149
0.002266
0.002047
0.002145
0.002198
0.002346
0.002230
0.002116
0.001964
0.002313
0.001944
0.002135
0.001902
0.002119
0.002228
0.001806
0.002289
0.002103
0.002108
0.002077
0.002018
0.001991
0.002007
0.002169
0.002187
0.002071
0.002207
0.002084
0.002214
0.002036
0.002004
0.002238
0.002149
0.002222
0.002227
0.002164
0.002165
0.002142
0.002030
0.002048
0.002035
0.002273
0.001964
0.002069
0.002172
0.002253
0.001914
0.002341
0.002043
0.001994
0.002174
0.002467
0.002195
0.002177
0.002215
0.002108
0.002024
0.002155
0.002040
0.002145
0.002150
0.002371
0.002296
0.002206
0.002194
0.002044
0.002219
0.002106
0.002127
0.002382
0.002087
0.002378
0.002201
0.002285
0.002132
0.002312
0.002191
0.001978
0.002304
0.002418
0.002377
0.002172
0.002151
0.002019
0.002099
0.002449
0.001965
0.002448
0.002118
0.002264
0.001969
0.002247
0.002362
0.002232
0.002249
0.002329
0.002181
0.002322
0.002336
0.002380
0.002382
0.002389
0.002323
0.002323
0.002264
0.002464
0.002396
0.002275
0.002097
0.002113
0.002180
0.002072
0.002167
0.002097
0.002338
0.002053
0.002193
0.002276
0.002320
0.002256
0.002185
0.002224
0.002102
0.002270
0.002135
0.002373
0.002152
0.002224
0.002236
0.002334
0.002174
0.002236
0.002318
0.002120
0.002409
0.002128
0.002210
0.002426
0.002343
0.002109
0.002435
0.002149
0.001902
0.002078
0.002289
0.002367
0.002080
0.002252
0.002275
0.002225
0.001989
0.001969
0.002078
0.002154
0.001995
0.002064
0.001928
0.001857
0.001884
0.002062
0.002177
0.001979
0.001943
0.002034
0.002320
0.002210
0.002353
0.002129
0.002439
0.002004
0.002273
0.002364
0.002129
0.002042
0.002043
0.002297
0.002352
0.002116
0.001966
0.001835
0.001945
0.002343
0.002053
0.002166
0.002093
0.002061
0.002051
0.002099
0.002297
0.002458
0.002216
0.002169
0.002157
0.001798
0.001806
0.001934
0.001988
0.002275
0.002076
0.002013
0.002093
0.001854
0.002296
0.002071
0.002008
0.001946
0.001895
0.002134
0.002150
0.002156
0.002308
0.002262
0.002414
0.002355
0.002360
0.002327
0.002433
0.002297
0.002153
0.002288
0.002054
0.002151
0.002178
0.002288
0.002033
0.002162
0.002319
0.002124
0.002056
0.002070
0.002346
0.002166
0.002069
0.002222
0.002053
0.001964
0.002105
0.002140
0.002354
0.001831
0.002192
0.002035
0.002227
0.002161
0.002344
0.002014
0.001957
0.002073
0.001723
0.001925
0.002051
0.002116
0.002113
0.002291
0.002150
0.002203
0.002139
0.002168
0.002240
