0.001111
0.001035
0.001187
0.001142
0.001037
0.001231
0.001099
0.001213
0.002135
0.001912
0.002050
0.002277
0.001911
0.001935
0.001915
0.002119
0.002051
0.001937
0.002066
0.001908
0.001983
0.001895
0.001985
0.001977
0.002061
0.002178
0.002107
0.002091
0.002001
0.002171
0.002028
0.001891
0.001832
0.001839
0.001813
0.002168
0.001834
0.001830
0.001872
0.001857
0.002067
0.001927
0.002139
0.002031
0.002267
0.002096
0.002023
0.001977
0.001883
0.002349
0.002034
0.001961
0.002230
0.001952
0.002196
0.002155
0.002084
0.001970
0.002095
0.002268
0.002282
0.002343
0.001975
0.001969
0.002224
0.002279
0.002229
0.002175
0.001961
0.001916
0.002182
0.002065
0.002154
0.001945
0.002046
0.002106
0.002321
0.002053
0.002229
0.001890
0.002080
0.002127
0.002109
0.002163
0.002094
0.002312
0.001936
0.001925
0.002135
0.002061
0.002033
0.001916
0.002060
0.002116
0.001962
0.002066
0.002167
0.002374
0.002257
0.002053
0.002221
0.001907
0.001977
0.002180
0.001896
0.002081
0.002221
0.002079
0.002163
0.002120
0.001915
0.001781
0.002026
0.001888
0.001954
0.002061
0.001943
0.002011
0.002041
0.001984
0.002064
0.001900
0.001911
0.001981
0.002126
0.001982
0.002166
0.002010
0.002221
0.002020
0.002169
0.001974
0.002214
0.002025
0.002005
0.002095
0.002049
0.002138
0.002098
0.002209
0.002007
0.002247
0.002130
0.002114
0.002286
0.002090
0.001950
0.002243
0.002093
0.002038
0.002085
0.002113
0.002554
0.002463
0.001508
0.002139
0.002332
0.002232
0.002404
0.002137
0.002273
0.002363
0.002243
0.002281
0.002086
0.002126
0.002183
0.002181
0.002101
0.002133
0.002174
0.002148
0.002329
0.002128
0.002212
0.001963
0.002060
0.001946
0.002323
0.002366
0.002129
0.002355
0.002062
0.002351
0.002392
0.002039
0.001962
0.001999
0.002144
0.002347
0.002342
0.002114
0.002132
0.001994
0.002218
0.002155
0.002173
0.002075
0.002506
0.002270
0.002132
0.002150
0.002419
0.002228
0.002203
0.002141
0.002237
0.002077
0.002306
0.002101
0.002043
0.002053
0.002268
0.002107
0.002436
0.002111
0.002439
0.002258
0.002085
0.002464
0.002222
0.002575
0.002079
0.002391
0.002151
0.002093
0.002461
0.002207
0.002448
0.002146
0.002441
0.002101
0.002290
0.002176
0.002206
0.002425
0.002220
0.002052
0.002176
0.002159
0.002124
0.002113
0.002192
0.001973
0.002140
0.002188
0.002026
0.002177
0.002416
0.002163
0.002375
0.002178
0.002154
0.002054
0.002488
0.002365
0.002394
0.002189
0.002245
0.002297
0.002164
0.002303
0.002324
0.002176
0.002203
0.002135
0.002289
0.002301
0.002151
0.002168
0.002091
0.002496
0.002590
0.002284
0.002241
0.002336
0.002277
0.002693
0.002223
0.002130
0.002535
0.002338
0.002253
0.002103
0.002093
0.002407
0.002161
0.002365
0.002207
0.002038
0.002098
0.002320
0.002028
0.002202
0.001996
0.002471
0.002352
0.002279
0.002224
0.002246
0.002361
0.002241
0.002212
0.002405
0.002388
0.002022
0.002090
0.002095
0.002144
0.002266
0.002463
0.002264
0.002260
0.002259
0.002312
0.002537
0.002505
0.002211
0.002386
0.002038
0.002000
0.002302
0.002188
0.002013
0.002079
0.002181
0.002372
0.002252
0.002327
0.002300
0.002137
0.002240
0.002256
0.002232
0.002305
0.002031
0.002249
0.002355
0.002258
0.002441
0.002155
0.002187
0.002233
0.002177
0.002059
0.002097
0.002094
0.002108
0.002584
0.002201
0.002028
0.002159
0.002245
0.002132
0.002033
0.002076
0.002209
0.002178
0.002161
0.002173
0.002341
0.002331
0.002020
0.002200
0.002106
0.002070
0.002165
0.002093
0.002284
0.002411
0.002156
0.002204
0.001782
0.002053
0.001875
0.001913
0.002217
0.002216
0.002091
0.002245
0.002109
0.002291
0.002085
0.002113
0.002142
0.002134
0.002142
0.002113
0.002160
0.002148
0.002130
0.002189
0.001936
0.002186
0.002310
0.002192
0.002266
0.002258
0.002262
0.002174
0.002188
0.002145
0.002048
0.002195
0.002148
0.002210
0.002276
0.002172
0.002140
0.002183
0.002154
0.002144
0.002178
0.002286
0.002020
0.002374
0.002177
0.002177
0.002189
0.002156
0.002160
0.002164
0.002176
0.002276
0.002206
0.002182
0.002195
0.002237
0.002029
0.002403
0.002264
0.002257
0.002178
0.002231
0.002142
0.002340
0.002363
0.002340
0.002223
0.002261
0.002370
0.002287
0.002386
0.002291
0.002380
0.002361
0.002238
0.002304
0.002342
0.002235
0.002259
0.002036
0.002328
0.002438
0.002171
0.002162
0.002376
0.002347
0.002132
0.002351
0.002279
0.002307
0.002068
0.002227
0.002229
0.002376
0.002139
0.002332
0.002208
0.002449
0.002366
0.002070
0.002229
0.002419
0.002087
0.002211
0.002240
0.002260
0.002286
0.002251
0.002219
0.002006
0.002018
0.002277
0.002148
0.002265
0.002257
0.002239
0.002514
0.002366
0.002086
0.002244
0.002221
0.002265
0.002338
0.002077
0.002204
0.002279
0.002182
0.002251
0.002213
0.002273
0.002394
0.002175
0.002141
0.002411
0.002267
0.002303
0.002131
0.002248
0.002538
0.002395
0.002166
0.002225
0.002325
0.002297
0.002192
0.002317
0.002101
0.002337
0.002298
0.002290
0.002397
0.002249
0.002369
0.002309
0.002416
0.002330
0.002322
0.002227
0.002256
0.002291
0.002258
0.002178
0.002262
0.002275
0.002296
0.002229
0.002234
0.002170
0.002251
0.002189
0.002264
0.002369
0.002013
0.002024
0.002222
0.002215
0.002208
0.002189
0.002540
0.002236
0.002191
0.002210
0.002474
0.002355
0.002383
0.002373
0.002399
0.002067
0.002183
0.002217
0.002462
0.002067
0.002103
0.002327
0.002318
0.002305
0.002381
0.002282
0.002371
0.002302
0.002219
0.002247
0.002079
0.002037
0.002050
0.002252
0.002366
0.002037
0.002068
0.002067
0.002009
0.002282
0.002040
0.002273
0.002295
0.002195
0.002212
0.002328
0.002309
0.002275
0.002230
0.002266
0.002207
0.002407
0.002219
0.002584
0.002431
0.002860
0.002315
0.002332
0.002189
0.002431
0.002109
0.002338
0.002165
0.002358
0.002371
0.002257
0.002252
0.002388
0.002494
0.002272
0.002409
0.002277
0.002140
0.002306
0.002153
0.002334
0.002413
0.002327
0.002082
0.002077
0.002029
0.002078
0.002145
0.002350
0.002395
0.002089
0.002234
0.002108
0.002388
0.002234
0.002217
0.002284
0.002448
0.002355
0.002658
0.002266
0.002160
0.002230
0.002096
0.002341
0.002202
0.002062
0.002307
0.002183
0.002364
0.002417
0.002438
0.002122
0.002103
0.002163
0.002473
0.002298
0.002328
0.002690
0.002357
0.002166
0.002573
0.002263
0.002573
0.002304
0.002399
0.002483
0.002467
0.002324
0.002450
0.002477
0.002482
0.002200
0.002134
0.002542
0.002263
0.002415
0.002494
0.002300
0.002439
0.002373
0.002369
0.002156
0.002497
0.002177
0.002192
0.002382
0.002320
0.002449
0.002367
0.002340
0.002181
0.002433
0.002325
0.002164
0.002104
0.001974
0.002010
0.001873
0.001865
0.001856
0.001902
0.001895
0.001855
0.002078
0.001816
0.002090
0.002090
0.002336
0.002357
0.002341
0.002330
0.002273
0.002339
0.002342
0.002417
0.002320
0.002247
0.002344
0.002268
0.002411
0.002307
0.002320
0.002061
0.002027
0.002116
0.002266
0.002308
0.002317
0.002385
0.002368
0.002281
0.002479
0.002312
0.002201
0.002311
0.002337
0.002322
0.002057
0.002336
0.002254
0.002480
0.002191
0.002426
0.002327
0.002487
0.002283
0.002320
0.002409
0.002196
0.002336
0.002462
0.002429
0.002283
0.002354
0.002360
0.002289
0.002146
0.002344
0.002284
0.002311
0.002289
0.002077
0.002245
0.002334
0.002350
0.002447
0.002349
0.002297
0.002315
0.002366
0.002414
0.002466
0.002453
0.002421
0.002337
0.002434
0.002308
0.002701
0.002338
0.002456
0.002143
0.002511
0.002365
0.002325
0.002136
0.002264
0.002342
0.002148
0.002505
0.002338
0.002486
0.002303
0.002365
0.002392
0.002322
0.002489
0.002537
0.002588
0.002378
0.002671
0.002387
0.002389
0.002600
0.002554
0.002686
0.002370
0.002492
0.002417
0.002362
0.002395
0.002479
0.002399
0.002161
0.002379
0.002397
0.002253
0.002348
0.002198
0.002241
0.002355
0.002398
0.002392
0.002478
0.002548
0.002562
0.002354
0.002379
0.002389
0.002397
0.002352
0.002524
0.002436
0.002396
0.002403
0.002366
0.002386
0.002345
0.002155
0.002534
0.002534
0.002460
0.002590
0.002484
0.002366
0.002343
0.002349
0.002278
0.002538
0.002450
0.002687
0.002434
0.002376
0.002505
0.002286
0.002376
0.002608
0.002581
0.002375
0.002747
0.002206
0.002521
0.002320
0.002591
0.002370
0.002505
0.002590
0.002401
0.002708
0.002415
0.002238
0.002340
0.002391
0.002406
0.002319
0.002500
0.002206
0.002210
0.002359
0.002639
0.002405
0.002621
0.002312
0.002556
0.002633
0.002645
0.002284
0.002703
0.002334
0.002553
0.002740
0.002281
0.002732
0.002505
0.002723
0.002703
0.002492
0.002580
0.002378
0.002473
0.002389
0.002152
0.002549
0.002612
0.002228
0.002477
0.002323
0.002510
0.002487
0.002420
0.002328
0.002549
0.002226
0.002445
0.002390
0.002624
0.002508
0.002322
0.002544
0.002531
0.002414
0.002486
0.002571
0.002410
0.002374
0.002616
0.002451
0.002369
0.002436
0.002551
0.002571
0.002385
0.002261
0.002540
0.002449
0.002681
0.002263
0.002570
0.002383
0.002396
0.002278
0.002511
0.002565
0.002372
0.002451
0.002617
0.002464
0.002731
0.002385
0.002518
0.002659
0.002709
0.002631
0.002697
0.002589
0.002618
0.002660
0.002382
0.002492
0.002714
0.002529
0.002414
0.002357
0.002472
0.002771
0.002758
0.002609
0.002630
0.002570
0.002387
0.002531
0.002445
0.002565
0.002491
0.002585
0.002364
0.002614
0.002700
0.002636
0.002624
0.002520
0.002651
0.002509
0.002457
0.002396
0.002270
0.002620
0.002371
0.002303
0.002378
0.002324
0.002513
0.002328
0.002301
0.002457
0.002293
0.002512
0.002617
0.002498
0.002470
0.002507
