0x1af1ca0;0x1b016b0;8000;0.009304;0.013757
0x1a66ca0;0x1a860a0;15999;0.009335;0.027422
0x7f550005e010;0x7f550002f010;23998;0.008963;0.042839
0x7f5f3701d010;0x7f5f36fde010;31997;0.009630;0.053162
0x7f7bef8e0010;0x7f7bef891010;39996;0.009764;0.065541
0x7ff703a50010;0x7ff7039f2010;47995;0.010185;0.075397
0x7efdba19a010;0x7efdba12c010;55994;0.010639;0.084208
0x7f08c8446010;0x7f08c83c9010;63993;0.010433;0.098140
0x7f347f434010;0x7f347f3a7010;71992;0.010426;0.110480
0x7f4144256010;0x7f41441b9010;79991;0.010431;0.122697
0x7f5396ff1010;0x7f5396f45010;87990;0.011212;0.125564
0x7f4e087a4010;0x7f4e086e8010;95989;0.011914;0.128909
0x7f24c986e010;0x7f24c97a2010;103988;0.009891;0.168214
0x7f1a24507010;0x7f1a2442c010;111987;0.009684;0.185024
0x7f8b618f5010;0x7f8b5caa5010;119986;0.010107;0.189944
0x7f0d05898010;0x7f0d00a48010;127985;0.009671;0.211738
0x7f2363f1f010;0x7f235f0cf010;135984;0.010219;0.212915
0x7f64bf6d4010;0x7f64ba884010;143983;0.010703;0.215240
0x7efd4da68010;0x7efd48c18010;151982;0.012565;0.193532
0x7fb500544010;0x7fb4fb6f4010;159981;0.012295;0.208190
0x7fd358e33010;0x7fd353fe3010;167980;0.012861;0.208979
0x7f135d3c1010;0x7f1358571010;175979;0.012965;0.217175
0x7fcb1c9e5010;0x7fcb17b95010;183978;0.013613;0.216238
0x7f8cde3e6010;0x7f8cd9596010;191977;0.013742;0.223522
0x7fb7aff3f010;0x7fb7ab0ef010;199976;0.013258;0.241335
0x7faa522fd010;0x7faa4d4ad010;207975;0.013687;0.243123
0x7f1d885a4010;0x7f1d83754010;215974;0.013225;0.261290
0x7f3e7f07f010;0x7f3e7a22f010;223973;0.014004;0.255896
0x7fe36a924010;0x7fe365ad4010;231972;0.014677;0.252881
0x7f2e04ae6010;0x7f2e04911010;239971;0.014843;0.258677
0x7fab7bf25010;0x7fab7bd40010;247970;0.013171;0.301232
0x7f5460fd8010;0x7f5460de4010;255969;0.015420;0.265593
0x7fe5c81d5010;0x7fe5c7fd1010;263968;0.014656;0.288178
0x7f1e22a58010;0x7f1e22844010;271967;0.015933;0.273110
0x7fd01c0a4010;0x7fd01be81010;279966;0.014701;0.304702
0x7fc407668010;0x7fc407435010;287965;0.015051;0.306119
0x7f37a1786010;0x7f37a1543010;295964;0.014741;0.321243
0x7f16ec5bb010;0x7f16ec369010;303963;0.016563;0.293632
0x7feb4850b010;0x7feb482a9010;311962;0.016352;0.305248
0x7fbea578d010;0x7fbea551c010;319961;0.016427;0.311643
0x7ff5a1b1d010;0x7ff5a189c010;327960;0.015899;0.330045
0x7f2e7c623010;0x7f2e7c392010;335959;0.015389;0.349299
0x7f3ac5d0a010;0x7f3ac5a6a010;343958;0.017407;0.316157
0x7fe37a958010;0x7fe37a6a8010;351957;0.016509;0.341104
0x7f25b823f010;0x7f25b7f7f010;359956;0.017083;0.337137
0x7fd89d9a8010;0x7fd89d6d9010;367955;0.015568;0.378165
0x7f8b60df3010;0x7f8b60b14010;375954;0.014479;0.415450
0x7fd3bc4fd010;0x7fd3bc20f010;383953;0.013293;0.462141
0x7f037ccf3010;0x7f037c9f5010;391952;0.016051;0.390705
0x7fe4e79a8010;0x7fe4e769a010;399951;0.016512;0.387551
0x7efe1861f010;0x7efe18302010;407950;0.016227;0.402243
0x7f265a464010;0x7f265a137010;415949;0.014615;0.455365
0x7f6fa4cff010;0x7f6fa49c2010;423948;0.014355;0.472532
0x7fb652a68010;0x7fb65271c010;431947;0.017178;0.402324
0x7f85ce340010;0x7f85cdfe4010;439946;0.017241;0.408279
0x7f4e02613010;0x7f4e022a8010;447945;0.017000;0.421596
0x7efe86d3f010;0x7efe869c4010;455944;0.016716;0.436414
0x7f6699e98010;0x7f6699b0d010;463943;0.016782;0.442323
0x7ff78674d010;0x7ff7863b3010;471942;0.011775;0.641279
0x7f9c02d1e010;0x7f9c02974010;479941;0.019815;0.387533
0x7f88c933e010;0x7f88c8f84010;487940;0.020959;0.372489
0x7f54b26c6010;0x7f54b22fd010;495939;0.019831;0.400133
0x7fe85d713010;0x7fe85d33a010;503938;0.021221;0.379956
0x7fd38a786010;0x7fd38a39e010;511937;0.016331;0.501562
0x7ff8ab2a5010;0x7ff8aaead010;519936;0.021800;0.381604
0x7fef61f85010;0x7fef61b7d010;527935;0.019920;0.424042
0x7f7d3e8fb010;0x7f7d3e4e4010;535934;0.020356;0.421250
0x7f64a32ac010;0x7f64a2e85010;543933;0.020161;0.431673
0x7fea84c3c010;0x7fea84806010;551932;0.021297;0.414656
0x7fdb646e7010;0x7fdb642a1010;559931;0.021937;0.408394
0x7f1b095ae010;0x7f1b09158010;567930;0.017007;0.534299
0x7f1962651010;0x7f19621ec010;575929;0.022834;0.403558
0x7f8c4f337010;0x7f8c4eec2010;583928;0.022490;0.415426
0x7ff104b0c010;0x7ff104687010;591927;0.022895;0.413666
0x7ff8462bf010;0x7ff845e2b010;599926;0.020828;0.460861
0x7f950e077010;0x7f950dbd3010;607925;0.021834;0.445491
0x7f1c2f46b010;0x7f1c2efb8010;615924;0.022939;0.429609
0x7efc24192010;0x7efc23ccf010;623923;0.023992;0.416086
0x7f56c1c2d010;0x7f56c175a010;631922;0.023435;0.431440
0x7fd6f40d0010;0x7fd6f3bee010;639921;0.024244;0.422319
0x7fb2324f0010;0x7fb231ffe010;647920;0.025201;0.411364
0x7f8ec3b2a010;0x7f8ec3628010;655919;0.024701;0.424872
0x7fc5ed255010;0x7fc5ecd44010;663918;0.023279;0.456317
0x7f512aca6010;0x7f512a785010;671917;0.025793;0.416805
0x7f7c710ce010;0x7f7c70b9e010;679916;0.026457;0.411181
0x7f45e6491010;0x7f45e5f51010;687915;0.026831;0.410219
0x7fb8f7563010;0x7fb8f7013010;695914;0.025356;0.439131
0x7f686e47d010;0x7f686df1e010;703913;0.022112;0.509346
0x7f8686e1b010;0x7f86868ac010;711912;0.027337;0.416676
0x7f0e110fe010;0x7f0e10b7f010;719911;0.024424;0.471607
0x7f4afe95f010;0x7f4afe3d1010;727910;0.025810;0.451242
0x7fdbd1eca010;0x7fdbd192c010;735909;0.026817;0.439069
0x7f25e5099010;0x7f25e4aec010;743908;0.027926;0.426217
0x7f01d85d8010;0x7f01d801b010;751907;0.028063;0.428696
0x7ff130479010;0x7ff12feac010;759906;0.027937;0.435212
0x7f1a5658a010;0x7f1a55fae010;767905;0.028666;0.428608
0x7ff652e5e010;0x7ff652872010;775904;0.027675;0.448578
0x7f224bc46010;0x7f224b64a010;783903;0.029850;0.420182
0x7f3e73aa7010;0x7f3e7349c010;791902;0.029416;0.430735
0x7f1c8f968010;0x7f1c8f34d010;799901;0.029679;0.431227
0x7f04642d4010;0x7f0463caa010;807900;0.029525;0.437811
0x7fe19a3bf010;0x7fe199d85010;815899;0.023285;0.560637
0x7f2ff40aa010;0x7f2ff3a60010;823898;0.029804;0.442302
0x7f6f43f3d010;0x7f6f438e4010;831897;0.026017;0.511603
0x7fbaa53f7010;0x7fbaa4d8e010;839896;0.029982;0.448212
0x7f5cd3344010;0x7f5cd2ccb010;847895;0.030495;0.444871
0x7f294019d010;0x7f293fb15010;855894;0.023684;0.578208
0x7f9f47946010;0x7f9f472ae010;863893;0.029640;0.466340
0x7fe8f7f81010;0x7fe8f78da010;871892;0.031150;0.447844
0x7fb855ab9010;0x7fb855402010;879891;0.031331;0.449339
0x7fd2e3170010;0x7fd2e2aa9010;887890;0.031717;0.447905
0x7f8248661010;0x7f8247f8b010;895889;0.021600;0.663621
0x7fce5efb5010;0x7fce5e8cf010;903888;0.031612;0.457492
0x7efcc04df010;0x7efcbfde9010;911887;0.032423;0.449995
0x7f8a4a0f0010;0x7f8a499eb010;919886;0.032250;0.456375
0x7f120cf28010;0x7f120c813010;927885;0.032190;0.461203
0x7ff28a121010;0x7ff2899fd010;935884;0.032697;0.457967
0x7fb6ccfb3010;0x7fb6cc87f010;943883;0.032388;0.466288
0x7f56eee17010;0x7f56ee6d3010;951882;0.032708;0.465640
0x7fef68c30010;0x7fef684dd010;959881;0.033067;0.464454
0x7f67a928f010;0x7f67a8b2c010;967880;0.033502;0.462245
0x7f86c7365010;0x7f86c6bf2010;975879;0.033672;0.463709
0x7f75a74b6010;0x7f75a6d34010;983878;0.033824;0.465411
0x7f9ec5495010;0x7f9ec4d03010;991877;0.033720;0.470641
0x7f87304fe010;0x7f872fd5d010;999876;0.034400;0.465059
0x7fd17e1d8010;0x7fd17da27010;1007875;0.034378;0.469078
0x7fc69a005010;0x7fc699844010;1015874;0.034442;0.471921
0x7fb710d2e010;0x7fb71055e010;1023873;0.034414;0.476026
0x7fd787b53010;0x7fd787373010;1031872;0.034865;0.473541
0x7f50f609e010;0x7f50f58ae010;1039871;0.035192;0.472776
0x7ff5a4eac010;0x7ff5a46ad010;1047870;0.032195;0.520760
0x7fb8d09b1010;0x7fb8d01a2010;1055869;0.035526;0.475536
0x7f7850993010;0x7f7850175010;1063868;0.026363;0.645676
0x7f39ee1cb010;0x7f39ed99d010;1071867;0.035199;0.487227
0x7fa318722010;0x7fa317ee4010;1079866;0.036079;0.478890
0x7f1dcb63f010;0x7f1dcadf2010;1087865;0.036283;0.479724
0x7f2e451cb010;0x7f2e4496e010;1095864;0.024697;0.709956
0x7f7020c81010;0x7f7020415010;1103863;0.025472;0.693383
0x7f94545a3010;0x7f9453d27010;1111862;0.036624;0.485739
0x7fe5e9df5010;0x7fe5e9569010;1119861;0.037126;0.482623
0x7f8503892010;0x7f8502ff7010;1127860;0.037263;0.484282
0x7fc8fc98d010;0x7fc8fc0e2010;1135859;0.037212;0.488382
0x7f022a04d010;0x7f0229792010;1143858;0.038305;0.477789
0x7f7a6e3db010;0x7f7a6db11010;1151857;0.037550;0.490805
0x7f8ced8d6010;0x7f8cecffc010;1159856;0.038258;0.485069
0x7fdc652dd010;0x7fdc649f4010;1167855;0.038407;0.486516
0x7fe971d1a010;0x7fe971421010;1175854;0.037909;0.496284
0x7f0590411010;0x7f058fb08010;1183853;0.028776;0.658246
0x7fce2c579010;0x7fce2bc61010;1191852;0.038695;0.492818
0x7f4b7530f010;0x7f4b749e7010;1199851;0.039190;0.489859
0x7fadb6f0f010;0x7fadb65d7010;1207850;0.039300;0.491746
0x7f1cb035a010;0x7f1cafa13010;1215849;0.039243;0.495721
0x7fc302415010;0x7fc301abe010;1223848;0.039406;0.496918
0x7fe4a889f010;0x7fe4a7f39010;1231847;0.039215;0.502604
0x7f3ab6c4c010;0x7f3ab62d6010;1239846;0.030675;0.646697
0x7f9311846010;0x7f9310ec0010;1247845;0.027542;0.724909
0x7f1d3951d010;0x7f1d38b88010;1255844;0.035358;0.568288
0x7fd19d376010;0x7fd19c9d1010;1263843;0.040929;0.494062
0x7fbab7e4c010;0x7fbab7497010;1271842;0.040392;0.503801
0x7f51261dd010;0x7f5125819010;1279841;0.039215;0.522183
0x7f74acd52010;0x7f74ac37e010;1287840;0.041346;0.498368
0x7f8fdeea3010;0x7f8fde4c0010;1295839;0.039922;0.519348
0x7fe7c05c2010;0x7fe7bfbcf010;1303838;0.041065;0.508010
0x7f6a464e3010;0x7f6a45ae0010;1311837;0.041557;0.505077
0x7fcfb245b010;0x7fcfb1a49010;1319836;0.032642;0.646936
0x7eff0357d010;0x7eff02b5b010;1327835;0.042221;0.503196
0x7f30ab04b010;0x7f30aa619010;1335834;0.031615;0.676050
0x7fe9e391e010;0x7fe9e2edd010;1343833;0.042792;0.502460
0x7f3fc6de1010;0x7f3fc6390010;1351832;0.031912;0.677778
0x7fcd22ae1010;0x7fcd22081010;1359831;0.037853;0.574784
0x7ff22e6fd010;0x7ff22dc8d010;1367830;0.043297;0.505471
0x7f0a7b38e010;0x7f0a7a90e010;1375829;0.043221;0.509319
0x7ffb22c57010;0x7ffb221c8010;1383828;0.043925;0.504069
0x7fd7fd75d010;0x7fd7fccbe010;1391827;0.043076;0.516975
0x7fe029d74010;0x7fe0292c5010;1399826;0.043597;0.513733
0x7f9dfe16b010;0x7f9dfd6ad010;1407825;0.044158;0.510105
0x7fea6ee3b010;0x7fea6e36d010;1415824;0.043918;0.515808
0x7fd15bca6010;0x7fd15b1c9010;1423823;0.041910;0.543571
0x7f815e84f010;0x7f815dd62010;1431822;0.044509;0.514709
0x7f5216e65010;0x7f5216368010;1439821;0.045087;0.510947
0x7f6e24bff010;0x7f6e240f3010;1447820;0.041510;0.558063
0x7f97c51f0010;0x7f97c46d4010;1455819;0.041888;0.556081
0x7f8c19910010;0x7f8c18de4010;1463818;0.041744;0.561065
0x7f834c2ef010;0x7f834b7b4010;1471817;0.043152;0.545723
0x7f12057c0010;0x7f1204c75010;1479816;0.043398;0.545578
0x7fa838b67010;0x7fa83800d010;1487815;0.043243;0.550492
0x7f5b54fb9010;0x7f5b5444f010;1495814;0.043411;0.551312
0x7fb6b69a0010;0x7fb6b5e26010;1503813;0.045589;0.527781
0x7fa1ef8cf010;0x7fa1eed46010;1511812;0.045416;0.532611
0x7f7103277010;0x7f71026de010;1519811;0.043860;0.554423
0x7f54bfc45010;0x7f54bf09c010;1527810;0.045672;0.535229
0x7fad18286010;0x7fad176ce010;1535809;0.046656;0.526682
0x7fc46f881010;0x7fc46ecb9010;1543808;0.047030;0.525214
0x7efd45de6010;0x7efd4520f010;1551807;0.042670;0.581882
0x7fe4d6282010;0x7fe4d569b010;1559806;0.045090;0.553491
0x7fd0a65bd010;0x7fd0a59c6010;1567805;0.047205;0.531403
0x7fb01cdf0010;0x7fb01c1ea010;1575804;0.047403;0.531882
0x7feac0184010;0x7feabf56e010;1583803;0.047666;0.531633
0x7f8a1d6fe010;0x7f8a1cad9010;1591802;0.046299;0.550095
0x7f31963cd010;0x7f3195798010;1599801;0.046625;0.548995
0x7f43f7a61010;0x7f43f6e1c010;1607800;0.048748;0.527710
0x7fd958a5c010;0x7fd957e08010;1615799;0.046615;0.554601
0x7fb50a7ee010;0x7fb509b8a010;1623798;0.048818;0.532195
0x7f0df1fe1010;0x7f0df136d010;1631797;0.049350;0.529052
0x7fa917825010;0x7fa916ba2010;1639796;0.047939;0.547293
0x7fa8be929010;0x7fa8bdc96010;1647795;0.049642;0.531099
0x7f4f90cd0010;0x7f4f9002e010;1655794;0.049767;0.532337
0x7fd698ab3010;0x7fd697e01010;1663793;0.047439;0.561155
0x7f4f75709010;0x7f4f74a47010;1671792;0.049959;0.535413
0x7fe2fa04a010;0x7fe2f9379010;1679791;0.048286;0.556614
0x7fb1da482010;0x7fb1d97a1010;1687790;0.049899;0.541185
0x7ff7ec3cf010;0x7ff7eb6de010;1695789;0.050370;0.538667
0x7fe3ccd89010;0x7fe3cc089010;1703788;0.051404;0.530321
0x7f891c612010;0x7f891b902010;1711787;0.050939;0.537673
0x7f138b649010;0x7f138a92a010;1719786;0.049751;0.553088
0x7f4a38ed4010;0x7f4a381a5010;1727785;0.051100;0.540989
0x7f12a3017010;0x7f12a22d8010;1735784;0.050076;0.554608
0x7f1426ace010;0x7f1425d80010;1743783;0.051501;0.541747
0x7f930d597010;0x7f930c839010;1751782;0.052332;0.535591
0x7f6959b70010;0x7f6958e02010;1759781;0.050473;0.557853
0x7fa083ece010;0x7fa083151010;1767780;0.042772;0.661284
0x7f7d3dbb7010;0x7f7d3ce2a010;1775779;0.050459;0.563081
0x7f95666dd010;0x7f9565941010;1783778;0.051951;0.549373
0x7f1c824ed010;0x7f1c81741010;1791777;0.053068;0.540219
0x7fe0bc05a010;0x7fe0bb29e010;1799776;0.048976;0.587971
0x7ff1cd3ee010;0x7ff1cc623010;1807775;0.053245;0.543232
0x7fb1dbc76010;0x7fb1dae9b010;1815774;0.053113;0.546990
0x7f72a15f1010;0x7f72a0806010;1823773;0.051056;0.571538
0x7f9034de0010;0x7f9033fe6010;1831772;0.050567;0.579593
0x7fc51f245010;0x7fc51e43b010;1839771;0.053319;0.552080
0x7f00322d7010;0x7f00314be010;1847770;0.054785;0.539642
0x7f506f6e1010;0x7f506e8b8010;1855769;0.039726;0.747427
0x7f227e17b010;0x7f227d342010;1863768;0.052492;0.568091
0x7f6c5c530010;0x7f6c5b6e8010;1871767;0.043593;0.686998
0x7fd767d8b010;0x7fd766f33010;1879766;0.053601;0.561113
0x7fb119379010;0x7fb118511010;1887765;0.052816;0.571875
0x7f74cf062010;0x7f74ce1eb010;1895764;0.055937;0.542259
0x7f9801c12010;0x7f9800d8b010;1903763;0.055992;0.544011
0x7ffa8fb9d010;0x7ffa8ed07010;1911762;0.055145;0.554686
0x7fb11dbd9010;0x7fb11cd33010;1919761;0.055674;0.551714
0x7efc39863010;0x7efc389ad010;1927760;0.056425;0.546641
0x7f3f8523b010;0x7f3f84376010;1935759;0.041358;0.748879
0x7f1dd46b8010;0x7f1dd37e3010;1943758;0.054697;0.568589
0x7f17fe18a010;0x7f17fd2a5010;1951757;0.056776;0.550023
0x7f9008d46010;0x7f9007e52010;1959756;0.052128;0.601523
0x7fe53a102010;0x7fe5391fe010;1967755;0.054980;0.572648
0x7fec7aaff010;0x7fec79bec010;1975754;0.055708;0.567461
0x7fe523200010;0x7fe5222dd010;1983753;0.056125;0.565525
0x7fe7ae2c8010;0x7fe7ad395010;1991752;0.055766;0.571461
0x7f9189227010;0x7f91882e5010;1999751;0.056633;0.564971
0x7f47503d4010;0x7f474f482010;2007750;0.058076;0.553138
0x7f16af180010;0x7f16ae21e010;2015749;0.056304;0.572819
0x7facc253a010;0x7facc15c9010;2023748;0.056581;0.572276
0x7fb1ed74c010;0x7fb1ec7cb010;2031747;0.056845;0.571871
0x7f41bf1d4010;0x7f41be244010;2039746;0.057241;0.570150
0x7ff907307010;0x7ff906367010;2047745;0.057314;0.571657
0x7f40c8953010;0x7f40c79a3010;2055744;0.057326;0.573771
0x7fedd9487010;0x7fedd84c8010;2063743;0.057543;0.573829
0x7f6ae4aa0010;0x7f6ae3ad1010;2071742;0.057720;0.574288
0x7fb7f52dc010;0x7fb7f42fe010;2079741;0.058202;0.571730
0x7f897c054010;0x7f897b066010;2087740;0.059685;0.559669
0x7f35d388e010;0x7f35d2890010;2095739;0.057380;0.584382
0x7feae672e010;0x7feae5721010;2103738;0.059615;0.564621
0x7f1e78d3a010;0x7f1e77d1d010;2111737;0.058775;0.574867
0x7f2fece13010;0x7f2febde6010;2119736;0.059910;0.566114
0x7f6b0a6fd010;0x7f6b096c1010;2127735;0.058915;0.577846
0x7f064a840010;0x7f06497f4010;2135734;0.057431;0.595005
0x7f2c82d3a010;0x7f2c81cdf010;2143733;0.059309;0.578322
0x7fc708e6c010;0x7fc707e01010;2151732;0.058813;0.585375
0x7f9e6ec20010;0x7f9e6dba5010;2159731;0.062137;0.556122
0x7f54a7805010;0x7f54a677b010;2167730;0.059763;0.580352
0x7f6c02ee5010;0x7f6c01e4b010;2175729;0.058350;0.596602
0x7f2310cc1010;0x7f230fc17010;2183728;0.060586;0.576695
0x7faadd02c010;0x7faadbf73010;2191727;0.063088;0.555853
0x7f5cbf19c010;0x7f5cbe0d3010;2199726;0.057049;0.616936
0x7f5e2e249010;0x7f5e2d171010;2207725;0.061119;0.577947
0x7f7c91fe4010;0x7f7c90efc010;2215724;0.061531;0.576160
0x7fe63cd9b010;0x7fe63bca3010;2223723;0.063848;0.557256
0x7f28545ee010;0x7f28534e7010;2231722;0.061686;0.578860
0x7f9946920010;0x7f9945809010;2239721;0.064193;0.558247
0x7feaaff0f010;0x7feaaede8010;2247720;0.063736;0.564258
0x7f742de01010;0x7f742cccb010;2255719;0.062545;0.577048
0x7f823d47b010;0x7f823c335010;2263718;0.062246;0.581876
0x7f1f216f6010;0x7f1f205a1010;2271717;0.064944;0.559674
0x7f7f31e29010;0x7f7f30cc4010;2279716;0.064870;0.562284
0x7fca3de5d010;0x7fca3cce8010;2287715;0.063524;0.576214
0x7ff8f4f8a010;0x7ff8f3e06010;2295714;0.063098;0.582133
0x7f22b333a010;0x7f22b21a6010;2303713;0.065964;0.558781
0x7f6c0cb4f010;0x7f6c0b9ab010;2311712;0.066583;0.555509
0x7f8c4bf75010;0x7f8c4adc2010;2319711;0.063358;0.585803
0x7f1597492010;0x7f15962cf010;2327710;0.065732;0.566594
0x7f3d19b04010;0x7f3d18932010;2335709;0.063678;0.586880
0x7f63b01ed010;0x7f63af00b010;2343708;0.063964;0.586256
0x7f1979a7f010;0x7f197888d010;2351707;0.066617;0.564830
0x7f54417cb010;0x7f54405ca010;2359706;0.067170;0.562086
0x7f6a8066b010;0x7f6a7f45a010;2367705;0.067040;0.565085
0x7f31a802e010;0x7f31a6e0d010;2375704;0.068271;0.556771
0x7f55f6273010;0x7f55f5043010;2383703;0.065690;0.580594
0x7f57a70b1010;0x7f57a5e71010;2391702;0.066097;0.578955
0x7ff05e3be010;0x7ff05d16f010;2399701;0.066087;0.580980
0x7f2ab9d73010;0x7f2ab8b14010;2407700;0.067858;0.567703
0x7f543cc87010;0x7f543ba18010;2415699;0.062934;0.614153
0x7f6acc158010;0x7f6acaeda010;2423698;0.069639;0.556860
0x7f174c9a9010;0x7f174b71b010;2431697;0.068970;0.564115
0x7f2f2a287010;0x7f2f28fe9010;2439696;0.069431;0.562214
0x7fb078720010;0x7fb077473010;2447695;0.069487;0.563605
0x7f5fa0b6c010;0x7f5f9f8af010;2455694;0.067448;0.582538
0x7f83140a1010;0x7f8312dd5010;2463693;0.069591;0.566439
0x7f17ef138010;0x7f17ede5c010;2471692;0.070267;0.562812
0x7f4857667010;0x7f485637b010;2479691;0.069908;0.567533
0x7ff40b12a010;0x7ff409e2f010;2487690;0.070286;0.566301
0x7f3038229010;0x7f3036f1e010;2495689;0.070783;0.564134
0x7f5980070010;0x7f597ed55010;2503688;0.070889;0.565095
0x7fabf04e2010;0x7fabef1b8010;2511687;0.049298;0.815188
0x7face79a9010;0x7face666f010;2519686;0.068753;0.586374
0x7fee18126010;0x7fee16ddd010;2527685;0.069415;0.582625
0x7f6021f1a010;0x7f6020bc1010;2535684;0.071551;0.567021
0x7fedaf20b010;0x7fedadea2010;2543683;0.072131;0.564237
0x7fe70ee03010;0x7fe70da8b010;2551682;0.073180;0.557897
0x7f0c0808d010;0x7f0c06d05010;2559681;0.072610;0.564040
0x7f6c35cbd010;0x7f6c34925010;2567680;0.070818;0.580120
0x7f9272013010;0x7f9270c6c010;2575679;0.070258;0.586566
0x7f11027e6010;0x7f110142f010;2583678;0.074075;0.558068
0x7fd1ec9a5010;0x7fd1eb5df010;2591677;0.071277;0.581771
0x7fb4f62b5010;0x7fb4f4edf010;2599676;0.073253;0.567825
0x7fdb621bc010;0x7fdb60dd6010;2607675;0.070967;0.587919
0x7f793aa07010;0x7f7939612010;2615674;0.071441;0.585810
0x7f7ee3c02010;0x7f7ee27fd010;2623673;0.072642;0.577885
0x7f674e171010;0x7f674cd5d010;2631672;0.073074;0.576222
0x7fe23bece010;0x7fe23aaaa010;2639671;0.074089;0.570054
0x7fc0130d3010;0x7fc011c9f010;2647670;0.074620;0.567713
0x7f5879c45010;0x7f5878802010;2655669;0.075549;0.562425
0x7f1e5d09a010;0x7f1e5bc47010;2663668;0.074833;0.569518
0x7f4fd5e5c010;0x7f4fd49f9010;2671667;0.053668;0.796502
0x7f41615a8010;0x7f4160136010;2679666;0.073628;0.582315
0x7f6f9adfa010;0x7f6f99978010;2687665;0.073893;0.581958
0x7fca9a3e7010;0x7fca98f56010;2695664;0.074307;0.580439
0x7f1d75a6c010;0x7f1d745cb010;2703663;0.072166;0.599432
0x7fbe507af010;0x7fbe4f2fe010;2711662;0.073446;0.590727
0x7fe20e0b7010;0x7fe20cbf7010;2719661;0.054240;0.802260
0x7f6f719da010;0x7f6f7050a010;2727660;0.076796;0.568292
0x7f8d31340010;0x7f8d2fe60010;2735659;0.077759;0.562900
0x7f2b8cd77010;0x7f2b8b888010;2743658;0.075836;0.578862
0x7f19d01c6010;0x7f19cecc7010;2751657;0.075062;0.586535
0x7f8303d10010;0x7f8302802010;2759656;0.077827;0.567342
0x7f494bc07010;0x7f494a6e9010;2767655;0.078138;0.566722
0x7f2dd0db0010;0x7f2dcf882010;2775654;0.078986;0.562258
0x7f8ce3ca2010;0x7f8ce2765010;2783653;0.079312;0.561559
0x7f8c22632010;0x7f8c210e5010;2791652;0.078992;0.565456
0x7fe9bc003010;0x7fe9baaa6010;2799651;0.078135;0.573295
0x7f63afa9b010;0x7f63ae52f010;2807650;0.079909;0.562171
0x7f7d32c96010;0x7f7d3171a010;2815649;0.079477;0.566837
0x7f9b2e9bb010;0x7f9b2d430010;2823648;0.078911;0.572524
0x7fb44a678010;0x7fb4490dd010;2831647;0.080812;0.560637
0x7f530d462010;0x7f530beb7010;2839646;0.080331;0.565588
0x7f5eab090010;0x7f5ea9ad6010;2847645;0.080184;0.568222
0x7f0e0c5a6010;0x7f0e0afdc010;2855644;0.078129;0.584806
0x7fcb16333010;0x7fcb14d59010;2863643;0.080331;0.570370
0x7f62b2754010;0x7f62b116b010;2871642;0.080907;0.567891
0x7f697509a010;0x7f6973aa1010;2879641;0.081287;0.566810
0x7f056365b010;0x7f0562053010;2887640;0.079179;0.583516
0x7f7e2cf81010;0x7f7e2b969010;2895639;0.078961;0.586749
0x7fad96e19010;0x7fad957f1010;2903638;0.079123;0.587164
0x7fe962506010;0x7fe960ecf010;2911637;0.079599;0.585262
0x7f6e43891010;0x7f6e4224a010;2919636;0.082680;0.565000
0x7f1993d0a010;0x7f19926b3010;2927635;0.078312;0.598149
0x7f592df61010;0x7f592c8fb010;2935634;0.083291;0.563928
0x7fd034d41010;0x7fd0336cb010;2943633;0.083148;0.566437
0x7fdd4af83010;0x7fdd498fe010;2951632;0.083163;0.567874
0x7f38af2be010;0x7f38adc29010;2959631;0.082875;0.571392
0x7fd67cbc3010;0x7fd67b51e010;2967630;0.083620;0.567833
0x7ffaa7ccb010;0x7ffaa6617010;2975629;0.083379;0.571008
0x7fd902511010;0x7fd900e4d010;2983628;0.084290;0.566355
0x7fec6b5c1010;0x7fec69eed010;2991627;0.084601;0.565786
0x7f0d0a3f6010;0x7f0d08d13010;2999626;0.070353;0.682191
0x7f013679d010;0x7f01350aa010;3007625;0.081081;0.593506
0x7f6bbb52a010;0x7f6bb9e28010;3015624;0.086874;0.555402
0x7f1808ad8010;0x7f18073c6010;3023623;0.084960;0.569421
0x7f420efdd010;0x7f420d8bb010;3031622;0.080991;0.598905
0x7f3fbc4a8010;0x7f3fbad77010;3039621;0.083539;0.582170
0x7f948a916010;0x7f94891d5010;3047620;0.084944;0.574048
0x7ff3446a9010;0x7ff342f58010;3055619;0.085390;0.572548
0x7f9bd659c010;0x7f9bd4e3c010;3063618;0.085191;0.575388
0x7fac1ce53010;0x7fac1b6e3010;3071617;0.083376;0.589449
0x7f0c0bdf1010;0x7f0c0a672010;3079616;0.082951;0.594013
0x7f3b03765010;0x7f3b01fd6010;3087615;0.083309;0.592996
0x7fe806c97010;0x7fe8054f8010;3095614;0.085517;0.579182
0x7fa13f1f8010;0x7fa13da4a010;3103613;0.086372;0.574929
0x7f1041559010;0x7f103fd9b010;3111612;0.084743;0.587491
0x7f2e97cce010;0x7f2e96501010;3119611;0.087941;0.567583
0x7f36fe0fd010;0x7f36fc920010;3127610;0.087532;0.571696
0x7f0a2bf80010;0x7f0a2a793010;3135609;0.070446;0.712173
0x7f00bf951010;0x7f00be155010;3143608;0.088219;0.570145
0x7fa083c5c010;0x7fa082450010;3151607;0.087180;0.578410
0x7f22bebc3010;0x7f22bd3a7010;3159606;0.088351;0.572191
0x7f03e2811010;0x7f03e0fe6010;3167605;0.088817;0.570631
0x7f639a2e4010;0x7f6398aa9010;3175604;0.089218;0.569499
0x7f00ea8aa010;0x7f00e9060010;3183603;0.089395;0.569804
0x7f613de1b010;0x7f613c5c1010;3191602;0.089972;0.567572
0x7f756cac1010;0x7f756b257010;3199601;0.089631;0.571161
0x7f913957a010;0x7f9137d01010;3207600;0.089346;0.574415
0x7f21da53b010;0x7f21d8cb2010;3215599;0.087639;0.587062
0x7ff9bda51010;0x7ff9bc1b8010;3223598;0.089874;0.573887
0x7f48c5464010;0x7f48c3bbc010;3231597;0.090573;0.570871
0x7fe3327db010;0x7fe330f23010;3239596;0.089686;0.577944
0x7f0d6295b010;0x7f0d61094010;3247595;0.088647;0.586163
0x7f3bbd5c1010;0x7f3bbbcea010;3255594;0.090512;0.575498
0x7f67f9e7f010;0x7f67f8598010;3263593;0.082118;0.635883
0x7fbbdc2b6010;0x7fbbda9c0010;3271592;0.087877;0.595669
0x7fa7bf37d010;0x7fa7bda77010;3279591;0.088713;0.591497
0x7fe0734a6010;0x7fe071b90010;3287590;0.089181;0.589827
0x7f24ba741010;0x7f24b8e1c010;3295589;0.091885;0.573863
0x7f7e4cd3b010;0x7f7e4b406010;3303588;0.092219;0.573173
0x7f1d2867f010;0x7f1d26d3b010;3311587;0.089232;0.593792
0x7f090bdb5010;0x7f090a461010;3319586;0.089078;0.596257
0x7fc10d892010;0x7fc10bf2e010;3327585;0.089423;0.595388
0x7f4e41b11010;0x7f4e4019e010;3335584;0.090952;0.586785
0x7fbf2dfab010;0x7fbf2c628010;3343583;0.093273;0.573557
0x7f41c98aa010;0x7f41c7f17010;3351582;0.087422;0.613408
0x7f437f919010;0x7f437df77010;3359581;0.094141;0.570987
0x7f94b8630010;0x7f94b6c7e010;3367580;0.091351;0.589827
0x7f94e44a8010;0x7f94e2ae7010;3375579;0.090931;0.593959
0x7f95bb487010;0x7f95b9ab6010;3383578;0.083911;0.645175
0x7f0fa7402010;0x7f0fa5a21010;3391577;0.091849;0.590810
0x7fb55e265010;0x7fb55c875010;3399576;0.091919;0.591752
0x7f8762268010;0x7f8760868010;3407575;0.092597;0.588801
0x7f35d2477010;0x7f35d0a67010;3415574;0.093272;0.585912
0x7f8d7fde9010;0x7f8d7e3ca010;3423573;0.093017;0.588894
0x7fe96229a010;0x7fe96086b010;3431572;0.092268;0.595062
0x7fdc2cb45010;0x7fdc2b107010;3439571;0.091823;0.599339
0x7faad15e0010;0x7faacfb92010;3447570;0.096413;0.572133
0x7f570faca010;0x7f570e06c010;3455569;0.092354;0.598665
0x7f767d6fe010;0x7f767bc91010;3463568;0.097092;0.570768
0x7f2961bea010;0x7f296016d010;3471567;0.093890;0.591596
0x7ff431697010;0x7ff42fc0a010;3479566;0.100370;0.554679
0x7f41efc1d010;0x7f41ee181010;3487565;0.093898;0.594273
0x7f3d3d46e010;0x7f3d3b9c2010;3495564;0.085623;0.653203
0x7fb63c1a9010;0x7fb63a6ee010;3503563;0.093457;0.599816
0x7f8105b70010;0x7f81040a5010;3511562;0.094561;0.594166
0x7fbb3b6bc010;0x7fbb39be1010;3519561;0.094053;0.598736
0x7fee99d77010;0x7fee9828d010;3527560;0.098477;0.573139
0x7f994124d010;0x7f993f753010;3535559;0.095095;0.594868
0x7ff609a6f010;0x7ff607f65010;3543558;0.095597;0.593083
0x7f197a28a010;0x7f1978771010;3551557;0.094522;0.601182
0x7f1c3ddd9010;0x7f1c3c2b0010;3559556;0.097961;0.581382
0x7fe578d5e010;0x7fe577226010;3567555;0.098924;0.577017
0x7fe73c53e010;0x7fe73a9f6010;3575554;0.090778;0.630207
0x7fa66e528010;0x7fa66c9d0010;3583553;0.100129;0.572630
0x7f6a2e6ca010;0x7f6a2cb63010;3591552;0.100371;0.572524
0x7f3e29bb4010;0x7f3e2803d010;3599551;0.096717;0.595478
0x7f01028fb010;0x7f0100d74010;3607550;0.099173;0.582021
0x7fc41a1b8010;0x7fc418622010;3615549;0.100719;0.574358
0x7fe8f4848010;0x7fe8f2ca2010;3623548;0.097302;0.595844
0x7f804e4d8010;0x7f804c923010;3631547;0.096920;0.599514
0x7f97bcd34010;0x7f97bb16f010;3639546;0.100281;0.580696
0x7f2c5bc2c010;0x7f2c5a057010;3647545;0.101818;0.573188
0x7fe7c1f91010;0x7fe7c03ad010;3655544;0.102289;0.571797
0x7fb563953010;0x7fb561d5f010;3663543;0.096058;0.610223
0x7f1113d32010;0x7f111212f010;3671542;0.102456;0.573366
0x7f650c811010;0x7f650abfe010;3679541;0.101917;0.577653
0x7fd60cdb3010;0x7fd60b190010;3687540;0.102672;0.574651
0x7f3662888010;0x7f3660c56010;3695539;0.102511;0.576803
0x7f7b614c6010;0x7f7b5f884010;3703538;0.099166;0.597550
0x7fa03f17c010;0x7fa03d52a010;3711537;0.102564;0.579001
0x7f49dbaf2010;0x7f49d9e91010;3719536;0.100072;0.594697
0x7f21e8e20010;0x7f21e71af010;3727535;0.102780;0.580275
0x7ff755912010;0x7ff753c92010;3735534;0.103196;0.579174
0x7f9a48cc9010;0x7f9a47039010;3743533;0.103978;0.576050
0x7f3509964010;0x7f3507cc4010;3751532;0.095428;0.629003
0x7f45b8df7010;0x7f45b7148010;3759531;0.104690;0.574577
0x7f86728da010;0x7f8670c1b010;3767530;0.101584;0.593406
0x7f7c91de3010;0x7f7c90114010;3775529;0.100837;0.599070
0x7fab80c17010;0x7fab7ef39010;3783528;0.104707;0.578151
0x7efe448f9010;0x7efe42c0b010;3791527;0.105161;0.576872
0x7f82a8103010;0x7f82a6406010;3799526;0.103279;0.588624
0x7f5db10d6010;0x7f5daf3c9010;3807525;0.104796;0.581324
0x7efc5189c010;0x7efc4fb7f010;3815524;0.102233;0.597150
0x7fadf452d010;0x7fadf2801010;3823523;0.106634;0.573705
0x7fb849e28010;0x7fb8480ec010;3831522;0.106970;0.573098
0x7f97419df010;0x7f973fc93010;3839521;0.105399;0.582854
0x7f5e06c27010;0x7f5e04ecc010;3847520;0.103972;0.592086
0x7f6f25525010;0x7f6f237ba010;3855519;0.103674;0.595021
0x7f3a475f0010;0x7f3a45876010;3863518;0.106488;0.580500
0x7f5a5ccfe010;0x7f5a5af74010;3871517;0.096605;0.641213
0x7fd3d18ae010;0x7fd3cfb14010;3879516;0.103996;0.596873
0x7f4c99a7e010;0x7f4c97cd5010;3887515;0.108472;0.573423
0x7ffa25023010;0x7ffa2326a010;3895514;0.108702;0.573386
0x7f271e240010;0x7f271c477010;3903513;0.108597;0.575119
0x7f9b22c79010;0x7f9b20ea1010;3911512;0.109352;0.572318
0x7f7d77501010;0x7f7d75719010;3919511;0.105342;0.595319
0x7f66504d5010;0x7f664e6de010;3927510;0.109749;0.572580
0x7f8dcf86c010;0x7f8dcda65010;3935509;0.109442;0.575356
0x7f272099f010;0x7f271eb88010;3943508;0.110304;0.572021
0x7f83c5c6d010;0x7f83c3e47010;3951507;0.107618;0.587486
0x7fbb5502f010;0x7fbb531f9010;3959506;0.108022;0.586474
0x7f0ee0c38010;0x7f0ededf2010;3967505;0.110353;0.575246
0x7fbb857ba010;0x7fbb83965010;3975504;0.109954;0.578498
0x7f1ad9aa6010;0x7f1ad7c41010;3983503;0.111959;0.569280
0x7fe788fe8010;0x7fe787174010;3991502;0.106227;0.601202
0x7fd919b83010;0x7fd917cff010;3999501;0.106819;0.599070
0x7f732ead3010;0x7f732cc3f010;4007500;0.111972;0.572643
0x7fe1aedc2010;0x7fe1acf1f010;4015499;0.081718;0.786216
0x7f0da0fed010;0x7f0d9f13a010;4023498;0.110996;0.579985
0x7f0fbddc8010;0x7f0fbbf05010;4031497;0.111384;0.579114
0x7f261b1ae010;0x7f26192dc010;4039496;0.111617;0.579052
0x7fa3dfbe0010;0x7fa3ddcfe010;4047495;0.109246;0.592790
0x7f106c8ad010;0x7f106a9bc010;4055494;0.111713;0.580845
0x7f7534ac5010;0x7f7532bc4010;4063493;0.112603;0.577391
0x7f34833a2010;0x7f3481491010;4071492;0.108371;0.601119
0x7f55df80c010;0x7f55dd8ec010;4079491;0.110247;0.592052
0x7f09b190a010;0x7f09af9da010;4087490;0.113905;0.574162
0x7ff887088010;0x7ff885148010;4095489;0.114649;0.571553
0x7f97c3d9f010;0x7f97c1e50010;4103488;0.114008;0.575888
0x7fe2b3cff010;0x7fe2b1da0010;4111487;0.113825;0.577938
0x7fb90a684010;0x7fb908716010;4119486;0.112873;0.583946
0x7f1e84857010;0x7f1e828d9010;4127485;0.113131;0.583746
0x7f14ab065010;0x7f14a90d7010;4135484;0.111185;0.595114
0x7f96e7ead010;0x7f96e5f10010;4143483;0.113402;0.584607
0x7fb3d45f1010;0x7fb3d2644010;4151482;0.080204;0.828184
0x7f4be1215010;0x7f4bdf259010;4159481;0.109486;0.607857
0x7f3312f40010;0x7f3310f74010;4167480;0.111956;0.595588
0x7fcb2f122010;0x7fcb2d146010;4175479;0.114807;0.581912
0x7fe12b3bf010;0x7fe1293d4010;4183478;0.116834;0.572913
0x7f0f79ace010;0x7f0f77ad3010;4191477;0.113678;0.589944
0x7f0d48689010;0x7f0d4667e010;4199476;0.118702;0.566053
0x7f634e49e010;0x7f634c484010;4207475;0.114587;0.587497
0x7ff7ae302010;0x7ff7ac2d8010;4215474;0.116218;0.580354
0x7fb685cea010;0x7fb683cb1010;4223473;0.115885;0.583126
0x7fd24cf77010;0x7fd24af2e010;4231472;0.115558;0.585884
0x7f75f1850010;0x7f75ef7f7010;4239471;0.106594;0.636354
0x7fb0553e5010;0x7fb05337d010;4247470;0.119857;0.567005
0x7f0024e31010;0x7f0022db9010;4255469;0.116067;0.586623
0x7f5bf8426010;0x7f5bf639e010;4263468;0.115431;0.590963
0x7fb61db32010;0x7fb61ba9b010;4271467;0.116957;0.584347
0x7f0067771010;0x7f00656ca010;4279466;0.116784;0.586309
0x7f29b3fc0010;0x7f29b1f0a010;4287465;0.119684;0.573171
0x7f83d09a4010;0x7f83ce8de010;4295464;0.117475;0.585039
0x7f4067930010;0x7f406585a010;4303463;0.118408;0.581510
0x7f74836ae010;0x7f74815c9010;4311462;0.117069;0.589254
0x7f7e45e25010;0x7f7e43d30010;4319461;0.115287;0.599472
0x7f029c0c1010;0x7f0299fbc010;4327460;0.116402;0.594830
0x7f197ea13010;0x7f197c8ff010;4335459;0.117477;0.590476
0x7f4f224e1010;0x7f4f203bd010;4343458;0.119950;0.579369
0x7f42f18f8010;0x7f42ef7c5010;4351457;0.121483;0.573112
0x7f60ac61b010;0x7f60aa4d8010;4359456;0.123436;0.565081
0x7f9aa83c0010;0x7f9aa626d010;4367455;0.120176;0.581474
0x7fe005410010;0x7fe0032ae010;4375454;0.121002;0.578563
0x7f8647618010;0x7f86454a6010;4383453;0.122670;0.571738
0x7fa1a2c29010;0x7fa1a0aa7010;4391452;0.119172;0.589595
0x7f590dc33010;0x7f590baa2010;4399451;0.121635;0.578709
0x7f3f35681010;0x7f3f334e0010;4407450;0.119811;0.588587
0x7f7f2aeb2010;0x7f7f28d02010;4415449;0.123560;0.571764
0x7fd020460010;0x7fd01e2a0010;4423448;0.120134;0.589136
0x7fdf0dd8e010;0x7fdf0bbbe010;4431447;0.124437;0.569791
0x7fa1d9a88010;0x7fa1d78a9010;4439446;0.123435;0.575454
0x7f6056b53010;0x7f6054964010;4447445;0.125482;0.567087
0x7f1ef6155010;0x7f1ef3f56010;4455444;0.125153;0.569600
0x7f3b1e068010;0x7f3b1be5a010;4463443;0.122715;0.581959
0x7fdae4fd7010;0x7fdae2db9010;4471442;0.121049;0.591026
0x7ff16ec11010;0x7ff16c9e4010;4479441;0.117948;0.607649
0x7f60892aa010;0x7f608706d010;4487440;0.121810;0.589435
0x7fa38e62d010;0x7fa38c3e0010;4495439;0.119795;0.600418
0x7f7dfa95f010;0x7f7df8703010;4503438;0.119426;0.603344
0x7f0455f5a010;0x7f0453cee010;4511437;0.124691;0.578895
0x7f7df02f6010;0x7f7dee07a010;4519436;0.122522;0.590188
0x7f430c9dc010;0x7f430a751010;4527435;0.124055;0.583925
0x7ff6a4f3c010;0x7ff6a2ca1010;4535434;0.119739;0.606042
0x7f1522983010;0x7f15206d9010;4543433;0.124048;0.586023
0x7f9f0d81a010;0x7f9f0b560010;4551432;0.124385;0.585464
0x7fc1d106e010;0x7fc1ceda4010;4559431;0.125064;0.583309
0x7f338b67c010;0x7f33893a3010;4567430;0.127207;0.574488
0x7ff3bb75d010;0x7ff3b9474010;4575429;0.127331;0.574933
0x7f50644e1010;0x7f50621e8010;4583428;0.125436;0.584639
0x7fcb3d9ff010;0x7fcb3b6f7010;4591427;0.124776;0.588757
0x7f71de92e010;0x7f71dc616010;4599426;0.127519;0.577096
0x7fbbdc4c9010;0x7fbbda1a2010;4607425;0.125494;0.587429
0x7fd1edf0f010;0x7fd1ebbd8010;4615424;0.129301;0.571123
0x7fd4a9c16010;0x7fd4a78cf010;4623423;0.130955;0.564887
0x7ff43ba40010;0x7ff4396ea010;4631422;0.130830;0.566405
0x7f5c95611010;0x7f5c932ab010;4639421;0.129117;0.574911
0x7f07769a7010;0x7f0774632010;4647420;0.132298;0.562055
0x7f1f42654010;0x7f1f402cf010;4655419;0.112468;0.662292
0x7ff34fa34010;0x7ff34d69f010;4663418;0.126248;0.591016
0x7fba2468a010;0x7fba222e6010;4671417;0.108392;0.689559
0x7f7666f89010;0x7f7664bd5010;4679416;0.130017;0.575853
0x7fcb6e0b2010;0x7fcb6bcee010;4687415;0.110545;0.678445
0x7f202e98d010;0x7f202c5ba010;4695414;0.117448;0.639658
0x7f0177bd3010;0x7f01757f0010;4703413;0.110315;0.682180
0x7f6a83610010;0x7f6a8121e010;4711412;0.130177;0.579078
0x7fcb4d1d1010;0x7fcb4adcf010;4719411;0.128078;0.589567
0x7f1ca7f9a010;0x7f1ca5b88010;4727410;0.129306;0.584959
0x7f86b3fce010;0x7f86b1bad010;4735409;0.131362;0.576777
0x7fdcc2d77010;0x7fdcc0946010;4743408;0.130940;0.579613
0x7fe70282b010;0x7fe7003ea010;4751407;0.131730;0.577108
0x7f9e9d305010;0x7f9e9aeb5010;4759406;0.127737;0.596150
0x7fca58e58010;0x7fca569f8010;4767405;0.130108;0.586270
0x7ff6faf33010;0x7ff6f8ac4010;4775404;0.097363;0.784759
0x7f7bf78fe010;0x7f7bf547f010;4783403;0.132303;0.578479
0x7f01373ad010;0x7f0134f1e010;4791402;0.129577;0.591635
0x7f0ea7e7d010;0x7f0ea59df010;4799401;0.106900;0.718339
0x7fba20fbd010;0x7fba1eb0f010;4807400;0.132692;0.579676
0x7fe368820010;0x7fe366362010;4815399;0.102299;0.753149
0x7f36d6e4f010;0x7f36d4982010;4823398;0.136046;0.567267
0x7efc4c742010;0x7efc4a265010;4831397;0.134276;0.575697
0x7f02978ef010;0x7f0295403010;4839396;0.134917;0.573911
0x7f24e5448010;0x7f24e2f4c010;4847395;0.134491;0.576681
0x7fbe15fac010;0x7fbe13aa0010;4855394;0.135231;0.574471
0x7f51838eb010;0x7f51813d0010;4863393;0.132272;0.588290
0x7fe60c3bf010;0x7fe609e94010;4871392;0.131882;0.591000
0x7f39bd9d1010;0x7f39bb496010;4879391;0.104228;0.749033
0x7fa9f5459010;0x7fa9f2f0f010;4887390;0.136102;0.574556
0x7f89072bb010;0x7f8904d61010;4895389;0.131905;0.593807
0x7f2dac82a010;0x7f2daa2c1010;4903388;0.131371;0.597196
0x7f7ab5992010;0x7f7ab3419010;4911387;0.140189;0.560545
0x7fa460483010;0x7fa45defa010;4919386;0.119106;0.660842
0x7f91b5697010;0x7f91b30ff010;4927385;0.133071;0.592452
0x7fe6a0989010;0x7fe69e3e1010;4935384;0.118475;0.666520
0x7ff678c65010;0x7ff6766ad010;4943383;0.132280;0.597930
0x7f2f8e9ef010;0x7f2f8c428010;4951382;0.126825;0.624656
0x7f8a5c487010;0x7f8a59eb0010;4959381;0.130830;0.606513
0x7f45f1290010;0x7f45eecaa010;4967380;0.130681;0.608184
0x7f0852e7b010;0x7f0850885010;4975379;0.137702;0.578104
0x7fcc010f6010;0x7fcbfeaf0010;4983378;0.134037;0.594866
0x7f6467c60010;0x7f646564b010;4991377;0.127720;0.625289
0x7fa4e927e010;0x7fa4e6c59010;4999376;0.135154;0.591843
0x7fcb5f128010;0x7fcb5caf3010;5007375;0.134564;0.595390
0x7f5664525010;0x7f5661ee1010;5015374;0.131419;0.610612
0x7ffa84838010;0x7ffa821e4010;5023373;0.135327;0.593925
0x7fa5f5ee0010;0x7fa5f387d010;5031372;0.136047;0.591721
0x7f7cf2a79010;0x7f7cf0406010;5039371;0.128828;0.625873
0x7fbbd8356010;0x7fbbd5cd3010;5047370;0.132067;0.611492
0x7fc4bc5ee010;0x7fc4b9f5c010;5055369;0.136161;0.594046
0x7f9bcbef3010;0x7f9bc9851010;5063368;0.136575;0.593182
0x7f0248fbe010;0x7f024690c010;5071367;0.102525;0.791435
0x7fa00f921010;0x7fa00d260010;5079366;0.136819;0.593995
0x7fbac171b010;0x7fbabf04a010;5087365;0.132680;0.613489
0x7efd67bff010;0x7efd6551f010;5095364;0.136859;0.595691
0x7fc54ed7a010;0x7fc54c68a010;5103363;0.134456;0.607291
0x7fb05d8a3010;0x7fb05b1a3010;5111362;0.137586;0.594405
0x7efc95ba2010;0x7efc93493010;5119361;0.137923;0.593880
0x7f61e085c010;0x7f61de13d010;5127360;0.131086;0.625832
0x7f49919ba010;0x7f498f28b010;5135359;0.138395;0.593705
0x7f992e985010;0x7f992c247010;5143358;0.124231;0.662425
0x7fcf36636010;0x7fcf33ee8010;5151357;0.104328;0.790025
0x7fdf27fb7010;0x7fdf2585a010;5159356;0.105431;0.782973
0x7fbcd4c63010;0x7fbcd24f6010;5167355;0.135245;0.611317
0x7f3a1fe4a010;0x7f3a1d6cd010;5175354;0.132677;0.624114
0x7fea83410010;0x7fea80c84010;5183353;0.139209;0.595749
0x7f9e6951f010;0x7f9e66d83010;5191352;0.106431;0.780427
0x7f5c6eb48010;0x7f5c6c39d010;5199351;0.135562;0.613665
0x7f30a992b010;0x7f30a7170010;5207350;0.120624;0.690723
0x7fa409484010;0x7fa406cb9010;5215349;0.136470;0.611458
0x7ff698c02010;0x7ff696428010;5223348;0.107405;0.778117
0x7f4c78e57010;0x7f4c7666d010;5231347;0.136823;0.611751
0x7f423b55a010;0x7f4238d60010;5239346;0.112701;0.743823
0x7f87c7d71010;0x7f87c5568010;5247345;0.141239;0.594436
0x7fc04348c010;0x7fc040c73010;5255344;0.141109;0.595890
0x7fd442eb3010;0x7fd44068b010;5263343;0.132735;0.634448
0x7f80af3bb010;0x7f80acb83010;5271342;0.141449;0.596268
0x7f918f624010;0x7f918cddc010;5279341;0.141976;0.594955
0x7fa67f05e010;0x7fa67c807010;5287340;0.146009;0.579399
0x7fee67a85010;0x7fee6521e010;5295339;0.142049;0.596452
0x7fb2010c1010;0x7fb1fe84a010;5303338;0.108430;0.782565
0x7f9f5a8dd010;0x7f9f58057010;5311337;0.143380;0.592701
0x7f155638a010;0x7f1553af4010;5319336;0.139278;0.611076
0x7fec45b77010;0x7fec432d2010;5327335;0.138878;0.613757
0x7f543bae5010;0x7f5439230010;5335334;0.149704;0.570228
0x7fe8c4849010;0x7fe8c1f84010;5343333;0.149544;0.571693
0x7fcbdc3c4010;0x7fcbd9af0010;5351332;0.149721;0.571873
0x7f1ccdd9b010;0x7f1ccb4b7010;5359331;0.150046;0.571486
0x7fdb0e9d2010;0x7fdb0c0de010;5367330;0.150917;0.569036
0x7fd72021d010;0x7fd71d91a010;5375329;0.149422;0.575587
0x7f7ae8303010;0x7f7ae59f0010;5383328;0.150645;0.571763
0x7fe55ce4b010;0x7fe55a529010;5391327;0.149793;0.575870
0x7f2169721010;0x7f2166def010;5399326;0.161624;0.534507
0x7f42b3ff1010;0x7f42b16af010;5407325;0.148817;0.581366
0x7f3047c18010;0x7f30452c7010;5415324;0.151841;0.570631
0x7f9ccafde010;0x7f9cc867d010;5423323;0.151794;0.571651
0x7f394a20c010;0x7f394789b010;5431322;0.146948;0.591374
0x7fb7efccf010;0x7fb7ed34f010;5439321;0.146008;0.596058
0x7fd846d2f010;0x7fd84439f010;5447320;0.153049;0.569472
0x7fb4900d5010;0x7fb48d736010;5455319;0.143452;0.608462
0x7f50c80bd010;0x7f50c570e010;5463318;0.152863;0.571839
0x7fcd63612010;0x7fcd60c53010;5471317;0.151643;0.577284
0x7f891b574010;0x7f8918ba6010;5479316;0.148202;0.591551
0x7fef6630b010;0x7fef6392d010;5487315;0.155439;0.564832
0x7f536342f010;0x7f5360a41010;5495314;0.144805;0.607196
0x7f2873eef010;0x7f28714f2010;5503313;0.155782;0.565232
0x7f399210f010;0x7f398f702010;5511312;0.145145;0.607537
0x7fef9433f010;0x7fef91923010;5519311;0.153603;0.574918
0x7f3abcd53010;0x7f3aba327010;5527310;0.151400;0.584128
0x7f732c7be010;0x7f7329d82010;5535309;0.146129;0.606074
0x7f45954e4010;0x7f4592a99010;5543308;0.154862;0.572722
0x7f6e11d68010;0x7f6e0f30d010;5551307;0.155979;0.569442
0x7fad12f39010;0x7fad104ce010;5559306;0.157430;0.565006
0x7f6a88394010;0x7f6a8591a010;5567305;0.151190;0.589172
0x7fad4642e010;0x7fad439a4010;5575304;0.149985;0.594758
0x7f67340df010;0x7f6731646010;5583303;0.158268;0.564440
0x7f62adaeb010;0x7f62ab042010;5591302;0.154964;0.577301
0x7fd4ebb46010;0x7fd4e908d010;5599301;0.157665;0.568223
0x7fe63cf0a010;0x7fe63a442010;5607300;0.152032;0.590118
0x7f2600ed8010;0x7f25fe400010;5615299;0.154025;0.583314
0x7f043e4d6010;0x7f043b9ee010;5623298;0.158224;0.568641
0x7f873c6e6010;0x7f8739bef010;5631297;0.157735;0.571216
0x7f7c14687010;0x7f7c11b80010;5639296;0.156958;0.574859
0x7ff25b598010;0x7ff258a82010;5647295;0.157965;0.572004
0x7ff315716010;0x7ff312bf0010;5655294;0.158488;0.570925
0x7f8ee35a9010;0x7f8ee0a73010;5663293;0.156417;0.579302
0x7fc73bd10010;0x7fc7391cb010;5671292;0.159634;0.568429
0x7f2535334010;0x7f25327df010;5679291;0.159987;0.567975
0x7efee32fe010;0x7efee079a010;5687290;0.160122;0.568295
0x7f60f5d92010;0x7f60f321e010;5695289;0.160395;0.568126
0x7f3e90c42010;0x7f3e8e0be010;5703288;0.161690;0.564368
0x7f9b759d4010;0x7f9b72e41010;5711287;0.150447;0.607394
0x7f156b96d010;0x7f1568dca010;5719286;0.160448;0.570332
0x7f29ed25a010;0x7f29ea6a7010;5727285;0.159221;0.575531
0x7f155a9d5010;0x7f1557e13010;5735284;0.161963;0.566577
0x7f7dac0c1010;0x7f7da94ef010;5743283;0.154311;0.595502
0x7fd202842010;0x7fd1ffc61010;5751282;0.155546;0.591597
0x7ffa04ab7010;0x7ffa01ec6010;5759281;0.161386;0.570982
0x7f4eab6fe010;0x7f4ea8afd010;5767280;0.156451;0.589811
0x7f8174392010;0x7f8171782010;5775279;0.156211;0.591537
0x7f78406e0010;0x7f783dac0010;5783278;0.159575;0.579868
0x7f0ca6ef6010;0x7f0ca42c6010;5791277;0.158859;0.583287
0x7f3b699f1010;0x7f3b66db2010;5799276;0.158895;0.583961
0x7f0d1b376010;0x7f0d18727010;5807275;0.152941;0.607531
0x7f7281ba9010;0x7f727ef4b010;5815274;0.157657;0.590169
0x7f911b6f1010;0x7f9118a83010;5823273;0.158054;0.589497
0x7f815a110010;0x7f8157492010;5831272;0.164933;0.565686
0x7fdbc104d010;0x7fdbbe3c0010;5839271;0.154190;0.605930
0x7f18e328e010;0x7f18e05f1010;5847270;0.165613;0.564909
0x7f2bc73b5010;0x7f2bc4708010;5855269;0.166043;0.564217
0x7fa26f3a5010;0x7fa26c6e9010;5863268;0.160810;0.583373
0x7ffa94ba8010;0x7ffa91edc010;5871267;0.162824;0.576943
0x7fa7783e2010;0x7fa775707010;5879266;0.166484;0.565028
0x7f429bf0e010;0x7f4299223010;5887265;0.162465;0.579794
0x7f51e5eac010;0x7f51e31b1010;5895264;0.160095;0.589177
0x7fbfa9b73010;0x7fbfa6e69010;5903263;0.166541;0.567141
0x7fc953c75010;0x7fc950f5b010;5911262;0.166424;0.568308
0x7fcb937a7010;0x7fcb90a7d010;5919261;0.164736;0.574909
0x7fddc98d4010;0x7fddc6b9b010;5927260;0.167755;0.565326
0x7f8129712010;0x7f81269c9010;5935259;0.168219;0.564527
0x7f4e355a8010;0x7f4e32850010;5943258;0.168867;0.563118
0x7f2690845010;0x7f268dadd010;5951257;0.136706;0.696533
0x7f94a510c010;0x7f94a2394010;5959256;0.129732;0.734963
0x7efcf528e010;0x7efcf2507010;5967255;0.162928;0.586002
0x7f4ce473c010;0x7f4ce19a5010;5975254;0.167889;0.569448
0x7fd2e8a7d010;0x7fd2e5cd6010;5983253;0.162124;0.590486
0x7f7d8152f010;0x7f7d7e779010;5991252;0.162004;0.591714
0x7fa91372e010;0x7fa910968010;5999251;0.169647;0.565810
0x7f3cb829b010;0x7f3cb54c6010;6007250;0.162882;0.590096
0x7f0d8ab7c010;0x7f0d87d97010;6015249;0.162083;0.593795
0x7ffaab9f2010;0x7ffaa8bfd010;6023248;0.167445;0.575543
0x7fa79b4ab010;0x7fa7986a7010;6031247;0.168459;0.572839
0x7f37b6750010;0x7f37b393c010;6039246;0.163065;0.592572
0x7fc349c51010;0x7fc346e2d010;6047245;0.163532;0.591663
0x7f36b43f5010;0x7f36b15c2010;6055244;0.171411;0.565214
0x7fce21c17010;0x7fce1edd4010;6063243;0.165182;0.587303
0x7f6277730010;0x7f62748de010;6071242;0.162763;0.596818
0x7fa67b99e010;0x7fa678b3c010;6079241;0.186835;0.520608
0x7f889279e010;0x7f888f92c010;6087240;0.171465;0.568022
0x7f2cb53d4010;0x7f2cb2553010;6095239;0.172165;0.566456
0x7fe746bdb010;0x7fe743d4a010;6103238;0.172675;0.565523
0x7f0a4c592010;0x7f0a496f1010;6111237;0.173347;0.564070
0x7f960c4ff010;0x7f960964f010;6119236;0.169833;0.576495
0x7fd2e20ec010;0x7fd2df22c010;6127235;0.166198;0.589873
0x7fb99d1b8010;0x7fb99a2e9010;6135234;0.168364;0.583045
0x7f665f9d7010;0x7f665caf8010;6143233;0.170073;0.577938
0x7f223bba5010;0x7f2238cb6010;6151232;0.169736;0.579839
0x7fcca130e010;0x7fcc9e410010;6159231;0.163142;0.604061
0x7f3e79d96010;0x7f3e76e88010;6167230;0.170352;0.579245
0x7f3bc0cf5010;0x7f3bbddd8010;6175229;0.174049;0.567678
0x7f6782323010;0x7f677f3f6010;6183228;0.175369;0.564134
0x7f26977e3010;0x7f26948a6010;6191227;0.174508;0.567651
0x7f4eba310010;0x7f4eb73c4010;6199226;0.167371;0.592621
0x7f3a094da010;0x7f3a0657e010;6207225;0.168319;0.590044
0x7ff75a759010;0x7ff7577ed010;6215224;0.168152;0.591391
0x7f533d5c6010;0x7f533a64b010;6223223;0.174925;0.569224
0x7f76ccbff010;0x7f76c9c74010;6231222;0.177140;0.562829
0x7fcc9055f010;0x7fcc8d5c5010;6239221;0.176684;0.565006
0x7f1ad939f010;0x7f1ad63f5010;6247220;0.159508;0.626649
0x7f670f6f3010;0x7f670c739010;6255219;0.169374;0.590902
0x7fcb8d668010;0x7fcb8a69f010;6263218;0.172145;0.582134
0x7f13668e4010;0x7f136390b010;6271217;0.172951;0.580161
0x7f91866cb010;0x7f91836e2010;6279216;0.176750;0.568416
0x7ff3b5e80010;0x7ff3b2e88010;6287215;0.143160;0.702678
0x7fa89c9be010;0x7fa8999b6010;6295214;0.173658;0.580011
0x7f8050122010;0x7f804d10b010;6303213;0.174171;0.579037
0x7f9a368f0010;0x7f9a338c9010;6311212;0.175995;0.573762
0x7fed55135010;0x7fed520fe010;6319211;0.156723;0.645134
0x7f6242ac3010;0x7f623fa7d010;6327210;0.173584;0.583207
0x7f84fa4ba010;0x7f84f7464010;6335209;0.171271;0.591830
0x7f2cb42cf010;0x7f2cb1269010;6343208;0.167253;0.606813
0x7ff856c5d010;0x7ff853be8010;6351207;0.180884;0.561793
0x7f1c1b0fd010;0x7f1c18078010;6359206;0.166865;0.609758
0x7f83a259b010;0x7f839f507010;6367205;0.181050;0.562691
0x7fd7c663c010;0x7fd7c3598010;6375204;0.171132;0.596051
0x7feaacdd8010;0x7feaa9d24010;6383203;0.172795;0.591054
0x7fedbe086010;0x7fedbafc3010;6391202;0.179630;0.569277
0x7f1753643010;0x7f1750570010;6399201;0.173448;0.590305
0x7f54a34f0010;0x7f54a040d010;6407200;0.174547;0.587322
0x7f11fa385010;0x7f11f7293010;6415199;0.182318;0.562990
0x7fbdaa7db010;0x7fbda76d9010;6423198;0.177955;0.577512
0x7f52fdbb8010;0x7f52faaa7010;6431197;0.179900;0.571980
0x7f157c1e1010;0x7f15790c0010;6439196;0.183536;0.561345
0x7eff3905b010;0x7eff35f2a010;6447195;0.174507;0.591123
0x7f8ab4e16010;0x7f8ab1cd6010;6455194;0.183533;0.562750
0x7f8efa577010;0x7f8ef7427010;6463193;0.175360;0.589708
0x7f621bd9e010;0x7f6218c3e010;6471192;0.178464;0.580168
0x7f1801e58010;0x7f17fece9010;6479191;0.183031;0.566390
0x7fb91bd0e010;0x7fb918b8f010;6487190;0.183610;0.565302
0x7fc6adf80010;0x7fc6aadf2010;6495189;0.174684;0.594920
0x7fd86027d010;0x7fd85d0df010;6503188;0.148044;0.702839
0x7fdd4d2da010;0x7fdd4a12c010;6511187;0.175480;0.593680
0x7f9b05239010;0x7f9b0207c010;6519186;0.180691;0.577267
0x7f64cbfae010;0x7f64c8de1010;6527185;0.179902;0.580510
0x7ff420cfc010;0x7ff41db1f010;6535184;0.177202;0.590077
0x7ff6fa88d010;0x7ff6f76a1010;6543183;0.181431;0.577029
0x7ff81a44e010;0x7ff817252010;6551182;0.178756;0.586380
0x7fdc22a7e010;0x7fdc1f873010;6559181;0.177363;0.591707
0x7f6217f17010;0x7f6214cfc010;6567180;0.183767;0.571783
0x7f6df63d0010;0x7f6df31a5010;6575179;0.207153;0.507851
0x7fe17e0ba010;0x7fe17ae80010;6583178;0.183178;0.575019
0x7f8c28280010;0x7f8c25036010;6591177;0.188623;0.559099
0x7ff933a91010;0x7ff930837010;6599176;0.187361;0.563547
0x7f498c35b010;0x7f49890f2010;6607175;0.183105;0.577345
0x7f96a638d010;0x7f96a3114010;6615174;0.184485;0.573720
0x7f399977f010;0x7f39964f7010;6623173;0.183371;0.577904
0x7fe43b25e010;0x7fe437fc6010;6631172;0.184144;0.576173
0x7f91fc919010;0x7f91f9671010;6639171;0.184486;0.575799
0x7f651b6a7010;0x7f65183f0010;6647170;0.184382;0.576817
0x7fc4e23e4010;0x7fc4df11d010;6655169;0.185622;0.573653
0x7feaee083010;0x7feaeadac010;6663168;0.184926;0.576504
0x7fa3b397e010;0x7fa3b0698010;6671167;0.185220;0.576280
0x7ff88bc60010;0x7ff88896a010;6679166;0.190428;0.561192
0x7f5ee50be010;0x7f5ee1db9010;6687165;0.188648;0.567166
0x7fd916cd0010;0x7fd9139bb010;6695164;0.185865;0.576347
0x7f18ac28a010;0x7f18a8f65010;6703163;0.181265;0.591679
0x7f6fc8e90010;0x7f6fc5b5c010;6711162;0.188263;0.570365
0x7f49f3084010;0x7f49efd40010;6719161;0.186875;0.575286
0x7f30debe4010;0x7f30db891010;6727160;0.191881;0.560945
0x7f4f7b7c6010;0x7f4f78463010;6735159;0.181893;0.592451
0x7f79909f8010;0x7f798d685010;6743158;0.191718;0.562756
0x7f547e1ac010;0x7f547ae2a010;6751157;0.185168;0.583354
0x7f57af4fb010;0x7f57ac169010;6759156;0.191071;0.566002
0x7ff505c65010;0x7ff5028c3010;6767155;0.187112;0.578661
0x7f1055213010;0x7f1051e62010;6775154;0.151993;0.713207
0x7f8c5a0b7010;0x7f8c56cf6010;6783153;0.187570;0.578613
0x7f45cf8a7010;0x7f45cc4d7010;6791152;0.192588;0.564201
0x7f83ae273010;0x7f83aae93010;6799151;0.193908;0.561021
0x7ff7aded4010;0x7ff7aaae4010;6807150;0.193199;0.563742
0x7f2252aa7010;0x7f224f6a8010;6815149;0.184361;0.591461
0x7f95ec795010;0x7f95e9386010;6823148;0.194053;0.562580
0x7fb098ccd010;0x7fb0958ae010;6831147;0.185480;0.589273
0x7f78f207f010;0x7f78eec51010;6839146;0.194358;0.563014
0x7f8f3222e010;0x7f8f2edf0010;6847145;0.194964;0.561921
0x7f2a9ff13010;0x7f2a9cac6010;6855144;0.194930;0.562675
0x7f3c3b12f010;0x7f3c37cd2010;6863143;0.194705;0.563983
0x7f46fb792010;0x7f46f8325010;6871142;0.187092;0.587616
0x7f66be5e3010;0x7f66bb167010;6879141;0.174619;0.630322
0x7faa75a04010;0x7faa72578010;6887140;0.195610;0.563336
0x7f9469d3f010;0x7f94668a3010;6895139;0.196606;0.561134
0x7fe8129c0010;0x7fe80f515010;6903138;0.196924;0.560877
0x7f3db47c8010;0x7f3db130d010;6911137;0.193354;0.571895
0x7f95915d8010;0x7f958e10e010;6919136;0.197230;0.561305
0x7f5d44416010;0x7f5d40f3c010;6927135;0.190789;0.580925
0x7fb5e4947010;0x7fb5e145d010;6935134;0.193153;0.574478
0x7f5ad3b79010;0x7f5ad0680010;6943133;0.188018;0.590848
0x7f0903992010;0x7f0900489010;6951132;0.198547;0.560160
0x7fe007291010;0x7fe003d78010;6959131;0.173162;0.643017
0x7f6ae2462010;0x7f6adef3a010;6967130;0.188527;0.591290
0x7f88e925a010;0x7f88e5d22010;6975129;0.189855;0.587828
0x7fb75c997010;0x7fb759450010;6983128;0.195426;0.571726
0x7f2ed138b010;0x7f2ecde34010;6991127;0.199063;0.561923
0x7f60be8f6010;0x7f60bb38f010;6999126;0.200061;0.559760
0x7f8ca7b08010;0x7f8ca4592010;7007125;0.191117;0.586626
0x7fdea5331010;0x7fdea1dab010;7015124;0.200197;0.560658
0x7fab80f5c010;0x7fab7d9c6010;7023123;0.191778;0.585937
0x7f4a44663010;0x7f4a410be010;7031122;0.222476;0.505663
0x7ff59b466010;0x7ff597eb1010;7039121;0.200112;0.562814
0x7f9f4d270010;0x7f9f49cac010;7047120;0.196860;0.572762
0x7fbbd070a010;0x7fbbcd136010;7055119;0.191761;0.588659
0x7f376b2a3010;0x7f3767cbf010;7063118;0.201813;0.559973
0x7f5b8f285010;0x7f5b8bc92010;7071117;0.200435;0.564462
0x7fccde50b010;0x7fccdaf08010;7079116;0.202574;0.559133
0x7efff69cb010;0x7efff33b8010;7087115;0.192606;0.588735
0x7f9303307010;0x7f92ffce5010;7095114;0.193141;0.587767
0x7f607395f010;0x7f607032d010;7103113;0.203533;0.558385
0x7f866b405010;0x7f8667dc4010;7111112;0.202064;0.563079
0x7f6cbebbf010;0x7f6cbb56e010;7119111;0.192802;0.590792
0x7f09d085c010;0x7f09cd1fb010;7127110;0.169210;0.673919
0x7f01455f1010;0x7f0141f81010;7135109;0.197164;0.579019
0x7f913e449010;0x7f913adc9010;7143108;0.194067;0.588919
0x7f5e12e16010;0x7f5e0f786010;7151107;0.199730;0.572862
0x7fe2152c3010;0x7fe211c24010;7159106;0.198813;0.576148
0x7f9df037f010;0x7f9deccd0010;7167105;0.194959;0.588194
0x7f286444e010;0x7f2860d90010;7175104;0.205444;0.558798
0x7f2b5dc99010;0x7f2b5a5cb010;7183103;0.198139;0.580046
0x7fdd15dda010;0x7fdd126fc010;7191102;0.199101;0.577886
0x7f55ae870010;0x7f55ab183010;7199101;0.206067;0.558971
0x7f74af5e6010;0x7f74abee9010;7207100;0.206149;0.559371
0x7f51ad224010;0x7f51a9b18010;7215099;0.206527;0.558966
0x7fd9a6243010;0x7fd9a2b27010;7223098;0.194292;0.594824
0x7f79e39e9010;0x7f79e02bd010;7231097;0.203882;0.567473
0x7f223f97c010;0x7f223c241010;7239096;0.207350;0.558599
0x7f4abc7c2010;0x7f4ab9077010;7247095;0.207993;0.557488
0x7f4e61214010;0x7f4e5dab9010;7255094;0.204657;0.567200
0x7f06aed61010;0x7f06ab5f7010;7263093;0.199266;0.583188
0x7f2837543010;0x7f2833dc9010;7271092;0.209088;0.556404
0x7fac03acd010;0x7fac00344010;7279091;0.208221;0.559336
0x7f94b7cfa010;0x7f94b4561010;7287090;0.202357;0.576177
0x7f9c4e98e010;0x7f9c4b1e5010;7295089;0.197290;0.591624
0x7f353714a010;0x7f3533992010;7303088;0.208680;0.559946
0x7f1e1caff010;0x7f1e19337010;7311087;0.205046;0.570494
0x7fc3ab4fc010;0x7fc3a7d24010;7319086;0.210143;0.557265
0x7f71e04fb010;0x7f71dcd14010;7327085;0.205131;0.571505
0x7fb4ed36b010;0x7fb4e9b74010;7335084;0.200419;0.585580
0x7f1b49ff5010;0x7f1b467ef010;7343083;0.179059;0.656149
0x7fae92fd7010;0x7fae8f7c1010;7351082;0.211484;0.556152
0x7f28f4434010;0x7f28f0c0e010;7359081;0.210043;0.560577
0x7fc57175f010;0x7fc56df2a010;7367080;0.211206;0.558096
0x7ff136931010;0x7ff1330ec010;7375079;0.204589;0.576772
0x7f42130a0010;0x7f420f84b010;7383078;0.212488;0.555934
0x7f93bf7d9010;0x7f93bbf75010;7391077;0.212281;0.557079
0x7f949258c010;0x7f948ed18010;7399076;0.205846;0.575115
0x7fa14893a010;0x7fa1450b7010;7407075;0.212838;0.556824
0x7f6d46e42010;0x7f6d435af010;7415074;0.204357;0.580558
0x7f2b80080010;0x7f2b7c7dd010;7423073;0.206527;0.575078
0x7f3332797010;0x7f332eee5010;7431072;0.213298;0.557423
0x7f310c7f5010;0x7f3108f33010;7439071;0.214855;0.553979
0x7f3a20ae3010;0x7f3a1d211010;7447070;0.213211;0.558851
0x7fd3dcf1c010;0x7fd3d963b010;7455069;0.211057;0.565160
0x7fa6e5063010;0x7fa6e1772010;7463068;0.215981;0.552868
0x7fcde235e010;0x7fcddea5e010;7471067;0.210966;0.566617
0x7ff5a7817010;0x7ff5a3f07010;7479066;0.212386;0.563432
0x7fcb8bb1e010;0x7fcb881fe010;7487065;0.209305;0.572338
0x7f62268e6010;0x7f6222fb7010;7495064;0.212353;0.564725
0x7fbbf95f2010;0x7fbbf5cb3010;7503063;0.235435;0.509903
0x7f916c839010;0x7f9168eea010;7511062;0.212723;0.564946
0x7fdff4fb7010;0x7fdff1659010;7519061;0.216424;0.555876
0x7f38fa3e0010;0x7f38f6a72010;7527060;0.216740;0.555657
0x7f3a03039010;0x7f39ff6bc010;7535059;0.217703;0.553786
0x7f249a87b010;0x7f2496eee010;7543058;0.218203;0.553104
0x7f482e099010;0x7f482a6fc010;7551057;0.206010;0.586461
0x7f94ab189010;0x7f94a77dd010;7559056;0.218093;0.554557
0x7fb1f6d69010;0x7fb1f33ad010;7567055;0.218919;0.553049
0x7f8f9e3dd010;0x7f8f9aa11010;7575054;0.215917;0.561331
0x7fed81fe1010;0x7fed7e606010;7583053;0.207973;0.583387
0x7f2fc1bb7010;0x7f2fbe1cc010;7591052;0.219529;0.553261
0x7f1d39b3d010;0x7f1d36143010;7599051;0.219497;0.553925
0x7f03942cf010;0x7f03908c5010;7607050;0.220196;0.552748
0x7f7980c64010;0x7f797d24a010;7615049;0.220367;0.552900
0x7f8ab97fa010;0x7f8ab5dd1010;7623048;0.213188;0.572118
0x7f3a8fbb0010;0x7f3a8c177010;7631047;0.207347;0.588853
0x7f145bd97010;0x7f145834e010;7639046;0.213932;0.571325
0x7f94c3034010;0x7f94bf5dc010;7647045;0.214742;0.569766
0x7f6aa66b8010;0x7f6aa2c50010;7655044;0.213370;0.574029
0x7f797d971010;0x7f7979efa010;7663043;0.213473;0.574353
0x7f0d5dacb010;0x7f0d5a044010;7671042;0.209374;0.586208
0x7f4b4cb79010;0x7f4b490e2010;7679041;0.215230;0.570853
0x7f3210d1f010;0x7f320d279010;7687040;0.215483;0.570777
0x7fcf65fdf010;0x7fcf62529010;7695039;0.215440;0.571484
0x7f50ccf15010;0x7f50c944f010;7703038;0.215183;0.572762
0x7f7f8ec52010;0x7f7f8b17d010;7711037;0.211505;0.583327
0x7f3010a52010;0x7f300cf6d010;7719036;0.216631;0.570115
0x7f1d2ceb0010;0x7f1d293bc010;7727035;0.217179;0.569266
0x7fbb5b77f010;0x7fbb57c7b010;7735034;0.216693;0.571133
0x7fe059717010;0x7fe055c03010;7743033;0.217529;0.569526
0x7f32dd372010;0x7f32d984f010;7751032;0.211610;0.586061
0x7f25f7a96010;0x7f25f3f63010;7759031;0.228549;0.543185
0x7f74ae373010;0x7f74aa831010;7767030;0.212465;0.584908
0x7eff4db9c010;0x7eff4a04a010;7775029;0.217768;0.571252
0x7f26805ca010;0x7f267ca68010;7783028;0.213648;0.582867
0x7f5cd0aae010;0x7f5cccf3d010;7791027;0.218984;0.569249
0x7fa0963a7010;0x7fa092826010;7799026;0.218950;0.569922
0x7fae47c2c010;0x7fae4409b010;7807025;0.218863;0.570733
0x7fb095d39010;0x7fb092199010;7815024;0.223255;0.560079
0x7f72b60aa010;0x7f72b24fa010;7823023;0.216405;0.578399
0x7f66ddc26010;0x7f66da067010;7831022;0.217110;0.577110
0x7fe6618b6010;0x7fe65dce7010;7839021;0.215788;0.581239
0x7f552689d010;0x7f5522cbe010;7847020;0.219917;0.570908
0x7f1e39193010;0x7f1e355a5010;7855019;0.219459;0.572682
0x7fd3b343a010;0x7fd3af83c010;7863018;0.220643;0.570189
0x7f9b2ef47010;0x7f9b2b339010;7871017;0.220529;0.571065
0x7f1203951010;0x7f11ffd34010;7879016;0.215055;0.586195
0x7f056af53010;0x7f0567326010;7887015;0.221355;0.570090
0x7f4a243cf010;0x7f4a20793010;7895014;0.221891;0.569289
0x7fba65e8a010;0x7fba6223e010;7903013;0.221252;0.571512
0x7f04d7d88010;0x7f04d412c010;7911012;0.220500;0.574042
0x7f35460f0010;0x7f3542485010;7919011;0.221727;0.571442
0x7fbfd0564010;0x7fbfcc8e9010;7927010;0.222309;0.570522
0x7f280bac4010;0x7f2807e39010;7935009;0.222911;0.569555
0x7f49c5827010;0x7f49c1b8d010;7943008;0.217677;0.583838
0x7faea94ca010;0x7faea5820010;7951007;0.217243;0.585594
0x7f3973c16010;0x7f396ff5d010;7959006;0.223352;0.570150
0x7fbdafa2f010;0x7fbdabd66010;7967005;0.223284;0.570897
0x7ff50ed5b010;0x7ff50b082010;7975004;0.223488;0.570949
0x7f4c678bb010;0x7f4c63bd3010;7983003;0.217931;0.586094
0x7f15b2189010;0x7f15ae491010;7991002;0.224740;0.568906
0x7f1906040010;0x7f1902338010;7999001;0.246895;0.518374
