27015875
27031750
27047625
27063500
27079375
27095250
27111125
27127000
27142875
27158750
27174625
27190500
27206375
27222250
27238125
27254000
27269875
27285750
27301625
27317500
27333375
27349250
27365125
27381000
27396875
27412750
27428625
27444500
27460375
27476250
27492125
27508000
27523875
27539750
27555625
27571500
27587375
27603250
27619125
27635000
27650875
27666750
27682625
27698500
27714375
27730250
27746125
27762000
27777875
27793750
27809625
27825500
27841375
27857250
27873125
27889000
27904875
27920750
27936625
27952500
27968375
27984250
28000125
28016000
28031875
28047750
28063625
28079500
28095375
28111250
28127125
28143000
28158875
28174750
28190625
28206500
28222375
28238250
28254125
28270000
28285875
28301750
28317625
28333500
28349375
28365250
28381125
28397000
28412875
28428750
28444625
28460500
28476375
28492250
28508125
28524000
28539875
28555750
28571625
28587500
28603375
28619250
28635125
28651000
28666875
28682750
28698625
28714500
28730375
28746250
28762125
28778000
28793875
28809750
28825625
28841500
28857375
28873250
28889125
28905000
28920875
28936750
28952625
28968500
28984375
29000250
29016125
29032000
29047875
29063750
29079625
29095500
29111375
29127250
29143125
29159000
29174875
29190750
29206625
29222500
29238375
29254250
29270125
29286000
29301875
29317750
29333625
29349500
29365375
29381250
29397125
29413000
29428875
29444750
29460625
29476500
29492375
29508250
29524125
29540000
29555875
29571750
29587625
29603500
29619375
29635250
29651125
29667000
29682875
29698750
29714625
29730500
29746375
29762250
29778125
29794000
29809875
29825750
29841625
29857500
29873375
29889250
29905125
29921000
29936875
29952750
29968625
29984500
30000375
30016250
30032125
30048000
30063875
30079750
30095625
30111500
30127375
30143250
30159125
30175000
30190875
30206750
30222625
30238500
30254375
30270250
30286125
30302000
30317875
30333750
30349625
30365500
30381375
30397250
30413125
30429000
30444875
30460750
30476625
30492500
30508375
30524250
30540125
30556000
30571875
30587750
30603625
30619500
30635375
30651250
30667125
30683000
30698875
30714750
30730625
30746500
30762375
30778250
30794125
30810000
30825875
30841750
30857625
30873500
30889375
30905250
30921125
30937000
30952875
30968750
30984625
31000500
31016375
31032250
31048125
31064000
31079875
31095750
31111625
31127500
31143375
31159250
31175125
31191000
31206875
31222750
31238625
31254500
31270375
31286250
31302125
31318000
31333875
31349750
31365625
31381500
31397375
31413250
31429125
31445000
31460875
31476750
31492625
31508500
31524375
31540250
31556125
31572000
31587875
31603750
31619625
31635500
31651375
31667250
31683125
31699000
31714875
31730750
31746625
31762500
31778375
31794250
31810125
31826000
31841875
31857750
31873625
31889500
31905375
31921250
31937125
31953000
31968875
31984750
32000625
32016500
32032375
32048250
32064125
32080000
32095875
32111750
32127625
32143500
32159375
32175250
32191125
32207000
32222875
32238750
32254625
32270500
32286375
32302250
32318125
32334000
32349875
32365750
32381625
32397500
32413375
32429250
32445125
32461000
32476875
32492750
32508625
32524500
32540375
32556250
32572125
32588000
32603875
32619750
32635625
32651500
32667375
32683250
32699125
32715000
32730875
32746750
32762625
32778500
32794375
32810250
32826125
32842000
32857875
32873750
32889625
32905500
32921375
32937250
32953125
32969000
32984875
33000750
33016625
33032500
33048375
33064250
33080125
33096000
33111875
33127750
33143625
33159500
33175375
33191250
33207125
33223000
33238875
33254750
33270625
33286500
33302375
33318250
33334125
33350000
33365875
33381750
33397625
33413500
33429375
33445250
33461125
33477000
33492875
33508750
33524625
33540500
33556375
33572250
33588125
33604000
33619875
33635750
33651625
33667500
33683375
33699250
33715125
33731000
33746875
33762750
33778625
33794500
33810375
33826250
33842125
33858000
33873875
33889750
33905625
33921500
33937375
33953250
33969125
33985000
34000875
34016750
34032625
34048500
34064375
34080250
34096125
34112000
34127875
34143750
34159625
34175500
34191375
34207250
34223125
34239000
34254875
34270750
34286625
34302500
34318375
34334250
34350125
34366000
34381875
34397750
34413625
34429500
34445375
34461250
34477125
34493000
34508875
34524750
34540625
34556500
34572375
34588250
34604125
34620000
34635875
34651750
34667625
34683500
34699375
34715250
34731125
34747000
34762875
34778750
34794625
34810500
34826375
34842250
34858125
34874000
34889875
34905750
34921625
34937500
34953375
34969250
34985125
35001000
35016875
35032750
35048625
35064500
35080375
35096250
35112125
35128000
35143875
35159750
35175625
35191500
35207375
35223250
35239125
35255000
35270875
35286750
35302625
35318500
35334375
35350250
35366125
35382000
35397875
35413750
35429625
35445500
35461375
35477250
35493125
35509000
35524875
35540750
35556625
35572500
35588375
35604250
35620125
35636000
35651875
35667750
35683625
35699500
35715375
35731250
35747125
35763000
35778875
35794750
35810625
35826500
35842375
35858250
35874125
35890000
35905875
35921750
35937625
35953500
35969375
35985250
36001125
36017000
36032875
36048750
36064625
36080500
36096375
36112250
36128125
36144000
36159875
36175750
36191625
36207500
36223375
36239250
36255125
36271000
36286875
36302750
36318625
36334500
36350375
36366250
36382125
36398000
36413875
36429750
36445625
36461500
36477375
36493250
36509125
36525000
36540875
36556750
36572625
36588500
36604375
36620250
36636125
36652000
36667875
36683750
36699625
36715500
36731375
36747250
36763125
36779000
36794875
36810750
36826625
36842500
36858375
36874250
36890125
36906000
36921875
36937750
36953625
36969500
36985375
37001250
37017125
37033000
37048875
37064750
37080625
37096500
37112375
37128250
37144125
37160000
37175875
37191750
37207625
37223500
37239375
37255250
37271125
37287000
37302875
37318750
37334625
37350500
37366375
37382250
37398125
37414000
37429875
37445750
37461625
37477500
37493375
37509250
37525125
37541000
37556875
37572750
37588625
37604500
37620375
37636250
37652125
37668000
37683875
37699750
37715625
37731500
37747375
37763250
37779125
37795000
37810875
37826750
37842625
37858500
37874375
37890250
37906125
37922000
37937875
37953750
37969625
37985500
38001375
38017250
38033125
38049000
38064875
38080750
38096625
38112500
38128375
38144250
38160125
38176000
38191875
38207750
38223625
38239500
38255375
38271250
38287125
38303000
38318875
38334750
38350625
38366500
38382375
38398250
38414125
38430000
38445875
38461750
38477625
38493500
38509375
38525250
38541125
38557000
38572875
38588750
38604625
38620500
38636375
38652250
38668125
38684000
38699875
38715750
38731625
38747500
38763375
38779250
38795125
38811000
38826875
38842750
38858625
38874500
38890375
38906250
38922125
38938000
38953875
38969750
38985625
39001500
39017375
39033250
39049125
39065000
39080875
39096750
39112625
39128500
39144375
39160250
39176125
39192000
39207875
39223750
39239625
39255500
39271375
39287250
39303125
39319000
39334875
39350750
39366625
39382500
39398375
39414250
39430125
39446000
39461875
39477750
39493625
39509500
39525375
39541250
39557125
39573000
39588875
39604750
39620625
39636500
39652375
39668250
39684125
39700000
39715875
39731750
39747625
39763500
39779375
39795250
39811125
39827000
39842875
39858750
39874625
39890500
39906375
39922250
39938125
39954000
39969875
39985750
40001625
40017500
40033375
40049250
40065125
40081000
40096875
40112750
40128625
40144500
40160375
40176250
40192125
40208000
40223875
40239750
40255625
40271500
40287375
40303250
40319125
40335000
40350875
40366750
40382625
40398500
40414375
40430250
40446125
40462000
40477875
40493750
40509625
40525500
40541375
40557250
40573125
40589000
40604875
40620750
40636625
40652500
40668375
40684250
40700125
40716000
40731875
40747750
40763625
40779500
40795375
40811250
40827125
40843000
40858875
40874750
40890625
40906500
40922375
40938250
40954125
40970000
40985875
41001750
41017625
41033500
41049375
41065250
41081125
41097000
41112875
41128750
41144625
41160500
41176375
41192250
41208125
41224000
41239875
41255750
41271625
41287500
41303375
41319250
41335125
41351000
41366875
41382750
41398625
41414500
41430375
41446250
41462125
41478000
41493875
41509750
41525625
41541500
41557375
41573250
41589125
41605000
41620875
41636750
41652625
41668500
41684375
41700250
41716125
41732000
41747875
41763750
41779625
41795500
41811375
41827250
41843125
41859000
41874875
41890750
41906625
41922500
41938375
41954250
41970125
41986000
42001875
42017750
42033625
42049500
42065375
42081250
42097125
42113000
42128875
42144750
42160625
42176500
42192375
42208250
42224125
42240000
42255875
42271750
42287625
42303500
42319375
42335250
42351125
42367000
42382875
42398750
42414625
42430500
42446375
42462250
42478125
42494000
42509875
42525750
42541625
42557500
42573375
42589250
42605125
42621000
42636875
42652750
42668625
42684500
42700375
42716250
42732125
42748000
42763875
42779750
42795625
42811500
42827375
42843250
42859125
42875000
