4107529
4119058
4130587
4142116
4153645
4165174
4176703
4188232
4199761
4211290
4222819
4234348
4245877
4257406
4268935
4280464
4291993
4303522
4315051
4326580
4338109
4349638
4361167
4372696
4384225
4395754
4407283
4418812
4430341
4441870
4453399
4464928
4476457
4487986
4499515
4511044
4522573
4534102
4545631
4557160
4568689
4580218
4591747
4603276
4614805
4626334
4637863
4649392
4660921
4672450
4683979
4695508
4707037
4718566
4730095
4741624
4753153
4764682
4776211
4787740
4799269
4810798
4822327
4833856
4845385
4856914
4868443
4879972
4891501
4903030
4914559
4926088
4937617
4949146
4960675
4972204
4983733
4995262
5006791
5018320
5029849
5041378
5052907
5064436
5075965
5087494
5099023
5110552
5122081
5133610
5145139
5156668
5168197
5179726
5191255
5202784
5214313
5225842
5237371
5248900
5260429
5271958
5283487
5295016
5306545
5318074
5329603
5341132
5352661
5364190
5375719
5387248
5398777
5410306
5421835
5433364
5444893
5456422
5467951
5479480
5491009
5502538
5514067
5525596
5537125
5548654
5560183
5571712
5583241
5594770
5606299
5617828
5629357
5640886
5652415
5663944
5675473
5687002
5698531
5710060
5721589
5733118
5744647
5756176
5767705
5779234
5790763
5802292
5813821
5825350
5836879
5848408
5859937
5871466
5882995
5894524
5906053
5917582
5929111
5940640
5952169
5963698
5975227
5986756
5998285
6009814
6021343
6032872
6044401
6055930
6067459
6078988
6090517
6102046
6113575
6125104
6136633
6148162
6159691
6171220
6182749
6194278
6205807
6217336
6228865
6240394
6251923
6263452
6274981
6286510
6298039
6309568
6321097
6332626
6344155
6355684
6367213
6378742
6390271
6401800
6413329
6424858
6436387
6447916
6459445
6470974
6482503
6494032
6505561
6517090
6528619
6540148
6551677
6563206
6574735
6586264
6597793
6609322
6620851
6632380
6643909
6655438
6666967
6678496
6690025
6701554
6713083
6724612
6736141
6747670
6759199
6770728
6782257
6793786
6805315
6816844
6828373
6839902
6851431
6862960
6874489
6886018
6897547
6909076
6920605
6932134
6943663
6955192
6966721
6978250
6989779
7001308
7012837
7024366
7035895
7047424
7058953
7070482
7082011
7093540
7105069
7116598
7128127
7139656
7151185
7162714
7174243
7185772
7197301
7208830
7220359
7231888
7243417
7254946
7266475
7278004
7289533
7301062
7312591
7324120
7335649
7347178
7358707
7370236
7381765
7393294
7404823
7416352
7427881
7439410
7450939
7462468
7473997
7485526
7497055
7508584
7520113
7531642
7543171
7554700
7566229
7577758
7589287
7600816
7612345
7623874
7635403
7646932
7658461
7669990
7681519
7693048
7704577
7716106
7727635
7739164
7750693
7762222
7773751
7785280
7796809
7808338
7819867
7831396
7842925
7854454
7865983
7877512
7889041
7900570
7912099
7923628
7935157
7946686
7958215
7969744
7981273
7992802
8004331
8015860
8027389
8038918
8050447
8061976
8073505
8085034
8096563
8108092
8119621
8131150
8142679
8154208
8165737
8177266
8188795
8200324
8211853
8223382
8234911
8246440
8257969
8269498
8281027
8292556
8304085
8315614
8327143
8338672
8350201
8361730
8373259
8384788
8396317
8407846
8419375
8430904
8442433
8453962
8465491
8477020
8488549
8500078
8511607
8523136
8534665
8546194
8557723
8569252
8580781
8592310
8603839
8615368
8626897
8638426
8649955
8661484
8673013
8684542
8696071
8707600
8719129
8730658
8742187
8753716
8765245
8776774
8788303
8799832
8811361
8822890
8834419
8845948
8857477
8869006
8880535
8892064
8903593
8915122
8926651
8938180
8949709
8961238
8972767
8984296
8995825
9007354
9018883
9030412
9041941
9053470
9064999
9076528
9088057
9099586
9111115
9122644
9134173
9145702
9157231
9168760
9180289
9191818
9203347
9214876
9226405
9237934
9249463
9260992
9272521
9284050
9295579
9307108
9318637
9330166
9341695
9353224
9364753
9376282
9387811
9399340
9410869
9422398
9433927
9445456
9456985
9468514
9480043
9491572
9503101
9514630
9526159
9537688
9549217
9560746
9572275
9583804
9595333
9606862
9618391
9629920
9641449
9652978
9664507
9676036
9687565
9699094
9710623
9722152
9733681
9745210
9756739
9768268
9779797
9791326
9802855
9814384
9825913
9837442
9848971
9860500
9872029
9883558
9895087
9906616
9918145
9929674
9941203
9952732
9964261
9975790
9987319
9998848
10010377
10021906
10033435
10044964
10056493
10068022
10079551
10091080
10102609
10114138
10125667
10137196
10148725
10160254
10171783
10183312
10194841
10206370
10217899
10229428
10240957
10252486
10264015
10275544
10287073
10298602
10310131
10321660
10333189
10344718
10356247
10367776
10379305
10390834
10402363
10413892
10425421
10436950
10448479
10460008
10471537
10483066
10494595
10506124
10517653
10529182
10540711
10552240
10563769
10575298
10586827
10598356
10609885
10621414
10632943
10644472
10656001
10667530
10679059
10690588
10702117
10713646
10725175
10736704
10748233
10759762
10771291
10782820
10794349
10805878
10817407
10828936
10840465
10851994
10863523
10875052
10886581
10898110
10909639
10921168
10932697
10944226
10955755
10967284
10978813
10990342
11001871
11013400
11024929
11036458
11047987
11059516
11071045
11082574
11094103
11105632
11117161
11128690
11140219
11151748
11163277
11174806
11186335
11197864
11209393
11220922
11232451
11243980
11255509
11267038
11278567
11290096
11301625
11313154
11324683
11336212
11347741
11359270
11370799
11382328
11393857
11405386
11416915
11428444
11439973
11451502
11463031
11474560
11486089
11497618
11509147
11520676
11532205
11543734
11555263
11566792
11578321
11589850
11601379
11612908
11624437
11635966
11647495
11659024
11670553
11682082
11693611
11705140
11716669
11728198
11739727
11751256
11762785
11774314
11785843
11797372
11808901
11820430
11831959
11843488
11855017
11866546
11878075
11889604
11901133
11912662
11924191
11935720
11947249
11958778
11970307
11981836
11993365
12004894
12016423
12027952
12039481
12051010
12062539
12074068
12085597
12097126
12108655
12120184
12131713
12143242
12154771
12166300
12177829
12189358
12200887
12212416
12223945
12235474
12247003
12258532
12270061
12281590
12293119
12304648
12316177
12327706
12339235
12350764
12362293
12373822
12385351
12396880
12408409
12419938
12431467
12442996
12454525
12466054
12477583
12489112
12500641
12512170
12523699
12535228
12546757
12558286
12569815
12581344
12592873
12604402
12615931
12627460
12638989
12650518
12662047
12673576
12685105
12696634
12708163
12719692
12731221
12742750
12754279
12765808
12777337
12788866
12800395
12811924
12823453
12834982
12846511
12858040
12869569
12881098
12892627
12904156
12915685
12927214
12938743
12950272
12961801
12973330
12984859
12996388
13007917
13019446
13030975
13042504
13054033
13065562
13077091
13088620
13100149
13111678
13123207
13134736
13146265
13157794
13169323
13180852
13192381
13203910
13215439
13226968
13238497
13250026
13261555
13273084
13284613
13296142
13307671
13319200
13330729
13342258
13353787
13365316
13376845
13388374
13399903
13411432
13422961
13434490
13446019
13457548
13469077
13480606
13492135
13503664
13515193
13526722
13538251
13549780
13561309
13572838
13584367
13595896
13607425
13618954
13630483
13642012
13653541
13665070
13676599
13688128
13699657
13711186
13722715
13734244
13745773
13757302
13768831
13780360
13791889
13803418
13814947
13826476
13838005
13849534
13861063
13872592
13884121
13895650
13907179
13918708
13930237
13941766
13953295
13964824
13976353
13987882
13999411
14010940
14022469
14033998
14045527
14057056
14068585
14080114
14091643
14103172
14114701
14126230
14137759
14149288
14160817
14172346
14183875
14195404
14206933
14218462
14229991
14241520
14253049
14264578
14276107
14287636
14299165
14310694
14322223
14333752
14345281
14356810
14368339
14379868
14391397
14402926
14414455
14425984
14437513
14449042
14460571
14472100
14483629
14495158
14506687
14518216
14529745
14541274
14552803
14564332
14575861
14587390
14598919
14610448
14621977
14633506
14645035
14656564
14668093
14679622
14691151
14702680
14714209
14725738
14737267
14748796
14760325
14771854
14783383
14794912
14806441
14817970
14829499
14841028
14852557
14864086
14875615
14887144
14898673
14910202
14921731
14933260
14944789
14956318
14967847
14979376
14990905
15002434
15013963
15025492
15037021
15048550
15060079
15071608
15083137
15094666
15106195
15117724
15129253
15140782
15152311
15163840
15175369
15186898
15198427
15209956
15221485
15233014
15244543
15256072
15267601
15279130
15290659
15302188
15313717
15325246
15336775
15348304
15359833
15371362
15382891
15394420
15405949
15417478
15429007
15440536
15452065
15463594
15475123
15486652
15498181
15509710
15521239
15532768
15544297
15555826
15567355
15578884
15590413
15601942
15613471
15625000
