0.000479
0.000415
0.000513
0.000463
0.000382
0.000375
0.000372
0.000473
0.000522
0.000528
0.000420
0.000526
0.000528
0.000515
0.000495
0.000525
0.000537
0.000473
0.000447
0.000479
0.000509
0.000471
0.000512
0.000352
0.000490
0.000455
0.000482
0.000355
0.000505
0.000482
0.000531
0.000440
0.000466
0.000452
0.000489
0.000403
0.000449
0.000479
0.000512
0.000462
0.000416
0.000495
0.000622
0.000483
0.000498
0.000497
0.000488
0.000451
0.000494
0.000476
0.000412
0.000533
0.000531
0.000501
0.000542
0.000502
0.000553
0.000514
0.000458
0.000422
0.000502
0.000471
0.000510
0.000523
0.000553
0.000436
0.000639
0.000540
0.000533
0.000531
0.000516
0.000532
0.000454
0.000401
0.000519
0.000509
0.000430
0.000493
0.000486
0.000479
0.000432
0.000428
0.000438
0.000365
0.000479
0.000534
0.000433
0.000467
0.000518
0.000472
0.000396
0.000511
0.000361
0.000371
0.000522
0.000536
0.000506
0.000486
0.000535
0.000479
0.000485
0.000466
0.000514
0.000423
0.000471
0.000490
0.000482
0.000488
0.000429
0.000554
0.000485
0.000405
0.000513
0.000519
0.000432
0.000519
0.000464
0.000492
0.000525
0.000526
0.000508
0.000503
0.000509
0.000532
0.000539
0.000510
0.000502
0.000499
0.000409
0.000500
0.000509
0.000515
0.000459
0.000570
0.000615
0.000531
0.000479
0.000531
0.000546
0.000515
0.000452
0.000510
0.000513
0.000506
0.000489
0.000494
0.000518
0.000509
0.000496
0.000515
0.000505
0.000488
0.000536
0.000475
0.000495
0.000422
0.000447
0.000483
0.000462
0.000445
0.000571
0.000499
0.000495
0.000519
0.000521
0.000501
0.000541
0.000483
0.000514
0.000523
0.000485
0.000521
0.000425
0.000476
0.000429
0.000501
0.000489
0.000463
0.000503
0.000502
0.000422
0.000525
0.000493
0.000426
0.000510
0.000501
0.000488
0.000514
0.000488
0.000466
0.000461
0.000457
0.000493
0.000499
0.000526
0.000497
0.000479
0.000462
0.000528
0.000499
0.000510
0.000532
0.000514
0.000500
0.000497
0.000512
0.000471
0.000526
0.000489
0.000479
0.000488
0.000460
0.000521
0.000462
0.000490
0.000478
0.000486
0.000480
0.000474
0.000487
0.000492
0.000566
0.000509
0.000424
0.000410
0.000437
0.000478
0.000489
0.000463
0.000467
0.000441
0.000455
0.000461
0.000609
0.000490
0.000481
0.000539
0.000468
0.000473
0.000482
0.000462
0.000478
0.000587
0.000481
0.000531
0.000476
0.000535
0.000617
0.000522
0.000578
0.000523
0.000481
0.000476
0.000537
0.000450
0.000476
0.000613
0.000490
0.000598
0.000486
0.000488
0.000520
0.000529
0.000503
0.000469
0.000468
0.000514
0.000453
0.000451
0.000471
0.000517
0.000609
0.000513
0.000496
