0x601000000f60;0x601000010970;8000;0.001205;0.849815
0x601000000f60;0x601000020360;15999;0.001222;1.675653
0x601000000f60;0x60100002fd60;23998;0.001028;2.987901
0x601000000f60;0x60100003f750;31997;0.001195;3.427426
0x601000000f60;0x60100004f150;39996;0.001289;3.972011
0x601000000f60;0x60100005eb40;47995;0.001239;4.958076
0x601000000f60;0x60100006e540;55994;0.001174;6.105108
0x601000000f60;0x60100007df30;63993;0.001371;5.974953
0x601000000f60;0x60100008d930;71992;0.001221;7.547434
0x601000000f60;0x60100009d320;79991;0.001218;8.405723
0x601000000f60;0x6010000acd20;87990;0.001480;7.609419
0x601000000f60;0x6010000bc710;95989;0.001221;10.063211
0x601000000f60;0x6010000cc110;103988;0.001203;11.066032
0x601000000f60;0x6010000dbb00;111987;0.001139;12.585841
0x601000000f60;0x6010000eb500;119986;0.001186;12.948139
0x601000000f60;0x6010000faef0;127985;0.001295;12.649378
0x601000000f60;0x60100010a8f0;135984;0.001135;15.337364
0x601000000f60;0x60100011a2e0;143983;0.001145;16.094167
0x601000000f60;0x601000129ce0;151982;0.001062;18.315312
0x601000000f60;0x6010001396d0;159981;0.001238;16.542593
0x601000000f60;0x6010001490d0;167980;0.001225;17.552272
0x601000000f60;0x601000158ac0;175979;0.001037;21.724076
0x601000000f60;0x6010001684c0;183978;0.001163;20.248552
0x601000000f60;0x601000177eb0;191977;0.001216;20.209190
0x601000000f60;0x6010001878b0;199976;0.001207;21.209265
0x601000000f60;0x6010001972a0;207975;0.001296;20.543832
0x601000000f60;0x6010001a6ca0;215974;0.001066;25.933831
0x601000000f60;0x6010001b6690;223973;0.000925;30.990873
0x601000000f60;0x6010001c6090;231972;0.001118;26.559825
0x601000000f60;0x6010001d5a80;239971;0.001301;23.608842
0x601000000f60;0x6010001e5480;247970;0.001274;24.916317
0x601000000f60;0x6010001f4e70;255969;0.001207;27.142467
0x601000000f60;0x601000204870;263968;0.000960;35.191642
0x601000000f60;0x601000214260;271967;0.001408;24.726701
0x601000000f60;0x601000223c60;279966;0.001430;25.059287
0x601000000f60;0x601000233650;287965;0.001165;31.641431
0x601000000f60;0x601000243050;295964;0.001158;32.714528
0x601000000f60;0x601000252a40;303963;0.001173;33.168474
0x601000000f60;0x601000262440;311962;0.001315;30.363184
0x601000000f60;0x601000271e30;319961;0.001149;35.638538
0x601000000f60;0x601000281830;327960;0.001091;38.477313
0x601000000f60;0x601000291220;335959;0.000960;44.789326
0x601000000f60;0x6010002a0c20;343958;0.000843;52.223146
0x601000000f60;0x6010002b0610;351957;0.001002;44.957287
0x601000000f60;0x6010002c0010;359956;0.001138;40.488143
0x601000000f60;0x6010002cfa00;367955;0.000941;50.049236
0x601000000f60;0x6010002df400;375954;0.001096;43.906628
0x601000000f60;0x6010002eedf0;383953;0.001106;44.434835
0x601000000f60;0x6010002fe7f0;391952;0.000960;52.254191
0x601000000f60;0x60100030e1e0;399951;0.001108;46.206597
0x601000000f60;0x60100031dbe0;407950;0.000966;54.064796
0x601000000f60;0x60100032d5d0;415949;0.000726;73.336919
0x601000000f60;0x60100033cfd0;423948;0.001050;51.681505
0x601000000f60;0x60100034c9c0;431947;0.000795;69.556023
0x601000000f60;0x60100035c3c0;439946;0.001054;53.425517
0x601000000f60;0x60100036bdb0;447945;0.000857;66.913923
0x601000000f60;0x60100037b7b0;455944;0.000751;77.708911
0x601000000f60;0x60100038b1a0;463943;0.000946;62.771548
0x601000000f60;0x60100039aba0;471942;0.001117;54.081522
0x601000000f60;0x6010003aa590;479941;0.001150;53.413425
0x601000000f60;0x6010003b9f90;487940;0.001151;54.269897
0x601000000f60;0x6010003c9980;495939;0.001105;57.456889
0x601000000f60;0x6010003d9380;503938;0.001167;55.281907
0x601000000f60;0x6010003e8d70;511937;0.001118;58.602150
0x601000000f60;0x6010003f8770;519936;0.001160;57.365087
0x601000000f60;0x601000408160;527935;0.001147;58.913520
0x601000000f60;0x601000417b60;535934;0.001115;61.532801
0x601000000f60;0x601000427550;543933;0.001180;59.006225
0x601000000f60;0x601000436f50;551932;0.001123;62.912152
0x601000000f60;0x601000446940;559931;0.001174;61.050095
0x601000000f60;0x601000456340;567930;0.001105;65.783192
0x601000000f60;0x601000465d30;575929;0.001090;67.628943
0x601000000f60;0x601000475730;583928;0.001220;61.265186
0x601000000f60;0x601000485120;591927;0.001005;75.394635
0x601000000f60;0x601000494b20;599926;0.001111;69.116485
0x601000000f60;0x6010004a4510;607925;0.001314;59.212128
0x601000000f60;0x6010004b3f10;615924;0.001104;71.403947
0x601000000f60;0x6010004c3900;623923;0.000983;81.243296
0x601000000f60;0x6010004d3300;631922;0.001192;67.852108
0x601000000f60;0x6010004e2cf0;639921;0.001178;69.545541
0x601000000f60;0x6010004f26f0;647920;0.001174;70.643664
0x601000000f60;0x6010005020e0;655919;0.001148;73.119566
0x601000000f60;0x601000511ae0;663918;0.001245;68.257040
0x601000000f60;0x6010005214d0;671917;0.001263;68.088466
0x601000000f60;0x601000530ed0;679916;0.001301;66.891538
0x601000000f60;0x6010005408c0;687915;0.001493;58.978210
0x601000000f60;0x6010005502c0;695914;0.001258;70.800831
0x601000000f60;0x60100055fcb0;703913;0.001185;76.038313
0x601000000f60;0x60100056f6b0;711912;0.001257;72.497125
0x601000000f60;0x60100057f0a0;719911;0.001477;62.388906
0x601000000f60;0x60100058eaa0;727910;0.001295;71.956123
0x601000000f60;0x60100059e490;735909;0.001322;71.251242
0x601000000f60;0x6010005ade90;743908;0.001362;69.907678
0x601000000f60;0x6010005bd880;751907;0.001248;77.111174
0x601000000f60;0x6010005cd280;759906;0.001204;80.786421
0x601000000f60;0x6010005dcc70;767905;0.001067;92.126449
0x601000000f60;0x6010005ec670;775904;0.001215;81.742600
0x601000000f60;0x6010005fc060;783903;0.001131;88.713052
0x601000000f60;0x60100060ba60;791902;0.001194;84.893999
0x601000000f60;0x60100061b450;799901;0.001252;81.783199
0x601000000f60;0x60100062ae50;807900;0.001499;68.989663
0x601000000f60;0x60100063a840;815899;0.001339;77.997229
0x601000000f60;0x60100064a240;823898;0.001161;90.826873
0x601000000f60;0x601000659c30;831897;0.001599;66.590324
0x601000000f60;0x601000669630;839896;0.001021;105.280348
0x601000000f60;0x601000679020;847895;0.001341;80.940640
0x601000000f60;0x601000688a20;855894;0.001004;109.120065
0x601000000f60;0x601000698410;863893;0.001312;84.281124
0x601000000f60;0x6010006a7e10;871892;0.001387;80.456077
0x601000000f60;0x6010006b7800;879891;0.001352;83.298869
0x601000000f60;0x6010006c7200;887890;0.001424;79.806180
0x601000000f60;0x6010006d6bf0;895889;0.001219;94.069381
0x601000000f60;0x6010006e65f0;903888;0.001271;91.028170
0x601000000f60;0x6010006f5fe0;911887;0.001176;99.263099
0x601000000f60;0x6010007059e0;919886;0.001180;99.789864
0x601000000f60;0x6010007153d0;927885;0.001347;88.184540
0x601000000f60;0x601000724dd0;935884;0.001463;81.885413
0x601000000f60;0x6010007347c0;943883;0.001294;93.357282
0x601000000f60;0x6010007441c0;951882;0.001313;92.797850
0x601000000f60;0x601000753bb0;959881;0.001372;89.560686
0x601000000f60;0x6010007635b0;967880;0.001209;102.470246
0x601000000f60;0x601000772fa0;975879;0.000976;127.972899
0x601000000f60;0x6010007829a0;983878;0.001299;96.938058
0x601000000f60;0x601000792390;991877;0.001298;97.815928
0x601000000f60;0x6010007a1d90;999876;0.001312;97.547581
0x601000000f60;0x6010007b1780;1007875;0.001271;101.500426
0x601000000f60;0x6010007c1180;1015874;0.001365;95.265188
0x601000000f60;0x6010007d0b70;1023873;0.001195;109.674308
0x601000000f60;0x6010007e0570;1031872;0.001268;104.171129
0x601000000f60;0x6010007eff60;1039871;0.001290;103.174366
0x601000000f60;0x6010007ff960;1047870;0.001547;86.709452
0x601000000f60;0x60100080f350;1055869;0.001386;97.516833
0x601000000f60;0x60100081ed50;1063868;0.001320;103.153293
0x601000000f60;0x60100082e740;1071867;0.001307;104.971582
0x601000000f60;0x60100083e140;1079866;0.001326;104.233845
0x601000000f60;0x60100084db30;1087865;0.001315;105.900829
0x601000000f60;0x60100085d530;1095864;0.001390;100.915524
0x601000000f60;0x60100086cf20;1103863;0.001279;110.462616
0x601000000f60;0x60100087c920;1111862;0.001266;112.415511
0x601000000f60;0x60100088c310;1119861;0.001317;108.837943
0x601000000f60;0x60100089bd10;1127860;0.001316;109.714663
0x601000000f60;0x6010008ab700;1135859;0.001249;116.398102
0x601000000f60;0x6010008bb100;1143858;0.001304;112.267658
0x601000000f60;0x6010008caaf0;1151857;0.001311;112.456541
0x601000000f60;0x6010008da4f0;1159856;0.001320;112.480663
0x601000000f60;0x6010008e9ee0;1167855;0.001341;111.464423
0x601000000f60;0x6010008f98e0;1175854;0.001256;119.833297
0x601000000f60;0x6010009092d0;1183853;0.001158;130.857780
0x601000000f60;0x601000918cd0;1191852;0.001195;127.667731
0x601000000f60;0x6010009286c0;1199851;0.001000;153.555447
0x601000000f60;0x6010009380c0;1207850;0.000988;156.481547
0x601000000f60;0x601000947ab0;1215849;0.001043;149.200905
0x601000000f60;0x6010009574b0;1223848;0.001083;144.628746
0x601000000f60;0x601000966ea0;1231847;0.001051;150.032401
0x601000000f60;0x6010009768a0;1239846;0.001207;131.496889
0x601000000f60;0x601000986290;1247845;0.001032;154.754374
0x601000000f60;0x601000995c90;1255844;0.001005;159.958746
0x601000000f60;0x6010009a5680;1263843;0.000995;162.597782
0x601000000f60;0x6010009b5080;1271842;0.001142;142.550099
0x601000000f60;0x6010009c4a70;1279841;0.001097;149.339145
0x601000000f60;0x6010009d4470;1287840;0.001146;143.832710
0x601000000f60;0x6010009e3e60;1295839;0.000907;182.837915
0x601000000f60;0x6010009f3860;1303838;0.001209;138.038394
0x601000000f60;0x601000a03250;1311837;0.001120;149.944034
0x601000000f60;0x601000a12c50;1319836;0.001110;152.186761
0x601000000f60;0x601000a22640;1327835;0.000812;209.300055
0x601000000f60;0x601000a32040;1335834;0.001072;159.477522
0x601000000f60;0x601000a41a30;1343833;0.000807;213.135849
0x601000000f60;0x601000a51430;1351832;0.000818;211.529956
0x601000000f60;0x601000a60e20;1359831;0.001242;140.152373
0x601000000f60;0x601000a70820;1367830;0.001188;147.400269
0x601000000f60;0x601000a80210;1375829;0.001122;156.957622
0x601000000f60;0x601000a8fc10;1383828;0.001237;143.175371
0x601000000f60;0x601000a9f600;1391827;0.001042;170.991174
0x601000000f60;0x601000aaf000;1399826;0.001229;145.785812
0x601000000f60;0x601000abe9f0;1407825;0.001184;152.199012
0x601000000f60;0x601000ace3f0;1415824;0.001263;143.472012
0x601000000f60;0x601000addde0;1423823;0.001179;154.582235
0x601000000f60;0x601000aed7e0;1431822;0.001020;179.687607
0x601000000f60;0x601000afd1d0;1439821;0.001212;152.045243
0x601000000f60;0x601000b0cbd0;1447820;0.001260;147.075202
0x601000000f60;0x601000b1c5c0;1455819;0.001195;155.943111
0x601000000f60;0x601000b2bfc0;1463818;0.001190;157.428146
0x601000000f60;0x601000b3b9b0;1471817;0.001254;150.223524
0x601000000f60;0x601000b4b3b0;1479816;0.001109;170.817064
0x601000000f60;0x601000b5ada0;1487815;0.001237;153.963877
0x601000000f60;0x601000b6a7a0;1495814;0.000994;192.626296
0x601000000f60;0x601000b7a190;1503813;0.001229;156.615608
0x601000000f60;0x601000b89b90;1511812;0.001183;163.572730
0x601000000f60;0x601000b99580;1519811;0.001205;161.444859
0x601000000f60;0x601000ba8f80;1527810;0.001429;136.842968
0x601000000f60;0x601000bb8970;1535809;0.001092;180.028642
0x601000000f60;0x601000bc8370;1543808;0.001250;158.082321
0x601000000f60;0x601000bd7d60;1551807;0.001266;156.896429
0x601000000f60;0x601000be7760;1559806;0.001346;148.346230
0x601000000f60;0x601000bf7150;1567805;0.001127;178.064079
0x601000000f60;0x601000c06b50;1575804;0.001349;149.523388
0x601000000f60;0x601000c16540;1583803;0.001295;156.534934
0x601000000f60;0x601000c25f40;1591802;0.001219;167.141051
0x601000000f60;0x601000c35930;1599801;0.001374;149.034639
0x601000000f60;0x601000c45330;1607800;0.001517;135.677625
0x601000000f60;0x601000c54d20;1615799;0.001405;147.204392
0x601000000f60;0x601000c64720;1623798;0.001432;145.149836
0x601000000f60;0x601000c74110;1631797;0.001648;126.745420
0x601000000f60;0x601000c83b10;1639796;0.001393;150.694758
0x601000000f60;0x601000c93500;1647795;0.001251;168.601716
0x601000000f60;0x601000ca2f00;1655794;0.001157;183.212621
0x601000000f60;0x601000cb28f0;1663793;0.001087;195.929385
0x601000000f60;0x601000cc22f0;1671792;0.001426;150.064621
0x601000000f60;0x601000cd1ce0;1679791;0.001404;153.138211
0x601000000f60;0x601000ce16e0;1687790;0.001374;157.231539
0x601000000f60;0x601000cf10d0;1695789;0.001425;152.320527
0x601000000f60;0x601000d00ad0;1703788;0.001385;157.465006
0x601000000f60;0x601000d104c0;1711787;0.001424;153.860480
0x601000000f60;0x601000d1fec0;1719786;0.001548;142.199766
0x601000000f60;0x601000d2f8b0;1727785;0.001440;153.575746
0x601000000f60;0x601000d3f2b0;1735784;0.001422;156.226645
0x601000000f60;0x601000d4eca0;1743783;0.001112;200.726066
0x601000000f60;0x601000d5e6a0;1751782;0.001325;169.242541
0x601000000f60;0x601000d6e090;1759781;0.001366;164.911019
0x601000000f60;0x601000d7da90;1767780;0.001383;163.604492
0x601000000f60;0x601000d8d480;1775779;0.001389;163.667655
0x601000000f60;0x601000d9ce80;1783778;0.001441;158.447803
0x601000000f60;0x601000dac870;1791777;0.001230;186.461127
0x601000000f60;0x601000dbc270;1799776;0.001379;167.055218
0x601000000f60;0x601000dcbc60;1807775;0.001426;162.270826
0x601000000f60;0x601000ddb660;1815774;0.001400;166.014347
0x601000000f60;0x601000deb050;1823773;0.001420;164.394002
0x601000000f60;0x601000dfaa50;1831772;0.001421;165.004212
0x601000000f60;0x601000e0a440;1839771;0.001380;170.649540
0x601000000f60;0x601000e19e40;1847770;0.001390;170.156769
0x601000000f60;0x601000e29830;1855769;0.001408;168.722844
0x601000000f60;0x601000e39230;1863768;0.001362;175.144902
0x601000000f60;0x601000e48c20;1871767;0.001499;159.811905
0x601000000f60;0x601000e58620;1879766;0.001424;168.987221
0x601000000f60;0x601000e68010;1887765;0.001453;166.308848
0x601000000f60;0x601000e77a10;1895764;0.001410;172.096812
0x601000000f60;0x601000e87400;1903763;0.001429;170.516346
0x601000000f60;0x601000e96e00;1911762;0.001376;177.849490
0x601000000f60;0x601000ea67f0;1919761;0.001227;200.284462
0x601000000f60;0x601000eb61f0;1927760;0.001382;178.564229
0x601000000f60;0x601000ec5be0;1935759;0.001263;196.196470
0x601000000f60;0x601000ed55e0;1943758;0.001371;181.454900
0x601000000f60;0x601000ee4fd0;1951757;0.001383;180.631195
0x601000000f60;0x601000ef49d0;1959756;0.001440;174.223545
0x601000000f60;0x601000f043c0;1967755;0.001368;184.111262
0x601000000f60;0x601000f13dc0;1975754;0.001389;182.067431
0x601000000f60;0x601000f237b0;1983753;0.001241;204.614656
0x601000000f60;0x601000f331b0;1991752;0.001431;178.159566
0x601000000f60;0x601000f42ba0;1999751;0.001319;194.072332
0x601000000f60;0x601000f525a0;2007750;0.001392;184.603969
0x601000000f60;0x601000f61f90;2015749;0.001453;177.584018
0x601000000f60;0x601000f71990;2023748;0.001408;183.964009
0x601000000f60;0x601000f81380;2031747;0.001465;177.507871
0x601000000f60;0x601000f90d80;2039746;0.001169;223.349030
0x601000000f60;0x601000fa0770;2047745;0.001435;182.650727
0x601000000f60;0x601000fb0170;2055744;0.001383;190.287786
0x601000000f60;0x601000fbfb60;2063743;0.001268;208.342156
0x601000000f60;0x601000fcf560;2071742;0.001231;215.428630
0x601000000f60;0x601000fdef50;2079741;0.001410;188.798182
0x601000000f60;0x601000fee950;2087740;0.001403;190.458263
0x601000000f60;0x601000ffe340;2095739;0.001567;171.176222
0x601000000f60;0x60100100dd40;2103738;0.001381;194.965603
0x601000000f60;0x60100101d730;2111737;0.001286;210.183569
0x601000000f60;0x60100102d130;2119736;0.001266;214.317250
0x601000000f60;0x60100103cb20;2127735;0.001304;208.833461
0x601000000f60;0x60100104c520;2135734;0.001203;227.277197
0x601000000f60;0x60100105bf10;2143733;0.001164;235.745164
0x601000000f60;0x60100106b910;2151732;0.001142;241.169587
0x601000000f60;0x60100107b300;2159731;0.001300;212.673652
0x601000000f60;0x60100108ad00;2167730;0.001344;206.455771
0x601000000f60;0x60100109a6f0;2175729;0.001161;239.853309
0x601000000f60;0x6010010aa0f0;2183728;0.001284;217.712171
0x601000000f60;0x6010010b9ae0;2191727;0.001312;213.824182
0x601000000f60;0x6010010c94e0;2199726;0.001370;205.528873
0x601000000f60;0x6010010d8ed0;2207725;0.001313;215.228497
0x601000000f60;0x6010010e88d0;2215724;0.001240;228.717125
0x601000000f60;0x6010010f82c0;2223723;0.001316;216.277572
0x601000000f60;0x601001107cc0;2231722;0.001527;187.064266
0x601000000f60;0x6010011176b0;2239721;0.001322;216.851408
0x601000000f60;0x6010011270b0;2247720;0.001313;219.127562
0x601000000f60;0x601001136aa0;2255719;0.001071;269.597043
0x601000000f60;0x6010011464a0;2263718;0.001171;247.469832
0x601000000f60;0x601001155e90;2271717;0.001331;218.452226
0x601000000f60;0x601001165890;2279716;0.001344;217.121378
0x601000000f60;0x601001175280;2287715;0.001335;219.361964
0x601000000f60;0x601001184c80;2295714;0.001270;231.368888
0x601000000f60;0x601001194670;2303713;0.001248;236.300439
0x601000000f60;0x6010011a4070;2311712;0.001319;224.347601
0x601000000f60;0x6010011b3a60;2319711;0.001317;225.449920
0x601000000f60;0x6010011c3460;2327710;0.001373;216.995970
0x601000000f60;0x6010011d2e50;2335709;0.001346;222.099579
0x601000000f60;0x6010011e2850;2343708;0.001305;229.862742
0x601000000f60;0x6010011f2240;2351707;0.001239;242.940751
0x601000000f60;0x601001201c40;2359706;0.001090;277.090445
0x601000000f60;0x601001211630;2367705;0.001382;219.315380
0x601000000f60;0x601001221030;2375704;0.001320;230.349715
0x601000000f60;0x601001230a20;2383703;0.001354;225.346153
0x601000000f60;0x601001240420;2391702;0.001351;226.581125
0x601000000f60;0x60100124fe10;2399701;0.001336;229.894658
0x601000000f60;0x60100125f810;2407700;0.001195;257.905845
0x601000000f60;0x60100126f200;2415699;0.001329;232.672861
0x601000000f60;0x60100127ec00;2423698;0.001324;234.326122
0x601000000f60;0x60100128e5f0;2431697;0.001331;233.878070
0x601000000f60;0x60100129dff0;2439696;0.001268;246.295941
0x601000000f60;0x6010012ad9e0;2447695;0.001333;235.037783
0x601000000f60;0x6010012bd3e0;2455694;0.001147;274.036724
0x601000000f60;0x6010012ccdd0;2463693;0.001338;235.688722
0x601000000f60;0x6010012dc7d0;2471692;0.001367;231.423010
0x601000000f60;0x6010012ec1c0;2479691;0.001164;272.690284
0x601000000f60;0x6010012fbbc0;2487690;0.001178;270.303258
0x601000000f60;0x60100130b5b0;2495689;0.001117;285.989932
0x601000000f60;0x60100131afb0;2503688;0.001502;213.358295
0x601000000f60;0x60100132a9a0;2511687;0.001499;214.448424
0x601000000f60;0x60100133a3a0;2519686;0.001499;215.165599
0x601000000f60;0x601001349d90;2527685;0.001488;217.439601
0x601000000f60;0x601001359790;2535684;0.001493;217.396196
0x601000000f60;0x601001369180;2543683;0.001586;205.296063
0x601000000f60;0x601001378b80;2551682;0.001505;217.034829
0x601000000f60;0x601001388570;2559681;0.001491;219.734294
0x601000000f60;0x601001397f70;2567680;0.001520;216.237287
0x601000000f60;0x6010013a7960;2575679;0.001602;205.805497
0x601000000f60;0x6010013b7360;2583678;0.001561;211.868270
0x601000000f60;0x6010013c6d50;2591677;0.001540;215.419724
0x601000000f60;0x6010013d6750;2599676;0.001116;298.224450
0x601000000f60;0x6010013e6140;2607675;0.001481;225.367813
0x601000000f60;0x6010013f5b40;2615674;0.001611;207.825853
0x601000000f60;0x601001405530;2623673;0.001630;206.022190
0x601000000f60;0x601001414f30;2631672;0.001504;223.980366
0x601000000f60;0x601001424920;2639671;0.001636;206.523255
0x601000000f60;0x601001434320;2647670;0.001536;220.620364
0x601000000f60;0x601001443d10;2655669;0.001540;220.704557
0x601000000f60;0x601001453710;2663668;0.001145;297.802138
0x601000000f60;0x601001463100;2671667;0.001536;222.654502
0x601000000f60;0x601001472b00;2679666;0.001147;299.030291
0x601000000f60;0x6010014824f0;2687665;0.001476;233.068835
0x601000000f60;0x601001491ef0;2695664;0.001214;284.215159
0x601000000f60;0x6010014a18e0;2703663;0.001548;223.551212
0x601000000f60;0x6010014b12e0;2711662;0.001589;218.459251
0x601000000f60;0x6010014c0cd0;2719661;0.001556;223.702602
0x601000000f60;0x6010014d06d0;2727660;0.001585;220.276972
0x601000000f60;0x6010014e00c0;2735659;0.001532;228.590777
0x601000000f60;0x6010014efac0;2743658;0.001558;225.400179
0x601000000f60;0x6010014ff4b0;2751657;0.001151;305.982726
0x601000000f60;0x60100150eeb0;2759656;0.001140;309.824139
0x601000000f60;0x60100151e8a0;2767655;0.001502;235.852931
0x601000000f60;0x60100152e2a0;2775654;0.001515;234.524377
0x601000000f60;0x60100153dc90;2783653;0.001441;247.263786
0x601000000f60;0x60100154d690;2791652;0.001567;228.017154
0x601000000f60;0x60100155d080;2799651;0.001646;217.738836
0x601000000f60;0x60100156ca80;2807650;0.001535;234.096229
0x601000000f60;0x60100157c470;2815649;0.001509;238.805695
0x601000000f60;0x60100158be70;2823648;0.001575;229.478425
0x601000000f60;0x60100159b860;2831647;0.001518;238.766909
0x601000000f60;0x6010015ab260;2839646;0.001574;230.918409
0x601000000f60;0x6010015bac50;2847645;0.001532;237.948291
0x601000000f60;0x6010015ca650;2855644;0.001623;225.192744
0x601000000f60;0x6010015da040;2863643;0.001615;226.990496
0x601000000f60;0x6010015e9a40;2871642;0.001549;237.294299
0x601000000f60;0x6010015f9430;2879641;0.001562;235.957798
0x601000000f60;0x601001608e30;2887640;0.001599;231.145060
0x601000000f60;0x601001618820;2895639;0.001587;233.526266
0x601000000f60;0x601001628220;2903638;0.001573;236.301164
0x601000000f60;0x601001637c10;2911637;0.001533;243.106254
0x601000000f60;0x601001647610;2919636;0.001573;237.603099
0x601000000f60;0x601001657000;2927635;0.001291;290.260771
0x601000000f60;0x601001666a00;2935634;0.001469;255.811800
0x601000000f60;0x6010016763f0;2943633;0.001549;243.243179
0x601000000f60;0x601001685df0;2951632;0.001520;248.571822
0x601000000f60;0x6010016957e0;2959631;0.001524;248.582571
0x601000000f60;0x6010016a51e0;2967630;0.001549;245.226139
0x601000000f60;0x6010016b4bd0;2975629;0.001615;235.832397
0x601000000f60;0x6010016c45d0;2983628;0.001382;276.366992
0x601000000f60;0x6010016d3fc0;2991627;0.001428;268.133141
0x601000000f60;0x6010016e39c0;2999626;0.001722;222.956105
0x601000000f60;0x6010016f33b0;3007625;0.001690;227.776326
0x601000000f60;0x601001702db0;3015624;0.001568;246.160986
0x601000000f60;0x6010017127a0;3023623;0.001525;253.798505
0x601000000f60;0x6010017221a0;3031622;0.001175;330.273877
0x601000000f60;0x601001731b90;3039621;0.001562;249.104579
0x601000000f60;0x601001741590;3047620;0.001606;242.900613
0x601000000f60;0x601001750f80;3055619;0.001612;242.637622
0x601000000f60;0x601001760980;3063618;0.001221;321.180900
0x601000000f60;0x601001770370;3071617;0.001547;254.171057
0x601000000f60;0x60100177fd70;3079616;0.001533;257.131610
0x601000000f60;0x60100178f760;3087615;0.001251;315.863316
0x601000000f60;0x60100179f160;3095614;0.001549;255.801926
0x601000000f60;0x6010017aeb50;3103613;0.001540;257.971751
0x601000000f60;0x6010017be550;3111612;0.001581;251.927910
0x601000000f60;0x6010017cdf40;3119611;0.001583;252.271186
0x601000000f60;0x6010017dd940;3127610;0.001591;251.629377
0x601000000f60;0x6010017ed330;3135609;0.001553;258.430651
0x601000000f60;0x6010017fcd30;3143608;0.001560;257.941570
0x601000000f60;0x60100180c720;3151607;0.001491;270.547829
0x601000000f60;0x60100181c120;3159606;0.001574;256.937376
0x601000000f60;0x60100182bb10;3167605;0.001209;335.356929
0x601000000f60;0x60100183b510;3175604;0.001616;251.532814
0x601000000f60;0x60100184af00;3183603;0.001585;257.097450
0x601000000f60;0x60100185a900;3191602;0.001566;260.882807
0x601000000f60;0x60100186a2f0;3199601;0.001597;256.422258
0x601000000f60;0x601001879cf0;3207600;0.001593;257.717321
0x601000000f60;0x6010018896e0;3215599;0.001553;265.023268
0x601000000f60;0x6010018990e0;3223598;0.001639;251.731782
0x601000000f60;0x6010018a8ad0;3231597;0.001584;261.130408
0x601000000f60;0x6010018b84d0;3239596;0.001631;254.238395
0x601000000f60;0x6010018c7ec0;3247595;0.001240;335.231550
0x601000000f60;0x6010018d78c0;3255594;0.001525;273.269812
0x601000000f60;0x6010018e72b0;3263593;0.001507;277.191607
0x601000000f60;0x6010018f6cb0;3271592;0.001625;257.691106
0x601000000f60;0x6010019066a0;3279591;0.001572;267.018048
0x601000000f60;0x6010019160a0;3287590;0.001555;270.624263
0x601000000f60;0x601001925a90;3295589;0.001571;268.483440
0x601000000f60;0x601001935490;3303588;0.001575;268.483243
0x601000000f60;0x601001944e80;3311587;0.001573;269.500490
0x601000000f60;0x601001954880;3319586;0.001525;278.597649
0x601000000f60;0x601001964270;3327585;0.001581;269.413903
0x601000000f60;0x601001973c70;3335584;0.001632;261.618411
0x601000000f60;0x601001983660;3343583;0.001595;268.321742
0x601000000f60;0x601001993060;3351582;0.001584;270.825841
0x601000000f60;0x6010019a2a50;3359581;0.001476;291.383088
0x601000000f60;0x6010019b2450;3367580;0.001500;287.387656
0x601000000f60;0x6010019c1e40;3375579;0.001593;271.254330
0x601000000f60;0x6010019d1840;3383578;0.001734;249.765517
0x601000000f60;0x6010019e1230;3391577;0.001542;281.558534
0x601000000f60;0x6010019f0c30;3399576;0.001618;268.955713
0x601000000f60;0x601001a00620;3407575;0.001692;257.774820
0x601000000f60;0x601001a10020;3415574;0.001634;267.579502
0x601000000f60;0x601001a1fa10;3423573;0.001403;312.322304
0x601000000f60;0x601001a2f410;3431572;0.001616;271.807493
0x601000000f60;0x601001a3ee00;3439571;0.001471;299.287783
0x601000000f60;0x601001a4e800;3447570;0.001558;283.228776
0x601000000f60;0x601001a5e1f0;3455569;0.001514;292.156611
0x601000000f60;0x601001a6dbf0;3463568;0.001625;272.852371
0x601000000f60;0x601001a7d5e0;3471567;0.001595;278.592428
0x601000000f60;0x601001a8cfe0;3479566;0.001517;293.584437
0x601000000f60;0x601001a9c9d0;3487565;0.001589;280.926062
0x601000000f60;0x601001aac3d0;3495564;0.001633;274.005933
0x601000000f60;0x601001abbdc0;3503563;0.001462;306.745118
0x601000000f60;0x601001acb7c0;3511562;0.001614;278.472008
0x601000000f60;0x601001adb1b0;3519561;0.001352;333.195190
0x601000000f60;0x601001aeabb0;3527560;0.001514;298.243205
0x601000000f60;0x601001afa5a0;3535559;0.001630;277.627437
0x601000000f60;0x601001b09fa0;3543558;0.001552;292.232445
0x601000000f60;0x601001b19990;3551557;0.001544;294.429840
0x601000000f60;0x601001b29390;3559556;0.001619;281.405106
0x601000000f60;0x601001b38d80;3567555;0.001634;279.445070
0x601000000f60;0x601001b48780;3575554;0.001577;290.234493
0x601000000f60;0x601001b58170;3583553;0.001669;274.843624
0x601000000f60;0x601001b67b70;3591552;0.001241;370.451450
0x601000000f60;0x601001b77560;3599551;0.001560;295.352931
0x601000000f60;0x601001b86f60;3607550;0.001607;287.357368
0x601000000f60;0x601001b96950;3615549;0.001480;312.724841
0x601000000f60;0x601001ba6350;3623548;0.001645;281.938771
0x601000000f60;0x601001bb5d40;3631547;0.001645;282.602109
0x601000000f60;0x601001bc5740;3639546;0.001581;294.671449
0x601000000f60;0x601001bd5130;3647545;0.001571;297.201519
0x601000000f60;0x601001be4b30;3655544;0.001708;273.985096
0x601000000f60;0x601001bf4520;3663543;0.001239;378.531500
0x601000000f60;0x601001c03f20;3671542;0.001338;351.237367
0x601000000f60;0x601001c13910;3679541;0.001599;294.533850
0x601000000f60;0x601001c23310;3687540;0.001675;281.812521
0x601000000f60;0x601001c32d00;3695539;0.001634;289.512242
0x601000000f60;0x601001c42700;3703538;0.001651;287.122285
0x601000000f60;0x601001c520f0;3711537;0.001642;289.330079
0x601000000f60;0x601001c61af0;3719536;0.001547;307.785247
0x601000000f60;0x601001c714e0;3727535;0.001582;301.613431
0x601000000f60;0x601001c80ee0;3735534;0.001570;304.555740
0x601000000f60;0x601001c908d0;3743533;0.001706;280.893637
0x601000000f60;0x601001ca02d0;3751532;0.001533;313.233034
0x601000000f60;0x601001cafcc0;3759531;0.001632;294.869662
0x601000000f60;0x601001cbf6c0;3767530;0.001578;305.632709
0x601000000f60;0x601001ccf0b0;3775529;0.001279;377.884358
0x601000000f60;0x601001cdeab0;3783528;0.001486;325.888999
0x601000000f60;0x601001cee4a0;3791527;0.001358;357.366671
0x601000000f60;0x601001cfdea0;3799526;0.001636;297.268287
0x601000000f60;0x601001d0d890;3807525;0.001611;302.523223
0x601000000f60;0x601001d1d290;3815524;0.001656;294.909855
0x601000000f60;0x601001d2cc80;3823523;0.001625;301.164654
0x601000000f60;0x601001d3c680;3831522;0.001638;299.378942
0x601000000f60;0x601001d4c070;3839521;0.001491;329.601398
0x601000000f60;0x601001d5ba70;3847520;0.001640;300.322997
0x601000000f60;0x601001d6b460;3855519;0.001657;297.829641
0x601000000f60;0x601001d7ae60;3863518;0.001626;304.136427
0x601000000f60;0x601001d8a850;3871517;0.001263;392.318774
0x601000000f60;0x601001d9a250;3879516;0.001641;302.600507
0x601000000f60;0x601001da9c40;3887515;0.001638;303.798213
0x601000000f60;0x601001db9640;3895514;0.001582;315.157950
0x601000000f60;0x601001dc9030;3903513;0.001644;303.898287
0x601000000f60;0x601001dd8a30;3911512;0.001614;310.234453
0x601000000f60;0x601001de8420;3919511;0.001607;312.206446
0x601000000f60;0x601001df7e20;3927510;0.001649;304.838207
0x601000000f60;0x601001e07810;3935509;0.001687;298.637499
0x601000000f60;0x601001e17210;3943508;0.001598;315.898946
0x601000000f60;0x601001e26c00;3951507;0.001572;321.724168
0x601000000f60;0x601001e36600;3959506;0.001283;395.046199
0x601000000f60;0x601001e45ff0;3967505;0.001637;310.229832
0x601000000f60;0x601001e559f0;3975504;0.001669;304.904637
0x601000000f60;0x601001e653e0;3983503;0.001651;308.871590
0x601000000f60;0x601001e74de0;3991502;0.001609;317.516865
0x601000000f60;0x601001e847d0;3999501;0.001689;303.107813
0x601000000f60;0x601001e941d0;4007500;0.001560;328.826254
0x601000000f60;0x601001ea3bc0;4015499;0.001652;311.127812
0x601000000f60;0x601001eb35c0;4023498;0.001726;298.397436
0x601000000f60;0x601001ec2fb0;4031497;0.001646;313.543890
0x601000000f60;0x601001ed29b0;4039496;0.001643;314.713090
0x601000000f60;0x601001ee23a0;4047495;0.001649;314.150980
0x601000000f60;0x601001ef1da0;4055494;0.001641;316.326713
0x601000000f60;0x601001f01790;4063493;0.001695;306.874552
0x601000000f60;0x601001f11190;4071492;0.001718;303.339665
0x601000000f60;0x601001f20b80;4079491;0.001689;309.169968
0x601000000f60;0x601001f30580;4087490;0.001627;321.531793
0x601000000f60;0x601001f3ff70;4095489;0.001635;320.610807
0x601000000f60;0x601001f4f970;4103488;0.001692;310.462704
0x601000000f60;0x601001f5f360;4111487;0.001569;335.410694
0x601000000f60;0x601001f6ed60;4119486;0.001647;320.155212
0x601000000f60;0x601001f7e750;4127485;0.001678;314.851753
0x601000000f60;0x601001f8e150;4135484;0.001660;318.905640
0x601000000f60;0x601001f9db40;4143483;0.001704;311.208100
0x601000000f60;0x601001fad540;4151482;0.001495;355.415393
0x601000000f60;0x601001fbcf30;4159481;0.001648;323.076441
0x601000000f60;0x601001fcc930;4167480;0.001668;319.811148
0x601000000f60;0x601001fdc320;4175479;0.001687;316.802320
0x601000000f60;0x601001febd20;4183478;0.001466;365.260636
0x601000000f60;0x601001ffb710;4191477;0.001645;326.127838
0x601000000f60;0x60100200b110;4199476;0.003431;156.665729
0x601000000f60;0x60100201ab00;4207475;0.003355;160.522381
0x601000000f60;0x60100202a500;4215474;0.003388;159.265684
0x601000000f60;0x601002039ef0;4223473;0.002975;181.716605
0x601000000f60;0x6010020498f0;4231472;0.003306;163.836307
0x601000000f60;0x6010020592e0;4239471;0.003288;165.038696
0x601000000f60;0x601002068ce0;4247470;0.003361;161.760878
0x601000000f60;0x6010020786d0;4255469;0.003025;180.062856
0x601000000f60;0x6010020880d0;4263468;0.003289;165.924752
0x601000000f60;0x601002097ac0;4271467;0.003509;155.811006
0x601000000f60;0x6010020a74c0;4279466;0.003422;160.072515
0x601000000f60;0x6010020b6eb0;4287465;0.002872;191.085443
0x601000000f60;0x6010020c68b0;4295464;0.003678;149.494987
0x601000000f60;0x6010020d62a0;4303463;0.003380;162.968478
0x601000000f60;0x6010020e5ca0;4311462;0.003465;159.271901
0x601000000f60;0x6010020f5690;4319461;0.003392;162.999435
0x601000000f60;0x601002105090;4327460;0.003491;158.661982
0x601000000f60;0x601002114a80;4335459;0.003385;163.948850
0x601000000f60;0x601002124480;4343458;0.003405;163.285222
0x601000000f60;0x601002133e70;4351457;0.003297;168.932727
0x601000000f60;0x601002143870;4359456;0.003399;164.162525
0x601000000f60;0x601002153260;4367455;0.003389;164.961274
0x601000000f60;0x601002162c60;4375454;0.003408;164.326966
0x601000000f60;0x601002172650;4383453;0.003036;184.808262
0x601000000f60;0x601002182050;4391452;0.003334;168.607798
0x601000000f60;0x601002191a40;4399451;0.003439;163.750504
0x601000000f60;0x6010021a1440;4407450;0.003286;171.677552
0x601000000f60;0x6010021b0e30;4415449;0.003323;170.076491
0x601000000f60;0x6010021c0830;4423448;0.003238;174.863453
0x601000000f60;0x6010021d0220;4431447;0.003351;169.271789
0x601000000f60;0x6010021dfc20;4439446;0.003440;165.193334
0x601000000f60;0x6010021ef610;4447445;0.003349;169.979629
0x601000000f60;0x6010021ff010;4455444;0.003482;163.790625
0x601000000f60;0x60100220ea00;4463443;0.003403;167.889912
0x601000000f60;0x60100221e400;4471442;0.003283;174.334578
0x601000000f60;0x60100222ddf0;4479441;0.003187;179.911841
0x601000000f60;0x60100223d7f0;4487440;0.003333;172.330186
0x601000000f60;0x60100224d1e0;4495439;0.003395;169.497186
0x601000000f60;0x60100225cbe0;4503438;0.003383;170.397129
0x601000000f60;0x60100226c5d0;4511437;0.003460;166.888948
0x601000000f60;0x60100227bfd0;4519436;0.003365;171.923314
0x601000000f60;0x60100228b9c0;4527435;0.003418;169.548560
0x601000000f60;0x60100229b3c0;4535434;0.003505;165.619820
0x601000000f60;0x6010022aadb0;4543433;0.003528;164.846727
0x601000000f60;0x6010022ba7b0;4551432;0.003337;174.575370
0x601000000f60;0x6010022ca1a0;4559431;0.003494;167.030084
0x601000000f60;0x6010022d9ba0;4567430;0.003326;175.766634
0x601000000f60;0x6010022e9590;4575429;0.003436;170.442322
0x601000000f60;0x6010022f8f90;4583428;0.003253;180.351009
0x601000000f60;0x601002308980;4591427;0.003469;169.416055
0x601000000f60;0x601002318380;4599426;0.003396;173.357065
0x601000000f60;0x601002327d70;4607425;0.003402;173.354297
0x601000000f60;0x601002337770;4615424;0.002860;206.559427
0x601000000f60;0x601002347160;4623423;0.003474;170.350787
0x601000000f60;0x601002356b60;4631422;0.003606;164.395091
0x601000000f60;0x601002366550;4639421;0.003476;170.834718
0x601000000f60;0x601002375f50;4647420;0.003346;177.787132
0x601000000f60;0x601002385940;4655419;0.003158;188.702080
0x601000000f60;0x601002395340;4663418;0.003424;174.324849
0x601000000f60;0x6010023a4d30;4671417;0.003331;179.510980
0x601000000f60;0x6010023b4730;4679416;0.003425;174.886344
0x601000000f60;0x6010023c4120;4687415;0.003372;177.935146
0x601000000f60;0x6010023d3b20;4695414;0.003428;175.325580
0x601000000f60;0x6010023e3510;4703413;0.003424;175.832158
0x601000000f60;0x6010023f2f10;4711412;0.003397;177.528078
0x601000000f60;0x601002402900;4719411;0.003417;176.799560
0x601000000f60;0x601002412300;4727410;0.003284;184.260848
0x601000000f60;0x601002421cf0;4735409;0.003246;186.728120
0x601000000f60;0x6010024316f0;4743408;0.003438;176.601788
0x601000000f60;0x6010024410e0;4751407;0.003464;175.572456
0x601000000f60;0x601002450ae0;4759406;0.003521;173.021847
0x601000000f60;0x6010024604d0;4767405;0.003418;178.535231
0x601000000f60;0x60100246fed0;4775404;0.003212;190.289876
0x601000000f60;0x60100247f8c0;4783403;0.002872;213.188605
0x601000000f60;0x60100248f2c0;4791402;0.002873;213.456507
0x601000000f60;0x60100249ecb0;4799401;0.003439;178.624526
0x601000000f60;0x6010024ae6b0;4807400;0.003430;179.407286
0x601000000f60;0x6010024be0a0;4815399;0.003256;189.298356
0x601000000f60;0x6010024cdaa0;4823398;0.003432;179.891774
0x601000000f60;0x6010024dd490;4831397;0.003390;182.420459
0x601000000f60;0x6010024ece90;4839396;0.002973;208.350517
0x601000000f60;0x6010024fc880;4847395;0.003463;179.168700
0x601000000f60;0x60100250c280;4855394;0.003423;181.564380
0x601000000f60;0x60100251bc70;4863393;0.003619;172.014904
0x601000000f60;0x60100252b670;4871392;0.003328;187.356449
0x601000000f60;0x60100253b060;4879391;0.003483;179.314333
0x601000000f60;0x60100254aa60;4887390;0.003394;184.327188
0x601000000f60;0x60100255a450;4895389;0.003206;195.448201
0x601000000f60;0x601002569e50;4903388;0.003451;181.876909
0x601000000f60;0x601002579840;4911387;0.003504;179.409459
0x601000000f60;0x601002589240;4919386;0.003505;179.652762
0x601000000f60;0x601002598c30;4927385;0.003460;182.288429
0x601000000f60;0x6010025a8630;4935384;0.003458;182.685060
0x601000000f60;0x6010025b8020;4943383;0.003435;184.213128
0x601000000f60;0x6010025c7a20;4951382;0.003458;183.277232
0x601000000f60;0x6010025d7410;4959381;0.003491;181.843150
0x601000000f60;0x6010025e6e10;4967380;0.003434;185.158775
0x601000000f60;0x6010025f6800;4975379;0.003478;183.105036
0x601000000f60;0x601002606200;4983378;0.003493;182.610791
0x601000000f60;0x601002615bf0;4991377;0.003250;196.590501
0x601000000f60;0x6010026255f0;4999376;0.003393;188.603721
0x601000000f60;0x601002634fe0;5007375;0.003349;191.379938
0x601000000f60;0x6010026449e0;5015374;0.003441;186.559164
0x601000000f60;0x6010026543d0;5023373;0.003062;209.990099
0x601000000f60;0x601002663dd0;5031372;0.002952;218.155167
0x601000000f60;0x6010026737c0;5039371;0.003603;179.029361
0x601000000f60;0x6010026831c0;5047370;0.003457;186.894692
0x601000000f60;0x601002692bb0;5055369;0.003482;185.845013
0x601000000f60;0x6010026a25b0;5063368;0.003568;181.648847
0x601000000f60;0x6010026b1fa0;5071367;0.003400;190.917147
0x601000000f60;0x6010026c19a0;5079366;0.002843;228.676214
0x601000000f60;0x6010026d1390;5087365;0.003491;186.523136
0x601000000f60;0x6010026e0d90;5095364;0.003501;186.294791
0x601000000f60;0x6010026f0780;5103363;0.003455;189.072331
0x601000000f60;0x601002700180;5111362;0.003402;192.314919
0x601000000f60;0x60100270fb70;5119361;0.002963;221.166493
0x601000000f60;0x60100271f570;5127360;0.003310;198.280663
0x601000000f60;0x60100272ef60;5135359;0.003278;200.525483
0x601000000f60;0x60100273e960;5143358;0.003437;191.558744
0x601000000f60;0x60100274e350;5151357;0.003480;189.464529
0x601000000f60;0x60100275dd50;5159356;0.003470;190.306298
0x601000000f60;0x60100276d740;5167355;0.003108;212.810877
0x601000000f60;0x60100277d140;5175354;0.003501;189.206471
0x601000000f60;0x60100278cb30;5183353;0.003360;197.459125
0x601000000f60;0x60100279c530;5191352;0.003456;192.265858
0x601000000f60;0x6010027abf20;5199351;0.003440;193.456256
0x601000000f60;0x6010027bb920;5207350;0.003036;219.544114
0x601000000f60;0x6010027cb310;5215349;0.003189;209.343490
0x601000000f60;0x6010027dad10;5223348;0.003317;201.571564
0x601000000f60;0x6010027ea700;5231347;0.003457;193.693658
0x601000000f60;0x6010027fa100;5239346;0.003501;191.545963
0x601000000f60;0x601002809af0;5247345;0.002944;228.146007
0x601000000f60;0x6010028194f0;5255344;0.003484;193.077488
0x601000000f60;0x601002828ee0;5263343;0.003497;192.659423
0x601000000f60;0x6010028388e0;5271342;0.003304;204.216351
0x601000000f60;0x6010028482d0;5279341;0.003447;196.038499
0x601000000f60;0x601002857cd0;5287340;0.003493;193.762392
0x601000000f60;0x6010028676c0;5295339;0.003910;173.348383
0x601000000f60;0x6010028770c0;5303338;0.003542;191.653736
0x601000000f60;0x601002886ab0;5311337;0.003402;199.838975
0x601000000f60;0x6010028964b0;5319336;0.003464;196.558385
0x601000000f60;0x6010028a5ea0;5327335;0.003492;195.281387
0x601000000f60;0x6010028b58a0;5335334;0.003488;195.788491
0x601000000f60;0x6010028c5290;5343333;0.003517;194.473599
0x601000000f60;0x6010028d4c90;5351332;0.003524;194.369426
0x601000000f60;0x6010028e4680;5359331;0.003394;202.126373
0x601000000f60;0x6010028f4080;5367330;0.003541;194.018540
0x601000000f60;0x601002903a70;5375329;0.003452;199.327102
0x601000000f60;0x601002913470;5383328;0.003634;189.617649
0x601000000f60;0x601002922e60;5391327;0.003407;202.550500
0x601000000f60;0x601002932860;5399326;0.003470;199.171436
0x601000000f60;0x601002942250;5407325;0.003494;198.091812
0x601000000f60;0x601002951c50;5415324;0.003031;228.689525
0x601000000f60;0x601002961640;5423323;0.003075;225.759817
0x601000000f60;0x601002971040;5431322;0.003015;230.580325
0x601000000f60;0x601002980a30;5439321;0.003508;198.464947
0x601000000f60;0x601002990430;5447320;0.003401;205.012805
0x601000000f60;0x60100299fe20;5455319;0.003499;199.564056
0x601000000f60;0x6010029af820;5463318;0.003498;199.911158
0x601000000f60;0x6010029bf210;5471317;0.003609;194.040887
0x601000000f60;0x6010029cec10;5479316;0.003452;203.169099
0x601000000f60;0x6010029de600;5487315;0.003470;202.417192
0x601000000f60;0x6010029ee000;5495314;0.003668;191.763031
0x601000000f60;0x6010029fd9f0;5503313;0.003509;200.745255
0x601000000f60;0x601002a0d3f0;5511312;0.003504;201.324291
0x601000000f60;0x601002a1cde0;5519311;0.003327;212.351837
0x601000000f60;0x601002a2c7e0;5527310;0.003394;208.461676
0x601000000f60;0x601002a3c1d0;5535309;0.003384;209.366380
0x601000000f60;0x601002a4bbd0;5543308;0.003333;212.893685
0x601000000f60;0x601002a5b5c0;5551307;0.003523;201.687437
0x601000000f60;0x601002a6afc0;5559306;0.003034;234.530071
0x601000000f60;0x601002a7a9b0;5567305;0.003505;203.314340
0x601000000f60;0x601002a8a3b0;5575304;0.003063;232.989690
0x601000000f60;0x601002a99da0;5583303;0.003527;202.630499
0x601000000f60;0x601002aa97a0;5591302;0.003582;199.800812
0x601000000f60;0x601002ab9190;5599301;0.003539;202.512923
0x601000000f60;0x601002ac8b90;5607300;0.003483;206.078605
0x601000000f60;0x601002ad8580;5615299;0.003491;205.893368
0x601000000f60;0x601002ae7f80;5623298;0.003453;208.450261
0x601000000f60;0x601002af7970;5631297;0.003481;207.059760
0x601000000f60;0x601002b07370;5639296;0.003587;201.234562
0x601000000f60;0x601002b16d60;5647295;0.003445;209.817884
0x601000000f60;0x601002b26760;5655294;0.003484;207.771358
0x601000000f60;0x601002b36150;5663293;0.003419;212.026309
0x601000000f60;0x601002b45b50;5671292;0.003632;199.865545
0x601000000f60;0x601002b55540;5679291;0.003440;211.313753
0x601000000f60;0x601002b64f40;5687290;0.003497;208.177580
0x601000000f60;0x601002b74930;5695289;0.003267;223.136175
0x601000000f60;0x601002b84330;5703288;0.003126;233.538970
0x601000000f60;0x601002b93d20;5711287;0.003522;207.569988
0x601000000f60;0x601002ba3720;5719286;0.003478;210.482471
0x601000000f60;0x601002bb3110;5727285;0.003614;202.850819
0x601000000f60;0x601002bc2b10;5735284;0.003575;205.342258
0x601000000f60;0x601002bd2500;5743283;0.003553;206.911930
0x601000000f60;0x601002be1f00;5751282;0.003373;218.258006
0x601000000f60;0x601002bf18f0;5759281;0.003561;207.015964
0x601000000f60;0x601002c012f0;5767280;0.003588;205.746885
0x601000000f60;0x601002c10ce0;5775279;0.003037;243.392676
0x601000000f60;0x601002c206e0;5783278;0.003480;212.720864
0x601000000f60;0x601002c300d0;5791277;0.003546;209.047816
0x601000000f60;0x601002c3fad0;5799276;0.003499;212.146538
0x601000000f60;0x601002c4f4c0;5807275;0.003568;208.336587
0x601000000f60;0x601002c5eec0;5815274;0.003544;210.027007
0x601000000f60;0x601002c6e8b0;5823273;0.003460;215.431773
0x601000000f60;0x601002c7e2b0;5831272;0.003480;214.486182
0x601000000f60;0x601002c8dca0;5839271;0.003483;214.603967
0x601000000f60;0x601002c9d6a0;5847270;0.003509;213.291832
0x601000000f60;0x601002cad090;5855269;0.003576;209.596187
0x601000000f60;0x601002cbca90;5863268;0.003299;227.492812
0x601000000f60;0x601002ccc480;5871267;0.003603;208.583408
0x601000000f60;0x601002cdbe80;5879266;0.003298;228.179491
0x601000000f60;0x601002ceb870;5887265;0.003394;222.037326
0x601000000f60;0x601002cfb270;5895264;0.003621;208.387922
0x601000000f60;0x601002d0ac60;5903263;0.003215;235.023373
0x601000000f60;0x601002d1a660;5911262;0.003507;215.743346
0x601000000f60;0x601002d2a050;5919261;0.003599;210.525277
0x601000000f60;0x601002d39a50;5927260;0.003488;217.510149
0x601000000f60;0x601002d49440;5935259;0.003582;212.091847
0x601000000f60;0x601002d58e40;5943258;0.003287;231.449466
0x601000000f60;0x601002d68830;5951257;0.003398;224.167317
0x601000000f60;0x601002d78230;5959256;0.003176;240.173501
0x601000000f60;0x601002d87c20;5967255;0.003312;230.627430
0x601000000f60;0x601002d97620;5975254;0.003083;248.081360
0x601000000f60;0x601002da7010;5983253;0.003548;215.846962
0x601000000f60;0x601002db6a10;5991252;0.003661;209.463983
0x601000000f60;0x601002dc6400;5999251;0.003188;240.863248
0x601000000f60;0x601002dd5e00;6007250;0.003392;226.689941
0x601000000f60;0x601002de57f0;6015249;0.003343;230.310385
0x601000000f60;0x601002df51f0;6023248;0.003571;215.911507
0x601000000f60;0x601002e04be0;6031247;0.003539;218.135346
0x601000000f60;0x601002e145e0;6039246;0.003560;217.151933
0x601000000f60;0x601002e23fd0;6047245;0.003560;217.424989
0x601000000f60;0x601002e339d0;6055244;0.003561;217.654283
0x601000000f60;0x601002e433c0;6063243;0.003594;215.932259
0x601000000f60;0x601002e52dc0;6071242;0.003663;212.150041
0x601000000f60;0x601002e627b0;6079241;0.003540;219.811938
0x601000000f60;0x601002e721b0;6087240;0.003452;225.710483
0x601000000f60;0x601002e81ba0;6095239;0.003589;217.388994
0x601000000f60;0x601002e915a0;6103238;0.003536;220.932570
0x601000000f60;0x601002ea0f90;6111237;0.003549;220.404768
0x601000000f60;0x601002eb0990;6119236;0.003770;207.768771
0x601000000f60;0x601002ec0380;6127235;0.003596;218.109948
0x601000000f60;0x601002ecfd80;6135234;0.003585;219.062827
0x601000000f60;0x601002edf770;6143233;0.003435;228.925044
0x601000000f60;0x601002eef170;6151232;0.003592;219.196703
0x601000000f60;0x601002efeb60;6159231;0.003549;222.135696
0x601000000f60;0x601002f0e560;6167230;0.003207;246.134879
0x601000000f60;0x601002f1df50;6175229;0.003476;227.386888
0x601000000f60;0x601002f2d950;6183228;0.003226;245.332589
0x601000000f60;0x601002f3d340;6191227;0.003466;228.650319
0x601000000f60;0x601002f4cd40;6199226;0.003531;224.725464
0x601000000f60;0x601002f5c730;6207225;0.003396;233.956652
0x601000000f60;0x601002f6c130;6215224;0.003661;217.294411
0x601000000f60;0x601002f7bb20;6223223;0.003522;226.175698
0x601000000f60;0x601002f8b520;6231222;0.003581;222.727153
0x601000000f60;0x601002f9af10;6239221;0.003566;223.952415
0x601000000f60;0x601002faa910;6247220;0.003075;260.036494
0x601000000f60;0x601002fba300;6255219;0.003550;225.536946
0x601000000f60;0x601002fc9d00;6263218;0.003119;257.035588
0x601000000f60;0x601002fd96f0;6271217;0.003439;233.418885
0x601000000f60;0x601002fe90f0;6279216;0.003290;244.302371
0x601000000f60;0x601002ff8ae0;6287215;0.003697;217.684951
0x601000000f60;0x6010030084e0;6295214;0.003536;227.881955
0x601000000f60;0x601003017ed0;6303213;0.003627;222.442103
0x601000000f60;0x6010030278d0;6311212;0.003333;242.368107
0x601000000f60;0x6010030372c0;6319211;0.003601;224.616034
0x601000000f60;0x601003046cc0;6327210;0.003273;247.442818
0x601000000f60;0x6010030566b0;6335209;0.003620;224.013004
0x601000000f60;0x6010030660b0;6343208;0.003393;239.300391
0x601000000f60;0x601003075aa0;6351207;0.003621;224.519543
0x601000000f60;0x6010030854a0;6359206;0.003635;223.917671
0x601000000f60;0x601003094e90;6367205;0.003570;228.302087
0x601000000f60;0x6010030a4890;6375204;0.003597;226.876679
0x601000000f60;0x6010030b4280;6383203;0.003485;234.450025
0x601000000f60;0x6010030c3c80;6391202;0.003625;225.680771
0x601000000f60;0x6010030d3670;6399201;0.003446;237.704620
0x601000000f60;0x6010030e3070;6407200;0.003617;226.737809
0x601000000f60;0x6010030f2a60;6415199;0.003573;229.823418
0x601000000f60;0x601003102460;6423198;0.003565;230.617814
0x601000000f60;0x601003111e50;6431197;0.003630;226.764915
0x601000000f60;0x601003121850;6439196;0.003633;226.883050
0x601000000f60;0x601003131240;6447195;0.003615;228.273525
0x601000000f60;0x601003140c40;6455194;0.003533;233.862331
0x601000000f60;0x601003150630;6463193;0.003639;227.340649
0x601000000f60;0x601003160030;6471192;0.003289;251.844491
0x601000000f60;0x60100316fa20;6479191;0.003410;243.216975
0x601000000f60;0x60100317f420;6487190;0.003529;235.291421
0x601000000f60;0x60100318ee10;6495189;0.003591;231.514941
0x601000000f60;0x60100319e810;6503188;0.003608;230.712514
0x601000000f60;0x6010031ae200;6511187;0.003598;231.639182
0x601000000f60;0x6010031bdc00;6519186;0.003587;232.632857
0x601000000f60;0x6010031cd5f0;6527185;0.003409;245.087129
0x601000000f60;0x6010031dcff0;6535184;0.003628;230.567799
0x601000000f60;0x6010031ec9e0;6543183;0.003073;272.545940
0x601000000f60;0x6010031fc3e0;6551182;0.003650;229.743227
0x601000000f60;0x60100320bdd0;6559181;0.003487;240.765314
0x601000000f60;0x60100321b7d0;6567180;0.003606;233.121391
0x601000000f60;0x60100322b1c0;6575179;0.003646;230.841116
0x601000000f60;0x60100323abc0;6583178;0.003587;234.916369
0x601000000f60;0x60100324a5b0;6591177;0.003611;233.648809
0x601000000f60;0x601003259fb0;6599176;0.003552;237.810823
0x601000000f60;0x6010032699a0;6607175;0.003608;234.401643
0x601000000f60;0x6010032793a0;6615174;0.003579;236.577038
0x601000000f60;0x601003288d90;6623173;0.003061;276.952171
0x601000000f60;0x601003298790;6631172;0.003101;273.705186
0x601000000f60;0x6010032a8180;6639171;0.003563;238.515644
0x601000000f60;0x6010032b7b80;6647170;0.002920;291.367751
0x601000000f60;0x6010032c7570;6655169;0.003612;235.839383
0x601000000f60;0x6010032d6f70;6663168;0.003253;262.185655
0x601000000f60;0x6010032e6960;6671167;0.003695;231.097917
0x601000000f60;0x6010032f6360;6679166;0.003648;234.353960
0x601000000f60;0x601003305d50;6687165;0.003637;235.357570
0x601000000f60;0x601003315750;6695164;0.003175;269.913554
0x601000000f60;0x601003325140;6703163;0.003297;260.230908
0x601000000f60;0x601003334b40;6711162;0.003165;271.414513
0x601000000f60;0x601003344530;6719161;0.003491;246.351301
0x601000000f60;0x601003353f30;6727160;0.003601;239.116560
0x601000000f60;0x601003363920;6735159;0.003647;236.380398
0x601000000f60;0x601003373320;6743158;0.003660;235.828636
0x601000000f60;0x601003382d10;6751157;0.003601;239.985421
0x601000000f60;0x601003392710;6759156;0.003585;241.324350
0x601000000f60;0x6010033a2100;6767155;0.003654;237.053939
0x601000000f60;0x6010033b1b00;6775154;0.003637;238.438748
0x601000000f60;0x6010033c14f0;6783153;0.003558;244.031196
0x601000000f60;0x6010033d0ef0;6791152;0.003599;241.535076
0x601000000f60;0x6010033e08e0;6799151;0.003589;242.478172
0x601000000f60;0x6010033f02e0;6807150;0.003796;229.543422
0x601000000f60;0x6010033ffcd0;6815149;0.003641;239.579312
0x601000000f60;0x60100340f6d0;6823148;0.003669;238.036889
0x601000000f60;0x60100341f0c0;6831147;0.003853;226.931757
0x601000000f60;0x60100342eac0;6839146;0.003485;251.196453
0x601000000f60;0x60100343e4b0;6847145;0.003525;248.632599
0x601000000f60;0x60100344deb0;6855144;0.003668;239.215301
0x601000000f60;0x60100345d8a0;6863143;0.003648;240.809218
0x601000000f60;0x60100346d2a0;6871142;0.003482;252.578998
0x601000000f60;0x60100347cc90;6879141;0.003587;245.477614
0x601000000f60;0x60100348c690;6887140;0.003623;243.320948
0x601000000f60;0x60100349c080;6895139;0.003679;239.893692
0x601000000f60;0x6010034aba80;6903138;0.003579;246.875433
0x601000000f60;0x6010034bb470;6911137;0.003666;241.310381
0x601000000f60;0x6010034cae70;6919136;0.003657;242.188216
0x601000000f60;0x6010034da860;6927135;0.003640;243.595814
0x601000000f60;0x6010034ea260;6935134;0.003589;247.344165
0x601000000f60;0x6010034f9c50;6943133;0.003661;242.759111
0x601000000f60;0x601003509650;6951132;0.003680;241.779111
0x601000000f60;0x601003519040;6959131;0.003584;248.530234
0x601000000f60;0x601003528a40;6967130;0.003608;247.155374
0x601000000f60;0x601003538430;6975129;0.003614;247.047359
0x601000000f60;0x601003547e30;6983128;0.003666;243.824031
0x601000000f60;0x601003557820;6991127;0.003632;246.378675
0x601000000f60;0x601003567220;6999126;0.003686;243.054797
0x601000000f60;0x601003576c10;7007125;0.003517;255.028241
0x601000000f60;0x601003586610;7015124;0.003634;247.094608
0x601000000f60;0x601003596000;7023123;0.003435;261.713782
0x601000000f60;0x6010035a5a00;7031122;0.003409;264.009294
0x601000000f60;0x6010035b53f0;7039121;0.003660;246.179357
0x601000000f60;0x6010035c4df0;7047120;0.003599;250.638870
0x601000000f60;0x6010035d47e0;7055119;0.003594;251.272932
0x601000000f60;0x6010035e41e0;7063118;0.003404;265.600799
0x601000000f60;0x6010035f3bd0;7071117;0.003114;290.657456
0x601000000f60;0x6010036035d0;7079116;0.003699;244.976889
0x601000000f60;0x601003612fc0;7087115;0.003488;260.072857
0x601000000f60;0x6010036229c0;7095114;0.003343;271.675367
0x601000000f60;0x6010036323b0;7103113;0.003181;285.823321
0x601000000f60;0x601003641db0;7111112;0.003248;280.222342
0x601000000f60;0x6010036517a0;7119111;0.003670;248.297513
0x601000000f60;0x6010036611a0;7127110;0.003671;248.511921
0x601000000f60;0x601003670b90;7135109;0.003678;248.307025
0x601000000f60;0x601003680590;7143108;0.003596;254.271775
0x601000000f60;0x60100368ff80;7151107;0.003586;255.250405
0x601000000f60;0x60100369f980;7159106;0.003417;268.177210
0x601000000f60;0x6010036af370;7167105;0.003686;248.888111
0x601000000f60;0x6010036bed70;7175104;0.003630;253.011798
0x601000000f60;0x6010036ce760;7183103;0.003613;254.480603
0x601000000f60;0x6010036de160;7191102;0.003676;250.401705
0x601000000f60;0x6010036edb50;7199101;0.003690;249.724618
0x601000000f60;0x6010036fd550;7207100;0.003676;250.958772
0x601000000f60;0x60100370cf40;7215099;0.003629;254.488981
0x601000000f60;0x60100371c940;7223098;0.003648;253.455635
0x601000000f60;0x60100372c330;7231097;0.003480;265.974626
0x601000000f60;0x60100373bd30;7239096;0.003642;254.416082
0x601000000f60;0x60100374b720;7247095;0.003699;250.773735
0x601000000f60;0x60100375b120;7255094;0.003686;251.943657
0x601000000f60;0x60100376ab10;7263093;0.003671;253.253450
0x601000000f60;0x60100377a510;7271092;0.003657;254.491022
0x601000000f60;0x601003789f00;7279091;0.003513;265.214267
0x601000000f60;0x601003799900;7287090;0.003389;275.237558
0x601000000f60;0x6010037a92f0;7295089;0.003730;250.336918
0x601000000f60;0x6010037b8cf0;7303088;0.003625;257.880526
0x601000000f60;0x6010037c86e0;7311087;0.003617;258.741592
0x601000000f60;0x6010037d80e0;7319086;0.003582;261.541825
0x601000000f60;0x6010037e7ad0;7327085;0.003678;255.004460
0x601000000f60;0x6010037f74d0;7335084;0.003690;254.441638
0x601000000f60;0x601003806ec0;7343083;0.003297;285.073951
0x601000000f60;0x6010038168c0;7351082;0.003604;261.086405
0x601000000f60;0x6010038262b0;7359081;0.003128;301.133882
0x601000000f60;0x601003835cb0;7367080;0.003710;254.188365
0x601000000f60;0x6010038456a0;7375079;0.003749;251.810315
0x601000000f60;0x6010038550a0;7383078;0.003735;253.032864
0x601000000f60;0x601003864a90;7391077;0.003390;279.067041
0x601000000f60;0x601003874490;7399076;0.003425;276.529668
0x601000000f60;0x601003883e80;7407075;0.003670;258.341006
0x601000000f60;0x601003893880;7415074;0.003682;257.765964
0x601000000f60;0x6010038a3270;7423073;0.003555;267.267921
0x601000000f60;0x6010038b2c70;7431072;0.003375;281.825827
0x601000000f60;0x6010038c2660;7439071;0.003673;259.238013
0x601000000f60;0x6010038d2060;7447070;0.003726;255.830257
0x601000000f60;0x6010038e1a50;7455069;0.003742;255.011768
0x601000000f60;0x6010038f1450;7463068;0.003722;256.659030
0x601000000f60;0x601003900e40;7471067;0.003700;258.457282
0x601000000f60;0x601003910840;7479066;0.003680;260.142079
0x601000000f60;0x601003920230;7487065;0.003668;261.283633
0x601000000f60;0x60100392fc30;7495064;0.003744;256.232924
0x601000000f60;0x60100393f620;7503063;0.003686;260.554740
0x601000000f60;0x60100394f020;7511062;0.003764;255.413650
0x601000000f60;0x60100395ea10;7519061;0.003834;251.026997
0x601000000f60;0x60100396e410;7527060;0.003750;256.917768
0x601000000f60;0x60100397de00;7535059;0.003637;265.199554
0x601000000f60;0x60100398d800;7543058;0.003739;258.218990
0x601000000f60;0x60100399d1f0;7551057;0.003764;256.773680
0x601000000f60;0x6010039acbf0;7559056;0.003663;264.139371
0x601000000f60;0x6010039bc5e0;7567055;0.003682;263.049192
0x601000000f60;0x6010039cbfe0;7575054;0.003653;265.423975
0x601000000f60;0x6010039db9d0;7583053;0.003544;273.891320
0x601000000f60;0x6010039eb3d0;7591052;0.003466;280.347734
0x601000000f60;0x6010039fadc0;7599051;0.003520;276.328193
0x601000000f60;0x601003a0a7c0;7607050;0.003664;265.747259
0x601000000f60;0x601003a1a1b0;7615049;0.003680;264.871934
0x601000000f60;0x601003a29bb0;7623048;0.003707;263.223098
0x601000000f60;0x601003a395a0;7631047;0.003721;262.503182
0x601000000f60;0x601003a48fa0;7639046;0.003643;268.419503
0x601000000f60;0x601003a58990;7647045;0.003598;272.047977
0x601000000f60;0x601003a68390;7655044;0.003711;264.039220
0x601000000f60;0x601003a77d80;7663043;0.003681;266.472238
0x601000000f60;0x601003a87780;7671042;0.003690;266.095452
0x601000000f60;0x601003a97170;7679041;0.003735;263.159310
0x601000000f60;0x601003aa6b70;7687040;0.003798;259.067682
0x601000000f60;0x601003ab6560;7695039;0.003652;269.716172
0x601000000f60;0x601003ac5f60;7703038;0.003443;286.374700
0x601000000f60;0x601003ad5950;7711037;0.003447;286.335003
0x601000000f60;0x601003ae5350;7719036;0.003836;257.559099
0x601000000f60;0x601003af4d40;7727035;0.003681;268.697476
0x601000000f60;0x601003b04740;7735034;0.003720;266.148482
0x601000000f60;0x601003b14130;7743033;0.003769;262.952065
0x601000000f60;0x601003b23b30;7751032;0.003693;268.644520
0x601000000f60;0x601003b33520;7759031;0.003724;266.700688
0x601000000f60;0x601003b42f20;7767030;0.003719;267.335074
0x601000000f60;0x601003b52910;7775029;0.003727;267.028334
0x601000000f60;0x601003b62310;7783028;0.003752;265.519562
0x601000000f60;0x601003b71d00;7791027;0.003722;267.920559
0x601000000f60;0x601003b81700;7799026;0.003750;266.200661
0x601000000f60;0x601003b910f0;7807025;0.003749;266.558422
0x601000000f60;0x601003ba0af0;7815024;0.003721;268.831874
0x601000000f60;0x601003bb04e0;7823023;0.003611;277.297867
0x601000000f60;0x601003bbfee0;7831022;0.003660;273.874531
0x601000000f60;0x601003bcf8d0;7839021;0.003774;265.875441
0x601000000f60;0x601003bdf2d0;7847020;0.003602;278.848079
0x601000000f60;0x601003beecc0;7855019;0.003554;282.915015
0x601000000f60;0x601003bfe6c0;7863018;0.003593;280.121144
0x601000000f60;0x601003c0e0b0;7871017;0.003733;269.893343
0x601000000f60;0x601003c1dab0;7879016;0.003519;286.586349
0x601000000f60;0x601003c2d4a0;7887015;0.003663;275.617323
0x601000000f60;0x601003c3cea0;7895014;0.003292;306.967219
0x601000000f60;0x601003c4c890;7903013;0.003348;302.136139
0x601000000f60;0x601003c5c290;7911012;0.003599;281.364175
0x601000000f60;0x601003c6bc80;7919011;0.003690;274.697077
0x601000000f60;0x601003c7b680;7927010;0.003745;270.930805
0x601000000f60;0x601003c8b070;7935009;0.003761;270.052331
0x601000000f60;0x601003c9aa70;7943008;0.003651;278.462188
0x601000000f60;0x601003caa460;7951007;0.003716;273.878120
0x601000000f60;0x601003cb9e60;7959006;0.003601;282.902464
0x601000000f60;0x601003cc9850;7967005;0.003930;259.494827
0x601000000f60;0x601003cd9250;7975004;0.003674;277.842159
0x601000000f60;0x601003ce8c40;7983003;0.003801;268.839675
0x601000000f60;0x601003cf8640;7991002;0.003649;280.309476
0x601000000f60;0x601003d08030;7999001;0.003474;294.724519
