0.001325
0.001425
0.001577
0.001479
0.001610
0.001362
0.001633
0.001495
0.002132
0.002310
0.002224
0.002288
0.002454
0.002088
0.002244
0.002184
0.002165
0.002206
0.002139
0.002538
0.002409
0.002412
0.001948
0.002000
0.002224
0.002108
0.001949
0.002307
0.002170
0.002210
0.001954
0.002159
0.002237
0.002025
0.002299
0.002189
0.002141
0.002266
0.002068
0.002326
0.002305
0.002173
0.002332
0.002228
0.002064
0.002240
0.002396
0.002160
0.002390
0.002175
0.002126
0.002308
0.002268
0.002109
0.002023
0.002132
0.002269
0.002109
0.002027
0.002104
0.002173
0.002076
0.002248
0.002037
0.002121
0.002084
0.002168
0.002012
0.002303
0.001941
0.002409
0.002199
0.002145
0.002008
0.002187
0.002414
0.002027
0.002077
0.002403
0.002377
0.002050
0.002285
0.002231
0.002172
0.002001
0.002134
0.002084
0.002045
0.002184
0.002164
0.002156
0.002270
0.002125
0.002294
0.002144
0.002024
0.002282
0.002142
0.002369
0.002022
0.002212
0.002070
0.002024
0.001882
0.001821
0.001883
0.001965
0.002140
0.002104
0.002161
0.002273
0.002296
0.002278
0.002059
0.002272
0.002246
0.001981
0.002415
0.001846
0.002197
0.002148
0.002473
0.002360
0.002311
0.002272
0.002193
0.002375
0.002179
0.002220
0.002491
0.002361
0.002416
0.002158
0.001975
0.002293
0.002220
0.002197
0.002225
0.001815
0.002137
0.002236
0.002214
0.002294
0.002076
0.002043
0.002164
0.002358
0.002393
0.002207
0.002232
0.002291
0.002297
0.002236
0.002265
0.002218
0.002350
0.002319
0.002270
0.002201
0.002315
0.002356
0.002336
0.002359
0.002193
0.002483
0.001696
0.002302
0.002186
0.001972
0.002066
0.002281
0.002351
0.002093
0.001958
0.002341
0.002191
0.002058
0.001891
0.001985
0.002036
0.002166
0.002160
0.002001
0.002384
0.002367
0.002241
0.002298
0.001977
0.002028
0.001665
0.001999
0.002185
0.002153
0.002019
0.002245
0.002109
0.001956
0.002040
0.002109
0.002193
0.002078
0.001961
0.001967
0.002105
0.002182
0.002029
0.001881
0.002324
0.002200
0.002369
0.002285
0.002136
0.002308
0.002078
0.002169
0.002177
0.002331
0.002204
0.002098
0.002381
0.002273
0.002077
0.002082
0.002399
0.002047
0.002165
0.002406
0.002132
0.002183
0.002133
0.002347
0.002256
0.002069
0.002209
0.002306
0.002006
0.002305
0.001998
0.002183
0.002038
0.002399
0.002101
0.002198
0.002510
0.001860
0.002283
0.002134
0.002080
0.002207
0.002334
0.002181
0.002278
0.002153
0.002148
0.002394
0.002383
0.002413
0.002272
0.002256
0.002017
0.002398
0.002205
0.001908
0.002137
0.002005
0.001815
0.002325
0.002140
0.002139
0.002278
0.002161
0.002279
0.002117
0.002011
0.002418
0.002199
0.002167
0.002209
0.002201
0.002120
0.002210
0.002238
0.002057
0.002150
0.002121
0.001847
0.002346
0.002213
0.002086
0.002154
0.001898
0.001995
0.002047
0.001965
0.002318
0.001966
0.002238
0.002299
0.002136
0.002302
0.001954
0.002456
0.002165
0.002436
0.002194
0.002008
0.001987
0.002084
0.002210
0.002282
0.002102
0.005157
0.002263
0.002109
0.002369
0.002069
0.002213
0.001943
0.002432
0.001960
0.002155
0.002268
0.002082
0.002299
0.002154
0.002342
0.002355
0.002202
0.002210
0.002380
0.002209
0.001855
0.002161
0.002276
0.002135
0.001897
0.001927
0.002048
0.002290
0.002088
0.002240
0.002273
0.002149
0.002437
0.002043
0.002352
0.002315
0.002193
0.002192
0.002037
0.002070
0.002224
0.002215
0.002241
0.002341
0.001908
0.002236
0.002310
0.002420
0.002025
0.002244
0.002088
0.002284
0.001929
0.002025
0.002148
0.002182
0.001942
0.001945
0.002241
0.002197
0.002112
0.002298
0.002051
0.002272
0.002253
0.002023
0.002035
0.002173
0.001852
0.002237
0.001781
0.002161
0.001593
0.001876
0.001870
0.001935
0.001948
0.002387
0.002102
0.002238
0.002042
0.002209
0.001987
0.001977
0.002185
0.002062
0.002128
0.002087
0.002277
0.002111
0.002376
0.002020
0.001919
0.001964
0.001929
0.002367
0.002008
0.001988
0.002010
0.001958
0.002093
0.002081
0.002257
0.002044
0.002390
0.002124
0.002153
0.001764
0.002104
0.001969
0.001846
0.001875
0.001965
0.002136
0.001694
0.002289
0.002165
0.002214
0.002066
0.001897
0.001825
0.001937
0.001993
0.002481
0.002098
0.002213
0.002017
0.002116
0.002158
0.002062
0.002153
0.002151
0.002277
0.002421
0.002231
0.002344
0.001952
0.001968
0.002272
0.002060
0.002297
0.002355
0.002294
0.002122
0.002306
0.002303
0.002335
0.002268
0.002338
0.002333
0.002143
0.002046
0.002210
0.002283
0.002191
0.002186
0.002121
0.002006
0.002085
0.002194
0.002296
0.002284
0.002197
0.002154
0.002306
0.002325
0.002294
0.002265
0.002063
0.002399
0.001879
0.001960
0.002212
0.002365
0.002242
0.002276
0.001943
0.001947
0.002193
0.001997
0.002200
0.001895
0.002242
0.002344
0.002261
0.002089
0.002496
0.001990
0.002068
0.001947
0.001983
0.002064
0.002175
0.002281
0.001946
0.002026
0.002153
0.001883
0.002274
0.001875
0.002081
0.002195
0.002108
0.002379
0.001975
0.002215
0.002384
0.001952
0.002070
0.001986
0.002022
0.002247
0.002259
0.002409
0.001955
0.002193
0.001858
0.002071
0.002116
0.002198
0.001968
0.002010
0.002378
0.002253
0.002246
0.002196
0.001955
0.002190
0.002206
0.001966
0.002000
0.001937
0.002170
0.001915
0.002129
0.002159
0.002180
0.001947
0.002030
0.002041
0.002227
0.002186
0.002120
0.001800
0.001912
0.002022
0.002118
0.002104
0.001903
0.001930
0.002068
0.001998
0.002099
0.001922
0.002061
0.001864
0.002387
0.002077
0.002219
0.002071
0.001872
0.001982
0.001974
0.002323
0.002003
0.001800
0.002383
0.002268
0.002064
0.002189
0.002385
0.002203
0.002295
0.002184
0.002224
0.002390
0.002102
0.002197
0.002081
0.002187
0.002117
0.001953
0.002130
0.002128
0.001888
0.002275
0.001990
0.002025
0.002204
0.002039
0.002115
0.002366
0.002211
0.001926
0.002158
0.002165
0.002192
0.002312
0.002110
0.002165
0.002224
0.002395
0.002215
0.001873
0.002321
0.002164
0.002024
0.002370
0.002140
0.002344
0.002008
0.002201
0.002363
0.002081
0.002201
0.002141
0.002167
0.002159
0.002171
0.002239
0.002316
0.002340
0.001933
0.002104
0.002323
0.002144
0.002076
0.002013
0.001997
0.002362
0.002155
0.002146
0.001977
0.002129
0.002236
0.002072
0.002280
0.002301
0.002064
0.002124
0.002154
0.002351
0.002336
0.002030
0.001962
0.002275
0.002146
0.002047
0.002038
0.002263
0.002224
0.002374
0.002204
0.002160
0.002260
0.002077
0.001886
0.001961
0.002045
0.001818
0.002370
0.002239
0.001916
0.002430
0.001999
0.001916
0.002018
0.002030
0.002353
0.002028
0.002142
0.002045
0.002027
0.002035
0.002104
0.002331
0.002158
0.002003
0.002187
0.002264
0.002112
0.002034
0.002141
0.002120
0.002325
0.002133
0.002149
0.001973
0.002202
0.002301
0.002143
0.001948
0.002195
0.001899
0.001950
0.002000
0.001575
0.001871
0.001765
0.001974
0.002215
0.002220
0.002363
0.002062
0.001966
0.002005
0.002289
0.002204
0.002206
0.001928
0.002203
0.002124
0.002260
0.002173
0.002089
0.002328
0.002049
0.002193
0.002208
0.002249
0.002437
0.001992
0.001916
0.002262
0.002272
0.002064
0.002060
0.002303
0.002145
0.002088
0.002225
0.002253
0.002124
0.002142
0.002078
0.002195
0.002192
0.002085
0.002090
0.002262
0.001988
0.002226
0.002304
0.002040
0.002201
0.001963
0.002309
0.002174
0.002464
0.002182
0.001831
0.001978
0.001809
0.001970
0.002126
0.002165
0.002053
0.002186
0.002210
0.002342
0.002300
0.002195
0.002218
0.002197
0.002071
0.002142
0.001901
0.002092
0.001838
0.002166
0.002032
0.002282
0.002294
0.002237
0.002201
0.002059
0.002438
0.002028
0.001998
0.002204
0.002178
0.002111
0.002189
0.002255
0.002427
0.002155
0.002189
0.002423
0.002291
0.002410
0.002207
0.002486
0.001982
0.002189
0.002032
0.002072
0.002173
0.002212
0.002257
0.001798
0.002042
0.002130
0.002309
0.001848
0.001934
0.002405
0.002225
0.002268
0.002145
0.002401
0.001999
0.002224
0.001990
0.002380
0.002023
0.001805
0.002172
0.002235
0.002167
0.002231
0.002157
0.002413
0.002159
0.001806
0.002485
0.002059
0.002235
0.002242
0.002380
0.002464
0.002444
0.002174
0.002309
0.002101
0.002069
0.002439
0.002223
0.002365
0.002151
0.002369
0.002428
0.002360
0.002177
0.002246
0.002170
0.002528
0.002080
0.002001
0.002171
0.002134
0.001938
0.002316
0.002455
0.001961
0.001895
0.002422
0.002251
0.002211
0.002405
0.002380
0.002359
0.002433
0.001892
0.002226
0.002330
0.002128
0.002281
0.002404
0.002160
0.002147
0.001931
0.002217
0.002275
0.002094
0.001958
0.001967
0.002027
0.002025
0.002212
0.002223
0.002046
0.002366
0.002327
0.002417
0.002243
0.002472
0.002362
0.002422
0.002161
0.002351
0.001939
0.001981
0.002233
0.002073
0.002424
0.002383
0.002305
0.002048
0.001805
0.002071
0.001907
0.002111
0.002193
0.002203
0.001811
0.002396
0.001591
0.001993
0.002284
0.002361
0.002042
0.002041
0.001815
0.002158
0.002207
0.002226
0.002126
0.002340
0.002122
0.002330
0.002054
0.002367
0.001779
0.002189
0.002027
0.002057
0.002256
0.002317
0.002182
0.002251
0.001928
0.001664
0.002129
0.002069
0.001819
0.002011
0.001765
0.002239
0.002528
0.002016
0.002070
0.002063
0.002315
0.002318
0.002148
0.002426
0.002313
0.002211
0.002300
0.002343
0.002262
0.002307
0.002377
0.002274
0.002261
0.002172
0.002341
0.002390
0.002212
0.002277
0.002310
0.002308
0.002051
0.001948
0.002176
0.002133
0.002207
0.002392
0.002222
0.002009
0.002059
0.002368
0.002303
0.002269
0.002149
0.002267
0.002214
0.002156
0.002403
0.002559
0.002207
0.002297
0.002136
0.002132
0.002276
0.002395
0.002185
0.002176
0.002231
