0.001029
0.000989
0.000994
0.000958
0.001087
0.001061
0.000995
0.000950
0.000935
0.000898
0.000866
0.000865
0.000937
0.000911
0.000925
0.000997
0.000896
0.001159
0.001113
0.001221
0.001183
0.001205
0.001132
0.001097
0.001097
0.001136
0.001162
0.001023
0.001218
0.001181
0.001200
0.001124
0.000990
0.001106
0.001149
0.001201
0.001285
0.001237
0.001241
0.001201
0.001271
0.001383
0.001337
0.001289
0.001176
0.001162
0.001172
0.001113
0.001050
0.001112
0.001098
0.001074
0.001100
0.001032
0.001145
0.001036
0.001101
0.001211
0.001219
0.001172
0.001213
0.001316
0.001192
0.001255
0.001157
0.001301
0.001339
0.001250
0.001231
0.001204
0.001238
0.001250
0.001092
0.001237
0.001253
0.001272
0.001307
0.001221
0.001484
0.001292
0.001131
0.001156
0.001301
0.001193
0.001360
0.001204
0.001019
0.001183
0.001317
0.001217
0.001116
0.001218
0.001174
0.001154
0.001300
0.001173
0.001379
0.001186
0.001300
0.001240
0.001132
0.001059
0.001127
0.001219
0.001225
0.001141
0.000934
0.001236
0.001199
0.001214
0.001205
0.001291
0.000973
0.001159
0.001156
0.001214
0.001316
0.001204
0.001273
0.001212
0.001175
0.001130
0.001210
0.001366
0.001261
0.001342
0.001272
0.001384
0.001359
0.001183
0.001324
0.001335
0.001345
0.001326
0.001293
0.001189
0.001248
0.001247
0.001117
0.001375
0.001200
0.001148
0.001281
0.001291
0.001278
0.001258
0.001378
0.001294
0.001225
0.001383
0.001262
0.001235
0.001276
0.001271
0.001241
0.001278
0.001268
0.001358
0.001207
0.001189
0.001322
0.001180
0.001393
0.001136
0.001213
0.001468
0.001325
0.001369
0.001212
0.001301
0.001441
0.001347
0.001356
0.001268
0.001201
0.001160
0.001492
0.001319
0.001472
0.001573
0.001445
0.001226
0.001215
0.001441
0.001220
0.001421
0.001265
0.001179
0.001329
0.001234
0.001155
0.001457
0.001388
0.001352
0.001455
0.001395
0.001274
0.001100
0.001342
0.001344
0.001180
0.001215
0.001229
0.001159
0.001369
0.001327
0.001267
0.001265
0.001296
0.001243
0.001340
0.001117
0.001142
0.001244
0.001274
0.001102
0.001130
0.001274
0.001059
0.001152
0.001383
0.001367
0.001269
0.001339
0.001149
0.001353
0.001335
0.001071
0.001201
0.001323
0.001271
0.001261
0.001246
0.001196
0.001187
0.001470
0.001223
0.001080
0.001408
0.001321
0.001303
0.001263
0.001433
0.001163
0.001378
0.001245
0.001186
0.001239
0.001115
0.001120
0.001299
0.001251
0.001403
0.001168
0.001464
0.001246
0.001348
0.001370
0.001197
0.001242
0.001218
0.001280
0.001389
0.001260
0.001435
0.001080
0.001377
0.001292
0.001298
0.001253
0.001155
0.001247
0.001400
0.001445
0.001141
0.001321
0.001351
0.001509
0.001429
0.001367
0.001407
0.001366
0.001259
0.001449
0.001226
0.001354
0.001320
0.001416
0.001408
0.001428
0.001337
0.001496
0.001106
0.001762
0.001326
0.001442
0.001511
0.001201
0.001183
0.001402
0.001133
0.001498
0.001243
0.001394
0.001261
0.001348
0.001291
0.001169
0.001463
0.001217
0.001419
0.001438
0.001380
0.001323
0.001409
0.001206
0.001424
0.001140
0.001441
0.001466
0.001269
0.001276
0.001293
0.001527
0.001479
0.001499
0.001117
0.001317
0.001302
0.001300
0.001248
0.001368
0.001297
0.001297
0.001312
0.001267
0.001469
0.001625
0.001398
0.001260
0.001113
0.001268
0.001340
0.001248
0.001253
0.001245
0.001285
0.001569
0.001356
0.001518
0.001350
0.001308
0.001243
0.001383
0.001277
0.001254
0.001321
0.001280
0.001373
0.001333
0.001374
0.001377
0.001462
0.001280
0.001373
0.001249
0.001168
0.001272
0.001200
0.001156
0.001252
0.001359
0.001162
0.001464
0.001120
0.001638
0.001265
0.001200
0.001319
0.001335
0.001180
0.001173
0.001348
0.001308
0.001177
0.001370
0.001447
0.001354
0.001429
0.001469
0.001141
0.001227
0.001154
0.001350
0.001277
0.001329
0.001326
0.001245
0.001417
0.001512
0.001212
0.001481
0.001558
0.001425
0.001324
0.001551
0.001533
0.001462
0.001474
0.001432
0.001344
0.001483
0.001310
0.001383
0.001326
0.001371
0.001435
0.001411
0.001350
0.001451
0.001439
0.001291
0.001319
0.001253
0.001141
0.001283
0.001420
0.001307
0.001425
0.001290
0.001297
0.001416
0.001524
0.001417
0.001377
0.001172
0.001418
0.001517
0.001310
0.001310
0.001591
0.001453
0.001438
0.001310
0.001153
0.001437
0.001323
0.001486
0.001475
0.001175
0.001320
0.001299
0.001495
0.001529
0.001193
0.001374
0.001314
0.001329
0.001208
0.001489
0.001543
0.001335
0.001315
0.001530
0.001382
0.001178
0.001425
0.001390
0.001396
0.001259
0.001470
0.001331
0.001340
0.001431
0.001297
0.001551
0.001277
0.001517
0.001329
0.001408
0.001611
0.001403
0.001500
0.001227
0.001186
0.001395
0.001288
0.001447
0.001148
0.001230
0.001625
0.001625
0.001479
0.001435
0.001571
0.001380
0.001300
0.001383
0.001174
0.001429
0.001431
0.001656
0.001316
0.001465
0.001362
0.001245
0.001364
0.001408
0.001290
0.001489
0.001354
0.001531
0.001318
0.001406
0.001361
0.001165
0.001540
0.001426
0.001529
0.001272
0.001117
0.001084
0.001286
0.001268
0.002165
0.002117
0.002212
0.002211
0.002002
0.002046
0.002148
0.002057
0.002202
0.002173
0.002040
0.002008
0.002050
0.001901
0.002206
0.002132
0.002229
0.002118
0.002080
0.002139
0.002178
0.002210
0.002158
0.002120
0.002234
0.002124
0.002175
0.002284
0.002204
0.002197
0.002233
0.002141
0.002201
0.002092
0.002135
0.002193
0.002435
0.002182
0.002220
0.002137
0.002398
0.002009
0.002079
0.002218
0.002393
0.002205
0.002278
0.002231
0.002133
0.002236
0.002198
0.002197
0.002317
0.002123
0.002223
0.002170
0.002035
0.002053
0.002109
0.002153
0.002284
0.002228
0.002207
0.002199
0.002162
0.002254
0.002175
0.002221
0.001994
0.002231
0.002255
0.002233
0.002339
0.002331
0.002461
0.001945
0.002086
0.002254
0.002096
0.002232
0.002156
0.002024
0.002417
0.002308
0.002056
0.002388
0.002341
0.002217
0.002288
0.002469
0.002326
0.002261
0.002347
0.002400
0.002069
0.002259
0.002486
0.002223
0.002048
0.001984
0.002047
0.002275
0.001984
0.002106
0.001911
0.002184
0.002243
0.002148
0.002065
0.002147
0.001941
0.002298
0.002255
0.002325
0.002208
0.002154
0.002163
0.002160
0.002217
0.002099
0.002414
0.002353
0.002338
0.002135
0.002131
0.002082
0.001999
0.002071
0.002116
0.002147
0.002038
0.002442
0.002327
0.002144
0.002128
0.002044
0.002293
0.002227
0.002388
0.002036
0.002060
0.001967
0.001985
0.002270
0.002350
0.002091
0.002076
0.002211
0.002256
0.002165
0.002274
0.002217
0.001988
0.001999
0.001822
0.002240
0.002318
0.002205
0.001937
0.002141
0.001981
0.002088
0.001927
0.002208
0.002215
0.002109
0.002061
0.002106
0.002265
0.002292
0.001880
0.002451
0.002297
0.002170
0.002254
0.002267
0.002193
0.002087
0.002248
0.002259
0.002317
0.002194
0.002003
0.002092
0.002154
0.002141
0.002230
0.002453
0.002294
0.002088
0.002007
0.002308
0.002063
0.002181
0.002071
0.002161
0.002421
0.002299
0.002150
0.002167
0.001950
0.001961
0.002149
0.002394
0.002153
0.002155
0.002110
0.002242
0.002394
0.002091
0.002422
0.002057
0.002328
0.002192
0.002355
0.002376
0.002381
0.002136
0.002177
0.002190
0.002086
0.002223
0.002404
0.002141
0.002359
0.002243
0.001967
0.002444
0.001971
0.002111
0.002051
0.002311
0.002241
0.002222
0.002235
0.002163
0.002023
0.002248
0.002394
0.001990
0.002176
0.002238
0.002079
0.002426
0.002389
0.001911
0.001986
0.002216
0.002094
0.002257
0.002343
0.002148
0.002078
0.002373
0.002216
0.002204
0.002175
0.002026
0.002275
0.002145
0.002034
0.002152
0.001882
0.002440
0.002304
0.002216
0.001995
0.002255
0.001974
0.002228
0.002143
0.002081
0.002030
0.002155
0.002363
0.002156
0.002478
0.001973
0.002207
0.002030
0.001959
0.002228
0.002132
0.001918
0.002046
0.002394
0.002238
0.002108
0.002250
0.002210
0.002072
0.002040
0.002219
0.002086
0.002185
0.002332
0.002083
0.002218
0.002175
0.002115
0.002416
0.002255
0.002083
0.001960
0.002344
0.002319
0.002159
0.002144
0.002453
0.002025
0.001941
0.002168
0.002330
0.002012
0.002114
0.002339
0.002015
0.002163
0.002052
0.002128
0.002014
0.002155
0.002160
0.002153
0.002275
0.002267
0.002228
0.002119
0.002313
0.002217
0.002113
0.002095
0.002418
0.002213
0.002297
0.002453
0.001978
0.002245
0.002063
0.002293
0.002022
0.002336
0.002284
0.002069
0.002144
0.002377
0.002380
0.002297
0.002205
0.002193
0.002387
0.002233
0.002209
0.001996
0.002173
0.002020
0.001963
0.002213
0.002029
0.002260
0.001930
0.002027
0.002022
0.002145
0.002222
0.002135
0.002287
0.002374
0.002297
0.002328
0.002063
0.002144
0.002190
0.002374
0.002093
0.001896
0.002386
0.002232
0.002184
0.002162
0.002202
0.002186
0.002181
0.002026
0.002252
0.002025
0.002333
0.002184
0.002122
0.002271
0.002379
0.002185
0.002210
0.002246
0.002277
0.001983
0.002404
0.001978
0.002381
0.002035
0.002257
0.002257
0.002120
0.002123
0.002108
0.002187
0.002174
0.002162
0.002221
0.002461
0.002092
0.002291
0.002171
0.002089
0.002220
0.002103
0.002138
0.002303
0.002200
0.002150
0.002145
0.002195
0.002100
0.002199
0.002180
0.001989
0.002236
0.002167
0.002336
0.001994
0.001974
0.002509
0.002095
0.002218
0.002164
0.001917
0.002126
0.002264
0.002191
0.002105
0.002068
0.002131
0.002290
0.002078
0.002147
0.002298
0.002363
0.002189
0.002179
0.002107
0.001988
0.001912
0.002326
0.002008
0.002335
0.002182
0.002086
0.002109
0.002157
0.002091
0.002142
0.002298
0.002291
0.002169
0.002120
0.001958
0.002276
0.002217
0.002257
0.002120
0.002312
0.002396
0.002184
0.002093
0.002155
0.002098
