0.001100
0.001068
0.001044
0.001009
0.001020
0.001031
0.001146
0.001066
0.001123
0.001120
0.001055
0.001121
0.001072
0.001297
0.001272
0.001181
0.001158
0.001156
0.001269
0.001221
0.001157
0.001129
0.001145
0.001163
0.001299
0.001154
0.001094
0.001049
0.001228
0.001089
0.001198
0.001171
0.001194
0.001251
0.001265
0.001256
0.001212
0.001243
0.001291
0.001047
0.000907
0.001020
0.001010
0.000976
0.000934
0.001060
0.001071
0.001116
0.001236
0.001215
0.001058
0.001166
0.001163
0.001344
0.001249
0.001223
0.001156
0.001067
0.001119
0.001248
0.001171
0.001160
0.001124
0.001156
0.001144
0.001142
0.001208
0.001166
0.001242
0.001339
0.001306
0.001318
0.001210
0.001147
0.001102
0.001008
0.001029
0.001034
0.001170
0.001178
0.001195
0.001141
0.001240
0.001276
0.001309
0.001156
0.001087
0.001141
0.001046
0.001288
0.001340
0.001341
0.001359
0.001392
0.001182
0.001131
0.001242
0.001507
0.001358
0.001251
0.001118
0.001170
0.001370
0.001125
0.001264
0.001322
0.001346
0.001281
0.001323
0.001149
0.001300
0.001180
0.001330
0.001170
0.001297
0.001178
0.001202
0.001179
0.001183
0.001135
0.001210
0.001203
0.001137
0.001083
0.001412
0.001213
0.001218
0.001251
0.001155
0.001231
0.001203
0.001263
0.001231
0.001207
0.001197
0.001091
0.001237
0.001229
0.001240
0.001140
0.001271
0.001329
0.001312
0.001246
0.001348
0.001260
0.001220
0.001243
0.001214
0.001443
0.001258
0.001211
0.001380
0.001410
0.001316
0.001375
0.001268
0.001311
0.001083
0.001414
0.001221
0.001413
0.001174
0.001224
0.001292
0.001257
0.001329
0.001110
0.001153
0.001254
0.001104
0.001145
0.001272
0.001197
0.001319
0.001315
0.001209
0.001276
0.001228
0.001207
0.001206
0.001188
0.001253
0.001289
0.001368
0.001234
0.001284
0.001453
0.001472
0.001184
0.001395
0.001439
0.001317
0.001475
0.001183
0.001373
0.001311
0.001318
0.001301
0.001195
0.001300
0.001259
0.001274
0.001167
0.001180
0.001133
0.001351
0.001367
0.001382
0.001130
0.001259
0.001196
0.001071
0.001260
0.001252
0.001223
0.001308
0.001232
0.001271
0.001317
0.001160
0.001124
0.001109
0.001136
0.001309
0.001146
0.001269
0.001326
0.001206
0.001228
0.001173
0.001353
0.001274
0.001349
0.001183
0.001254
0.001353
0.001400
0.001358
0.001118
0.001331
0.001282
0.001377
0.001488
0.001179
0.001117
0.001003
0.001228
0.001347
0.001217
0.001414
0.001151
0.001423
0.001171
0.001410
0.001213
0.001181
0.001333
0.001325
0.001419
0.001134
0.001194
0.001272
0.001264
0.001355
0.001162
0.001295
0.001319
0.001367
0.001246
0.001286
0.001278
0.001189
0.001427
0.001486
0.001235
0.001307
0.001256
0.001279
0.001146
0.001115
0.001238
0.001351
0.001168
0.001252
0.001330
0.001413
0.001307
0.001438
0.001287
0.001250
0.001244
0.001340
0.001445
0.001275
0.001354
0.001278
0.001250
0.001358
0.001316
0.001320
0.001388
0.001170
0.001359
0.001386
0.001384
0.001234
0.001205
0.001234
0.001234
0.001232
0.001274
0.001586
0.001379
0.001293
0.001167
0.001172
0.001275
0.001095
0.001128
0.001174
0.001010
0.001096
0.001328
0.001245
0.001080
0.001115
0.001230
0.001219
0.001329
0.001395
0.001359
0.001339
0.001293
0.001301
0.001348
0.001345
0.001306
0.001215
0.001455
0.001344
0.001318
0.001464
0.001425
0.001167
0.001159
0.001277
0.001314
0.001324
0.001206
0.001265
0.001436
0.001255
0.001251
0.001476
0.001365
0.001197
0.001281
0.001378
0.001465
0.001299
0.001317
0.001539
0.001346
0.001306
0.001226
0.001281
0.001547
0.001175
0.001405
0.001314
0.001306
0.001382
0.001394
0.001228
0.001278
0.001274
0.001176
0.001360
0.001309
0.001565
0.001331
0.001371
0.001411
0.001466
0.001137
0.001268
0.001467
0.001342
0.001429
0.001495
0.001429
0.001207
0.001293
0.001458
0.001430
0.001078
0.001377
0.001575
0.001314
0.001327
0.001037
0.001396
0.001332
0.001141
0.001207
0.001433
0.001404
0.001488
0.001420
0.001317
0.001107
0.001466
0.001367
0.001317
0.001409
0.001270
0.001453
0.001268
0.001465
0.001508
0.001388
0.001405
0.001334
0.001428
0.001348
0.001525
0.001318
0.001455
0.001462
0.001356
0.001203
0.001504
0.001469
0.001576
0.001299
0.001435
0.001517
0.001482
0.001385
0.001356
0.001369
0.001277
0.001616
0.001293
0.001609
0.001476
0.001460
0.001311
0.001498
0.001406
0.001415
0.001417
0.001633
0.001356
0.001332
0.001403
0.001172
0.001503
0.001294
0.001438
0.001192
0.001522
0.001321
0.001283
0.001320
0.001432
0.001401
0.001323
0.001461
0.001394
0.001292
0.001351
0.001495
0.001277
0.001367
0.001228
0.001394
0.001472
0.001224
0.001431
0.001626
0.001631
0.001417
0.001307
0.001339
0.001604
0.001618
0.001384
0.001421
0.001172
0.001389
0.001373
0.001369
0.001239
0.001182
0.001556
0.001362
0.001187
0.001316
0.001296
0.001356
0.001241
0.001334
0.001270
0.001276
0.001274
0.001466
0.001388
0.001271
0.001296
0.001200
0.001217
0.001238
0.001354
0.001259
0.001301
0.001256
0.001359
0.001221
0.001284
0.001309
0.001397
0.001298
0.001900
0.002037
0.002191
0.002271
0.002106
0.002235
0.001989
0.002065
0.002089
0.002243
0.002359
0.002333
0.002342
0.002068
0.002028
0.002312
0.002183
0.002227
0.002172
0.002510
0.002003
0.002057
0.002110
0.002146
0.002221
0.001996
0.002229
0.002113
0.002242
0.002259
0.002226
0.002102
0.002105
0.002352
0.002174
0.002162
0.002276
0.002338
0.002031
0.002104
0.002074
0.002121
0.002079
0.002164
0.002060
0.002153
0.001968
0.002297
0.002375
0.002236
0.002403
0.002553
0.002337
0.002411
0.002253
0.002225
0.002091
0.002262
0.002316
0.002026
0.002368
0.002407
0.002310
0.002533
0.002280
0.002507
0.002377
0.002384
0.002141
0.002342
0.002150
0.002412
0.002374
0.002462
0.002370
0.002398
0.002319
0.002465
0.002284
0.002124
0.002219
0.002012
0.001755
0.001660
0.001679
0.002006
0.002118
0.002203
0.002151
0.002073
0.001918
0.002008
0.002203
0.002038
0.002177
0.002221
0.001979
0.002205
0.002135
0.002139
0.002418
0.002207
0.002213
0.002200
0.002160
0.002120
0.001939
0.002078
0.002155
0.002138
0.001943
0.002005
0.002116
0.002087
0.002098
0.002089
0.001973
0.002011
0.002075
0.001904
0.002204
0.002080
0.002221
0.002099
0.002096
0.002293
0.001954
0.002112
0.001914
0.002170
0.002306
0.001978
0.001958
0.002262
0.002134
0.002132
0.002230
0.002275
0.002344
0.002137
0.002067
0.002433
0.002132
0.002098
0.001979
0.002213
0.002244
0.002183
0.002208
0.002202
0.002289
0.002226
0.002129
0.002251
0.002246
0.002133
0.002051
0.002305
0.002111
0.002183
0.002240
0.002468
0.002363
0.002242
0.002107
0.002229
0.002139
0.002111
0.002212
0.002250
0.002035
0.001783
0.002111
0.001895
0.002017
0.002317
0.002103
0.002330
0.002434
0.002334
0.002003
0.002217
0.001915
0.002167
0.002114
0.002215
0.001958
0.002084
0.002095
0.002086
0.001898
0.001877
0.002228
0.002115
0.002250
0.002204
0.002221
0.002207
0.002227
0.002188
0.002247
0.002199
0.002205
0.002026
0.002278
0.002147
0.002448
0.002206
0.002154
0.002200
0.002208
0.002158
0.001746
0.002177
0.002259
0.002332
0.002260
0.002113
0.001906
0.002255
0.002150
0.002407
0.002241
0.002137
0.002178
0.002542
0.001987
0.002216
0.002140
0.002395
0.002281
0.002170
0.002120
0.002099
0.002251
0.002115
0.002504
0.002330
0.002256
0.002414
0.002474
0.001931
0.002003
0.001946
0.002029
0.002031
0.002194
0.002246
0.002045
0.002220
0.002337
0.002090
0.002190
0.001883
0.002083
0.002094
0.002029
0.001882
0.002143
0.001960
0.002402
0.002054
0.002366
0.002084
0.002201
0.002242
0.002029
0.002044
0.002551
0.002399
0.002194
0.002298
0.002078
0.002253
0.002179
0.001912
0.001935
0.002194
0.002325
0.002206
0.002102
0.002214
0.002201
0.002216
0.002018
0.002046
0.001930
0.002133
0.001903
0.002020
0.001952
0.002193
0.002001
0.002157
0.002388
0.001957
0.001956
0.002139
0.002091
0.002236
0.002112
0.002236
0.002150
0.002117
0.002249
0.002175
0.002470
0.002182
0.002074
0.002154
0.002220
0.002053
0.002184
0.002238
0.002393
0.001908
0.002247
0.002345
0.002255
0.002221
0.002276
0.002261
0.002393
0.002335
0.002209
0.002155
0.002057
0.002005
0.002225
0.002527
0.001990
0.002202
0.001990
0.002252
0.002002
0.002234
0.002385
0.001957
0.001973
0.002229
0.002149
0.002106
0.002351
0.001950
0.002017
0.001965
0.002013
0.002098
0.002091
0.001808
0.002118
0.002140
0.002539
0.002071
0.002195
0.002192
0.002125
0.002088
0.002176
0.002128
0.001930
0.002311
0.002067
0.002217
0.001976
0.002286
0.002003
0.002427
0.002261
0.002045
0.002168
0.002197
0.002297
0.002160
0.002257
0.002162
0.002206
0.002204
0.002148
0.001995
0.002414
0.002109
0.002150
0.002177
0.002421
0.002420
0.002301
0.002269
0.002145
0.002330
0.002307
0.002363
0.002291
0.002214
0.002200
0.002348
0.002443
0.002082
0.002173
0.002251
0.002046
0.002202
0.002321
0.002149
0.002458
0.002166
0.002260
0.002046
0.002322
0.002213
0.002144
0.002291
0.002230
0.002201
0.002254
0.002446
0.002249
0.001978
0.002335
0.002193
0.002126
0.002264
0.002201
0.002278
0.002016
0.002203
0.002237
0.002301
0.002216
0.002450
0.002113
0.002289
0.002361
0.002291
0.002183
0.002251
0.002113
0.001987
0.002360
0.002088
0.002018
0.001908
0.002204
0.002098
0.002204
0.002183
0.002451
0.002217
0.002091
0.002517
0.002184
0.002190
0.002419
0.002317
0.002181
0.002180
0.001850
0.002181
0.002214
0.002187
0.002363
0.001836
0.002171
0.001982
0.001928
0.002417
0.002181
0.001957
0.002297
0.002147
0.002041
0.002432
0.002291
0.002253
0.002135
0.002285
