0.000825
0.000759
0.000894
0.000763
0.000697
0.000792
0.000697
0.000827
0.000681
0.000693
0.000711
0.000627
0.000706
0.000657
0.000830
0.000889
0.000854
0.000817
0.000811
0.000768
0.000771
0.000808
0.000744
0.000797
0.000827
0.000792
0.000773
0.001059
0.000839
0.000737
0.000764
0.000810
0.000782
0.000799
0.000822
0.000901
0.000850
0.000790
0.000776
0.000773
0.000812
0.000925
0.000956
0.000876
0.000956
0.000881
0.000905
0.000863
0.000921
0.000899
0.000834
0.000808
0.000846
0.000872
0.000970
0.000800
0.000887
0.000774
0.000872
0.000904
0.000886
0.000807
0.000869
0.000909
0.000889
0.000855
0.000866
0.000883
0.000829
0.000848
0.000873
0.000903
0.000870
0.000931
0.000825
0.000804
0.000718
0.000793
0.000782
0.000656
0.000848
0.000832
0.000813
0.000691
0.000822
0.000756
0.000823
0.000764
0.000820
0.000848
0.000813
0.000876
0.000827
0.000733
0.000798
0.000811
0.000791
0.000791
0.000786
0.000683
0.000599
0.000755
0.000862
0.000947
0.000857
0.000822
0.000889
0.000838
0.000864
0.000856
0.000841
0.000965
0.000700
0.000783
0.000786
0.000763
0.000833
0.000871
0.000873
0.000760
0.000600
0.000741
0.000776
0.000787
0.000777
0.000844
0.000885
0.000862
0.000891
0.000847
0.000844
0.000853
0.001132
0.000825
0.000885
0.000920
0.000901
0.000831
0.000691
0.000807
0.000861
0.000854
0.000865
0.000924
0.000868
0.000894
0.000854
0.000948
0.000780
0.000737
0.000899
0.000672
0.000657
0.000716
0.000842
0.000818
0.000873
0.000872
0.000910
0.000921
0.000877
0.000775
0.000748
0.000770
0.000925
0.000815
0.000856
0.000809
0.000807
0.000730
0.000826
0.000739
0.000820
0.000930
0.000771
0.000941
0.000924
0.000957
0.000917
0.000925
0.000818
0.000918
0.000853
0.000953
0.000849
0.000907
0.000886
0.001066
0.000922
0.000918
0.000871
0.000880
0.001373
0.000857
0.000930
0.000922
0.000908
0.000884
0.000944
0.000928
0.001004
0.000938
0.000905
0.000967
0.000824
0.000941
0.000851
0.000944
0.000904
0.000847
0.000822
0.000872
0.000958
0.000937
0.000955
0.001006
0.000923
0.000960
0.000933
0.000914
0.000935
0.000943
0.000951
0.001151
0.000954
0.000925
0.003433
0.000916
0.001353
0.000989
0.000933
0.001212
0.001157
0.001053
0.001250
0.001202
0.001133
0.001184
0.001239
0.001313
0.001248
0.001182
0.001179
0.001152
0.001303
0.001163
0.001103
0.001176
0.001573
0.001231
0.001424
0.001212
0.001240
0.001130
0.001246
0.001176
0.001186
0.001206
0.001397
0.001165
0.001186
0.001169
0.001178
0.001200
0.001192
0.001194
0.001172
0.001197
0.001148
0.001188
0.001059
0.001037
0.001179
0.001187
0.001207
0.001215
0.001085
0.001212
0.001256
0.001180
0.001185
0.001224
0.001168
0.001217
0.001190
0.001200
0.001134
0.001250
0.001195
0.001191
0.001169
0.001114
0.001311
0.001178
0.001185
0.001177
0.001326
0.001225
0.001263
0.001227
0.001191
0.001204
0.001225
0.001207
0.001213
0.001207
0.001278
0.001394
0.001187
0.001233
0.001247
0.001227
0.001199
0.001224
0.001235
0.001284
0.001231
0.001211
0.001239
0.001221
0.001214
0.001266
0.001234
0.001241
0.001221
0.001173
0.001486
0.001246
0.001226
0.001167
0.001207
0.001262
0.001217
0.001273
0.001221
0.001244
0.001187
0.001209
0.001213
0.001226
0.001226
0.001240
0.001239
0.001209
0.001429
0.001129
0.001233
0.001227
0.001230
0.001248
0.001280
0.001207
0.001208
0.001445
0.001247
0.001166
0.001190
0.001233
0.001217
0.001259
0.001309
0.001239
0.001205
0.001391
0.001261
0.001195
0.001211
0.001214
0.001239
0.001274
0.001240
0.001117
0.001302
0.001196
0.001215
0.001203
0.001163
0.001173
0.001166
0.001255
0.001284
0.001198
0.001226
0.001166
0.001199
0.001175
0.001163
0.001284
0.001743
0.001205
0.001177
0.001161
0.001146
0.001168
0.001217
0.001337
0.001361
0.001140
0.001203
0.001351
0.001239
0.001232
0.001262
0.001259
0.001220
0.001342
0.001235
0.001253
0.001261
0.001164
0.001349
0.001473
0.001237
0.001225
0.001236
0.001216
0.001219
0.001209
0.001426
0.001265
0.001368
0.001248
0.001259
0.001237
0.001213
0.001425
0.001323
0.001331
0.001247
0.001360
0.001241
0.001107
0.001191
0.001150
0.001349
0.001228
0.001192
0.001220
0.001340
0.001180
0.001226
0.001416
0.001303
0.001311
0.001324
0.001340
0.001496
0.001247
0.001284
0.001033
0.001119
0.001218
0.001240
0.001415
0.001266
0.001177
0.001469
0.001211
0.001133
0.001165
0.001331
0.001204
0.001170
0.001421
0.001203
0.001275
0.001206
0.001304
0.001128
0.001422
0.001315
0.001163
0.001224
0.001373
0.001152
0.001353
0.001227
0.001143
0.001251
0.001348
0.001350
0.001379
0.001306
0.001496
0.001319
0.001221
0.001400
0.001178
0.001352
0.001106
0.001424
0.001333
0.001204
0.001328
0.001281
0.001315
0.001174
0.001192
0.001139
0.001280
0.001354
0.001208
0.001527
0.001294
0.001348
0.001434
0.001474
0.001210
0.001298
0.001355
0.001431
0.001380
0.001556
0.001217
0.001146
0.001252
0.001233
0.001298
0.001285
0.001543
0.001225
0.001472
0.001181
0.001663
0.002181
0.002182
0.001950
0.001906
0.001927
0.002117
0.002141
0.002054
0.002026
0.002085
0.002042
0.002151
0.002192
0.002114
0.001961
0.002066
0.001972
0.002131
0.002167
0.002095
0.002231
0.002302
0.002133
0.002156
0.002057
0.002268
0.002057
0.002155
0.002040
0.002086
0.002144
0.002168
0.002130
0.002176
0.002068
0.002243
0.002212
0.002447
0.002035
0.002159
0.002043
0.002333
0.002228
0.002222
0.002142
0.002117
0.002055
0.002112
0.002104
0.002111
0.002152
0.002129
0.001926
0.002164
0.002103
0.002211
0.002256
0.002142
0.002229
0.001995
0.002121
0.002183
0.002094
0.001955
0.002111
0.002330
0.002204
0.002215
0.002147
0.002135
0.001873
0.002172
0.001891
0.002487
0.002148
0.002259
0.002363
0.002186
0.002263
0.001974
0.002205
0.002106
0.001999
0.002227
0.002092
0.001968
0.002096
0.002311
0.001805
0.002009
0.002053
0.002009
0.002132
0.002101
0.002150
0.002299
0.002359
0.002097
0.002206
0.002337
0.002208
0.002125
0.002235
0.002456
0.002161
0.002073
0.002137
0.002397
0.002199
0.002170
0.002079
0.002496
0.002103
0.002050
0.002178
0.001927
0.002065
0.002472
0.002260
0.001986
0.002271
0.002290
0.002246
0.002314
0.002293
0.002178
0.002053
0.002022
0.002153
0.002179
0.002210
0.002416
0.002385
0.002239
0.002179
0.002095
0.002109
0.002264
0.002315
0.001971
0.002042
0.002225
0.002214
0.002214
0.002299
0.002205
0.002275
0.002231
0.002282
0.002201
0.002207
0.002239
0.002257
0.002364
0.002503
0.002197
0.002349
0.002489
0.002098
0.002181
0.002223
0.002245
0.002215
0.002209
0.002300
0.002291
0.002327
0.002374
0.002060
0.002263
0.002345
0.002581
0.002208
0.002247
0.002256
0.002245
0.002299
0.002290
0.002330
0.002337
0.002271
0.002268
0.002261
0.002443
0.002038
0.002256
0.002284
0.002271
0.002279
0.002171
0.002458
0.002359
0.002326
0.002356
0.002227
0.002383
