0.001222
0.001218
0.001499
0.001377
0.001525
0.001402
0.001241
0.001383
0.002148
0.002223
0.002206
0.002195
0.002332
0.002348
0.001892
0.002234
0.002137
0.002203
0.002137
0.002234
0.002144
0.002405
0.002214
0.002173
0.002238
0.002111
0.002365
0.002196
0.002096
0.002193
0.002162
0.002335
0.002139
0.002116
0.002342
0.002092
0.002424
0.001960
0.002121
0.002124
0.002165
0.002187
0.002015
0.002004
0.001868
0.002268
0.002219
0.002118
0.002168
0.002291
0.002281
0.002332
0.001985
0.002105
0.002227
0.002064
0.002354
0.002192
0.002294
0.002068
0.002413
0.002244
0.001883
0.002180
0.002077
0.002144
0.002356
0.002217
0.002232
0.002316
0.002223
0.002309
0.002274
0.002263
0.002147
0.002356
0.002257
0.002204
0.002230
0.002171
0.002286
0.002155
0.002266
0.002131
0.002334
0.002213
0.002177
0.002171
0.002230
0.002033
0.002237
0.002125
0.002069
0.002255
0.002105
0.002236
0.002175
0.002035
0.002032
0.002123
0.002081
0.002130
0.002171
0.002197
0.002224
0.002391
0.002209
0.002116
0.002145
0.002396
0.002368
0.001898
0.002215
0.002324
0.002380
0.002253
0.002385
0.002124
0.002048
0.002265
0.002140
0.002185
0.002404
0.002192
0.002156
0.002168
0.002007
0.001918
0.002261
0.002067
0.001901
0.001937
0.001910
0.002429
0.001952
0.002354
0.002022
0.002088
0.002129
0.001974
0.002149
0.001966
0.002142
0.002485
0.002103
0.002300
0.002354
0.002324
0.002288
0.002219
0.002243
0.002012
0.001988
0.002128
0.002271
0.002387
0.002207
0.002498
0.002107
0.002130
0.002371
0.002128
0.002437
0.002204
0.002340
0.002289
0.002184
0.002254
0.001856
0.002329
0.002129
0.002197
0.002334
0.002202
0.002318
0.002172
0.002313
0.002331
0.002122
0.002259
0.002290
0.001978
0.002271
0.002040
0.002439
0.002395
0.002401
0.002398
0.002276
0.002176
0.002138
0.002254
0.002054
0.002212
0.002040
0.002234
0.002318
0.002273
0.002199
0.002182
0.002192
0.002344
0.002188
0.002166
0.001971
0.001963
0.002050
0.002287
0.002143
0.001982
0.001891
0.001976
0.002054
0.002289
0.002015
0.002038
0.002075
0.002104
0.002451
0.002113
0.002247
0.002278
0.002107
0.002385
0.002281
0.002171
0.001904
0.002433
0.002189
0.002234
0.002206
0.002270
0.002250
0.002090
0.002270
0.002461
0.002500
0.002276
0.001977
0.002046
0.002119
0.002073
0.001991
0.002105
0.002381
0.002101
0.001822
0.001793
0.002096
0.002182
0.002144
0.002176
0.002204
0.002271
0.002103
0.002299
0.002088
0.001979
0.002226
0.002243
0.002184
0.002071
0.001998
0.002196
0.002170
0.002294
0.002124
0.002311
0.002059
0.002302
0.002130
0.002013
0.002193
0.002154
0.001965
0.002082
0.002280
0.002251
0.002066
0.002185
0.002179
0.002110
0.001969
0.002184
0.002090
0.002297
0.002414
0.002212
0.001939
0.002399
0.002328
0.002172
0.001854
0.002161
0.001994
0.002149
0.002434
0.002343
0.002339
0.002163
0.002236
0.001987
0.002287
0.001916
0.002047
0.002099
0.002320
0.002063
0.002319
0.002331
0.001985
0.002081
0.002288
0.001901
0.002429
0.002066
0.002123
0.002195
0.002194
0.002008
0.002265
0.002084
0.002275
0.001989
0.002298
0.002372
0.002178
0.002286
0.002126
0.002206
0.002095
0.002197
0.002254
0.002212
0.002253
0.002106
0.001986
0.002268
0.002265
0.002368
0.002252
0.002309
0.002387
0.002106
0.002192
0.002284
0.002264
0.002110
0.002127
0.002302
0.001989
0.002248
0.002184
0.002217
0.002476
0.002423
0.002034
0.002362
0.002402
0.002340
0.002139
0.001816
0.001833
0.002168
0.001957
0.002166
0.002225
0.002199
0.002237
0.002232
0.002217
0.002327
0.002191
0.001999
0.002085
0.002185
0.001933
0.001774
0.002149
0.001944
0.002327
0.001938
0.001996
0.001953
0.002050
0.002307
0.002468
0.002240
0.002200
0.002215
0.001920
0.002256
0.002176
0.002323
0.002188
0.002422
0.002247
0.002212
0.002298
0.002271
0.001987
0.002046
0.002260
0.001958
0.002316
0.002065
0.002367
0.002280
0.001947
0.002330
0.002463
0.002127
0.001859
0.002398
0.002174
0.001977
0.002166
0.001973
0.002063
0.002127
0.001950
0.002382
0.002189
0.002193
0.001862
0.002239
0.002053
0.002103
0.002202
0.002518
0.001942
0.002107
0.001904
0.002234
0.002160
0.002198
0.002128
0.002303
0.002038
0.002367
0.001999
0.002235
0.002194
0.002163
0.002138
0.001965
0.002084
0.002040
0.002240
0.001927
0.002234
0.002256
0.002063
0.002363
0.002224
0.002297
0.002112
0.002276
0.001989
0.002028
0.002416
0.002253
0.001964
0.002416
0.001995
0.002116
0.002352
0.001966
0.001917
0.001982
0.002016
0.001960
0.002158
0.002148
0.001759
0.001789
0.002046
0.001894
0.001979
0.002118
0.001783
0.002396
0.002153
0.001755
0.001990
0.001958
0.001920
0.001803
0.002099
0.002240
0.001984
0.001880
0.002059
0.002198
0.002002
0.002341
0.001928
0.002154
0.002166
0.002185
0.002036
0.002275
0.002405
0.002171
0.001827
0.002125
0.002310
0.002122
0.002187
0.002131
0.001931
0.002138
0.002151
0.002301
0.002012
0.002247
0.002370
0.001825
0.002145
0.001784
0.001996
0.001760
0.001772
0.001772
0.001702
0.002027
0.001758
0.002123
0.001978
0.001825
0.002002
0.002206
0.002034
0.001922
0.001953
0.001959
0.001978
0.002305
0.002259
0.002182
0.002089
0.002090
0.002483
0.002436
0.001969
0.002182
0.002391
0.002247
0.002381
0.001949
0.002194
0.002241
0.002329
0.002386
0.002026
0.002202
0.001960
0.002374
0.002304
0.002354
0.002136
0.002124
0.002250
0.002302
0.002153
0.002206
0.002334
0.002135
0.002195
0.002229
0.002091
0.002195
0.002145
0.002103
0.002085
0.002200
0.002150
0.002116
0.002291
0.002289
0.001996
0.002367
0.002392
0.002469
0.002330
0.002271
0.002551
0.002169
0.002140
0.002016
0.002159
0.002231
0.002185
0.002160
0.002150
0.002368
0.002234
0.002095
0.001741
0.002024
0.002131
0.001858
0.002123
0.002216
0.002171
0.002249
0.002111
0.002075
0.002178
0.002111
0.002332
0.002140
0.002015
0.002234
0.002186
0.002107
0.002314
0.002159
0.002180
0.002160
0.001973
0.002247
0.002398
0.002216
0.002153
0.002353
0.002167
0.002282
0.002664
0.002288
0.002378
0.002077
0.002175
0.001991
0.002118
0.002246
0.002123
0.002210
0.002181
0.002270
0.002343
0.002230
0.001717
0.001987
0.002222
0.001994
0.002176
0.002356
0.002302
0.002319
0.002141
0.002080
0.002334
0.002066
0.002369
0.002187
0.002296
0.002081
0.002144
0.002243
0.002097
0.002079
0.002300
0.002230
0.002271
0.002298
0.002374
0.002232
0.002332
0.001817
0.002270
0.002153
0.001934
0.002159
0.002012
0.002202
0.002265
0.002052
0.002104
0.001991
0.002278
0.002228
0.002252
0.002373
0.002140
0.002274
0.002389
0.002175
0.002254
0.002321
0.002041
0.002041
0.002071
0.002012
0.002288
0.002240
0.002206
0.002352
0.002235
0.002315
0.002007
0.002361
0.001989
0.002029
0.002277
0.002078
0.002150
0.002224
0.001926
0.001896
0.001951
0.002474
0.002166
0.002155
0.002096
0.002389
0.002125
0.002262
0.001990
0.002085
0.002285
0.002109
0.002204
0.001947
0.002106
0.002068
0.002038
0.002122
0.002161
0.002266
0.002224
0.002221
0.002307
0.002064
0.002225
0.002227
0.002209
0.002068
0.002062
0.001756
0.002019
0.002018
0.002293
0.002283
0.002407
0.002124
0.002268
0.002086
0.002009
0.002087
0.002172
0.002043
0.002382
0.002285
0.001987
0.002190
0.002293
0.001969
0.001888
0.002013
0.002350
0.002164
0.002090
0.002159
0.002322
0.002183
0.002275
0.002346
0.002099
0.002121
0.002054
0.002280
0.002249
0.002334
0.002083
0.002108
0.002270
0.002269
0.002338
0.001960
0.001956
0.002048
0.001956
0.002364
0.002031
0.002073
0.002145
0.002325
0.002222
0.002586
0.002248
0.002087
0.002246
0.001984
0.002162
0.001911
0.002228
0.001975
0.002295
0.002488
0.002174
0.002319
0.002266
0.001915
0.002137
0.002169
0.002372
0.002191
0.002315
0.002369
0.002482
0.002407
0.002345
0.002073
0.002328
0.002120
0.002208
0.001944
0.002294
0.002457
0.002171
0.002161
0.002229
0.002048
0.002223
0.002319
0.002152
0.002047
0.002190
0.002017
0.001920
0.002577
0.001910
0.002066
0.002384
0.002180
0.002255
0.002092
0.001943
0.002212
0.002259
0.002206
0.002151
0.001893
0.002132
0.001794
0.002167
0.002064
0.002309
0.002191
0.002384
0.002111
0.002418
0.002115
0.002207
0.002306
0.002284
0.002178
0.002311
0.002368
0.002401
0.002125
0.002267
0.002106
0.002290
0.002210
0.002268
0.002145
0.002337
0.002284
0.002438
0.002038
0.002416
0.002062
0.002411
0.002044
0.002287
0.002049
0.002194
0.001963
0.002032
0.002165
0.002382
0.002184
0.001969
0.001940
0.002375
0.002164
0.001978
0.002049
0.002130
0.002425
0.002312
0.002029
0.002278
0.002249
0.002257
0.002252
0.002108
0.002320
0.002092
0.001828
0.001782
0.001756
0.001583
0.001737
0.001560
0.001952
0.002353
0.002286
0.002346
0.002250
0.002575
0.002141
0.002349
0.002160
0.002213
0.002361
0.002138
0.001944
0.002473
0.002185
0.002483
0.002171
0.002307
0.002209
0.002310
0.002132
0.002232
0.002114
0.002290
0.002046
0.002486
0.002224
0.002042
0.001945
0.001805
0.002336
0.001953
0.002173
0.002184
0.002187
0.001988
0.001793
0.002259
0.002081
0.001985
0.001977
0.002297
0.002030
0.002334
0.001960
0.002391
0.002224
0.002216
0.002181
0.002388
0.002032
0.002332
0.002215
0.001910
0.001923
0.002189
0.002214
0.002203
0.001976
0.002262
0.002226
0.001880
0.001898
0.002006
0.002099
0.002396
0.002215
0.002196
0.002113
0.002224
0.002215
0.002137
0.002295
0.002398
0.002194
0.002166
0.002158
0.002427
0.002393
0.002341
0.002298
0.002355
0.002168
0.002391
0.002783
0.002251
0.002210
0.001924
0.002349
0.002113
0.002013
0.002168
0.002312
