0.000442
0.000429
0.000440
0.000412
0.000419
0.000553
0.000497
0.000547
0.000461
0.000500
0.000484
0.000430
0.000437
0.000538
0.000449
0.000397
0.000424
0.000505
0.000503
0.000456
0.000467
0.000467
0.000510
0.000492
0.000445
0.000477
0.000507
0.000478
0.000516
0.000474
0.000479
0.000497
0.000459
0.000290
0.000522
0.000530
0.000440
0.000521
0.000396
0.000437
0.000444
0.000445
0.000331
0.000370
0.000471
0.000429
0.000452
0.000449
0.000465
0.000420
0.000412
0.000484
0.000467
0.000471
0.000468
0.000460
0.000462
0.000462
0.000487
0.000428
0.000484
0.000524
0.000513
0.000511
0.000476
0.000529
0.000513
0.000474
0.000416
0.000418
0.000534
0.000481
0.000504
0.000412
0.000474
0.000522
0.000532
0.000375
0.000508
0.000514
0.000500
0.000521
0.000506
0.000508
0.000508
0.000506
0.000479
0.000509
0.000488
0.000468
0.000430
0.000522
0.000501
0.000497
0.000507
0.000518
0.000441
0.000542
0.000451
0.000427
0.000395
0.000468
0.000525
0.000511
0.000457
0.000520
0.000493
0.000502
0.000496
0.000466
0.000438
0.000516
0.000462
0.000485
0.000533
0.000514
0.000512
0.000515
0.000521
0.000529
0.000531
0.000500
0.000477
0.000516
0.000410
0.000515
0.000500
0.000529
0.000508
0.000517
0.000445
0.000475
0.000529
0.000499
0.000504
0.000505
0.000520
0.000537
0.000481
0.000433
0.000492
0.000515
0.000511
0.000475
0.000522
0.000531
0.000522
0.000507
0.000521
0.000475
0.000682
0.000510
0.000462
0.000474
0.000748
0.000512
0.000501
0.000421
0.000580
0.000481
0.000477
0.000515
0.000516
0.000466
0.000494
0.000453
0.000521
0.000512
0.000454
0.000483
0.000502
0.000510
0.000494
0.000506
0.000516
0.000483
0.000504
0.000502
0.000489
0.000504
0.000493
0.000701
0.000522
0.000541
0.000483
0.000525
0.000503
0.000494
0.000465
0.000482
0.000489
0.000682
0.000467
0.000509
0.000508
0.000490
0.000682
0.000475
0.000498
0.000542
0.000501
0.000513
0.000487
0.000505
0.000424
0.000502
0.000482
0.000496
0.000507
0.000524
0.000501
0.000458
0.000495
0.000485
0.000462
0.000504
0.000429
0.000431
0.000514
0.000445
0.000457
0.000562
0.000458
0.000499
0.000508
0.000557
0.000400
0.000475
0.000482
0.000512
0.000499
0.000497
0.000496
0.000528
0.000747
0.000554
0.000517
0.000510
0.000480
0.000767
0.000520
0.000507
0.000503
0.000483
0.000530
0.000560
0.000498
0.000503
0.000486
0.000496
0.000524
0.000482
0.000530
0.000518
0.000547
0.000479
0.000726
0.000504
0.000556
0.000494
0.000520
0.000488
0.000511
0.000389
0.000396
0.000495
0.000518
0.000486
0.000488
0.000489
0.000478
0.000507
0.000500
0.000490
0.000523
0.000476
0.000470
0.000569
0.000484
0.000483
0.000512
0.000508
0.000496
0.000478
0.000486
0.000507
0.000484
0.000504
0.000482
0.000499
0.000483
0.000488
0.000494
0.000469
0.000473
0.000437
0.000518
0.000491
0.000439
0.000519
0.000477
0.000474
0.000501
0.000475
0.000493
0.000486
0.000511
0.000460
0.000515
0.000471
0.000503
0.000500
0.000504
0.000450
0.000512
0.000474
0.000473
0.000526
0.000422
0.000535
0.000545
0.000502
0.000578
0.000487
0.000500
0.000402
0.000439
0.000508
0.000496
0.000482
0.000475
0.000459
0.000486
0.000643
0.000489
0.000526
0.000557
0.000479
0.000447
0.000711
0.000524
0.000496
0.000570
0.000495
0.000482
0.000472
0.000497
0.000418
0.000510
0.000729
0.000497
0.000506
0.000479
0.000487
0.000438
0.000523
0.000476
0.000499
0.000459
0.000520
0.000478
0.000469
0.000526
0.000520
0.000762
0.000484
0.000456
0.000519
0.000484
0.000506
0.000478
0.000500
0.000478
0.000498
0.000502
0.000495
0.000473
0.000509
0.000477
0.000503
0.000496
0.000542
0.000413
0.000490
0.000508
0.000856
0.000772
0.000758
0.000435
0.000788
0.000735
0.000659
0.000701
0.000554
0.000484
0.000726
0.000505
0.000639
0.000693
0.000764
0.000524
0.000464
0.000606
0.000509
0.000447
0.000500
0.000475
0.000465
0.000512
0.000433
0.000487
0.000487
0.000485
0.000522
0.000511
0.000471
0.000431
0.000479
0.000786
0.000608
0.000519
0.000508
0.000505
0.000761
0.000565
0.000780
0.000578
0.000474
0.000469
0.000501
0.000460
0.000462
0.000550
0.000593
0.000546
0.000510
0.000461
0.000449
0.000476
0.000548
0.000507
0.000700
0.000497
0.000458
0.000461
0.000416
0.000506
0.000493
0.000480
0.000617
0.000692
0.000477
0.000465
0.000496
0.000501
0.000450
0.000483
0.000519
0.000783
0.000513
0.000462
0.000494
0.000509
0.000485
0.000455
0.000472
0.000503
0.000518
0.000467
0.000595
0.000496
0.000475
0.000480
0.000469
0.000456
0.000526
0.000477
0.000490
0.000349
0.000365
0.000445
0.000405
0.000483
0.000463
0.000438
0.000427
0.000441
0.000461
0.000502
0.000434
0.000544
0.000457
0.000398
0.000414
0.000448
0.000463
0.000426
0.000481
0.000491
0.000464
0.000456
0.000620
0.000480
0.000501
0.000472
0.000462
0.000458
0.000486
0.000505
0.000484
0.000393
0.000492
0.000430
0.000415
0.000477
0.000449
0.000494
0.000461
0.000510
0.000424
0.000529
0.000485
0.000442
0.000470
0.000491
0.000437
0.000485
0.000524
0.000460
0.000510
0.000482
0.000479
0.000374
0.000530
0.000476
0.000436
0.000469
0.000468
0.000516
0.000572
0.000577
0.000418
0.000478
0.000552
0.000463
0.000501
0.000490
0.000474
0.000545
0.000576
0.000414
0.000487
0.000483
0.000477
0.000662
0.000348
0.000382
0.000474
0.000410
0.000454
0.000508
0.000481
0.000507
0.000485
0.000468
0.000452
0.000406
0.000500
0.000457
0.000444
0.000479
0.000559
0.000460
0.000475
0.000474
0.000585
0.000445
0.000412
0.000445
0.000472
0.000471
0.000478
0.000447
0.000424
0.000499
0.000404
0.000474
0.000450
0.000437
0.000453
0.000433
0.000454
0.000427
0.000484
0.000434
0.000413
0.000455
0.000491
0.000446
0.000450
0.000508
0.000505
0.000494
0.000367
0.000441
0.000502
0.000510
0.000533
0.000439
0.000506
0.000469
0.000522
0.000539
0.000473
0.000468
0.000507
0.000499
0.000566
0.000465
0.000469
0.000466
0.000499
0.000414
0.000452
0.000463
0.000469
0.000494
0.000475
0.000499
0.000476
0.000473
0.000476
0.000499
0.000705
0.000458
0.000517
0.000468
0.000499
0.000540
0.000465
0.000512
0.000477
0.000481
0.000486
0.000471
0.000471
0.000508
0.000544
0.000464
0.000467
0.000530
0.000465
0.000469
0.000718
0.000654
0.000694
0.000513
0.000461
0.000507
0.000398
0.000427
0.000434
0.000494
0.000512
0.000407
0.000388
0.000544
0.000534
0.000476
0.000700
0.000467
0.000483
0.000526
0.000461
0.000448
0.000443
0.000489
0.000475
0.000452
0.000512
0.000451
0.000534
0.000712
0.000682
0.000738
0.000534
0.000531
0.000456
0.000534
0.000456
0.000672
0.000722
0.000789
0.000779
0.000488
0.000536
0.000496
0.000470
0.000469
0.000484
0.000536
0.000474
0.000544
0.000459
0.000503
0.000397
0.000483
0.000546
0.000468
0.000486
0.000485
0.000471
0.000412
0.000379
0.000488
0.000476
0.000468
0.000519
0.000492
0.000497
0.000457
0.000464
0.000485
0.000494
0.000482
0.000717
0.000486
0.000555
0.000475
0.000528
0.000478
0.000493
0.000467
0.000429
0.000495
0.000454
0.000480
0.000425
0.000512
0.000497
0.000448
0.000535
0.000480
0.000487
0.000461
0.000470
0.000471
0.000504
0.000468
0.000470
0.000491
0.000478
0.000533
0.000483
0.000436
0.000462
0.000486
0.000497
0.000457
0.000446
0.000533
0.000516
0.000470
0.000470
0.000499
0.000458
0.000348
0.000475
0.000529
0.000688
0.000470
0.000562
0.000470
0.000517
0.000496
0.000770
0.000523
0.000512
0.000464
0.000477
0.000466
0.000459
0.000517
0.000521
0.000439
0.000482
0.000533
0.000496
0.000499
0.000500
0.000432
0.000475
0.000509
0.000492
0.000657
0.000493
0.000533
0.000517
0.000533
0.000465
0.000528
0.000701
0.000456
0.000459
0.000501
0.000454
0.000509
0.000337
0.000516
0.000473
0.000498
0.000444
0.000464
0.000528
0.000531
0.000418
0.000483
0.000451
0.000440
0.000539
0.000470
0.000489
0.000443
0.000455
0.000425
0.000501
0.000429
0.000479
0.000462
0.000481
0.000472
0.000453
0.000471
0.000471
0.000470
0.000473
0.000486
0.000697
0.000452
0.000467
0.000472
0.000492
0.000483
0.000451
0.000457
0.000422
0.000467
0.000474
0.000474
0.000499
0.000462
0.000480
0.000481
0.000457
0.000463
0.000476
0.000493
0.000455
0.000517
0.000521
0.000459
0.000471
0.000488
0.000467
0.000345
0.000473
0.000444
0.000465
0.000501
0.000511
0.000476
0.000447
0.000485
0.000455
0.000450
0.000465
0.000478
0.000505
0.000464
0.000513
0.000462
0.000446
0.000466
0.000477
0.000473
0.000471
0.000564
0.000464
0.000430
0.000498
0.000506
0.000463
0.000461
0.000455
0.000504
0.000456
0.000438
0.000452
0.000502
0.000483
0.000464
0.000497
0.000459
0.000464
0.000511
0.000477
0.000491
0.000445
0.000421
0.000521
0.000500
0.000449
0.000452
0.000434
0.000480
0.000535
0.000514
0.000440
0.000509
0.000492
0.000463
0.000475
0.000507
0.000468
0.000465
0.000452
0.000428
0.000456
0.000496
0.000504
0.000461
0.000461
0.000458
0.000540
0.000482
0.000552
0.000440
0.000465
0.000464
0.000523
0.000451
0.000470
0.000446
0.000434
0.000447
0.000444
0.000447
0.000522
0.000446
0.000448
0.000459
0.000476
0.000460
0.000444
0.000447
0.000523
0.000449
0.000464
0.000504
0.000461
0.000503
0.000504
0.000426
0.000509
0.000449
0.000451
0.000451
0.000496
0.000461
0.000436
0.000501
0.000449
0.000464
0.000457
0.000464
0.000430
0.000475
0.000456
0.000448
0.000451
0.000471
0.000426
0.000452
0.000472
0.000478
0.000482
0.000505
0.000437
0.000460
0.000453
0.000471
0.000463
0.000502
0.000453
0.000465
0.000500
0.000494
0.000445
0.000470
0.000507
