0.001172
0.001236
0.001280
0.001233
0.001227
0.001170
0.001163
0.001289
0.001341
0.001347
0.001308
0.001404
0.001349
0.001351
0.001310
0.001222
0.001409
0.001387
0.001343
0.001363
0.001232
0.001249
0.001203
0.001340
0.001183
0.001258
0.001165
0.001223
0.001198
0.001341
0.001225
0.001083
0.000972
0.001254
0.001061
0.001322
0.001190
0.001165
0.001222
0.001223
0.001259
0.001006
0.001065
0.001169
0.001216
0.001011
0.001215
0.001373
0.001402
0.001400
0.001340
0.001279
0.001255
0.001299
0.001432
0.001252
0.001266
0.001491
0.001344
0.001247
0.001220
0.001247
0.001204
0.001181
0.001372
0.001042
0.001242
0.001331
0.001319
0.001357
0.001304
0.001395
0.001085
0.000911
0.001103
0.001315
0.001372
0.001186
0.001372
0.001330
0.001282
0.001372
0.001188
0.001326
0.001355
0.001363
0.001354
0.001216
0.001352
0.001337
0.001433
0.001350
0.001312
0.001350
0.001460
0.001259
0.001310
0.001406
0.001304
0.001376
0.001218
0.001314
0.001340
0.001467
0.001455
0.001384
0.001277
0.001293
0.001349
0.001292
0.001335
0.001236
0.001356
0.001336
0.001341
0.001136
0.001255
0.001283
0.001288
0.001554
0.001569
0.001402
0.001252
0.001425
0.001164
0.001037
0.001065
0.001379
0.001398
0.001324
0.001307
0.001269
0.001394
0.001416
0.001261
0.001402
0.001268
0.001442
0.001372
0.001444
0.001214
0.001247
0.001464
0.001335
0.001191
0.001410
0.001147
0.001038
0.001387
0.001172
0.001361
0.001312
0.001360
0.001344
0.001349
0.001295
0.001374
0.001487
0.001366
0.001531
0.001419
0.001368
0.001327
0.001364
0.001180
0.001278
0.001281
0.001341
0.001427
0.001278
0.001292
0.001354
0.001552
0.001197
0.001475
0.001285
0.001322
0.001482
0.001401
0.001259
0.001310
0.001361
0.001333
0.001418
0.001312
0.001451
0.001274
0.001190
0.001461
0.001639
0.001424
0.001451
0.001355
0.001335
0.001337
0.001293
0.001334
0.001324
0.001289
0.001330
0.001288
0.001345
0.001203
0.001289
0.001326
0.001270
0.001366
0.001526
0.001338
0.001285
0.001324
0.001249
0.001232
0.001499
0.001328
0.001262
0.001348
0.001394
0.001232
0.001245
0.001368
0.001388
0.001195
0.001419
0.001251
0.001130
0.001270
0.001341
0.001411
0.001306
0.001401
0.001270
0.001458
0.001433
0.001241
0.001144
0.001399
0.001316
0.001432
0.001338
0.001517
0.001259
0.001422
0.001479
0.001240
0.001232
0.001395
0.000894
0.001370
0.001152
0.001141
0.001323
0.001120
0.001243
0.001322
0.001117
0.001201
0.001266
0.001304
0.001317
0.001318
0.001360
0.001427
0.001424
0.001516
0.001335
0.001399
0.001357
0.001193
0.001350
0.001390
0.001379
0.001395
0.001305
0.001357
0.001418
0.001462
0.001351
0.001417
0.001436
0.001562
0.001228
0.001446
0.001392
0.001470
0.001430
0.001611
0.001374
0.001420
0.001358
0.001580
0.001364
0.001307
0.001397
0.001427
0.001288
0.001388
0.001400
0.001554
0.001315
0.001477
0.001325
0.001388
0.001457
0.001393
0.001398
0.001396
0.001278
0.001313
0.001472
0.001386
0.001355
0.001439
0.001273
0.001315
0.001730
0.001467
0.001435
0.001234
0.001345
0.001621
0.001435
0.001428
0.001337
0.001414
0.001330
0.001297
0.001518
0.001367
0.001361
0.001329
0.001345
0.001511
0.001273
0.001506
0.001324
0.001325
0.001333
0.001260
0.001441
0.001409
0.001598
0.001403
0.001296
0.001312
0.001408
0.001410
0.000970
0.001406
0.002185
0.002347
0.002128
0.002237
0.002095
0.002221
0.001869
0.002191
0.002257
0.002351
0.001939
0.002250
0.002215
0.002274
0.002197
0.002456
0.002122
0.002410
0.002165
0.002013
0.002241
0.002261
0.002159
0.002092
0.002189
0.002105
0.002425
0.002351
0.001992
0.001985
0.002254
0.002140
0.002362
0.002255
0.002331
0.002196
0.002482
0.002025
0.002055
0.002408
0.002217
0.002168
0.002290
0.002289
0.002413
0.002409
0.002180
0.002207
0.002157
0.002316
0.002171
0.002064
0.002151
0.002014
0.002324
0.002353
0.002582
0.002121
0.002004
0.002112
0.002082
0.002149
0.002346
0.001939
0.002089
0.002328
0.001938
0.002615
0.002084
0.002303
0.002252
0.002252
0.002231
0.002210
0.002089
0.002359
0.002353
0.002170
0.002266
0.002142
0.002213
0.002068
0.002317
0.002024
0.002310
0.002195
0.002327
0.002397
0.002419
0.002632
0.002276
0.002149
0.002425
0.002212
0.002241
0.002256
0.001937
0.002233
0.002228
0.001947
0.002164
0.002200
0.002228
0.002490
0.001840
0.002106
0.002167
0.001933
0.002189
0.002116
0.001979
0.002219
0.002279
0.001969
0.002197
0.002289
0.001956
0.002372
0.002242
0.002066
0.002233
0.002197
0.002092
0.001956
0.002276
0.002071
0.002142
0.002679
0.002207
0.002388
0.002420
0.002324
0.002519
0.002262
0.002275
0.002330
0.002142
0.002329
0.001999
0.002214
0.002432
0.002259
0.002246
0.002130
0.002310
0.002174
0.002070
0.002030
0.002067
0.001859
0.001982
0.002118
0.002050
0.002112
0.002063
0.002414
0.001922
0.002201
0.001964
0.002069
0.002085
0.002110
0.002074
0.002146
0.002152
0.001998
0.002089
0.002092
0.002012
0.002094
0.002108
0.002006
0.002266
0.002141
0.001962
0.002008
0.002098
0.002034
0.002007
0.002321
0.002082
0.001962
0.001974
0.001969
0.002048
0.002207
0.001924
0.001999
0.002316
0.002061
0.002156
0.002232
0.002269
0.002305
0.002342
0.002233
0.002239
0.002165
0.002354
0.002076
0.002346
0.002082
0.002267
0.002380
0.002310
0.002038
0.002205
0.002274
0.002284
0.002050
0.002259
0.002313
0.002283
0.002463
0.002655
0.002136
0.002222
0.002443
0.001855
0.002167
0.002233
0.002287
0.002028
0.002246
0.002256
0.002152
0.002004
0.002167
0.002247
0.002315
0.002263
0.002249
0.002119
0.002240
0.002282
0.002229
0.002295
0.002519
0.002177
0.002585
0.002332
0.002008
0.002413
0.002291
0.002210
0.002303
0.002007
0.002198
0.002301
0.002141
0.002500
0.002110
0.002190
0.002082
0.002126
0.002023
0.002166
0.002082
0.002206
0.002432
0.001948
0.002454
0.002085
0.002107
0.002389
0.002113
0.001901
0.002090
0.002055
0.002134
0.002171
0.002472
0.002560
0.002178
0.002100
0.002103
0.002032
0.002288
0.002166
0.002167
0.002301
0.002120
0.002310
0.002255
0.002261
0.002288
0.002145
0.002317
0.001717
0.001968
0.001989
0.002085
0.002264
0.002245
0.002394
0.002312
0.002442
0.002264
0.002160
0.002295
0.002265
0.002174
0.002358
0.002174
0.002109
0.002477
0.002020
0.002125
0.002159
0.002205
0.002376
0.002273
0.002048
0.002064
0.002471
0.002263
0.002089
0.002394
0.002035
0.002250
0.002129
0.002342
0.002461
0.002484
0.002325
0.002312
0.002328
0.002274
0.002312
0.002525
0.002265
0.002342
0.002333
0.002264
0.002141
0.002584
0.002078
0.002280
0.002213
0.002184
0.002325
0.002233
0.002134
0.002314
0.002303
0.002499
0.002307
0.002535
0.002161
0.002460
0.002314
0.002383
0.002353
0.002320
0.002146
0.002373
0.002211
0.002314
0.002384
0.002569
0.002226
0.002019
0.002158
0.001978
0.002148
0.001974
0.002270
0.002207
0.002083
0.001962
0.002123
0.002308
0.002223
0.002660
0.002500
0.002234
0.002469
0.002191
0.002005
0.001843
0.002177
0.002068
0.002180
0.002112
0.002145
0.002186
0.001922
0.002445
0.002112
0.002012
0.002337
0.002190
0.001936
0.002484
0.002370
0.002323
0.002185
0.002464
0.001883
0.002204
0.002467
0.002541
0.001993
0.002076
0.002421
0.002501
0.002239
0.002200
0.002308
0.002232
0.002139
0.002114
0.002233
0.002323
0.001941
0.002424
0.002174
0.002350
0.002224
0.002300
0.002496
0.002320
0.002070
0.002401
0.002093
0.002236
0.002331
0.002056
0.002446
0.002442
0.002552
0.002597
0.002254
0.002089
0.002443
0.002549
0.002471
0.002443
0.002148
0.002416
0.002532
0.002368
0.002380
0.002184
0.002500
0.002135
0.002187
0.002124
0.002247
0.002188
0.002364
0.002290
0.002487
0.002317
0.002369
0.002449
0.002384
0.002310
0.002316
0.002291
0.001946
0.002084
0.002144
0.002210
0.002321
0.002285
0.002325
0.002299
0.002182
0.002182
0.002051
0.001935
0.002381
0.002271
0.002066
0.002295
0.002373
0.002232
0.002469
0.001998
0.002217
0.002599
0.002275
0.002103
0.002397
0.002246
0.002280
0.002064
0.002308
0.002404
0.002108
0.002351
0.002216
0.002275
0.002046
0.002169
0.002382
0.002042
0.002139
0.002568
0.002298
0.002233
0.002276
0.002442
0.002414
0.002565
0.002199
0.002353
0.002272
0.002539
0.002505
0.002410
0.002332
0.002365
0.002210
0.002436
0.002206
0.002338
0.002234
0.002462
0.002426
0.002453
0.002362
0.002434
0.002352
0.002073
0.002439
0.002449
0.002499
0.002299
0.002539
0.002252
0.002311
0.002375
0.002261
0.002262
0.002244
0.002136
0.002390
0.002339
0.002255
0.002476
0.002348
0.002097
0.002162
0.002511
0.002347
0.002470
0.002039
0.002538
0.002355
0.002109
0.002112
0.002307
0.002398
0.002252
0.002355
0.002282
0.002515
0.002096
0.002215
0.002342
0.002564
0.002143
0.002135
0.002011
0.002258
0.002398
0.002207
0.002181
0.002553
0.002067
0.002290
0.002162
0.002255
0.002290
0.002176
0.002192
0.002244
0.002277
0.002079
0.002320
0.002344
0.002073
0.002364
0.002450
0.002189
0.002156
0.002076
0.002069
0.002216
0.002108
0.002257
0.002089
0.002319
0.002442
0.002372
0.002325
0.002561
0.002198
0.002298
0.002128
0.002105
0.002466
0.002137
0.002457
0.002179
0.002566
0.002305
0.002469
0.002197
0.002284
0.002341
0.002145
0.002274
0.002095
0.002370
0.002216
0.002399
0.002315
0.002258
0.002333
0.002218
0.002263
0.002260
0.002409
0.002253
0.002090
0.002461
0.002268
0.002419
0.002370
0.002303
0.002494
0.002210
0.001872
0.002561
0.002288
0.002129
0.002096
0.002362
0.002437
0.002317
0.002078
0.002143
0.002005
0.002063
0.002234
0.002390
0.002270
0.002266
