0.000904
0.000861
0.000924
0.000773
0.000805
0.000822
0.000885
0.000773
0.000699
0.000823
0.000878
0.000803
0.000808
0.000844
0.000820
0.000926
0.000789
0.000789
0.000847
0.000857
0.000769
0.000866
0.000877
0.000850
0.000831
0.000886
0.000898
0.000962
0.000838
0.000912
0.000917
0.000892
0.000933
0.001012
0.000860
0.000993
0.000931
0.000927
0.000954
0.000947
0.000944
0.001006
0.001046
0.000942
0.000946
0.000934
0.001022
0.000923
0.000918
0.000953
0.000992
0.001016
0.000967
0.000981
0.000942
0.001040
0.000905
0.000878
0.000941
0.001024
0.001009
0.000802
0.000835
0.000962
0.001058
0.000869
0.000842
0.000942
0.001058
0.001088
0.000948
0.000952
0.000950
0.000962
0.000957
0.001009
0.001005
0.000972
0.000950
0.001128
0.001004
0.001106
0.001079
0.000877
0.001043
0.000961
0.000894
0.000897
0.000894
0.001001
0.000941
0.000964
0.001038
0.000958
0.000907
0.000977
0.000889
0.000793
0.000976
0.001055
0.000981
0.001084
0.000956
0.000947
0.000962
0.001142
0.001006
0.000958
0.000910
0.001201
0.001044
0.000958
0.000964
0.000970
0.000978
0.000942
0.001037
0.000998
0.000926
0.000981
0.001027
0.001020
0.000960
0.000956
0.001030
0.001009
0.000930
0.001059
0.000882
0.000967
0.001311
0.001011
0.001047
0.000993
0.001120
0.001008
0.001026
0.001017
0.000999
0.001145
0.000976
0.000987
0.000980
0.000977
0.000931
0.001019
0.001188
0.000979
0.001143
0.001191
0.001028
0.001047
0.001017
0.000956
0.001000
0.001025
0.001015
0.001049
0.001055
0.001068
0.001190
0.001006
0.000991
0.000959
0.001094
0.001089
0.001026
0.001049
0.001024
0.001174
0.001100
0.001207
0.001210
0.000956
0.001050
0.001036
0.001010
0.001078
0.001029
0.000970
0.000934
0.001106
0.001091
0.001229
0.001133
0.001061
0.001053
0.001021
0.001092
0.000995
0.001072
0.001132
0.000994
0.001055
0.000960
0.001102
0.001019
0.001167
0.001081
0.001033
0.000987
0.001025
0.001096
0.001165
0.000948
0.001099
0.001159
0.001179
0.001075
0.001135
0.001406
0.001128
0.001179
0.001177
0.001146
0.001181
0.001253
0.001221
0.001159
0.001144
0.001201
0.001278
0.001134
0.001191
0.001126
0.001199
0.001230
0.001174
0.001233
0.001297
0.001175
0.001176
0.001157
0.001181
0.001213
0.001212
0.001244
0.001231
0.001159
0.001209
0.001151
0.001193
0.001166
0.001125
0.001220
0.001185
0.001157
0.001261
0.001192
0.001155
0.001200
0.001195
0.001151
0.001179
0.001230
0.001169
0.001141
0.001117
0.001200
0.001104
0.001208
0.001193
0.001266
0.001067
0.001246
0.001163
0.001145
0.001167
0.000974
0.000938
0.001093
0.001329
0.001233
0.001175
0.001395
0.001185
0.001181
0.001137
0.001061
0.001386
0.001220
0.001180
0.001175
0.001181
0.001191
0.001093
0.001036
0.001279
0.001183
0.001225
0.001289
0.001235
0.001081
0.001146
0.001245
0.001278
0.001152
0.001134
0.001168
0.001111
0.001255
0.001172
0.001117
0.001079
0.001219
0.001033
0.001138
0.001180
0.001130
0.001013
0.001277
0.001179
0.001437
0.001247
0.001166
0.001136
0.001162
0.001295
0.001332
0.001270
0.001177
0.001278
0.001204
0.001176
0.001124
0.001129
0.001041
0.001326
0.001447
0.001226
0.001327
0.001185
0.001259
0.001222
0.001250
0.001328
0.001226
0.001162
0.001225
0.001155
0.001220
0.001210
0.001166
0.001360
0.001211
0.001145
0.001148
0.001306
0.001133
0.001322
0.001291
0.001114
0.001152
0.001241
0.001337
0.001439
0.001498
0.001223
0.001118
0.001327
0.001303
0.001172
0.001360
0.001248
0.001504
0.001219
0.001275
0.001278
0.001164
0.001360
0.001228
0.001201
0.001288
0.001316
0.001197
0.001140
0.001327
0.001199
0.001242
0.001284
0.001351
0.001238
0.001131
0.001200
0.001112
0.001248
0.001271
0.001175
0.001060
0.001137
0.001135
0.001221
0.001407
0.001105
0.001208
0.001134
0.001160
0.001152
0.001194
0.001111
0.001219
0.001213
0.001363
0.001301
0.001363
0.001119
0.001170
0.001294
0.001207
0.001185
0.001259
0.001204
0.001263
0.001164
0.001303
0.001211
0.001354
0.001375
0.001215
0.001558
0.001442
0.001313
0.001217
0.001402
0.001186
0.001296
0.001219
0.001115
0.001196
0.001413
0.001172
0.001329
0.001313
0.001161
0.001120
0.001226
0.001131
0.001194
0.001188
0.001321
0.001307
0.001449
0.001149
0.001147
0.001432
0.001211
0.001417
0.001310
0.001158
0.001087
0.001338
0.001090
0.001186
0.001312
0.001249
0.001121
0.001351
0.001318
0.001282
0.001399
0.001115
0.001313
0.001284
0.001416
0.001393
0.001137
0.001543
0.001560
0.001321
0.001511
0.001450
0.001145
0.001339
0.001215
0.001106
0.001308
0.001227
0.001380
0.001370
0.001142
0.001185
0.001227
0.001419
0.001443
0.001256
0.001480
0.001247
0.001419
0.001498
0.001254
0.001340
0.001534
0.001184
0.001209
0.001330
0.001323
0.001247
0.001298
0.001326
0.001259
0.001324
0.001206
0.001468
0.001418
0.001208
0.001298
0.001221
0.001295
0.001224
0.001452
0.001336
0.001380
0.001518
0.001242
0.001307
0.001412
0.001370
0.001309
0.001384
0.001657
0.001380
0.001391
0.001417
0.001436
0.001868
0.001953
0.001997
0.001986
0.002030
0.002095
0.001880
0.002239
0.002294
0.002185
0.002164
0.002082
0.002117
0.002073
0.002038
0.002264
0.002164
0.002084
0.002094
0.002081
0.002089
0.002041
0.002136
0.002211
0.002101
0.002199
0.002136
0.002039
0.002202
0.001951
0.002049
0.002218
0.002424
0.001923
0.002200
0.002271
0.002124
0.002110
0.002174
0.002352
0.001902
0.002077
0.002109
0.002125
0.002022
0.002182
0.002144
0.002262
0.002263
0.002102
0.002099
0.002223
0.002278
0.001947
0.002203
0.002084
0.002386
0.002252
0.002106
0.002139
0.002107
0.002069
0.002141
0.002244
0.002112
0.002234
0.002188
0.002110
0.002189
0.002003
0.002091
0.002258
0.002403
0.002189
0.002022
0.002141
0.002011
0.002073
0.002351
0.002093
0.002050
0.002169
0.002218
0.002506
0.002387
0.002319
0.002577
0.002085
0.002374
0.002080
0.002504
0.002277
0.002075
0.002265
0.002169
0.002426
0.002084
0.002364
0.002209
0.002429
0.002201
0.002083
0.002503
0.002104
0.002264
0.002047
0.002210
0.002333
0.002181
0.002430
0.002228
0.002168
0.002309
0.002234
0.002192
0.002589
0.002152
0.002520
0.002316
0.002239
0.002261
0.002248
0.002325
0.002181
0.002277
0.002157
0.002145
0.002132
0.002243
0.002173
0.002301
0.002285
0.002052
0.002104
0.002410
0.002123
0.002149
0.002321
0.002394
0.002394
0.002219
0.002385
0.002266
0.002276
0.002241
0.002081
0.002019
0.002419
0.002508
0.002464
0.002413
0.002189
0.002259
0.002269
0.002134
0.002406
0.002102
0.002265
0.002134
0.002135
0.002433
0.002062
0.002320
0.002203
0.002178
0.002404
0.002636
0.002365
0.002304
0.002468
0.002391
0.002391
0.002359
0.002301
0.002146
0.002199
0.002261
0.002189
0.002180
0.002267
0.002346
0.002225
0.002223
0.002212
0.002269
0.002202
0.002265
0.002210
0.002301
0.002218
0.002242
0.002305
0.002225
0.002230
0.002320
0.002260
0.002197
0.002328
0.002351
0.002361
0.002330
0.002315
0.002229
0.002273
0.002262
0.002315
0.002207
0.002382
0.002309
0.002317
0.002161
0.002230
0.002420
0.002160
0.002470
0.002245
0.002374
0.002356
0.002231
0.002434
0.002272
0.002252
0.002345
0.002338
0.002329
0.002472
0.002252
0.002284
0.002277
0.002300
0.002365
0.002206
0.002340
0.002328
0.002277
0.002303
0.002417
0.002261
0.002217
0.002142
0.002177
0.002362
0.002370
0.002228
0.002341
0.002323
0.002361
0.002138
0.002402
0.002087
0.002294
0.002192
0.002234
0.002401
0.002308
0.002241
0.002391
0.002354
0.002366
0.001940
0.002359
0.002248
0.002280
0.002420
0.002229
0.002252
0.002376
0.002296
0.002334
0.002310
0.002354
0.002380
0.002152
0.002351
0.002175
0.002322
0.002400
0.002323
0.002450
0.002277
0.002417
0.002367
0.002340
0.002268
0.002523
0.002591
0.002164
0.002300
0.002660
0.002258
0.002215
0.002150
0.002167
0.002335
0.002538
0.002316
0.002204
0.002300
0.002327
0.002404
0.002358
0.002600
0.002533
0.002030
0.002597
0.002099
0.002362
0.002208
0.002216
0.002486
0.002388
0.002259
0.002128
0.002297
0.002282
0.002625
0.002549
0.002424
0.002183
0.002291
0.002504
0.002398
0.002437
0.002416
0.002233
0.002357
0.002177
0.002298
0.002284
0.002470
0.002286
0.002390
0.002292
0.002621
0.002548
0.002155
0.002384
0.002199
0.002230
0.002399
0.002593
0.002622
0.002711
0.002237
0.002094
0.002126
0.002128
0.002170
0.002298
0.002324
0.002172
0.002168
0.002145
0.002335
0.002269
0.002377
0.002481
0.002215
0.002465
0.002554
0.002394
0.002439
0.002530
0.002507
0.002485
0.002716
0.002285
0.002499
0.002439
0.002570
0.002657
0.002541
0.002286
0.002457
0.002373
0.002220
0.002339
0.002331
0.002334
0.002450
0.002375
0.002581
0.002402
0.002460
0.002461
0.002641
0.002483
0.002395
0.002324
0.002646
0.002405
0.002086
0.002318
0.002627
0.002371
0.002129
0.002509
0.002447
0.002218
0.002311
0.002403
0.002492
0.002437
0.002459
0.002289
0.002334
0.002377
0.002432
0.002368
0.002367
0.002706
0.002560
0.002289
0.002556
0.002579
0.002299
0.002521
0.002530
0.002577
0.002518
0.002444
0.002087
0.002414
0.002605
0.002325
0.002264
0.002415
0.002326
0.002473
0.002240
0.002587
0.002333
0.002347
0.002381
0.002218
0.002321
0.002199
0.002280
0.002206
0.002287
0.002487
0.002350
0.002378
0.002363
0.002179
0.002429
0.002659
0.002519
0.002521
0.002234
0.002843
0.002364
0.002192
0.002549
0.002284
0.002322
0.002329
0.002609
0.002530
0.002499
0.002212
0.002308
0.002319
0.002201
0.002516
0.002264
0.002598
0.002133
0.002163
0.002309
0.002591
0.002307
0.002573
0.002343
0.002311
0.002205
