72000
143999
215998
287997
359996
431995
503994
575993
647992
719991
791990
863989
935988
1007987
1079986
1151985
1223984
1295983
1367982
1439981
1511980
1583979
1655978
1727977
1799976
1871975
1943974
2015973
2087972
2159971
2231970
2303969
2375968
2447967
2519966
2591965
2663964
2735963
2807962
2879961
2951960
3023959
3095958
3167957
3239956
3311955
3383954
3455953
3527952
3599951
3671950
3743949
3815948
3887947
3959946
4031945
4103944
4175943
4247942
4319941
4391940
4463939
4535938
4607937
4679936
4751935
4823934
4895933
4967932
5039931
5111930
5183929
5255928
5327927
5399926
5471925
5543924
5615923
5687922
5759921
5831920
5903919
5975918
6047917
6119916
6191915
6263914
6335913
6407912
6479911
6551910
6623909
6695908
6767907
6839906
6911905
6983904
7055903
7127902
7199901
7271900
7343899
7415898
7487897
7559896
7631895
7703894
7775893
7847892
7919891
7991890
8063889
8135888
8207887
8279886
8351885
8423884
8495883
8567882
8639881
8711880
8783879
8855878
8927877
8999876
9071875
9143874
9215873
9287872
9359871
9431870
9503869
9575868
9647867
9719866
9791865
9863864
9935863
10007862
10079861
10151860
10223859
10295858
10367857
10439856
10511855
10583854
10655853
10727852
10799851
10871850
10943849
11015848
11087847
11159846
11231845
11303844
11375843
11447842
11519841
11591840
11663839
11735838
11807837
11879836
11951835
12023834
12095833
12167832
12239831
12311830
12383829
12455828
12527827
12599826
12671825
12743824
12815823
12887822
12959821
13031820
13103819
13175818
13247817
13319816
13391815
13463814
13535813
13607812
13679811
13751810
13823809
13895808
13967807
14039806
14111805
14183804
14255803
14327802
14399801
14471800
14543799
14615798
14687797
14759796
14831795
14903794
14975793
15047792
15119791
15191790
15263789
15335788
15407787
15479786
15551785
15623784
15695783
15767782
15839781
15911780
15983779
16055778
16127777
16199776
16271775
16343774
16415773
16487772
16559771
16631770
16703769
16775768
16847767
16919766
16991765
17063764
17135763
17207762
17279761
17351760
17423759
17495758
17567757
17639756
17711755
17783754
17855753
17927752
17999751
18071750
18143749
18215748
18287747
18359746
18431745
18503744
18575743
18647742
18719741
18791740
18863739
18935738
19007737
19079736
19151735
19223734
19295733
19367732
19439731
19511730
19583729
19655728
19727727
19799726
19871725
19943724
20015723
20087722
20159721
20231720
20303719
20375718
20447717
20519716
20591715
20663714
20735713
20807712
20879711
20951710
21023709
21095708
21167707
21239706
21311705
21383704
21455703
21527702
21599701
21671700
21743699
21815698
21887697
21959696
22031695
22103694
22175693
22247692
22319691
22391690
22463689
22535688
22607687
22679686
22751685
22823684
22895683
22967682
23039681
23111680
23183679
23255678
23327677
23399676
23471675
23543674
23615673
23687672
23759671
23831670
23903669
23975668
24047667
24119666
24191665
24263664
24335663
24407662
24479661
24551660
24623659
24695658
24767657
24839656
24911655
24983654
25055653
25127652
25199651
25271650
25343649
25415648
25487647
25559646
25631645
25703644
25775643
25847642
25919641
25991640
26063639
26135638
26207637
26279636
26351635
26423634
26495633
26567632
26639631
26711630
26783629
26855628
26927627
26999626
27071625
27143624
27215623
27287622
27359621
27431620
27503619
27575618
27647617
27719616
27791615
27863614
27935613
28007612
28079611
28151610
28223609
28295608
28367607
28439606
28511605
28583604
28655603
28727602
28799601
28871600
28943599
29015598
29087597
29159596
29231595
29303594
29375593
29447592
29519591
29591590
29663589
29735588
29807587
29879586
29951585
30023584
30095583
30167582
30239581
30311580
30383579
30455578
30527577
30599576
30671575
30743574
30815573
30887572
30959571
31031570
31103569
31175568
31247567
31319566
31391565
31463564
31535563
31607562
31679561
31751560
31823559
31895558
31967557
32039556
32111555
32183554
32255553
32327552
32399551
32471550
32543549
32615548
32687547
32759546
32831545
32903544
32975543
33047542
33119541
33191540
33263539
33335538
33407537
33479536
33551535
33623534
33695533
33767532
33839531
33911530
33983529
34055528
34127527
34199526
34271525
34343524
34415523
34487522
34559521
34631520
34703519
34775518
34847517
34919516
34991515
35063514
35135513
35207512
35279511
35351510
35423509
35495508
35567507
35639506
35711505
35783504
35855503
35927502
35999501
36071500
36143499
36215498
36287497
36359496
36431495
36503494
36575493
36647492
36719491
36791490
36863489
36935488
37007487
37079486
37151485
37223484
37295483
37367482
37439481
37511480
37583479
37655478
37727477
37799476
37871475
37943474
38015473
38087472
38159471
38231470
38303469
38375468
38447467
38519466
38591465
38663464
38735463
38807462
38879461
38951460
39023459
39095458
39167457
39239456
39311455
39383454
39455453
39527452
39599451
39671450
39743449
39815448
39887447
39959446
40031445
40103444
40175443
40247442
40319441
40391440
40463439
40535438
40607437
40679436
40751435
40823434
40895433
40967432
41039431
41111430
41183429
41255428
41327427
41399426
41471425
41543424
41615423
41687422
41759421
41831420
41903419
41975418
42047417
42119416
42191415
42263414
42335413
42407412
42479411
42551410
42623409
42695408
42767407
42839406
42911405
42983404
43055403
43127402
43199401
43271400
43343399
43415398
43487397
43559396
43631395
43703394
43775393
43847392
43919391
43991390
44063389
44135388
44207387
44279386
44351385
44423384
44495383
44567382
44639381
44711380
44783379
44855378
44927377
44999376
45071375
45143374
45215373
45287372
45359371
45431370
45503369
45575368
45647367
45719366
45791365
45863364
45935363
46007362
46079361
46151360
46223359
46295358
46367357
46439356
46511355
46583354
46655353
46727352
46799351
46871350
46943349
47015348
47087347
47159346
47231345
47303344
47375343
47447342
47519341
47591340
47663339
47735338
47807337
47879336
47951335
48023334
48095333
48167332
48239331
48311330
48383329
48455328
48527327
48599326
48671325
48743324
48815323
48887322
48959321
49031320
49103319
49175318
49247317
49319316
49391315
49463314
49535313
49607312
49679311
49751310
49823309
49895308
49967307
50039306
50111305
50183304
50255303
50327302
50399301
50471300
50543299
50615298
50687297
50759296
50831295
50903294
50975293
51047292
51119291
51191290
51263289
51335288
51407287
51479286
51551285
51623284
51695283
51767282
51839281
51911280
51983279
52055278
52127277
52199276
52271275
52343274
52415273
52487272
52559271
52631270
52703269
52775268
52847267
52919266
52991265
53063264
53135263
53207262
53279261
53351260
53423259
53495258
53567257
53639256
53711255
53783254
53855253
53927252
53999251
54071250
54143249
54215248
54287247
54359246
54431245
54503244
54575243
54647242
54719241
54791240
54863239
54935238
55007237
55079236
55151235
55223234
55295233
55367232
55439231
55511230
55583229
55655228
55727227
55799226
55871225
55943224
56015223
56087222
56159221
56231220
56303219
56375218
56447217
56519216
56591215
56663214
56735213
56807212
56879211
56951210
57023209
57095208
57167207
57239206
57311205
57383204
57455203
57527202
57599201
57671200
57743199
57815198
57887197
57959196
58031195
58103194
58175193
58247192
58319191
58391190
58463189
58535188
58607187
58679186
58751185
58823184
58895183
58967182
59039181
59111180
59183179
59255178
59327177
59399176
59471175
59543174
59615173
59687172
59759171
59831170
59903169
59975168
60047167
60119166
60191165
60263164
60335163
60407162
60479161
60551160
60623159
60695158
60767157
60839156
60911155
60983154
61055153
61127152
61199151
61271150
61343149
61415148
61487147
61559146
61631145
61703144
61775143
61847142
61919141
61991140
62063139
62135138
62207137
62279136
62351135
62423134
62495133
62567132
62639131
62711130
62783129
62855128
62927127
62999126
63071125
63143124
63215123
63287122
63359121
63431120
63503119
63575118
63647117
63719116
63791115
63863114
63935113
64007112
64079111
64151110
64223109
64295108
64367107
64439106
64511105
64583104
64655103
64727102
64799101
64871100
64943099
65015098
65087097
65159096
65231095
65303094
65375093
65447092
65519091
65591090
65663089
65735088
65807087
65879086
65951085
66023084
66095083
66167082
66239081
66311080
66383079
66455078
66527077
66599076
66671075
66743074
66815073
66887072
66959071
67031070
67103069
67175068
67247067
67319066
67391065
67463064
67535063
67607062
67679061
67751060
67823059
67895058
67967057
68039056
68111055
68183054
68255053
68327052
68399051
68471050
68543049
68615048
68687047
68759046
68831045
68903044
68975043
69047042
69119041
69191040
69263039
69335038
69407037
69479036
69551035
69623034
69695033
69767032
69839031
69911030
69983029
70055028
70127027
70199026
70271025
70343024
70415023
70487022
70559021
70631020
70703019
70775018
70847017
70919016
70991015
71063014
71135013
71207012
71279011
71351010
71423009
71495008
71567007
71639006
71711005
71783004
71855003
71927002
71999001
72071000
72142999
72214998
72286997
72358996
72430995
72502994
72574993
72646992
72718991
72790990
72862989
72934988
73006987
73078986
73150985
73222984
73294983
73366982
73438981
73510980
73582979
73654978
73726977
73798976
73870975
73942974
74014973
74086972
74158971
74230970
74302969
74374968
74446967
74518966
74590965
74662964
74734963
74806962
74878961
74950960
75022959
75094958
75166957
75238956
75310955
75382954
75454953
75526952
75598951
75670950
75742949
75814948
75886947
75958946
76030945
76102944
76174943
76246942
76318941
76390940
76462939
76534938
76606937
76678936
76750935
76822934
76894933
76966932
77038931
77110930
77182929
77254928
77326927
77398926
77470925
77542924
77614923
77686922
77758921
77830920
77902919
77974918
78046917
78118916
78190915
78262914
78334913
78406912
78478911
78550910
78622909
78694908
78766907
78838906
78910905
78982904
79054903
79126902
79198901
79270900
79342899
79414898
79486897
79558896
79630895
79702894
79774893
79846892
79918891
79990890
80062889
80134888
80206887
80278886
80350885
80422884
80494883
80566882
80638881
80710880
80782879
80854878
80926877
80998876
81070875
81142874
81214873
81286872
81358871
81430870
81502869
81574868
81646867
81718866
81790865
81862864
81934863
82006862
82078861
82150860
82222859
82294858
82366857
82438856
82510855
82582854
82654853
82726852
82798851
82870850
82942849
83014848
83086847
83158846
83230845
83302844
83374843
83446842
83518841
83590840
83662839
83734838
83806837
83878836
83950835
84022834
84094833
84166832
84238831
84310830
84382829
84454828
84526827
84598826
84670825
84742824
84814823
84886822
84958821
85030820
85102819
85174818
85246817
85318816
85390815
85462814
85534813
85606812
85678811
85750810
85822809
85894808
85966807
86038806
86110805
86182804
86254803
86326802
86398801
86470800
86542799
86614798
86686797
86758796
86830795
86902794
86974793
87046792
87118791
87190790
87262789
87334788
87406787
87478786
87550785
87622784
87694783
87766782
87838781
87910780
87982779
88054778
88126777
88198776
88270775
88342774
88414773
88486772
88558771
88630770
88702769
88774768
88846767
88918766
88990765
89062764
89134763
89206762
89278761
89350760
89422759
89494758
89566757
89638756
89710755
89782754
89854753
89926752
89998751
90070750
90142749
90214748
90286747
90358746
90430745
90502744
90574743
90646742
90718741
90790740
90862739
90934738
91006737
91078736
91150735
91222734
91294733
91366732
91438731
91510730
91582729
91654728
91726727
91798726
91870725
91942724
92014723
92086722
92158721
92230720
92302719
92374718
92446717
92518716
92590715
92662714
92734713
92806712
92878711
92950710
93022709
93094708
93166707
93238706
93310705
93382704
93454703
93526702
93598701
93670700
93742699
93814698
93886697
93958696
94030695
94102694
94174693
94246692
94318691
94390690
94462689
94534688
94606687
94678686
94750685
94822684
94894683
94966682
95038681
95110680
95182679
95254678
95326677
95398676
95470675
95542674
95614673
95686672
95758671
95830670
95902669
95974668
96046667
96118666
96190665
96262664
96334663
96406662
96478661
96550660
96622659
96694658
96766657
96838656
96910655
96982654
97054653
97126652
97198651
97270650
97342649
97414648
97486647
97558646
97630645
97702644
97774643
97846642
97918641
97990640
98062639
98134638
98206637
98278636
98350635
98422634
98494633
98566632
98638631
98710630
98782629
98854628
98926627
98998626
99070625
99142624
99214623
99286622
99358621
99430620
99502619
99574618
99646617
99718616
99790615
99862614
99934613
100006612
100078611
100150610
100222609
100294608
100366607
100438606
100510605
100582604
100654603
100726602
100798601
100870600
100942599
101014598
101086597
101158596
101230595
101302594
101374593
101446592
101518591
101590590
101662589
101734588
101806587
101878586
101950585
102022584
102094583
102166582
102238581
102310580
102382579
102454578
102526577
102598576
102670575
102742574
102814573
102886572
102958571
103030570
103102569
103174568
103246567
103318566
103390565
103462564
103534563
103606562
103678561
103750560
103822559
103894558
103966557
104038556
104110555
104182554
104254553
104326552
104398551
104470550
104542549
104614548
104686547
104758546
104830545
104902544
104974543
105046542
105118541
105190540
105262539
105334538
105406537
105478536
105550535
105622534
105694533
105766532
105838531
105910530
105982529
106054528
106126527
106198526
106270525
106342524
106414523
106486522
106558521
106630520
106702519
106774518
106846517
106918516
106990515
107062514
107134513
107206512
107278511
107350510
107422509
107494508
107566507
107638506
107710505
107782504
107854503
107926502
107998501
108070500
108142499
108214498
108286497
108358496
108430495
108502494
108574493
108646492
108718491
108790490
108862489
108934488
109006487
109078486
109150485
109222484
109294483
109366482
109438481
109510480
109582479
109654478
109726477
109798476
109870475
109942474
110014473
110086472
110158471
110230470
110302469
110374468
110446467
110518466
110590465
110662464
110734463
110806462
110878461
110950460
111022459
111094458
111166457
111238456
111310455
111382454
111454453
111526452
111598451
111670450
111742449
111814448
111886447
111958446
112030445
112102444
112174443
112246442
112318441
112390440
112462439
112534438
112606437
112678436
112750435
112822434
112894433
112966432
113038431
113110430
113182429
113254428
113326427
113398426
113470425
113542424
113614423
113686422
113758421
113830420
113902419
113974418
114046417
114118416
114190415
114262414
114334413
114406412
114478411
114550410
114622409
114694408
114766407
114838406
114910405
114982404
115054403
115126402
115198401
115270400
115342399
115414398
115486397
115558396
115630395
115702394
115774393
115846392
115918391
115990390
116062389
116134388
116206387
116278386
116350385
116422384
116494383
116566382
116638381
116710380
116782379
116854378
116926377
116998376
117070375
117142374
117214373
117286372
117358371
117430370
117502369
117574368
117646367
117718366
117790365
117862364
117934363
118006362
118078361
118150360
118222359
118294358
118366357
118438356
118510355
118582354
118654353
118726352
118798351
118870350
118942349
119014348
119086347
119158346
119230345
119302344
119374343
119446342
119518341
119590340
119662339
119734338
119806337
119878336
119950335
120022334
120094333
120166332
120238331
120310330
120382329
120454328
120526327
120598326
120670325
120742324
120814323
120886322
120958321
121030320
121102319
121174318
121246317
121318316
121390315
121462314
121534313
121606312
121678311
121750310
121822309
121894308
121966307
122038306
122110305
122182304
122254303
122326302
122398301
122470300
122542299
122614298
122686297
122758296
122830295
122902294
122974293
123046292
123118291
123190290
123262289
123334288
123406287
123478286
123550285
123622284
123694283
123766282
123838281
123910280
123982279
124054278
124126277
124198276
124270275
124342274
124414273
124486272
124558271
124630270
124702269
124774268
124846267
124918266
124990265
125062264
125134263
125206262
125278261
125350260
125422259
125494258
125566257
125638256
125710255
125782254
125854253
125926252
125998251
126070250
126142249
126214248
126286247
126358246
126430245
126502244
126574243
126646242
126718241
126790240
126862239
126934238
127006237
127078236
127150235
127222234
127294233
127366232
127438231
127510230
127582229
127654228
127726227
127798226
127870225
127942224
128014223
128086222
128158221
128230220
128302219
128374218
128446217
128518216
128590215
128662214
128734213
128806212
128878211
128950210
129022209
129094208
129166207
129238206
129310205
129382204
129454203
129526202
129598201
129670200
129742199
129814198
129886197
129958196
130030195
130102194
130174193
130246192
130318191
130390190
130462189
130534188
130606187
130678186
130750185
130822184
130894183
130966182
131038181
131110180
131182179
131254178
131326177
131398176
131470175
131542174
131614173
131686172
131758171
131830170
131902169
131974168
132046167
132118166
132190165
132262164
132334163
132406162
132478161
132550160
132622159
132694158
132766157
132838156
132910155
132982154
133054153
133126152
133198151
133270150
133342149
133414148
133486147
133558146
133630145
133702144
133774143
133846142
133918141
133990140
134062139
134134138
134206137
134278136
134350135
134422134
134494133
134566132
134638131
134710130
134782129
134854128
134926127
134998126
135070125
135142124
135214123
135286122
135358121
135430120
135502119
135574118
135646117
135718116
135790115
135862114
135934113
136006112
136078111
136150110
136222109
136294108
136366107
136438106
136510105
136582104
136654103
136726102
136798101
136870100
136942099
137014098
137086097
137158096
137230095
137302094
137374093
137446092
137518091
137590090
137662089
137734088
137806087
137878086
137950085
138022084
138094083
138166082
138238081
138310080
138382079
138454078
138526077
138598076
138670075
138742074
138814073
138886072
138958071
139030070
139102069
139174068
139246067
139318066
139390065
139462064
139534063
139606062
139678061
139750060
139822059
139894058
139966057
140038056
140110055
140182054
140254053
140326052
140398051
140470050
140542049
140614048
140686047
140758046
140830045
140902044
140974043
141046042
141118041
141190040
141262039
141334038
141406037
141478036
141550035
141622034
141694033
141766032
141838031
141910030
141982029
142054028
142126027
142198026
142270025
142342024
142414023
142486022
142558021
142630020
142702019
142774018
142846017
142918016
142990015
143062014
143134013
143206012
143278011
143350010
143422009
143494008
143566007
143638006
143710005
143782004
143854003
143926002
143998001
144070000
144141999
144213998
144285997
144357996
144429995
144501994
144573993
144645992
144717991
144789990
144861989
144933988
145005987
145077986
145149985
145221984
145293983
145365982
145437981
145509980
145581979
145653978
145725977
145797976
145869975
145941974
146013973
146085972
146157971
146229970
146301969
146373968
146445967
146517966
146589965
146661964
146733963
146805962
146877961
146949960
147021959
147093958
147165957
147237956
147309955
147381954
147453953
147525952
147597951
147669950
147741949
147813948
147885947
147957946
148029945
148101944
148173943
148245942
148317941
148389940
148461939
148533938
148605937
148677936
148749935
148821934
148893933
148965932
149037931
149109930
149181929
149253928
149325927
149397926
149469925
149541924
149613923
149685922
149757921
149829920
149901919
149973918
150045917
150117916
150189915
150261914
150333913
150405912
150477911
150549910
150621909
150693908
150765907
150837906
150909905
150981904
151053903
151125902
151197901
151269900
151341899
151413898
151485897
151557896
151629895
151701894
151773893
151845892
151917891
151989890
152061889
152133888
152205887
152277886
152349885
152421884
152493883
152565882
152637881
152709880
152781879
152853878
152925877
152997876
153069875
153141874
153213873
153285872
153357871
153429870
153501869
153573868
153645867
153717866
153789865
153861864
153933863
154005862
154077861
154149860
154221859
154293858
154365857
154437856
154509855
154581854
154653853
154725852
154797851
154869850
154941849
155013848
155085847
155157846
155229845
155301844
155373843
155445842
155517841
155589840
155661839
155733838
155805837
155877836
155949835
156021834
156093833
156165832
156237831
156309830
156381829
156453828
156525827
156597826
156669825
156741824
156813823
156885822
156957821
157029820
157101819
157173818
157245817
157317816
157389815
157461814
157533813
157605812
157677811
157749810
157821809
157893808
157965807
158037806
158109805
158181804
158253803
158325802
158397801
158469800
158541799
158613798
158685797
158757796
158829795
158901794
158973793
159045792
159117791
159189790
159261789
159333788
159405787
159477786
159549785
159621784
159693783
159765782
159837781
159909780
159981779
160053778
160125777
160197776
160269775
160341774
160413773
160485772
160557771
160629770
160701769
160773768
160845767
160917766
160989765
161061764
161133763
161205762
161277761
161349760
161421759
161493758
161565757
161637756
161709755
161781754
161853753
161925752
161997751
162069750
162141749
162213748
162285747
162357746
162429745
162501744
162573743
162645742
162717741
162789740
162861739
162933738
163005737
163077736
163149735
163221734
163293733
163365732
163437731
163509730
163581729
163653728
163725727
163797726
163869725
163941724
164013723
164085722
164157721
164229720
164301719
164373718
164445717
164517716
164589715
164661714
164733713
164805712
164877711
164949710
165021709
165093708
165165707
165237706
165309705
165381704
165453703
165525702
165597701
165669700
165741699
165813698
165885697
165957696
166029695
166101694
166173693
166245692
166317691
166389690
166461689
166533688
166605687
166677686
166749685
166821684
166893683
166965682
167037681
167109680
167181679
167253678
167325677
167397676
167469675
167541674
167613673
167685672
167757671
167829670
167901669
167973668
168045667
168117666
168189665
168261664
168333663
168405662
168477661
168549660
168621659
168693658
168765657
168837656
168909655
168981654
169053653
169125652
169197651
169269650
169341649
169413648
169485647
169557646
169629645
169701644
169773643
169845642
169917641
169989640
170061639
170133638
170205637
170277636
170349635
170421634
170493633
170565632
170637631
170709630
170781629
170853628
170925627
170997626
171069625
171141624
171213623
171285622
171357621
171429620
171501619
171573618
171645617
171717616
171789615
171861614
171933613
172005612
172077611
172149610
172221609
172293608
172365607
172437606
172509605
172581604
172653603
172725602
172797601
172869600
172941599
173013598
173085597
173157596
173229595
173301594
173373593
173445592
173517591
173589590
173661589
173733588
173805587
173877586
173949585
174021584
174093583
174165582
174237581
174309580
174381579
174453578
174525577
174597576
174669575
174741574
174813573
174885572
174957571
175029570
175101569
175173568
175245567
175317566
175389565
175461564
175533563
175605562
175677561
175749560
175821559
175893558
175965557
176037556
176109555
176181554
176253553
176325552
176397551
176469550
176541549
176613548
176685547
176757546
176829545
176901544
176973543
177045542
177117541
177189540
177261539
177333538
177405537
177477536
177549535
177621534
177693533
177765532
177837531
177909530
177981529
178053528
178125527
178197526
178269525
178341524
178413523
178485522
178557521
178629520
178701519
178773518
178845517
178917516
178989515
179061514
179133513
179205512
179277511
179349510
179421509
179493508
179565507
179637506
179709505
179781504
179853503
179925502
179997501
180069500
180141499
180213498
180285497
180357496
180429495
180501494
180573493
180645492
180717491
180789490
180861489
180933488
181005487
181077486
181149485
181221484
181293483
181365482
181437481
181509480
181581479
181653478
181725477
181797476
181869475
181941474
182013473
182085472
182157471
182229470
182301469
182373468
182445467
182517466
182589465
182661464
182733463
182805462
182877461
182949460
183021459
183093458
183165457
183237456
183309455
183381454
183453453
183525452
183597451
183669450
183741449
183813448
183885447
183957446
184029445
184101444
184173443
184245442
184317441
184389440
184461439
184533438
184605437
184677436
184749435
184821434
184893433
184965432
185037431
185109430
185181429
185253428
185325427
185397426
185469425
185541424
185613423
185685422
185757421
185829420
185901419
185973418
186045417
186117416
186189415
186261414
186333413
186405412
186477411
186549410
186621409
186693408
186765407
186837406
186909405
186981404
187053403
187125402
187197401
187269400
187341399
187413398
187485397
187557396
187629395
187701394
187773393
187845392
187917391
187989390
188061389
188133388
188205387
188277386
188349385
188421384
188493383
188565382
188637381
188709380
188781379
188853378
188925377
188997376
189069375
189141374
189213373
189285372
189357371
189429370
189501369
189573368
189645367
189717366
189789365
189861364
189933363
190005362
190077361
190149360
190221359
190293358
190365357
190437356
190509355
190581354
190653353
190725352
190797351
190869350
190941349
191013348
191085347
191157346
191229345
191301344
191373343
191445342
191517341
191589340
191661339
191733338
191805337
191877336
191949335
192021334
192093333
192165332
192237331
192309330
192381329
192453328
192525327
192597326
192669325
192741324
192813323
192885322
192957321
193029320
193101319
193173318
193245317
193317316
193389315
193461314
193533313
193605312
193677311
193749310
193821309
193893308
193965307
194037306
194109305
194181304
194253303
194325302
194397301
194469300
194541299
194613298
194685297
194757296
194829295
194901294
194973293
195045292
195117291
195189290
195261289
195333288
195405287
195477286
195549285
195621284
195693283
195765282
195837281
195909280
195981279
196053278
196125277
196197276
196269275
196341274
196413273
196485272
196557271
196629270
196701269
196773268
196845267
196917266
196989265
197061264
197133263
197205262
197277261
197349260
197421259
197493258
197565257
197637256
197709255
197781254
197853253
197925252
197997251
198069250
198141249
198213248
198285247
198357246
198429245
198501244
198573243
198645242
198717241
198789240
198861239
198933238
199005237
199077236
199149235
199221234
199293233
199365232
199437231
199509230
199581229
199653228
199725227
199797226
199869225
199941224
200013223
200085222
200157221
200229220
200301219
200373218
200445217
200517216
200589215
200661214
200733213
200805212
200877211
200949210
201021209
201093208
201165207
201237206
201309205
201381204
201453203
201525202
201597201
201669200
201741199
201813198
201885197
201957196
202029195
202101194
202173193
202245192
202317191
202389190
202461189
202533188
202605187
202677186
202749185
202821184
202893183
202965182
203037181
203109180
203181179
203253178
203325177
203397176
203469175
203541174
203613173
203685172
203757171
203829170
203901169
203973168
204045167
204117166
204189165
204261164
204333163
204405162
204477161
204549160
204621159
204693158
204765157
204837156
204909155
204981154
205053153
205125152
205197151
205269150
205341149
205413148
205485147
205557146
205629145
205701144
205773143
205845142
205917141
205989140
206061139
206133138
206205137
206277136
206349135
206421134
206493133
206565132
206637131
206709130
206781129
206853128
206925127
206997126
207069125
207141124
207213123
207285122
207357121
207429120
207501119
207573118
207645117
207717116
207789115
207861114
207933113
208005112
208077111
208149110
208221109
208293108
208365107
208437106
208509105
208581104
208653103
208725102
208797101
208869100
208941099
209013098
209085097
209157096
209229095
209301094
209373093
209445092
209517091
209589090
209661089
209733088
209805087
209877086
209949085
210021084
210093083
210165082
210237081
210309080
210381079
210453078
210525077
210597076
210669075
210741074
210813073
210885072
210957071
211029070
211101069
211173068
211245067
211317066
211389065
211461064
211533063
211605062
211677061
211749060
211821059
211893058
211965057
212037056
212109055
212181054
212253053
212325052
212397051
212469050
212541049
212613048
212685047
212757046
212829045
212901044
212973043
213045042
213117041
213189040
213261039
213333038
213405037
213477036
213549035
213621034
213693033
213765032
213837031
213909030
213981029
214053028
214125027
214197026
214269025
214341024
214413023
214485022
214557021
214629020
214701019
214773018
214845017
214917016
214989015
215061014
215133013
215205012
215277011
215349010
215421009
215493008
215565007
215637006
215709005
215781004
215853003
215925002
215997001
