0.000913
0.000862
0.000811
0.000910
0.000976
0.000959
0.000932
0.001035
0.000950
0.000956
0.001047
0.001020
0.000969
0.000807
0.000909
0.001103
0.000981
0.000983
0.001169
0.001009
0.001086
0.001063
0.000918
0.001119
0.001024
0.000976
0.001028
0.001115
0.001090
0.001032
0.001321
0.001055
0.001029
0.001077
0.001015
0.001075
0.000988
0.001004
0.001125
0.001203
0.001215
0.001081
0.001226
0.001396
0.001091
0.001218
0.001207
0.001203
0.001051
0.001368
0.001197
0.001164
0.001198
0.001170
0.001133
0.001507
0.001263
0.001107
0.001149
0.001196
0.001379
0.001128
0.001154
0.001133
0.001362
0.001566
0.001218
0.001101
0.001182
0.001214
0.001176
0.001374
0.001282
0.001170
0.001331
0.001252
0.001190
0.001283
0.001368
0.001412
0.001234
0.002201
0.002185
0.002040
0.002136
0.002093
0.002409
0.001696
0.001764
0.001949
0.002109
0.002172
0.002110
0.002125
0.002279
0.002305
0.002118
0.002089
0.002086
0.002082
0.002175
0.002489
0.002178
0.001970
0.002297
0.002161
0.002206
0.001881
0.001816
0.002030
0.002119
0.002219
0.002148
0.002185
0.002067
0.002241
0.002202
0.002365
0.002214
0.002177
0.002245
0.002262
0.002160
0.002227
0.002435
0.002673
0.002250
0.002134
0.002292
0.002305
0.002275
0.002218
0.002446
0.002319
0.002031
0.002259
0.002431
0.002291
0.002196
0.002544
0.002426
0.002442
0.002371
0.002395
0.002600
0.002371
0.002391
0.002215
0.002257
0.002306
0.002280
0.002197
0.002300
0.002357
0.002241
0.002151
0.002429
0.002455
0.002347
0.002392
0.002580
0.002504
0.002371
0.002309
0.002318
0.002333
0.002490
0.002584
0.002642
0.002281
0.002330
0.002473
0.002494
0.002252
0.002517
0.002472
0.002309
0.002346
0.002130
0.002486
0.002534
0.002487
0.002724
0.002514
0.002325
0.002388
0.002726
0.002702
0.002647
0.002441
0.002584
0.002621
0.002652
0.002525
0.002591
0.002518
0.002517
0.002504
0.002536
0.002641
0.002525
0.002691
0.002478
0.002453
0.002489
0.002632
0.002628
0.002672
0.002479
0.002610
0.002638
0.002461
0.002514
0.002537
0.002524
0.002494
0.002662
0.002541
0.002613
0.002562
0.002618
0.002499
0.002570
0.002686
0.002591
0.003044
0.002598
0.002678
0.002658
0.002800
0.002507
0.002656
0.002708
0.002667
0.002805
0.002751
0.002735
0.002787
0.002824
0.002734
0.002770
0.002911
0.002614
0.002920
0.002645
0.002706
0.002780
0.002770
0.002423
0.002388
0.002692
0.002469
0.002469
0.002494
0.002577
0.002615
0.002858
0.002823
0.002715
0.002683
0.002837
0.002705
0.002564
0.002513
0.002494
0.002528
0.002620
0.002621
0.002908
0.002895
0.002868
0.002836
0.002903
0.002912
0.002917
0.002748
0.002736
0.002942
0.002822
0.002884
0.002743
0.002655
0.002556
0.002735
0.002289
0.002257
0.002285
0.002596
0.002520
0.002340
0.002274
0.002386
0.002559
0.002456
0.002313
0.002837
0.002964
0.002998
0.003156
0.002782
0.002960
0.003090
0.002680
0.002618
0.002768
0.002755
0.002650
0.002752
0.002511
0.002360
0.002756
0.002980
0.002995
0.002978
0.002993
0.003064
0.002962
0.002966
0.002985
0.002962
0.002904
0.003103
0.003101
0.002926
0.002891
0.002897
0.002818
0.002676
0.003154
0.003119
0.002932
0.002974
0.002897
0.002891
0.002914
0.002995
0.002729
0.003259
0.003002
0.002822
0.003085
0.003148
0.002947
0.002812
0.002771
0.002899
0.002815
0.003055
0.003064
0.002924
0.002820
0.003051
0.002896
0.002890
0.003043
0.002896
0.003036
0.002969
0.003220
0.003113
0.002704
0.003100
0.003056
0.003101
0.003132
0.002719
0.002926
0.002894
0.003299
0.003224
0.003425
0.003121
0.003090
0.003394
0.003241
0.003079
0.002921
0.003021
0.002883
0.003000
0.003055
0.003230
0.003181
0.003257
0.003130
0.003104
0.003196
0.003188
0.003103
0.003266
0.003126
0.003130
0.003094
0.003118
0.003142
0.002853
0.003279
0.003120
0.003156
0.003250
0.003138
0.003093
0.003042
0.002930
0.003016
0.002951
0.003403
0.002988
0.003132
0.003064
0.003159
0.003073
0.003165
0.003368
0.003601
0.003441
0.003380
0.003200
0.003346
0.003257
0.003037
0.003256
0.003240
0.003150
0.003122
0.003384
0.003087
0.003390
0.003396
0.003186
0.003424
0.003112
0.003191
0.003475
0.003014
0.003351
0.002969
0.003349
0.003217
0.003222
0.003339
0.003402
0.003425
0.003581
0.003282
0.003153
0.003079
0.003351
0.003331
0.003659
0.003492
0.003337
0.003509
0.003627
0.003153
0.003269
0.003320
0.003627
0.003461
0.003433
0.003393
0.003577
0.003665
0.003227
0.003550
0.003216
0.003617
0.003632
0.003359
0.003503
0.003342
0.003351
0.003547
0.003843
0.003430
0.003522
0.003321
0.003436
0.003166
0.003692
0.003306
0.003851
0.003462
0.003449
0.003498
0.003210
0.003406
0.003496
0.003273
0.003366
0.003727
0.003373
0.003619
0.003436
0.003532
0.003454
0.003951
0.003663
0.003928
0.003807
0.003717
0.003617
0.003374
0.003810
0.003687
0.003388
0.003654
0.003633
0.003823
0.003727
0.003601
0.003960
0.003560
0.003815
0.003849
0.003612
0.003703
0.003770
0.003995
0.003881
0.003664
0.003837
0.003733
0.003423
0.003837
0.003647
0.003757
0.003577
0.003545
0.003714
0.003738
0.003900
0.003966
0.003793
0.003799
0.003821
0.003697
0.003669
0.003808
0.003468
0.003624
0.003577
0.003857
0.003876
0.003534
0.003879
0.003735
0.003656
0.003876
0.003577
0.003808
0.003676
0.003512
0.003604
0.003947
0.003638
0.003878
0.003729
0.003832
0.003672
0.004018
0.003659
0.003505
0.003717
0.003584
0.004246
0.003677
0.003635
0.003896
0.003970
0.003799
0.004175
0.004072
0.003763
0.003921
0.003718
0.003986
0.003971
0.004151
0.003820
0.003695
0.003738
0.003707
0.004056
0.003730
0.004045
0.004038
0.003750
0.004225
0.003941
0.003920
0.004166
0.004026
0.003926
0.003742
0.004070
0.003918
0.003885
0.003881
0.004110
0.004164
0.004098
0.003906
0.003779
0.004293
0.004460
0.004143
0.003966
0.003932
0.004356
0.004076
0.004076
0.004040
0.004126
0.004220
0.004104
0.004114
0.004255
0.004104
0.003822
0.004456
0.003990
0.004421
0.004054
0.003889
0.003829
0.004167
0.004149
0.004040
0.004242
0.004077
0.004196
0.003999
0.004100
0.004163
0.004400
0.004340
0.004112
0.004248
0.003925
0.003983
0.004118
0.004406
0.003967
0.004313
0.004357
0.004500
0.004426
0.004270
0.004355
0.004090
0.004316
0.004178
0.004216
0.004303
0.004246
0.004331
0.004455
0.004272
0.004419
0.004183
0.004243
0.004038
0.004311
0.004233
0.004068
0.003997
0.004371
0.004273
0.004305
0.004341
0.004417
0.004517
0.004545
0.004469
0.004363
0.004249
0.004567
0.004404
0.004093
0.004263
0.004009
0.004219
0.004012
0.004179
0.004187
0.004145
0.004356
0.004184
0.004280
0.004433
0.004641
0.004127
0.004432
0.004507
0.004627
0.004415
0.004252
0.004299
0.004419
0.004107
0.004563
0.004782
0.004347
0.004245
0.004426
0.004095
0.004370
0.004539
0.004432
0.004199
0.004452
0.004462
0.004716
0.004531
0.004974
0.004508
0.004694
0.004523
0.004337
0.004389
0.004394
0.004371
0.004532
0.004541
0.004584
0.004573
0.004486
0.004848
0.004485
0.004645
0.004698
0.004615
0.004656
0.004604
0.004759
0.004681
0.004467
0.004761
0.004522
0.005052
0.004642
0.004943
0.004825
0.004782
0.005181
0.004486
0.004372
0.004698
0.004470
0.004699
0.004745
0.004931
0.004764
0.004762
0.004634
0.004838
0.004757
0.004910
0.004700
0.004475
0.004881
0.004593
0.004746
0.004665
0.004814
0.004859
0.004865
0.005106
0.004842
0.004842
0.004873
0.004964
0.004807
0.004948
0.005006
0.004933
0.004862
0.004684
0.004892
0.004710
0.004795
0.004575
0.004671
0.004593
0.005174
0.005026
0.004592
0.004846
0.004765
0.004970
0.004947
0.004809
0.004778
0.004772
0.004500
0.005412
0.004873
0.004865
0.004737
0.004733
0.004935
0.004780
0.005020
0.004976
0.004857
0.004963
0.005120
0.005084
0.005129
0.005035
0.005072
0.004970
0.005151
0.004851
0.005346
0.004915
0.005030
0.004916
0.004999
0.004963
0.004805
0.004926
0.004990
0.004830
0.005069
0.004991
0.005241
0.005199
0.004951
0.005031
0.005156
0.005065
0.005032
0.004764
0.005082
0.004920
0.004850
0.005164
0.004735
0.005352
0.005532
0.005034
0.005246
0.005297
0.004997
0.005261
0.005316
0.005521
0.005157
0.005360
0.005082
0.005109
0.005180
0.005410
0.005249
0.005354
0.005351
0.005136
0.005360
0.005272
0.004982
0.005189
0.005027
0.005228
0.005205
0.005162
0.005228
0.005344
0.005173
0.005068
0.005455
0.005544
0.005556
0.005502
0.005325
0.004856
0.005284
0.005072
0.005243
0.005429
0.004951
0.005388
0.005377
0.005088
0.005013
0.005279
0.005400
0.005355
0.005280
0.005277
0.005289
0.005442
0.005064
0.005050
0.005151
0.005169
0.005441
0.005487
0.005232
0.005415
0.005191
0.005298
0.005571
0.005081
0.005312
0.005009
0.005343
0.005583
0.005428
0.005126
0.005374
0.005384
0.005421
0.005356
0.005212
0.005511
0.005568
0.005575
0.005814
0.005355
0.005196
0.005465
0.005357
0.005539
0.005626
0.005511
0.005607
0.005366
0.005440
0.005649
0.005654
0.005591
0.005569
0.005241
0.005426
0.005674
0.005761
0.005784
0.005231
0.005713
0.005264
0.005451
0.005541
0.005169
0.005493
0.005598
0.005646
0.005898
0.005934
0.005557
0.006079
0.005554
0.005723
0.005663
0.005712
0.005631
0.005512
0.005894
0.005435
0.005631
0.005636
0.005768
0.005699
0.006305
0.005541
0.005868
0.005638
0.005781
0.006018
0.005632
0.005810
0.005390
0.005639
0.005487
0.005619
0.005494
0.005659
0.006045
0.005869
0.005346
0.005565
0.005610
0.005426
0.005404
0.005594
0.005691
0.005813
0.005697
0.005536
0.005646
0.005918
0.005784
0.005569
0.005578
0.005950
0.005448
0.005609
0.005828
0.005804
0.006024
0.005831
0.005883
0.005819
0.005732
0.005801
0.005603
0.005573
0.005854
0.005854
0.005845
0.005682
0.005963
0.005852
0.005772
0.005847
0.005844
0.006040
0.005782
0.005925
0.005422
0.005517
0.005844
0.005823
0.005754
0.005617
0.006051
0.005747
0.005959
0.005745
0.006096
0.005757
0.005693
0.005908
0.005563
0.005571
0.005879
0.005693
0.006188
0.006142
0.005927
0.005649
0.006014
0.005758
0.005911
0.005833
0.005875
0.005825
0.005911
0.005921
0.006118
0.006123
0.006088
0.006376
0.006107
0.006289
0.006084
0.006103
0.006165
0.005997
0.006133
0.005982
0.006073
0.006167
0.005987
0.006097
0.006162
0.006076
0.006120
0.006130
0.006269
0.006121
0.006441
0.006344
0.006410
0.006408
0.006231
0.006196
0.006147
0.006186
0.006175
0.006107
0.006258
0.006095
0.006232
0.006142
0.006360
0.006178
0.006358
0.006129
0.005951
0.006089
0.005900
0.006095
0.006203
0.006364
0.006110
0.006201
0.006509
0.006395
0.006314
0.006373
0.006147
0.006125
0.006356
0.006222
0.006199
0.006230
0.006542
0.005997
0.005810
0.006202
0.006447
0.006328
0.006172
0.006004
0.006121
0.006039
0.006339
0.006293
0.006337
0.006303
0.006365
0.006131
0.006484
0.006230
0.006113
0.006183
0.006408
0.005912
0.006315
0.006145
0.006240
0.006533
0.006400
0.006279
0.006620
0.006322
0.006369
0.006105
0.006241
0.006288
0.006727
0.006481
0.006570
0.006559
0.006546
0.006387
0.006434
0.006308
0.006704
0.006367
0.006286
0.006200
0.006682
0.006449
0.006486
0.006413
0.006388
0.006346
0.006661
0.006437
0.006311
0.006364
0.006403
0.006546
0.006259
0.006648
0.006540
0.006557
0.006625
0.006599
0.006688
0.006551
0.006381
0.006479
0.006639
0.006648
0.006215
0.006510
0.006189
0.006791
0.006411
0.006584
0.006806
0.006652
0.006487
0.006564
0.006376
0.006165
0.006616
0.006738
0.006312
0.006689
0.006793
0.006671
0.006921
0.006706
0.006407
0.006807
0.006304
0.006470
0.006616
0.006647
0.006524
0.006605
0.006648
0.006467
0.006468
0.006509
0.006633
0.006579
0.006751
0.006401
0.006516
0.006365
0.006795
0.006968
0.006610
0.006741
0.006513
0.006688
0.006763
0.006772
0.006876
0.006735
0.006642
0.006539
0.006673
0.006530
0.007041
0.006559
0.007043
0.007049
0.006819
0.007189
0.006931
0.006615
0.006519
0.006300
0.006803
0.006914
0.006338
0.006662
0.006758
0.006814
0.006850
0.006788
0.006821
0.006620
0.006786
0.006680
0.007032
0.007032
0.007040
0.007223
0.006913
0.006911
0.006640
0.006766
0.006866
0.006841
0.007265
0.006816
0.006964
0.007006
0.006677
0.006737
0.006997
0.006855
0.006947
0.006701
0.006907
0.006790
0.006948
0.006926
0.006955
0.006896
0.006536
0.006487
0.006907
0.006974
0.006756
0.006982
0.006974
0.007175
0.007048
0.007134
0.007232
0.007047
0.006949
0.006903
0.006934
0.006926
0.007047
0.006983
0.007169
0.006950
0.007078
0.006862
0.006856
0.007211
0.007186
0.006887
0.007193
0.006921
0.007103
0.007199
0.006767
0.007180
0.006919
0.006883
0.006985
0.007149
0.007068
0.007152
0.007258
0.007043
0.007145
0.007159
0.007059
0.006917
0.007131
0.007048
0.007033
0.007182
0.007003
0.006764
0.007359
0.007044
0.007246
0.006946
0.007068
0.007124
0.007221
0.007168
0.007297
0.007335
0.007149
0.007277
0.007503
0.007203
0.007189
0.007307
0.007183
0.007180
0.007198
0.007250
0.007175
0.006840
0.007212
0.007137
0.007106
0.006998
0.006997
0.007170
0.007126
0.007140
0.007296
0.007446
0.007383
0.007395
0.007169
0.007298
0.007341
0.006789
0.007512
0.007390
0.007358
0.007296
0.007520
0.007387
0.007520
0.007202
0.007000
0.007403
0.007368
0.007124
0.007386
0.007449
0.007363
0.007501
0.007361
0.007396
0.007321
0.007442
0.007351
0.007099
0.007041
0.007429
0.007182
0.007074
0.007028
0.007300
0.007343
0.007077
0.007485
0.007472
0.007185
0.007460
0.007521
0.007343
0.007339
0.007475
0.007371
0.007452
0.007588
0.007409
0.007374
0.007098
0.007430
0.007527
0.007252
0.007322
0.007394
0.007483
0.007651
0.007451
0.007557
0.007532
0.007715
0.007443
0.007221
0.007489
0.007669
0.007290
0.007500
0.007539
0.007436
0.007694
0.007567
0.007417
0.007686
0.007347
0.007360
0.007612
0.007227
0.007036
0.007535
0.007557
0.007396
0.007535
0.007630
0.007510
0.007435
0.007449
0.007512
0.007434
0.007470
0.007474
0.007479
0.007498
0.007490
0.007748
0.007400
0.007628
0.007430
0.007555
0.007424
0.007556
0.007434
0.007696
0.007916
0.007505
0.007437
0.007840
0.007276
0.007482
0.008086
0.007343
0.007461
0.007548
0.007871
0.007310
0.007894
0.007742
0.007634
0.007724
0.007860
0.007747
0.007729
0.007788
0.007880
0.007842
0.007658
0.007554
0.008052
0.007606
0.007578
0.007765
0.007946
0.007588
0.008043
0.007788
0.007962
0.007735
0.007703
0.007394
0.007641
0.007799
0.008081
0.007809
0.007810
0.007603
0.007986
0.007912
0.007949
0.007905
0.008020
0.007707
0.007885
0.007752
0.007761
0.007644
0.008053
0.007885
0.008056
0.007854
0.008039
0.007936
0.008160
0.007919
0.007954
0.007936
0.008139
0.007873
0.008149
0.007999
0.007989
0.007801
0.008029
0.007838
0.007942
0.007780
0.008251
0.007776
0.008091
0.007546
0.007967
0.008093
0.007813
0.007977
0.008019
0.007992
0.007868
0.007866
0.007869
0.007669
0.008355
0.007934
0.008063
0.008185
0.008298
0.007909
0.008114
0.007776
0.008164
0.007893
0.008090
0.007875
0.007715
0.008123
0.008075
0.007842
0.008076
0.007989
0.008142
0.007808
0.008360
0.007718
0.008132
0.007866
0.008339
0.007721
0.007916
0.008218
0.008115
0.007850
0.008168
0.008149
0.008165
0.008077
0.008075
0.007868
0.008413
0.007977
0.008246
0.008192
0.008129
0.008203
0.008101
0.008263
0.008592
0.008303
0.007967
0.008177
0.008310
0.008051
0.008368
0.008470
0.008258
0.008165
0.008260
0.008041
0.008277
0.008389
0.008043
0.008290
0.008456
0.008192
0.008653
0.008397
0.008261
0.008352
0.008495
0.008180
0.008636
0.008175
0.008365
0.008288
0.008572
0.008413
0.008564
0.008406
0.008444
0.007905
0.008647
0.008299
0.008404
0.008369
0.008369
0.008022
0.008719
0.008191
0.008696
0.008524
0.008103
0.008382
0.008731
0.008224
0.008291
0.008483
0.008247
0.008661
0.008913
0.008117
0.008639
0.008437
0.008379
0.008559
0.008732
0.008137
0.008817
0.008503
0.008645
0.008273
0.008955
0.008505
0.008470
0.008660
0.008449
0.008319
0.008749
0.008279
0.008778
0.008526
0.008471
0.008516
0.008875
0.008449
0.008589
0.008584
0.008563
0.008433
0.008587
0.008544
0.008638
0.008593
0.008541
0.008460
0.009061
0.008454
0.008875
0.008491
0.008667
0.008754
0.008722
0.008207
0.008926
0.008587
0.008802
0.008316
0.008790
0.008534
0.008954
0.008595
0.008757
0.008639
0.008856
0.008528
0.009001
0.008665
0.008809
0.008708
0.008377
0.008370
0.008916
0.008747
0.008942
0.008585
0.008875
0.008282
0.009128
0.008363
0.008915
0.008555
0.008600
0.008605
0.009115
0.008372
0.008596
0.008783
0.009047
0.008832
0.008877
0.008487
0.008743
0.008722
0.009228
0.008682
0.009152
0.008985
0.008971
0.008856
0.008952
0.008609
0.008985
0.008604
0.008886
0.008797
0.008890
0.008620
0.009171
0.008490
0.008634
0.008684
0.009105
0.008590
0.008739
0.009057
0.009248
0.008717
0.009231
0.008658
0.009233
0.008860
0.009142
0.008637
0.009137
0.008832
0.009127
0.008793
0.009278
0.008540
0.009219
0.008632
0.009171
0.008484
0.009190
0.008819
0.009386
0.008803
0.009232
0.008824
0.009372
0.009102
0.009223
0.008961
0.009441
0.008814
0.009130
0.008800
0.009234
0.008531
0.009404
0.008683
0.009329
0.008699
0.009311
0.008960
0.009404
0.009032
0.009262
0.009225
0.009463
0.008812
0.008865
0.009098
0.009162
0.009003
0.009313
0.008964
0.009346
0.009033
0.009460
0.008784
0.009283
0.009233
0.009577
0.009099
0.009474
0.008563
0.009664
0.008870
0.009062
0.009147
0.009458
0.009177
0.009476
0.008915
0.009489
0.009161
0.009254
0.008736
0.009722
0.008992
0.009353
0.009060
0.009242
0.008988
0.009709
0.009126
0.009428
0.009053
0.009505
0.009312
0.009732
0.009255
0.009190
0.009306
0.009454
0.009228
0.009760
0.009263
0.009513
0.009101
0.009611
0.009183
0.009796
0.009076
0.009644
0.009124
0.009544
0.009149
0.009782
0.009159
0.009602
0.009291
0.009534
0.009266
0.009850
0.009388
0.009539
0.008926
0.009605
0.009286
0.009455
0.009183
0.009295
0.009068
0.009182
0.008847
0.009736
0.009515
0.009487
0.009243
0.009417
0.009401
0.009910
0.009441
0.009518
0.009391
0.009759
0.009405
0.009928
0.009383
0.009573
0.009266
0.009735
0.009550
0.009984
0.009521
0.009783
0.009554
0.009812
0.009308
0.009620
0.009294
0.009664
0.009657
0.009748
0.009503
0.009997
0.009560
0.009635
0.009639
0.009833
0.009512
0.010094
0.009449
0.009867
0.009675
0.009723
0.009491
0.009860
0.009622
0.009851
0.009647
0.009716
0.009506
0.010161
0.009553
0.009850
0.009718
0.009863
0.009580
0.009806
0.009405
0.009694
0.009537
0.009742
0.009480
0.010136
0.009671
0.009847
0.009772
0.009837
0.009683
0.010082
0.009712
0.009724
0.009607
0.009697
0.009603
0.010041
0.009399
0.010011
0.009650
0.009882
0.009697
0.009929
0.009604
0.009790
0.009291
0.009656
0.009481
0.009842
0.009162
0.009661
0.009756
0.009696
0.009760
0.010124
0.009481
0.009827
0.009689
0.009802
0.009469
0.010118
0.009456
0.010025
0.009571
0.009440
0.009636
0.010320
0.009593
0.009976
0.009547
0.009851
0.009582
0.010001
0.009502
0.009852
0.009736
0.010019
0.009563
0.010049
0.009622
0.009944
0.009735
0.009817
0.009558
0.010206
0.009666
0.010075
0.009664
0.009903
0.009606
0.010163
0.009755
0.010071
0.009674
0.009965
0.009846
0.010303
0.009650
0.010121
0.009872
0.009985
0.009497
0.010173
0.009646
0.010139
0.009586
0.010121
0.009791
0.010202
0.009424
0.010192
0.009728
0.010277
0.009642
0.010176
0.009957
0.010357
0.009701
0.009825
0.009805
0.010055
0.009815
0.010405
0.010065
0.010271
0.009930
0.010112
0.009932
0.010454
0.009995
0.010094
0.009984
0.010251
0.009690
0.009910
0.009944
0.010293
0.009900
0.010086
0.010061
0.010141
0.010198
0.010257
0.010142
0.010387
0.010175
0.010483
0.010233
0.010025
0.010050
0.010090
0.009875
0.010421
0.009965
0.010239
0.009854
0.010430
0.010028
0.010235
0.010080
0.010472
0.010353
0.010278
0.009983
0.010240
0.009975
0.010405
0.010191
0.010219
0.010068
0.010584
0.009966
0.010171
0.010176
0.010221
0.010278
0.010606
0.010170
0.010626
0.010243
0.010473
0.010109
0.010306
0.010282
0.010357
0.010020
0.010452
0.009949
0.010573
0.010392
0.010372
0.010128
0.010357
0.010360
0.010490
0.010103
0.010584
0.010331
0.010323
0.010414
0.010470
0.009750
0.010273
0.009954
0.010345
0.010206
0.010562
0.010021
0.010356
0.010217
0.010127
0.010255
0.010803
0.010486
0.010446
0.010402
0.010614
0.010331
0.010751
0.010500
0.010662
0.010505
0.010633
0.010247
0.010755
0.010309
0.010544
0.010246
0.010353
0.010455
0.010699
0.010542
0.010469
0.010310
0.010480
0.010179
0.010818
0.010495
0.010524
0.010366
0.010341
0.010204
0.010698
0.010437
0.010183
0.010379
0.010465
0.010228
0.010609
0.010591
0.010652
0.010112
0.010809
0.010101
0.010971
0.010717
0.010636
0.010432
0.010618
0.010637
0.010867
0.010173
0.010329
0.010627
0.010641
0.010370
0.010908
0.010494
0.010689
0.010741
0.010692
0.010677
0.010962
0.010694
0.010838
0.010780
0.010988
0.010456
0.010836
0.010472
0.010559
0.010686
0.010560
0.010708
0.010877
0.010517
0.010780
0.010667
0.010788
0.010528
0.010830
0.010570
0.010776
0.010546
0.011045
0.010537
0.010664
0.010611
0.010387
0.010563
0.010744
0.010382
0.010904
0.010729
0.010985
0.010618
0.010967
0.010579
0.010615
0.010831
0.010841
0.010566
0.011006
0.010340
0.011106
0.011001
0.011006
0.010305
0.010709
0.010623
0.010770
0.010422
0.010551
0.010433
0.011063
0.010853
0.011110
0.010854
0.011050
0.010827
0.011122
0.010860
0.011154
0.010917
0.011070
0.011007
0.011081
0.010880
0.011216
0.010914
0.011072
0.010759
0.011199
0.010938
0.010986
0.010930
0.011113
0.011058
0.011229
0.011102
0.011297
0.010889
0.010911
0.010770
0.010829
0.010672
0.011209
0.010906
0.010983
0.010941
0.011006
0.010789
0.011021
0.010979
0.011140
0.011069
0.010769
0.010933
0.011185
0.011033
0.010995
0.010942
0.011291
0.010779
0.010917
0.010663
0.010964
0.010939
0.011099
0.010982
0.011201
0.010949
0.011176
0.010845
0.011113
0.010982
0.010900
0.010988
0.010989
0.010634
0.010927
0.010957
0.011410
0.010852
0.011121
0.011019
0.011161
0.010719
0.011139
0.010787
0.011306
0.010976
0.010817
0.010910
0.011274
0.011000
0.011265
0.010748
0.010885
0.010954
0.011093
0.011275
0.011429
0.010758
0.010887
0.010822
0.011433
0.011385
0.011159
0.010915
0.011451
0.011097
0.011246
0.011168
0.011081
0.010965
0.011387
0.011260
0.011118
0.010902
0.011270
0.011209
0.011251
0.011242
0.011448
0.010795
0.011391
0.011121
0.011198
0.011186
0.011194
0.010992
0.011286
0.011248
0.011390
0.011336
0.011434
0.011295
0.011461
0.011293
0.011345
0.011263
0.011550
0.011247
0.011332
0.011216
0.011264
0.011292
0.011560
0.011343
0.011362
0.011034
0.011373
0.011134
0.011194
0.011554
0.011427
0.011043
0.011398
0.011159
0.011530
0.011313
0.011584
0.011318
0.011519
0.011320
0.011296
0.011366
0.011484
0.011448
0.011484
0.011159
0.011736
0.011434
0.011389
0.011336
0.011602
0.011579
0.011551
0.011234
0.011698
0.011190
0.011799
0.011452
0.011561
0.011729
0.011795
0.011301
0.011653
0.011601
0.011541
0.011441
0.011194
0.011322
0.011751
0.011672
0.011890
0.011761
0.011710
0.011715
0.011549
0.011430
0.011747
0.011245
0.011871
0.011734
0.011712
0.011236
0.011547
0.011678
0.011881
0.011377
0.011500
0.011601
0.011641
0.011364
0.011682
0.011654
0.011750
0.011799
0.011975
0.011562
0.011725
0.011417
0.011551
0.011482
0.011661
0.011458
0.011965
0.011798
0.011873
0.011904
0.011792
0.011767
0.011890
0.011801
0.011887
0.011453
0.011718
0.011577
0.011882
0.011741
0.011771
0.011670
0.012101
0.011853
0.011992
0.011600
0.011960
0.011893
0.011994
0.011710
0.012088
0.011557
0.011870
0.011689
0.011939
0.011337
0.011988
0.011814
0.011985
0.011938
0.012034
0.011975
0.012071
0.011950
0.012111
0.011998
0.012025
0.011804
0.011808
0.011921
0.012074
0.011775
0.011999
0.011861
0.012097
0.011685
0.011935
0.012224
0.012012
0.011996
0.011911
0.011881
0.011644
0.012087
0.012219
0.012110
0.012047
0.012027
0.012202
0.011653
0.012121
0.011902
0.012147
0.012049
0.012176
0.012134
0.012461
0.011923
0.012241
0.012146
0.012218
0.011823
0.012053
0.012136
0.012241
0.012170
0.012274
0.011976
0.012133
0.012126
0.012263
0.012126
0.012088
0.011959
0.012271
0.011973
0.012384
0.012104
0.012201
0.012016
0.012422
0.012224
0.012108
0.011991
0.012315
0.012193
0.012303
0.012285
0.012361
0.012029
0.012368
0.012313
0.012448
0.012247
0.012385
0.012184
0.012417
0.012236
0.012392
0.012180
0.012291
0.012135
0.012391
0.012307
0.012272
0.012219
0.012464
0.012347
0.012473
0.012361
0.012496
0.012429
0.012300
0.012266
0.012314
0.012166
0.012294
0.012159
0.012104
0.012233
0.012102
0.012179
0.012442
0.012115
0.012266
0.012349
0.012431
0.012354
0.012209
0.012426
0.012020
0.012006
0.012497
0.011858
0.012280
0.012568
0.012535
0.012427
0.012595
0.012397
0.012657
0.012554
0.012622
0.012485
0.012433
0.012110
0.012655
0.012629
0.012717
0.012585
0.012312
0.012239
0.012617
0.012442
0.012477
0.012305
0.012489
0.012482
0.012400
0.012521
0.012519
0.012618
0.012492
0.012480
0.012692
0.012677
0.012659
0.012538
0.012620
0.012529
0.012548
0.012741
0.012860
0.012532
0.012764
0.012530
0.012652
0.012552
0.012622
0.012699
0.012565
0.012596
0.012811
0.012325
0.012727
0.012704
0.012457
0.012720
0.012867
0.012718
0.012333
0.012540
0.012933
0.012554
0.012672
0.012266
0.012815
0.012832
0.012309
0.012695
0.012398
0.012564
0.012853
0.012746
0.012585
0.012808
0.012951
0.012885
0.012760
0.012824
0.012970
0.012943
0.012894
0.012911
0.012948
0.012855
0.013004
0.012964
0.012998
0.013028
0.013056
0.012762
0.012938
0.012969
0.012846
0.012867
0.012576
0.012976
0.013056
0.012985
0.012940
0.012827
0.013031
0.013011
0.012862
0.012573
0.013086
0.013027
0.013071
0.013015
0.013157
0.012909
0.012539
0.012909
0.012783
0.013032
0.013025
0.013067
0.013160
0.013009
0.013102
0.013113
0.013063
0.012780
0.013083
0.012903
0.013096
0.013106
0.013108
0.012935
0.013164
0.013120
0.013144
0.012914
0.013219
0.013095
0.013249
0.012963
0.012866
0.012948
0.012912
0.012900
0.013172
0.013133
0.013067
0.013081
0.013037
0.013183
0.013246
0.013026
0.013260
0.013133
0.013101
0.013092
0.013067
0.012852
0.013180
0.013292
0.013196
0.012808
0.013315
0.013237
0.013283
0.013168
0.013177
0.013179
0.013289
0.013231
0.013221
0.013266
0.012985
0.013339
0.013283
0.013168
0.013468
0.013180
0.013379
0.013333
0.013366
0.013267
0.013328
0.013336
0.013374
0.013496
0.013396
0.013107
0.013223
0.013121
0.013205
0.013373
0.013080
0.013104
0.013146
0.013179
0.013084
0.013451
0.013567
0.013568
0.013401
0.013573
0.013620
0.013396
0.013438
0.013571
0.013726
0.013447
0.013531
0.013555
0.013495
0.013684
0.013619
0.013619
0.013490
0.013442
0.013685
0.013634
0.013437
0.013299
0.013304
0.013481
0.013751
0.013305
0.013808
0.013541
0.013751
0.013678
0.013648
0.013560
0.013763
0.013666
0.013732
0.013068
0.013727
0.013714
0.013253
0.013483
0.013712
0.013529
0.013725
0.013651
0.013789
0.013498
0.013196
0.013435
0.013427
0.013223
0.013800
0.013781
0.013525
0.013793
0.013778
0.013727
0.013799
0.013749
0.013521
0.013573
0.013489
0.013447
0.013660
0.013378
0.013520
0.013461
0.013301
0.013856
0.013867
0.013871
0.013912
0.013677
0.013744
0.013800
0.013644
0.013734
0.013712
0.013699
0.013754
0.013575
0.013819
0.013899
0.013925
0.013531
0.013918
0.013958
0.013438
0.013873
0.013760
0.013432
0.013625
0.013801
0.013451
0.013913
0.013688
0.013926
0.013873
0.013722
0.013934
0.013946
0.013652
0.013608
0.013703
0.014010
0.014065
0.013801
0.013995
0.014112
0.014029
0.014007
0.014022
0.013901
0.013871
0.014028
0.014065
0.013809
0.014069
0.014076
0.013775
0.013834
0.013890
0.013742
0.013615
0.013851
0.013792
0.014190
0.014050
0.014098
0.014143
0.013990
0.014067
0.013556
0.014082
0.014143
0.014109
0.013908
0.014126
0.013892
0.014095
0.014015
0.013896
0.013936
0.014164
0.013932
0.014120
0.014162
0.014205
0.014023
0.013999
0.014159
0.014194
0.014289
0.014177
0.014186
0.014246
0.013872
0.014295
0.013798
0.014121
0.014197
0.014247
0.014270
0.014263
0.013884
0.013619
0.013994
0.013899
0.013884
0.013919
0.014152
0.014098
0.013880
0.014046
0.014308
0.013998
0.013925
0.013777
0.014124
0.014091
0.014111
0.013536
0.014287
0.014143
0.013525
0.014048
0.013957
0.014116
0.014204
0.014093
0.014014
0.013701
0.014232
0.014108
0.014006
0.014167
0.014188
0.014096
0.014215
0.013896
0.013932
0.013950
0.014028
0.014202
0.014238
0.014038
0.014284
0.014285
0.014198
0.014109
0.014206
0.014036
0.014279
0.014140
0.014181
0.013865
0.013799
0.014276
0.014149
0.014254
0.013747
0.014154
0.014302
0.014268
0.014348
0.014168
0.014408
0.014315
0.014334
0.014350
0.013977
0.014253
0.014339
0.014289
0.014355
0.014305
0.014293
0.014128
0.014412
0.014307
0.014233
0.014234
0.014135
0.014264
0.014296
0.014253
0.014296
0.014445
0.014226
0.014204
0.014432
0.014458
0.014383
0.014505
0.014275
0.014297
0.014441
0.014379
0.014157
0.014216
0.014515
0.014387
0.014460
0.014224
0.014483
0.014498
0.014342
0.014454
0.014456
0.014355
0.014447
0.014397
0.014175
0.014102
0.014431
0.014458
0.014482
0.014085
0.014302
0.014327
0.014568
0.014484
0.014332
0.014328
0.014314
0.014049
0.014698
0.014515
0.014355
0.014548
0.014389
0.014592
0.014363
0.014568
0.014614
0.014637
0.014616
0.014635
0.014218
0.014328
0.014449
0.014451
0.014570
0.014609
0.014638
0.014642
0.014652
0.014592
0.014676
0.014678
0.014477
0.014701
0.014445
0.014492
0.014651
0.014666
0.014494
0.014640
0.014746
0.014573
0.014725
0.014693
0.014722
0.014173
0.014305
0.014549
0.014479
0.014739
0.014388
0.014383
0.014379
0.014342
0.014784
0.014764
0.014765
0.014718
0.014748
0.014751
0.014783
0.014584
0.014509
0.014512
0.014861
0.014610
0.014450
0.014754
0.014209
0.014824
0.014600
0.014202
0.014841
0.014817
0.014657
0.014922
0.014662
0.014600
0.014605
0.014862
0.014732
0.014886
0.014737
0.014788
0.014473
0.014845
0.014617
0.014693
0.014594
0.014757
0.014762
0.014729
0.014907
0.014875
0.014617
0.014732
0.014751
0.014715
0.014807
0.014955
0.014951
0.014692
0.014984
0.014964
0.014967
0.014982
0.014974
0.014782
0.014965
0.014584
0.014915
0.015036
0.014841
0.014754
0.014963
0.015039
0.014887
0.015022
0.015069
0.014999
0.014578
0.014766
0.014991
0.015112
0.015080
0.014944
0.014872
0.015149
0.015069
0.015064
0.015084
0.015008
0.014901
0.014874
0.015170
0.014916
0.014590
0.015017
0.014929
0.015053
0.015155
0.015173
0.015037
0.015063
0.015111
0.015127
0.015119
0.014951
0.015121
0.015240
0.015220
0.015154
0.015067
0.015144
0.015233
0.015159
0.015092
0.014795
0.015020
0.014850
0.015048
0.014886
0.015214
0.014956
0.015135
0.015160
0.015240
0.015110
0.015219
0.015213
0.015166
0.015229
0.015346
0.015178
0.015217
0.015241
0.014842
0.015280
0.015006
0.014976
0.014993
0.015310
0.015313
0.015256
0.015278
0.015289
0.015256
0.014961
0.014743
0.015145
0.014758
0.015093
0.015318
0.015322
0.015371
0.015155
0.014973
0.015329
0.015288
0.014731
0.015362
0.015287
0.015381
0.015367
0.015454
0.015149
0.015396
0.015345
0.015374
0.015353
0.015443
0.015439
0.015350
0.015763
0.015349
0.015795
0.015829
0.015777
0.015544
0.015528
0.015825
0.015558
0.015819
0.015903
0.015665
0.015641
0.015905
0.015616
0.016003
0.015765
0.015483
0.015724
0.015878
0.015758
0.015880
0.015398
0.015904
0.015464
0.015963
0.015356
0.015998
0.015898
0.015953
0.015882
0.016051
0.015865
0.015860
0.015952
0.015723
0.015870
0.015856
0.015857
0.015988
0.015784
0.016027
0.015798
0.016226
0.015546
0.015480
0.015653
0.016134
0.015984
0.015896
0.015999
0.015796
0.015728
0.016081
0.015830
0.016079
0.015999
0.015913
0.015762
0.016161
0.015961
0.016023
0.015707
0.015900
0.015965
0.015963
0.016052
0.015976
0.015962
0.016135
0.015816
0.015798
0.015744
0.016169
0.015885
0.016232
0.016106
0.016230
0.016078
0.016193
0.016202
0.016190
0.015985
0.016085
0.015528
0.016168
0.016139
0.016089
0.016104
0.016165
0.016264
0.016233
0.015814
0.015623
0.015594
0.015641
0.015560
0.015805
0.015612
0.015652
0.015556
0.015666
0.015537
0.015758
0.015605
0.015720
0.015733
0.015724
0.015654
0.015709
0.015580
0.015997
0.015833
0.015633
0.016034
0.015734
0.015666
0.015761
0.015729
0.015863
0.015764
0.015778
0.015972
0.016071
0.015744
0.015784
0.015832
0.015781
0.016074
0.015825
0.016087
0.015830
0.015742
0.015819
0.015798
0.015944
0.015756
0.016257
0.016361
0.016306
0.016256
0.016268
0.016307
0.016488
0.016058
0.016431
0.016363
0.016299
0.016336
0.016479
0.016182
0.016330
0.016230
0.016460
0.016239
0.016553
0.016443
0.016388
0.016471
0.016521
0.016356
0.016623
0.016052
0.016522
0.016227
0.015910
0.015845
0.016164
0.016213
0.016232
0.016068
0.016172
0.016268
0.016007
0.016237
0.016007
0.016160
0.016151
0.016098
0.016046
0.016022
0.016299
0.016362
0.016285
0.016287
0.016211
0.016437
0.016322
0.016225
0.016309
0.016330
0.016310
0.016318
0.016374
0.016422
0.016274
0.016328
0.016397
0.015897
0.016303
0.016405
0.016398
0.016467
0.016384
0.016497
0.016285
0.016320
0.016258
0.016490
0.016186
0.016111
0.016435
0.016455
0.016511
0.016361
0.016221
0.016296
0.016114
0.016573
0.016466
0.016291
0.016371
0.016317
0.016229
0.016559
0.016366
0.016400
0.016447
0.016547
0.016532
0.016538
0.016550
0.016309
0.016536
0.016094
0.016479
0.016585
0.016569
0.016573
0.016625
0.016472
0.016540
0.016663
0.016341
0.016329
0.016597
0.016581
0.016535
0.016635
0.016649
0.016459
0.016264
0.016429
0.016589
0.016658
0.016553
0.016577
0.016595
0.016616
0.016580
0.016642
0.016480
0.016601
0.016611
0.016291
0.016277
0.016312
0.016623
0.016262
0.016467
0.016047
0.016383
0.016277
0.016585
0.016153
0.016507
0.016696
0.016737
0.016653
0.016700
0.016763
0.016763
0.016744
0.016605
0.016534
0.016741
0.016546
0.016618
0.016208
0.016564
0.016721
0.016563
0.016605
0.016762
0.016591
0.016756
0.016794
0.016549
0.017076
0.016587
0.016760
0.016477
0.016664
0.016580
0.016520
0.016723
0.016785
0.016527
0.016770
0.016574
0.016810
0.016378
0.016799
0.016731
0.016893
0.016688
0.016906
0.016650
0.016837
0.016918
0.017030
0.016813
0.016826
0.016873
0.016986
0.016847
0.016674
0.016850
0.016485
0.016329
0.016320
0.016404
0.016370
0.016557
0.016218
0.016286
0.016441
0.016323
0.016416
0.016275
0.016369
0.016594
0.016595
0.016393
0.016231
0.016443
0.016635
0.016333
0.016598
0.016536
0.016570
0.016376
0.016191
0.016505
0.016371
0.016647
0.016699
0.016670
0.016503
0.016489
0.016313
0.016712
0.016501
0.016739
0.016415
0.016704
0.016614
0.016800
0.016428
0.016473
0.016369
0.016395
0.016672
0.016705
0.016706
0.016615
0.016124
0.016476
0.016698
0.016813
0.016881
0.016316
0.016738
0.016593
0.016619
0.016586
0.016752
0.016726
0.016824
0.016822
0.016777
0.016834
0.016612
0.016789
0.016626
0.016790
0.016595
0.016752
0.016772
0.016630
0.016436
0.016856
0.016662
0.016836
0.016606
0.016553
0.016701
0.016865
0.016887
0.016881
0.016865
0.016682
0.016661
0.016709
0.016965
0.016728
0.017060
0.016915
0.016833
0.016885
0.016882
0.016769
0.016804
0.016675
0.016951
0.016933
0.016724
0.016935
0.016819
0.016955
0.016889
0.016894
0.016955
0.017027
0.016934
0.016943
0.017075
0.016952
0.016683
0.016964
0.016927
0.016971
0.016932
0.017034
0.016700
0.016967
0.016781
0.016756
0.016664
0.016655
0.016986
0.016826
0.016749
0.016958
0.016794
0.017052
0.017091
0.016817
0.016809
0.016737
0.017118
0.017128
0.017060
0.017062
0.017042
0.017187
0.016937
0.017009
0.017046
0.017111
0.017102
0.016941
0.016847
0.016987
0.016771
0.017100
0.017018
0.016659
0.017130
0.017014
0.016711
0.017144
0.017013
0.016964
0.016981
0.016676
0.017097
0.017024
0.017067
0.017098
0.017151
0.016763
0.017664
0.017623
0.017666
0.017868
0.017812
0.017654
0.017735
0.017822
0.017774
0.017787
0.017714
0.017892
0.017898
0.017569
0.017947
0.017918
0.017725
0.017696
0.017737
0.017777
0.017926
0.017862
0.017912
0.017824
0.017754
0.017647
0.017929
0.017909
0.017491
0.017678
0.017772
0.017801
0.017608
0.017955
0.017838
0.018110
0.018008
0.017577
0.018028
0.017381
0.018005
0.017818
0.018043
0.018001
0.017967
0.017699
0.017983
0.017893
0.017671
0.018013
0.017761
0.017758
0.018010
0.018038
0.018075
0.017741
0.017712
0.017793
0.018043
0.018068
0.018017
0.017760
0.018129
0.018038
0.017805
0.018094
0.018026
0.018102
0.018087
0.018154
0.018245
0.018078
0.018041
0.018078
0.017982
0.017949
0.018165
0.017957
0.018086
0.017997
0.018175
0.018029
0.018131
0.018204
0.018000
0.018191
0.017817
0.017777
0.018298
0.018215
0.017960
0.017952
0.018191
0.018227
0.018275
0.017703
0.018083
0.018168
0.018297
0.018262
0.018265
0.018223
0.018042
0.018080
0.017948
0.018280
0.018260
0.018268
0.018252
0.018110
0.018409
0.018335
0.018285
0.018382
0.018359
0.018019
0.018309
0.018174
0.018348
0.017966
0.018306
0.018314
0.018284
0.018168
0.018173
0.018371
0.018364
0.018375
0.018380
0.018458
0.018374
0.018181
0.018188
0.018460
0.018372
0.018500
0.018428
0.018431
0.018535
0.018164
0.018407
0.018276
0.018377
0.018461
0.018441
0.018441
0.018332
0.018251
0.018590
0.018615
0.018477
0.017992
0.017913
0.018409
0.018272
0.018563
0.018641
0.018580
0.018547
0.018519
0.018519
0.018563
0.018295
0.018566
0.017814
0.017591
0.017993
0.017635
0.018061
0.017653
0.017955
0.017907
0.017860
0.017876
0.017641
0.017948
0.018027
0.017847
0.018027
0.017743
0.018148
0.017973
0.017865
0.017814
0.018119
0.017974
0.017954
0.017748
0.018135
0.018043
0.018152
0.018085
0.017950
0.018094
0.017802
0.017741
0.018014
0.017989
0.018165
0.018009
0.018198
0.018081
0.018159
0.017986
0.018141
0.018027
0.017979
0.018116
0.017918
0.017571
0.018216
0.018124
0.018220
0.018165
0.018042
0.018179
0.018214
0.017944
0.018294
0.017735
0.018065
0.018050
0.018130
0.018170
0.017965
0.018096
0.018084
0.018172
0.017924
0.018343
0.018206
0.018052
0.017938
0.018212
0.018276
0.018243
0.018349
0.018016
0.018266
0.018042
0.017807
0.018007
0.017973
0.018228
0.018353
0.018127
0.018413
0.018368
0.018431
0.018157
0.018417
0.018277
0.018362
0.018124
0.018124
0.018282
0.018219
0.018418
0.018211
0.018336
0.017857
0.018018
0.018401
0.018222
0.018230
0.018181
0.018254
0.018156
0.018474
0.018181
0.018240
0.018168
0.018205
0.018179
0.018349
0.018289
0.018525
0.018427
0.018469
0.018504
0.018408
0.018136
0.018451
0.018251
0.018331
0.018488
0.018176
0.018261
0.018454
0.018426
0.018518
0.018380
0.018052
0.018455
0.018525
0.018372
0.018590
0.018500
0.018613
0.018138
0.018169
0.018135
0.018613
0.018525
0.018581
0.018345
0.018612
0.018307
0.018627
0.018577
0.018620
0.018544
0.018640
0.018555
0.018735
0.018523
0.018555
0.018406
0.018446
0.018511
0.018456
0.018530
0.018627
0.018595
0.018690
0.018350
0.018624
0.018318
0.018481
0.018391
0.018658
0.018585
0.018468
0.018382
0.018632
0.018698
0.018733
0.018601
0.018648
0.018765
0.018817
0.018480
0.018483
0.018713
0.018813
0.018733
0.018715
0.018552
0.018584
0.018581
0.018805
0.018335
0.018819
0.018735
0.018765
0.018706
0.018784
0.018196
0.018561
0.018572
0.018870
0.018880
0.018797
0.018227
0.018312
0.018751
0.018846
0.018828
0.018709
0.018647
0.018720
0.018937
0.018943
0.018632
0.018888
0.018835
0.018955
0.018917
0.018775
0.018827
0.018972
0.018864
0.018962
0.018543
0.018815
0.018484
0.018965
0.018441
0.018910
0.018666
0.018799
0.018935
0.018877
0.018428
0.018807
0.018568
0.019032
0.018907
0.019021
0.018884
0.018887
0.018768
0.019099
0.018976
0.018830
0.018868
0.019003
0.018744
0.018836
0.018968
0.019112
0.018682
0.018865
0.018860
0.018762
0.018571
0.019178
0.019055
0.018820
0.018879
0.019004
0.018729
0.018878
0.018938
0.019042
0.019028
0.019000
0.019074
0.018894
0.018650
0.018544
0.018895
0.018831
0.018637
0.019218
0.018890
0.019165
0.019350
0.018980
0.018917
0.019160
0.019188
0.019144
0.018825
0.019196
0.019025
0.019246
0.019234
0.019197
0.019193
0.019241
0.018971
0.018991
0.019261
0.019314
0.019047
0.019272
0.019031
0.019275
0.019204
0.018882
0.019049
0.019347
0.019279
0.018878
0.019072
0.018935
0.019127
0.019301
0.019124
0.019343
0.019061
0.019346
0.019110
0.019144
0.019100
0.019319
0.019285
0.019242
0.019301
0.019402
0.019063
0.019058
0.019350
0.019309
0.019156
0.019358
0.019158
0.018805
0.018767
0.019420
0.019651
0.019278
0.019763
0.019667
0.019629
0.019592
0.019349
0.019745
0.019730
0.019589
0.019696
0.019254
0.019666
0.019790
0.019797
0.019803
0.019710
0.019729
0.019659
0.019636
0.019754
0.019294
0.019610
0.019967
0.019606
0.019797
0.019588
0.019824
0.019810
0.019796
0.019778
0.019892
0.019671
0.019777
0.019535
0.019574
0.019612
0.019873
0.019841
0.019964
0.019688
0.019944
0.019884
0.020070
0.019753
0.019603
0.019592
0.019936
0.019777
0.019926
0.019954
0.019696
0.019546
0.019832
0.019598
0.019687
0.019919
0.020002
0.019800
0.019947
0.019983
0.019962
0.019947
0.019829
0.019979
0.019881
0.019683
0.019981
0.019723
0.020068
0.020003
0.020147
0.019764
0.019597
0.019805
0.019864
0.019657
0.019758
0.019480
0.020087
0.020087
0.020035
0.020023
0.020043
0.020040
0.019939
0.019987
0.020099
0.020040
0.020029
0.020025
0.019826
0.019573
0.019890
0.020102
0.020002
0.020090
0.020140
0.019925
0.020124
0.020072
0.020069
0.020190
0.020165
0.020134
0.020166
0.020159
0.020182
0.020152
0.020059
0.019933
0.020216
0.020224
0.020136
0.020141
0.020104
0.020148
0.020049
0.020157
0.020049
0.020083
0.020033
0.020275
0.020167
0.019967
0.019756
0.020110
0.020280
0.020209
0.020072
0.019940
0.020343
0.020206
0.020051
0.020266
0.020090
0.020052
0.020287
0.020237
0.020113
0.020074
0.020327
0.020298
0.020292
0.020446
0.020351
0.020322
0.020401
0.019814
0.020099
0.020276
0.020454
0.019781
0.020160
0.020077
0.020271
0.020182
0.020383
0.020118
0.020183
0.020359
0.020413
0.020511
0.020474
0.020277
0.020308
0.020046
0.020101
0.020116
0.020346
0.020004
0.020455
0.020315
0.020388
0.020417
0.020464
0.020518
0.020396
0.020418
0.020347
0.020346
0.020258
0.019960
0.020360
0.020404
0.020166
0.020397
0.020187
0.020414
0.020406
0.020409
0.020166
0.020396
0.020628
0.020487
0.020204
0.020476
0.020474
0.020516
0.020457
0.020368
0.020473
0.020616
0.020516
0.020469
0.020416
0.020225
0.020542
0.020517
0.020253
0.020305
0.020513
0.020329
0.020193
0.020588
0.020664
0.020618
0.020526
0.020520
0.020493
0.020464
0.020576
0.020566
0.020421
0.020542
0.020469
0.020623
0.020513
0.020589
0.020585
0.020629
0.020510
0.020683
0.020493
0.020585
0.020276
0.020406
0.020565
0.020640
0.020505
0.020436
0.020704
0.020665
0.020181
0.020578
0.020630
0.020647
0.020674
0.020672
0.020696
0.020750
0.020657
0.020753
0.020553
0.020610
0.020474
0.020663
0.020704
0.020707
0.020129
0.020528
0.020620
0.020743
0.020641
0.020794
0.020614
0.020786
0.020252
0.020790
0.020131
0.020635
0.020671
0.020607
0.020514
0.020454
0.020525
0.020617
0.020563
0.020564
0.020623
0.020814
0.020668
0.020794
0.020809
0.020791
0.020657
0.020935
0.020791
0.020845
0.020725
0.020855
0.020563
0.020715
0.020825
0.020818
0.020568
0.020653
0.020882
0.020607
0.020874
0.020875
0.020905
0.020852
0.020737
0.021336
0.020839
0.020930
0.020632
0.021104
0.020821
0.021087
0.020758
0.020750
0.020886
0.020980
0.020963
0.020944
0.020625
0.020968
0.020604
0.020915
0.020945
0.020934
0.020850
0.021003
0.020963
0.020913
0.020969
0.021044
0.020997
0.020914
0.020906
0.020949
0.021004
0.020760
0.020823
0.020824
0.020805
0.020979
0.021016
0.020831
0.020828
0.020922
0.021391
0.020992
0.020838
0.020972
0.020866
0.020936
0.020999
0.020938
0.020970
0.020756
0.020913
0.020809
0.020743
0.021062
0.020976
0.020741
0.020798
0.020800
0.020771
0.021079
0.021125
0.021066
0.021229
0.021057
0.020539
0.020928
0.021206
0.021041
0.021139
0.020758
0.021235
0.021057
0.021139
0.021116
0.021192
0.021117
0.021206
0.020955
0.020741
0.020785
0.020900
0.021300
0.021189
0.021190
0.021223
0.020998
0.021234
0.021019
0.021171
0.020883
0.021210
0.020800
0.021195
0.021188
0.020839
0.021230
0.021265
0.021268
0.021272
0.021249
0.021297
0.021254
0.021329
0.021245
0.021203
0.021318
0.021311
0.021321
0.021078
0.021286
0.021106
0.020891
0.020904
0.021191
0.021300
0.020933
0.021009
0.021243
0.021338
0.021351
0.021340
0.021333
0.021307
0.021324
0.021466
0.021426
0.021085
0.021364
0.021186
0.021393
0.021258
0.021191
0.021187
0.021310
0.021048
0.021076
0.021226
0.021433
0.021378
0.021339
0.021184
0.021395
0.020962
0.021296
0.021451
0.021374
0.021465
0.021268
0.021316
0.021498
0.021489
0.021134
0.021462
0.021616
0.020965
0.021304
0.021583
0.021136
0.021565
0.021312
0.021485
0.021439
0.021231
0.021341
0.021168
0.021560
0.021405
0.021452
0.021350
0.021502
0.021572
0.021556
0.021239
0.021487
0.021515
0.021200
0.021316
0.021584
0.021449
0.021554
0.021595
0.021577
0.021490
0.021579
0.021601
0.021608
0.021676
0.021614
0.021626
0.021477
0.021367
0.021290
0.021494
0.021324
0.021297
0.021265
0.021584
0.021268
0.021355
0.021378
0.021204
0.021388
0.021318
0.020990
0.021216
0.021614
0.021394
0.021210
0.021281
0.021488
0.021376
0.021387
0.021350
0.021430
0.021416
0.021297
0.021320
0.021342
0.021525
0.021316
0.021264
0.021364
0.021284
0.021624
0.021638
0.021620
0.021632
0.021669
0.021308
0.021653
0.021666
0.021657
0.021658
0.021722
0.021334
0.021677
0.021381
0.021632
0.021432
0.021550
0.021208
0.021556
0.021628
0.021702
0.021494
0.021626
0.021392
0.021499
0.021470
0.021705
0.021503
0.021663
0.021496
0.021798
0.021671
0.021846
0.021776
0.021905
0.021191
0.020988
0.021259
0.021218
0.021178
0.021305
0.021271
0.021233
0.021653
0.021653
0.021778
0.021627
0.021688
0.021543
0.021705
0.021447
0.021203
0.021714
0.021642
0.021751
0.021672
0.021867
0.021862
0.021758
0.021941
0.021568
0.021707
0.021712
0.021771
0.021759
0.021642
0.021908
0.021301
0.021787
0.021620
0.021739
0.021730
0.021789
0.021634
0.021738
0.021691
0.021630
0.021752
0.021795
0.021754
0.021866
0.021630
0.021795
0.021679
0.021894
0.021761
0.021825
0.021804
0.021461
0.021793
0.022019
0.021762
0.021888
0.021991
0.022031
0.021683
0.021636
0.022017
0.022142
0.022061
0.022078
0.021997
0.022102
0.021747
0.022229
0.022060
0.022102
0.022025
0.021916
0.021813
0.022027
0.022115
0.022081
0.022078
0.021977
0.022072
0.021867
0.021930
0.022131
0.022200
0.022184
0.021907
0.022261
0.022093
0.022033
0.021953
0.022245
0.021946
0.022017
0.021991
0.022646
0.022370
0.022703
0.022376
0.022063
0.022755
0.022512
0.022828
0.022626
0.022722
0.022786
0.022441
0.022414
0.022580
0.022769
0.022803
0.022520
0.022806
0.022407
0.022861
0.022753
0.022808
0.022590
0.022880
0.022761
0.022719
0.022646
0.022749
0.022868
0.022712
0.022694
0.022804
0.022823
0.022734
0.022884
0.022593
0.022688
0.022877
0.022643
0.022721
0.022813
0.022799
0.022892
0.022418
0.022354
0.022696
0.022824
0.022851
0.022901
0.022915
0.022461
0.022833
0.022977
0.022862
0.022963
0.022961
0.022950
0.023084
0.022906
0.022987
0.022974
0.022785
0.022937
0.022994
0.022936
0.022907
0.022947
0.022976
0.022983
0.022924
0.022800
0.022832
0.022887
0.022751
0.022961
0.022766
0.022993
0.022840
0.023034
0.023054
0.022788
0.022965
0.022807
0.023133
0.022911
0.022979
0.023140
0.023164
0.023077
0.023026
0.023000
0.023065
0.022996
0.023073
0.023029
0.023041
0.023108
0.023052
0.023087
0.022972
0.022929
0.022801
0.022519
0.023120
0.023046
0.022819
0.022920
0.023095
0.023141
0.023069
0.023241
0.023061
0.023068
0.022965
0.023210
0.023216
0.022900
0.023035
0.022968
0.023202
0.023161
0.022980
0.023197
0.023297
0.023197
0.023001
0.023113
0.023054
0.023216
0.023230
0.023078
0.023044
0.023270
0.023213
0.023295
0.023027
0.023045
0.023277
0.023264
0.023230
0.023283
0.023027
0.023255
0.023078
0.023278
0.023309
0.023086
0.023218
0.023249
0.023092
0.023232
0.023330
0.023315
0.023338
0.023333
0.023349
0.023340
0.023119
0.023306
0.023257
0.023265
0.023302
0.023132
0.023390
0.023162
0.023068
0.023130
0.023027
0.022833
0.023004
0.022614
0.022826
0.022562
0.022768
0.022895
0.023087
0.023197
0.023256
0.023183
0.023078
0.022955
0.023079
0.022673
0.023049
0.022978
0.022988
0.023199
0.023221
0.023135
0.023316
0.023237
0.023289
0.023244
0.023388
0.022980
0.023341
0.023215
0.023163
0.023305
0.023335
0.023388
0.023382
0.023149
0.023325
0.023300
0.023060
0.023265
0.023376
0.023283
0.023402
0.023003
0.023236
0.022701
0.023243
0.023464
0.023446
0.023367
0.023415
0.023377
0.023346
0.023417
0.023412
0.023433
0.023455
0.023413
0.023509
0.023122
0.023466
0.023400
0.023298
0.023407
0.023112
0.023070
0.023255
0.023250
0.023268
0.023415
0.023375
0.023457
0.023497
0.023524
0.023507
0.023437
0.023569
0.023482
0.023588
0.023259
0.023547
0.023244
0.023486
0.023324
0.023718
0.023470
0.023440
0.023532
0.023437
0.023474
0.023407
0.023517
0.023708
0.023314
0.023398
0.023357
0.023647
0.023340
0.023633
0.023538
0.023619
0.023380
0.023686
0.023326
0.023686
0.023675
0.023524
0.023408
0.023757
0.023646
0.023698
0.023523
0.023725
0.023627
0.023661
0.023789
0.023282
0.023635
0.023613
0.023667
0.023745
0.023737
0.023812
0.023531
0.023758
0.023669
0.023607
0.023490
0.023678
0.023682
0.023785
0.023603
0.023779
0.023696
0.023839
0.023536
0.023774
0.023662
0.023872
0.023695
0.023823
0.023436
0.023589
0.023658
0.023730
0.023562
0.023802
0.023788
0.023917
0.023777
0.023928
0.023629
0.023664
0.023422
0.023842
0.023679
0.023883
0.023826
0.023880
0.023822
0.023573
0.023245
0.023455
0.023318
0.023518
0.023586
0.023382
0.023430
0.023456
0.023560
0.023355
0.023622
0.023386
0.023442
0.023445
0.023456
0.023117
0.023427
0.023446
0.023723
0.023399
0.023479
0.023663
0.023675
0.023581
0.023416
0.023424
0.023537
0.023297
0.023727
0.023646
0.023579
0.023650
0.023688
0.023683
0.023448
0.023095
0.023668
0.023863
0.023781
0.023748
0.023551
0.023695
0.023677
0.023733
0.023632
0.023466
0.023645
0.023699
0.023482
0.023473
0.023783
0.023696
0.023598
0.023655
0.023689
0.023703
0.023807
0.023801
0.023633
0.023725
0.023684
0.023828
0.023806
0.023723
0.023833
0.023759
0.023855
0.023681
0.023875
0.023824
0.023857
0.023792
0.023857
0.023746
0.023636
0.023800
0.023816
0.023760
0.023897
0.023806
0.023936
0.023755
0.023891
0.023785
0.023905
0.023833
0.023933
0.023642
0.023969
0.023657
0.023811
0.023670
0.024034
0.023713
0.023960
0.023876
0.024001
0.023652
0.023580
0.023676
0.023784
0.023911
0.023890
0.023959
0.023834
0.023943
0.024025
0.024173
0.024039
0.023954
0.023902
0.023982
0.024081
0.023978
0.024014
0.023967
0.024099
0.023956
0.024043
0.024056
0.023751
0.024019
0.023550
0.024020
0.024066
0.024065
0.023825
0.023845
0.023602
0.023967
0.024105
0.024001
0.023882
0.023876
0.024054
0.024273
0.023886
0.023850
0.023921
0.023999
0.023974
0.023943
0.024173
0.023902
0.024144
0.023889
0.024032
0.024132
0.023919
0.023885
0.023988
0.023783
0.023891
0.023870
0.024148
0.023948
0.023959
0.023852
0.024163
0.024000
0.023659
0.024229
0.024021
0.024007
0.024351
0.024310
0.024377
0.023902
0.024454
0.024320
0.024431
0.023893
0.024367
0.024325
0.024274
0.024443
0.024316
0.024541
0.024102
0.024251
0.024541
0.024261
0.024642
0.024375
0.024424
0.024299
0.024492
0.024180
0.024474
0.024407
0.024488
0.024537
0.024437
0.024228
0.024486
0.024620
0.024544
0.024374
0.024228
0.024026
0.024113
0.024443
0.024497
0.024248
0.024472
0.024035
0.024515
0.024328
0.024673
0.024194
0.024410
0.024639
0.024805
0.024405
0.024746
0.024469
0.024391
0.024508
0.024768
0.024465
0.024550
0.024425
0.024645
0.024259
0.024404
0.024695
0.024392
0.024570
0.024566
0.024552
0.024742
0.024446
0.024600
0.024461
0.024318
0.024710
0.024809
0.024704
0.024630
0.024807
0.024631
0.024706
0.024867
0.024801
0.024627
0.024879
0.024745
0.024801
0.024756
0.024432
0.024555
0.024804
0.024849
0.024843
0.024915
0.024836
0.024793
0.024750
0.024914
0.024780
0.024886
0.024778
0.024937
0.024539
0.024955
0.024593
0.024640
0.024777
0.024915
0.024600
0.024990
0.024821
0.025038
0.024969
0.024934
0.024864
0.024810
0.024884
0.025020
0.024960
0.024969
0.024662
0.024876
0.025030
0.025042
0.024777
0.025018
0.025056
0.024942
0.024732
0.025029
0.024991
0.025056
0.025044
0.025105
0.025080
0.025175
0.025066
0.025119
0.024830
0.025047
0.025026
0.025145
0.024720
0.025122
0.024886
0.024897
0.024964
0.025139
0.025075
0.025141
0.024819
0.024971
0.024689
0.024953
0.025126
0.025260
0.025193
0.024779
0.024805
0.025231
0.024821
0.025041
0.025012
0.025229
0.025168
0.025201
0.025183
0.025182
0.025187
0.024615
0.025205
0.024971
0.025195
0.025182
0.024823
0.025243
0.025205
0.025184
0.025036
0.025036
0.025297
0.025272
0.025290
0.025166
0.025287
0.025019
0.025262
0.025330
0.025129
0.024978
0.025270
0.025148
0.025115
0.025169
0.025086
0.025317
0.025117
0.025381
0.025288
0.025284
0.025380
0.025295
0.025214
0.025205
0.025338
0.025176
0.025325
0.025383
0.025014
0.025369
0.025378
0.025179
0.025386
0.025431
0.025392
0.025448
0.025433
0.025262
0.025345
0.025487
0.025224
0.025145
0.025204
0.025461
0.024909
0.025113
0.024800
0.025484
0.025428
0.025441
0.025405
0.025323
0.025329
0.025461
0.025578
0.025515
0.025494
0.025204
0.025542
0.025450
0.025443
0.025489
0.025469
0.025559
0.025250
0.025573
0.025523
0.025487
0.025582
0.025572
0.024998
0.025520
0.025413
0.025463
0.025556
0.025261
0.025274
0.025091
0.025499
0.025210
0.025419
0.025416
0.025390
0.025055
0.025402
0.025594
0.025440
0.025406
0.025610
0.025474
0.025358
0.025487
0.025577
0.025260
0.025303
0.025382
0.025260
0.025691
0.025459
0.025461
0.025496
0.025704
0.025666
0.025702
0.025668
0.025678
0.025735
0.025518
0.025645
0.025444
0.025690
0.025499
0.025572
0.025727
0.025692
0.025492
0.025649
0.025377
0.025651
0.025587
0.025489
0.025528
0.025527
0.025570
0.025759
0.025649
0.025617
0.025590
0.025458
0.025798
0.025758
0.025524
0.025713
0.025824
0.025870
0.025237
0.025503
0.025623
0.025533
0.025796
0.025813
0.025853
0.025488
0.025873
0.025931
0.025552
0.025656
0.025555
0.025547
0.025861
0.025789
0.025693
0.025742
0.025770
0.025769
0.025481
0.025703
0.025188
0.025799
0.025581
0.025818
0.025869
0.025717
0.025825
0.025565
0.025719
0.025789
0.025708
0.025145
0.025597
0.025476
0.025481
0.025663
0.025793
0.025911
0.025786
0.025845
0.025766
0.025506
0.025856
0.025837
0.025828
0.025682
0.025249
0.025425
0.025661
0.025832
0.025630
0.025909
0.025860
0.025851
0.025950
0.025658
0.025914
0.025581
0.025370
0.025868
0.025886
0.025703
0.025882
0.025892
0.025934
0.025856
0.025815
0.025901
0.025801
0.025857
0.025694
0.025514
0.025771
0.025930
0.025908
0.025704
0.025895
0.025908
0.025946
0.025776
0.025644
0.025773
0.025550
0.025748
0.025763
0.025954
0.026187
0.025955
0.025790
0.025775
0.025812
0.026028
0.025769
0.026038
0.025808
0.025839
0.025741
0.025828
0.025799
0.025746
0.025469
0.026050
0.026109
0.025826
0.025894
0.025880
0.025982
0.026125
0.026085
0.026209
0.025958
0.026129
0.026071
0.026098
0.025863
0.025761
0.025840
0.025941
0.025880
0.025872
0.026118
0.025800
0.025855
0.025989
0.026066
0.025941
0.025885
0.025915
0.025813
0.025876
0.026163
0.026083
0.026151
0.025861
0.025665
0.025619
0.025959
0.025855
0.025584
0.025766
0.025581
0.025753
0.025557
0.025872
0.025587
0.025755
0.025671
0.025866
0.025613
0.025640
0.026166
0.025656
0.025896
0.025731
0.025616
0.025635
0.025651
0.025640
0.025916
0.025672
0.025924
0.025700
0.025753
0.025912
0.025760
0.025695
0.025658
0.026026
0.025924
0.025735
0.025740
0.025977
0.025770
0.025965
0.025725
0.026030
0.025777
0.025691
0.025777
0.025713
0.025837
0.025697
0.025823
0.025672
0.026127
0.025680
0.025829
0.025705
0.025836
0.026009
0.025917
0.025692
0.025958
0.025745
0.025889
0.025716
0.026180
0.026086
0.025896
0.025784
0.025907
0.025741
0.025927
0.025921
0.026043
0.025818
0.026219
0.025849
0.026113
0.026121
0.026036
0.025771
0.025955
0.025824
0.025948
0.025968
0.026303
0.026026
0.025973
0.026070
0.026297
0.026170
0.026023
0.025897
0.026052
0.025938
0.025984
0.025970
0.026085
0.025885
0.026030
0.025949
0.026086
0.026194
0.026424
0.026333
0.026233
0.025917
0.026040
0.025921
0.026155
0.025938
0.026051
0.025944
0.026368
0.025986
0.026394
0.025971
0.026153
0.025976
0.026395
0.026267
0.026158
0.026115
0.026106
0.026030
0.026220
0.026069
0.026123
0.026381
0.026146
0.026174
0.026416
0.026281
0.026157
0.026050
0.026201
0.026275
0.026195
0.026050
0.026199
0.026113
0.026196
0.026053
0.026199
0.026086
0.026285
0.026155
0.026310
0.026656
0.026227
0.026212
0.026292
0.026127
0.026567
0.026533
0.026895
0.026638
0.026670
0.026462
0.026648
0.026287
0.026621
0.026590
0.026663
0.026518
0.026499
0.026825
0.026335
0.026719
0.026742
0.026868
0.026512
0.026478
0.026810
0.026437
0.026779
0.026360
0.026970
0.026887
0.026765
0.026898
0.026929
0.026545
0.026775
0.026516
0.026393
0.026559
0.026690
0.026681
0.026638
0.026750
0.026833
0.026724
0.026552
0.026972
0.027046
0.026448
0.026983
0.026511
0.026453
0.026383
0.026651
0.026779
0.026795
0.026795
0.026834
0.026381
0.027072
0.026896
0.026714
0.027080
0.026914
0.026936
0.027024
0.026785
0.027245
0.026890
0.027173
0.027080
0.027081
0.027011
0.027255
0.027042
0.026965
0.027064
0.027147
0.027122
0.027076
0.027103
0.026930
0.026997
0.027118
0.026887
0.027053
0.026913
0.027093
0.027269
0.027133
0.027256
0.027332
0.027192
0.027315
0.027217
0.027198
0.027440
0.027297
0.027447
0.027376
0.027409
0.027228
0.027482
0.027336
0.027459
0.027555
0.027327
0.027295
0.027238
0.027399
0.027388
0.027370
0.027426
0.027419
0.027282
0.027559
0.027452
0.027150
0.027257
0.027508
0.027499
0.027418
0.027364
0.027494
0.027248
0.027318
0.027277
0.027276
0.027182
0.027334
0.027324
0.027377
0.027478
0.027052
0.027236
0.027522
0.027529
0.027553
0.027346
0.027318
0.027146
0.027194
0.027602
0.027535
0.027375
0.027352
0.027605
0.027471
0.027572
0.027277
0.027257
0.027405
0.027559
0.027307
0.027403
0.027257
0.027507
0.027272
0.027540
0.027715
0.027606
0.027596
0.027420
0.027629
0.027721
0.027054
0.027644
0.027684
0.027317
0.027335
0.027560
0.027612
0.027674
0.027588
0.027320
0.027516
0.027654
0.027659
0.027531
0.027730
0.027721
0.027353
0.027857
0.027532
0.027799
0.027715
0.027697
0.027768
0.027761
0.027316
0.027753
0.027769
0.027789
0.027806
0.027566
0.027551
0.027505
0.027625
0.027619
0.027683
0.027791
0.027731
0.027731
0.027870
0.027759
0.027563
0.027733
0.027712
0.027644
0.027628
0.027574
0.027844
0.027846
0.027876
0.027503
0.027684
0.027655
0.027619
0.027747
0.027806
0.027643
0.028001
0.027757
0.027351
0.027902
0.027837
0.027466
0.027661
0.027671
0.027206
0.027718
0.027725
0.027807
0.027740
0.027638
0.027721
0.027620
0.027678
0.027780
0.027146
0.027721
0.027626
0.027869
0.027816
0.027802
0.027694
0.027842
0.027491
0.027726
0.027711
0.027718
0.027687
0.027316
0.027440
0.027492
0.027814
0.027873
0.027538
0.027894
0.027608
0.027866
0.027796
0.027974
0.027762
0.027851
0.027796
0.027845
0.027613
0.027909
0.027632
0.027945
0.027449
0.028049
0.027507
0.027923
0.027716
0.027825
0.027860
0.027798
0.027455
0.027798
0.027785
0.028002
0.027645
0.027944
0.027782
0.027909
0.027877
0.027993
0.027700
0.028063
0.027663
0.028026
0.027539
0.028076
0.027878
0.028032
0.027925
0.027857
0.027773
0.027930
0.027982
0.028083
0.027737
0.028078
0.028162
0.028093
0.028020
0.028117
0.028068
0.028116
0.027992
0.027926
0.027970
0.028102
0.027966
0.028179
0.028045
0.027914
0.027817
0.027910
0.027810
0.027595
0.028116
0.028195
0.027603
0.028200
0.027684
0.028199
0.028049
0.027973
0.027719
0.028199
0.027756
0.027967
0.028050
0.027949
0.027936
0.028234
0.028069
0.028250
0.028092
0.028326
0.028065
0.028281
0.028128
0.028295
0.028159
0.028273
0.027949
0.028251
0.028205
0.028276
0.028167
0.028002
0.028234
0.028289
0.028188
0.028115
0.027631
0.028233
0.028101
0.027959
0.028108
0.028340
0.028030
0.028316
0.028152
0.028191
0.028178
0.028109
0.028217
0.028299
0.028075
0.028369
0.027994
0.028218
0.028201
0.028173
0.028289
0.028373
0.028263
0.028417
0.028362
0.028381
0.028129
0.028153
0.028322
0.028310
0.028354
0.028750
0.028514
0.028361
0.028704
0.028499
0.028527
0.028508
0.028679
0.028530
0.028561
0.028721
0.028771
0.028660
0.028583
0.028507
0.028614
0.028648
0.028848
0.028759
0.028770
0.028748
0.028592
0.028726
0.028850
0.028766
0.028835
0.029085
0.028756
0.028744
0.028463
0.028824
0.028557
0.028634
0.028857
0.028695
0.028563
0.028685
0.028661
0.028833
0.028869
0.028715
0.028632
0.028850
0.028910
0.028805
0.028446
0.028840
0.028855
0.028908
0.028739
0.028856
0.028762
0.028920
0.028958
0.028857
0.028974
0.028781
0.028770
0.028818
0.028980
0.028921
0.028605
0.028940
0.028970
0.028921
0.029014
0.028621
0.028704
0.028914
0.029122
0.029025
0.029065
0.028849
0.028753
0.028810
0.029038
0.028776
0.028827
0.028839
0.029128
0.028894
0.029014
0.029009
0.029089
0.029170
0.029077
0.028926
0.028974
0.028991
0.028847
0.029038
0.029135
0.028982
0.029233
0.029080
0.028905
0.029004
0.029116
0.029117
0.029119
0.029138
0.029203
0.028946
0.029194
0.029126
0.029147
0.029103
0.029191
0.029067
0.029219
0.028819
0.029264
0.028617
0.028857
0.029221
0.028945
0.029089
0.029222
0.029219
0.029158
0.028629
0.029045
0.029242
0.029344
0.029165
0.028683
0.029025
0.029221
0.029107
0.029304
0.029154
0.029136
0.029136
0.029253
0.029289
0.029185
0.029312
0.029254
0.029302
0.029280
0.029322
0.029152
0.029258
0.029257
0.029276
0.029306
0.029345
0.029329
0.029167
0.029272
0.029182
0.029247
0.029101
0.029352
0.029245
0.029112
0.029075
0.029328
0.029267
0.029480
0.029448
0.029493
0.029190
0.029353
0.029480
0.029495
0.029439
0.029529
0.029505
0.029396
0.029425
0.029432
0.029550
0.029374
0.029356
0.029291
0.029411
0.029322
0.029296
0.029461
0.029561
0.029497
0.029573
0.029176
0.029472
0.029562
0.029522
0.029616
0.029667
0.029505
0.029295
0.029625
0.029713
0.029434
0.029662
0.029592
0.029460
0.029362
0.029675
0.029416
0.029662
0.029663
0.029475
0.029562
0.029650
0.029601
0.029476
0.029636
0.029665
0.029639
0.029674
0.029511
0.029664
0.029673
0.029563
0.029673
0.029470
0.029423
0.029300
0.029749
0.029568
0.029706
0.029790
0.029802
0.029732
0.029811
0.029765
0.029555
0.029453
0.029785
0.029683
0.029561
0.029808
0.029514
0.029795
0.029807
0.029727
0.029761
0.029596
0.029800
0.029900
0.029678
0.029903
0.029553
0.029855
0.029766
0.029926
0.029848
0.029866
0.029588
0.029591
0.029899
0.029911
0.029864
0.029657
0.029485
0.029947
0.029616
0.029911
0.029546
0.029736
0.029849
0.029568
0.029890
0.029704
0.029596
0.029523
0.029928
0.029765
0.029820
0.029487
0.029945
0.029772
0.029925
0.029883
0.029888
0.029910
0.029602
0.029728
0.029975
0.029926
0.029883
0.029877
0.030012
0.029854
0.030005
0.030062
0.030037
0.029791
0.029680
0.030051
0.030123
0.030106
0.030117
0.030198
0.030079
0.030075
0.030005
0.029883
0.030081
0.029889
0.029833
0.029982
0.030172
0.029943
0.030110
0.030096
0.030045
0.030087
0.029890
0.030136
0.029905
0.029939
0.029744
0.030110
0.030180
0.030250
0.029793
0.029784
0.029676
0.030074
0.029860
0.029659
0.030051
0.029965
0.030187
0.030016
0.030205
0.030211
0.030215
0.030340
0.030282
0.030421
0.030252
0.030344
0.030352
0.030283
0.030392
0.030447
0.030154
0.030297
0.030364
0.030478
0.030360
0.030526
0.029938
0.030291
0.030216
0.030382
0.030313
0.030458
0.030376
0.030429
0.030234
0.030187
0.030393
0.030637
0.030422
0.030510
0.030530
0.030414
0.030198
0.030278
0.030422
0.030374
0.030470
0.030176
0.030323
0.030594
0.030532
0.030351
0.030592
0.030597
0.030277
0.030558
0.030215
0.030341
0.030379
0.030416
0.030504
0.030473
0.030316
0.030597
0.030490
0.030675
0.030569
0.030406
0.030423
0.030580
0.030568
0.030623
0.030438
0.030697
0.030634
0.030428
0.030408
0.030756
0.030429
0.030375
0.030439
0.030538
0.030705
0.030608
0.030650
0.030869
0.030623
0.030699
0.030827
0.030512
0.030650
0.030535
0.030666
0.030749
0.030442
0.030485
0.030702
0.030714
0.030563
0.030727
0.030504
0.030695
0.030721
0.030802
0.030705
0.030723
0.030634
0.030846
0.030739
0.030811
0.030556
0.030590
0.030676
0.030785
0.030610
0.030546
0.030812
0.030810
0.030751
0.030850
0.030758
0.030611
0.030716
0.030891
0.030837
0.030909
0.030600
0.030520
0.030855
0.030881
0.030834
0.030918
0.030743
0.030672
0.030634
0.030753
0.030734
0.030904
0.030718
0.030962
0.030898
0.030857
0.030932
0.030999
0.030938
0.030697
0.030606
0.030648
0.030964
0.030973
0.030805
0.030696
0.030615
0.030956
0.030990
0.030976
0.031032
0.030978
0.030809
0.030461
0.030964
0.030912
0.030759
0.031092
0.030989
0.031038
0.031012
0.031050
0.030963
0.030711
0.031035
0.030990
0.030745
0.030732
0.030606
0.030713
0.030457
0.030640
0.030595
0.030140
0.030839
0.030288
0.030849
0.030605
0.030627
0.030753
0.030805
0.030420
0.030638
0.030611
0.030617
0.030546
0.030662
0.030591
0.030848
0.030619
0.030792
0.030552
0.030749
0.030495
0.030717
0.030617
0.030756
0.030833
0.030749
0.030721
0.030725
0.030619
0.030716
0.030890
0.030915
0.030735
0.030837
0.030604
0.030756
0.031049
0.030755
0.030700
0.030813
0.030667
0.030792
0.030608
0.030706
0.031063
0.031015
0.030873
0.031045
0.030703
0.030996
0.030706
0.030643
0.030787
0.030809
0.030736
0.030866
0.030869
0.030851
0.030761
0.031000
0.030965
0.031059
0.030963
0.030881
0.030720
0.030871
0.030692
0.031067
0.031049
0.030815
0.030977
0.030797
0.030795
0.031018
0.031080
0.031102
0.031149
0.030770
0.031125
0.030976
0.030931
0.030941
0.030732
0.030873
0.030973
0.031144
0.031107
0.031191
0.031106
0.031177
0.031133
0.030948
0.030734
0.031154
0.031041
0.031022
0.031157
0.030920
0.031166
0.031252
0.031092
0.031232
0.031158
0.031201
0.031142
0.031212
0.030969
0.030717
0.030981
0.031298
0.031015
0.031327
0.031286
0.031068
0.031244
0.031248
0.031252
0.030869
0.030792
0.031326
0.030599
0.031270
0.031278
0.031333
0.031190
0.031112
0.031072
0.031344
0.031040
0.031031
0.031145
0.031113
0.031293
0.031371
0.031289
0.031373
0.031094
0.031004
0.031096
0.031338
0.031264
0.031023
0.031266
0.031429
0.030951
0.031393
0.031184
0.031136
0.031335
0.031479
0.031171
0.031200
0.031290
0.031420
0.031391
0.031526
0.031370
0.032060
0.031988
0.032022
0.031965
0.031845
0.032096
0.031867
0.032034
0.031916
0.032057
0.032069
0.031969
0.032053
0.031463
0.032089
0.031876
0.031872
0.031905
0.032069
0.032098
0.032163
0.031904
0.031931
0.031767
0.032147
0.032091
0.032244
0.032066
0.032123
0.031896
0.032189
0.032078
0.032179
0.032140
0.031982
0.032139
0.032186
0.032160
0.032228
0.032007
0.032246
0.031993
0.032217
0.031995
0.032240
0.031593
0.032079
0.032092
0.032337
0.032195
0.032013
0.032188
0.032193
0.032301
0.032105
0.032038
0.032245
0.032250
0.032248
0.032031
0.032040
0.032301
0.032185
0.032251
0.032326
0.031492
0.031868
0.031762
0.032001
0.031731
0.031856
0.031804
0.031844
0.031801
0.031674
0.032366
0.032360
0.032100
0.032174
0.032486
0.032340
0.032254
0.032432
0.032403
0.032370
0.032339
0.032045
0.031783
0.032266
0.032280
0.032214
0.031969
0.032424
0.032451
0.032467
0.032411
0.032568
0.032149
0.032205
0.032128
0.032549
0.032261
0.032394
0.032166
0.032532
0.032654
0.032289
0.032297
0.032356
0.032450
0.031966
0.032316
0.032563
0.032515
0.032631
0.032597
0.032541
0.032531
0.032382
0.031889
0.032084
0.032252
0.032564
0.032319
0.032573
0.032320
0.032427
0.032574
0.032675
0.032750
0.032572
0.032565
0.032608
0.032403
0.032578
0.032420
0.032620
0.032241
0.032412
0.032617
0.032182
0.032539
0.032599
0.032586
0.032626
0.032522
0.032653
0.032614
0.032605
0.032572
0.032650
0.032476
0.032618
0.032597
0.032693
0.032696
0.032736
0.032660
0.032744
0.032726
0.032718
0.032770
0.032343
0.032483
0.031978
0.031920
0.031967
0.031876
0.031768
0.031814
0.031782
0.031692
0.032144
0.032019
0.031985
0.031943
0.031848
0.032081
0.032062
0.032039
0.032067
0.031971
0.032143
0.031972
0.031990
0.031767
0.032053
0.031737
0.032146
0.032107
0.032115
0.031718
0.032084
0.032210
0.031801
0.032055
0.031978
0.031891
0.032226
0.032063
0.032248
0.032170
0.032013
0.031961
0.032107
0.032037
0.031989
0.032141
0.032152
0.031848
0.032160
0.031920
0.032165
0.032160
0.032154
0.032127
0.032224
0.032148
0.032147
0.031933
0.032221
0.031988
0.032226
0.032200
0.032239
0.032215
0.032003
0.031629
0.031621
0.031627
0.031895
0.031662
0.031650
0.031780
0.031866
0.032013
0.031903
0.031483
0.031648
0.031690
0.031944
0.031770
0.032040
0.031725
0.031731
0.031743
0.031651
0.031689
0.031750
0.031700
0.031935
0.031694
0.032016
0.031721
0.031733
0.031730
0.031653
0.031687
0.031681
0.031736
0.031863
0.031741
0.031827
0.031756
0.031889
0.031904
0.031867
0.031862
0.031801
0.031833
0.032055
0.031684
0.032181
0.032223
0.032339
0.032286
0.032396
0.032433
0.032471
0.032404
0.032362
0.032469
0.032212
0.032459
0.032365
0.032493
0.032390
0.032433
0.032473
0.032483
0.032397
0.032305
0.032484
0.032473
0.032542
0.032258
0.032018
0.032016
0.032324
0.032386
0.032321
0.032541
0.032303
0.032333
0.032002
0.032092
0.032298
0.032505
0.032320
0.032486
0.032671
0.032262
0.032604
0.032570
0.032454
0.032355
0.032586
0.032549
0.032504
0.032572
0.032639
0.032498
0.032392
0.032391
0.032438
0.032649
0.032732
0.032780
0.032854
0.032739
0.032646
0.032639
0.032736
0.032642
0.032560
0.032686
0.032831
0.032947
0.032774
0.032812
0.032613
0.032894
0.032814
0.032937
0.032664
0.032914
0.032751
0.032914
0.032806
0.032931
0.032763
0.032919
0.032831
0.032660
0.032820
0.032909
0.032369
0.033058
0.032523
0.033011
0.033156
0.032702
0.032994
0.032751
0.032923
0.032438
0.032669
0.032602
0.032606
0.032925
0.032804
0.032954
0.032865
0.033054
0.032625
0.032948
0.032904
0.033033
0.032858
0.032685
0.032748
0.033147
0.033014
0.033076
0.032877
0.033023
0.033106
0.032863
0.032842
0.033077
0.033069
0.033022
0.032794
0.032964
0.032745
0.033022
0.032990
0.033125
0.033063
0.033051
0.032920
0.032924
0.033012
0.033186
0.033050
0.033306
0.033089
0.033182
0.033110
0.032985
0.032971
0.032846
0.032791
0.032798
0.032991
0.033034
0.032714
0.033156
0.033306
0.033114
0.033154
0.033338
0.033100
0.033159
0.032588
0.033210
0.033176
0.033042
0.033172
0.033216
0.033321
0.033164
0.032962
0.033253
0.033012
0.033145
0.032985
0.032800
0.033039
0.033265
0.032887
0.032992
0.032752
0.033006
0.033278
0.033182
0.033071
0.033334
0.033291
0.033267
0.033288
0.033002
0.033156
0.033321
0.033360
0.033210
0.033233
0.033084
0.032949
0.033157
0.033272
0.033177
0.033317
0.033465
0.033339
0.033045
0.033186
0.033349
0.032988
0.033448
0.033382
0.033195
0.033404
0.033241
0.033374
0.033147
0.033443
0.033092
0.033127
0.033404
0.033311
0.033267
0.033274
0.033197
0.033335
0.033433
0.033527
0.033486
0.033492
0.033488
0.033552
0.033532
0.033380
0.033507
0.033010
0.033289
0.032902
0.033483
0.033486
0.033334
0.033400
0.033208
0.033487
0.033097
0.033344
0.033524
0.033290
0.033530
0.033493
0.033642
0.033581
0.033527
0.033584
0.033559
0.033559
0.033688
0.033591
0.033469
0.033560
0.033475
0.033233
0.033604
0.033646
0.033307
0.033377
0.033343
0.033320
0.033594
0.033549
0.033532
0.033300
0.033654
0.033678
0.033157
0.033414
0.033593
0.033679
0.033479
0.033875
0.033742
0.033690
0.033777
0.033697
0.033792
0.033672
0.033529
0.033548
0.033454
0.033850
0.033747
0.033525
0.033794
0.033585
0.033563
0.033798
0.033750
0.033825
0.033761
0.033862
0.033577
0.033593
0.033610
0.033789
0.033867
0.033776
0.033789
0.033568
0.033728
0.033789
0.033653
0.033794
0.033821
0.033873
0.033878
0.033502
0.033721
0.033672
0.033643
0.034021
0.033896
0.033792
0.033726
0.033856
0.033754
0.033575
0.033941
0.033578
0.034008
0.033752
0.033855
0.033795
0.033794
0.033809
0.033332
0.033987
0.033911
0.033758
0.033719
0.033812
0.033559
0.033843
0.034037
0.034151
0.034042
0.033893
0.033992
0.033981
0.033767
0.034001
0.033865
0.034088
0.034001
0.033833
0.034048
0.033845
0.033987
0.034014
0.033842
0.034005
0.034020
0.034089
0.033978
0.034052
0.034043
0.034078
0.033700
0.033862
0.033955
0.034120
0.033997
0.034049
0.033518
0.033975
0.034083
0.034050
0.034140
0.034135
0.033935
0.034162
0.034150
0.033895
0.033962
0.034126
0.034097
0.034120
0.034130
0.034131
0.033894
0.034133
0.034023
0.033934
0.033933
0.034083
0.033986
0.033903
0.034652
0.034719
0.034608
0.034833
0.034517
0.034742
0.034564
0.034720
0.034798
0.034771
0.034746
0.034691
0.034585
0.034838
0.034663
0.034758
0.034731
0.034661
0.034563
0.034641
0.034602
0.034874
0.034808
0.034770
0.034552
0.034533
0.034696
0.034817
0.034580
0.034409
0.034859
0.034565
0.034462
0.034733
0.034873
0.034502
0.034756
0.034830
0.034809
0.034931
0.034673
0.034546
0.034658
0.034518
0.034669
0.034517
0.034357
0.034363
0.034775
0.034793
0.034978
0.034935
0.034877
0.034929
0.034864
0.034966
0.034720
0.034985
0.034897
0.034904
0.034531
0.034683
0.034531
0.034872
0.034563
0.034990
0.035012
0.034805
0.034810
0.034939
0.035010
0.035073
0.034656
0.034901
0.034908
0.034971
0.034949
0.034959
0.034979
0.035085
0.035037
0.035141
0.034801
0.034724
0.034505
0.035040
0.034832
0.034883
0.035019
0.035045
0.034761
0.035105
0.035143
0.035206
0.035099
0.035104
0.035081
0.034918
0.035137
0.035065
0.035088
0.034764
0.035145
0.035155
0.035192
0.035259
0.035120
0.035122
0.035118
0.035205
0.035158
0.035050
0.035110
0.034852
0.035321
0.035245
0.035231
0.035205
0.034962
0.035089
0.035083
0.035255
0.035185
0.034767
0.034979
0.035267
0.035085
0.035137
0.035066
0.035446
0.035175
0.035185
0.035271
0.035180
0.035228
0.035217
0.035059
0.035238
0.035340
0.035364
0.035250
0.035380
0.035348
0.035064
0.035320
0.035110
0.035332
0.035380
0.035049
0.035155
0.035302
0.035302
0.035157
0.035075
0.035126
0.035337
0.035046
0.035321
0.035370
0.034916
0.034979
0.035299
0.035394
0.035489
0.034473
0.034720
0.034554
0.034705
0.034653
0.034637
0.034536
0.034643
0.034888
0.034427
0.034624
0.034758
0.034838
0.034825
0.034669
0.034750
0.034476
0.034861
0.034584
0.034754
0.034741
0.034470
0.034652
0.034650
0.034792
0.034842
0.034830
0.034767
0.034798
0.034477
0.034897
0.034904
0.034542
0.034533
0.034815
0.034820
0.034835
0.034889
0.034921
0.034820
0.034606
0.034667
0.034945
0.034553
0.034807
0.034778
0.034891
0.034721
0.034570
0.034972
0.034787
0.034695
0.034885
0.034914
0.034670
0.034732
0.034814
0.035061
0.034950
0.035014
0.034977
0.034976
0.035012
0.034856
0.034914
0.034512
0.034803
0.034991
0.034908
0.035007
0.034716
0.035001
0.034900
0.034939
0.034701
0.035030
0.035070
0.034953
0.035070
0.034612
0.035004
0.035033
0.034835
0.034936
0.035074
0.034975
0.035043
0.034861
0.035072
0.035043
0.035086
0.034904
0.035096
0.035055
0.034752
0.034819
0.034941
0.034950
0.034859
0.035083
0.035062
0.035130
0.035119
0.035191
0.034894
0.034802
0.034766
0.034870
0.034842
0.034887
0.035073
0.034945
0.034994
0.034980
0.034969
0.034955
0.034865
0.034907
0.034912
0.035044
0.034987
0.035029
0.035009
0.035002
0.035092
0.034906
0.035023
0.035016
0.034851
0.035062
0.035113
0.034654
0.035000
0.034861
0.034974
0.035037
0.035006
0.034931
0.035214
0.035148
0.034986
0.035031
0.035053
0.035222
0.034714
0.035060
0.035085
0.035091
0.035134
0.035108
0.034835
0.035102
0.035290
0.034898
0.034954
0.035225
0.035254
0.035079
0.035232
0.034747
0.035179
0.035227
0.035078
0.035064
0.035085
0.035326
0.035451
0.035354
0.035599
0.035470
0.035689
0.035649
0.035390
0.035419
0.035431
0.035476
0.035433
0.035515
0.035624
0.035500
0.035491
0.035705
0.035701
0.035466
0.035674
0.035134
0.035259
0.035389
0.035572
0.035484
0.035652
0.035532
0.035627
0.035394
0.035458
0.035558
0.035566
0.035564
0.035810
0.035614
0.035639
0.035556
0.035682
0.035690
0.035630
0.035644
0.035877
0.035681
0.035680
0.035640
0.035404
0.035878
0.035789
0.035732
0.035696
0.035731
0.035770
0.035502
0.035680
0.035619
0.035695
0.035812
0.035867
0.035715
0.035506
0.035630
0.035816
0.035624
0.035772
0.035783
0.035619
0.035661
0.035656
0.035656
0.035861
0.035625
0.035839
0.035709
0.035775
0.035628
0.035890
0.035671
0.035797
0.035506
0.035705
0.035824
0.035661
0.035952
0.035785
0.035693
0.035659
0.035698
0.035696
0.035645
0.035782
0.035835
0.035841
0.035441
0.035509
0.035818
0.035943
0.035758
0.035893
0.035860
0.035850
0.035990
0.035877
0.035823
0.035639
0.035455
0.035691
0.035940
0.035929
0.036050
0.035820
0.035826
0.035981
0.035997
0.035634
0.036012
0.038743
0.036416
0.035835
0.040483
0.068163
0.036534
0.038784
0.036543
0.036388
0.036615
0.036520
0.036403
0.036451
0.036636
0.036425
0.036522
0.036156
0.036524
0.036317
0.036509
0.036331
0.036449
0.036407
0.036490
0.036656
0.036569
0.036530
0.036508
0.036382
0.036581
0.036552
0.036626
0.036500
0.036646
0.036590
0.036497
0.036618
0.036679
0.036509
0.036593
0.036551
0.036595
0.036742
0.036675
0.036557
0.036674
0.036658
0.036251
0.036208
0.036168
0.036231
0.036300
0.036142
0.036237
0.036299
0.036251
0.035984
0.036209
0.036303
0.036194
0.036313
0.036326
0.036346
0.036227
0.036386
0.036312
0.035830
0.036334
0.035777
0.036290
0.036315
0.036379
0.036177
0.036442
0.036350
0.036217
0.036297
0.035824
0.036368
0.036226
0.036448
0.036388
0.036456
0.036445
0.036359
0.035925
0.036477
0.036411
0.036314
0.035884
0.036517
0.036441
0.036397
0.036015
0.036442
0.035833
0.036628
0.035666
0.037338
0.071068
0.035925
0.035752
0.036859
0.035984
0.035709
0.042124
0.035876
0.035929
0.036225
0.035920
0.055272
0.036246
0.035781
0.049306
0.079288
0.036356
0.071045
0.036565
0.065250
0.084686
0.035916
0.036126
0.035993
0.040114
0.035874
0.041004
0.035821
0.059755
0.036437
0.036646
0.036693
0.036603
0.035805
0.036291
0.036109
0.035844
0.058669
0.041080
0.040613
0.036531
0.036289
0.087559
0.036963
0.065509
0.036430
0.036557
0.072744
0.057971
0.066430
0.042681
0.036420
0.062888
0.036242
0.040622
0.036014
0.061824
0.036526
0.120932
0.036476
0.056522
0.036545
0.036004
0.036791
0.056776
0.036295
0.036317
0.043716
0.116396
0.097256
0.050602
0.036373
0.035761
0.049938
0.036387
0.047276
0.051682
0.065479
0.132230
0.048463
0.036819
0.036350
0.035915
0.036248
0.036762
0.038233
0.063715
0.036639
0.049637
0.039163
0.036883
0.036485
0.036605
0.036464
0.036577
0.057664
0.036652
0.050041
0.046032
0.050789
0.036676
0.038887
0.036607
0.044343
0.063396
0.043382
0.065883
0.064359
0.036667
0.066157
0.041815
0.036375
0.101704
0.037061
0.036553
0.036642
0.036591
0.074711
0.046440
0.036726
0.063821
0.036205
0.036762
0.036549
0.036545
0.042721
0.037524
0.036850
0.036358
0.042680
0.037790
0.036844
0.036712
0.048746
0.042459
0.068375
0.036966
0.042695
0.038470
