0.000821
0.000881
0.000883
0.000944
0.000913
0.000995
0.001019
0.001096
0.001011
0.001002
0.001024
0.000962
0.000956
0.001180
0.000976
0.001012
0.001122
0.001127
0.001010
0.001193
0.001189
0.001046
0.001060
0.001426
0.001073
0.001075
0.001000
0.001100
0.001143
0.001098
0.001132
0.001107
0.001137
0.001034
0.001135
0.001095
0.001179
0.001085
0.001451
0.001326
0.001094
0.001110
0.001087
0.001129
0.001261
0.001546
0.001293
0.001447
0.001351
0.001191
0.001373
0.001370
0.001267
0.001304
0.001366
0.001434
0.001371
0.001313
0.001909
0.002067
0.002034
0.002216
0.002057
0.002250
0.002267
0.002013
0.002112
0.002070
0.002246
0.002249
0.002221
0.002356
0.002541
0.002746
0.002149
0.002283
0.002249
0.002371
0.002112
0.002296
0.002078
0.002230
0.002346
0.002247
0.002349
0.002338
0.002072
0.002440
0.002123
0.002125
0.002443
0.002075
0.002207
0.002270
0.002171
0.002319
0.002381
0.002497
0.002336
0.002346
0.002282
0.002343
0.002120
0.002429
0.002154
0.002340
0.002222
0.002306
0.002411
0.002723
0.002309
0.002486
0.002325
0.002409
0.002231
0.002367
0.002469
0.002335
0.002369
0.002601
0.002610
0.002254
0.002376
0.002377
0.002286
0.002388
0.002305
0.002573
0.002369
0.002451
0.002823
0.002560
0.002645
0.002299
0.002603
0.002369
0.002415
0.002539
0.002304
0.002594
0.002632
0.002530
0.002696
0.002464
0.002641
0.002634
0.002721
0.002682
0.002741
0.002339
0.002751
0.002608
0.002363
0.002320
0.002635
0.002527
0.002536
0.002556
0.002732
0.002728
0.002800
0.002798
0.002799
0.002685
0.002834
0.002463
0.002537
0.002927
0.002725
0.002795
0.002687
0.002503
0.002466
0.002599
0.002618
0.002485
0.002886
0.002988
0.002508
0.002529
0.002886
0.002843
0.002672
0.002656
0.002999
0.002775
0.002824
0.002844
0.002839
0.002738
0.002979
0.002914
0.002807
0.002849
0.002609
0.003058
0.002710
0.002723
0.002778
0.002901
0.002959
0.003019
0.002824
0.003120
0.002967
0.002906
0.003023
0.002574
0.002769
0.002822
0.002984
0.003158
0.003011
0.002809
0.002736
0.002557
0.002873
0.002647
0.002710
0.003040
0.003189
0.003127
0.003225
0.002899
0.003094
0.002891
0.002727
0.003118
0.002847
0.002619
0.002681
0.002903
0.002832
0.002937
0.003225
0.003212
0.003125
0.003061
0.002918
0.003100
0.002989
0.003245
0.003255
0.003272
0.003131
0.002965
0.003192
0.003210
0.003218
0.003084
0.003019
0.003206
0.002970
0.003088
0.002737
0.003050
0.002985
0.003089
0.003284
0.002802
0.003179
0.003119
0.003598
0.002732
0.002829
0.002744
0.002665
0.003067
0.003161
0.003588
0.002837
0.003364
0.003132
0.003111
0.002821
0.003116
0.003067
0.002783
0.002934
0.003000
0.003075
0.002911
0.002861
0.003152
0.003138
0.003431
0.003263
0.003244
0.003103
0.003062
0.003400
0.002912
0.003092
0.003110
0.003131
0.003021
0.003328
0.003449
0.003153
0.002972
0.003255
0.002837
0.003178
0.003247
0.003109
0.003213
0.003473
0.003347
0.003115
0.003332
0.003253
0.003284
0.003241
0.002841
0.003313
0.003409
0.003575
0.003763
0.003655
0.003448
0.003492
0.003504
0.003460
0.003386
0.003719
0.003343
0.003370
0.003634
0.003646
0.003297
0.003503
0.003417
0.003388
0.003582
0.003305
0.003468
0.003640
0.003272
0.003624
0.003612
0.003858
0.003506
0.003537
0.003861
0.003652
0.003502
0.003509
0.003490
0.003533
0.003490
0.003756
0.003356
0.003533
0.003547
0.003822
0.003603
0.003443
0.003732
0.003624
0.003678
0.003181
0.003518
0.003864
0.003779
0.003592
0.003604
0.003616
0.003622
0.003507
0.003639
0.003554
0.003956
0.003885
0.003742
0.003351
0.003694
0.003911
0.003417
0.003815
0.003667
0.003879
0.003797
0.003777
0.003827
0.003643
0.003886
0.003519
0.003623
0.003851
0.003614
0.003768
0.003669
0.003599
0.003649
0.003470
0.003807
0.003901
0.003941
0.003939
0.003998
0.003698
0.004024
0.003714
0.004157
0.004057
0.003569
0.003952
0.003941
0.003751
0.004158
0.003646
0.003729
0.003534
0.004024
0.004279
0.003950
0.004150
0.004063
0.003840
0.003941
0.004051
0.004022
0.004234
0.004234
0.004036
0.003964
0.004192
0.004068
0.003940
0.004074
0.003979
0.003901
0.003887
0.003999
0.004041
0.003971
0.003775
0.003950
0.003986
0.004072
0.004176
0.004049
0.004279
0.004339
0.003922
0.004059
0.004071
0.003999
0.004284
0.004422
0.004197
0.003920
0.004280
0.004029
0.004022
0.003879
0.004578
0.004009
0.003856
0.004444
0.004116
0.004268
0.004247
0.004343
0.004340
0.004387
0.003911
0.004273
0.004356
0.003896
0.004423
0.004136
0.003987
0.004526
0.004440
0.004116
0.003893
0.004400
0.004246
0.004062
0.004139
0.004175
0.004593
0.004354
0.004204
0.004280
0.004268
0.004152
0.004158
0.004027
0.004547
0.004738
0.004156
0.003972
0.004316
0.004135
0.004554
0.004423
0.004386
0.004515
0.004405
0.004465
0.004565
0.004556
0.004744
0.004728
0.004483
0.004646
0.004360
0.004585
0.004415
0.004761
0.004493
0.004514
0.004502
0.004264
0.004668
0.004492
0.004492
0.004465
0.004874
0.004574
0.004224
0.004523
0.004494
0.004507
0.004585
0.004752
0.004716
0.004657
0.004562
0.004826
0.004938
0.004687
0.004576
0.004791
0.004790
0.004558
0.004686
0.004541
0.004300
0.004699
0.004688
0.004369
0.004669
0.004411
0.004869
0.004942
0.004791
0.004610
0.004877
0.004944
0.004831
0.004868
0.004954
0.004838
0.005008
0.004844
0.004994
0.005015
0.004694
0.004907
0.004860
0.005000
0.004621
0.004658
0.004898
0.005085
0.004944
0.004687
0.005244
0.004971
0.004932
0.004899
0.005025
0.005017
0.004663
0.005272
0.004965
0.005135
0.004784
0.005166
0.004859
0.005162
0.005055
0.004803
0.004818
0.005136
0.005024
0.004881
0.004631
0.004873
0.005173
0.005035
0.004677
0.005240
0.005449
0.005261
0.005266
0.005176
0.005179
0.005091
0.005180
0.005287
0.004947
0.004935
0.004827
0.004822
0.004931
0.004910
0.005184
0.005331
0.005158
0.005042
0.004804
0.005075
0.004964
0.005362
0.005333
0.005396
0.005120
0.004877
0.005487
0.005694
0.005200
0.004971
0.005348
0.005401
0.004915
0.005045
0.005044
0.005411
0.005104
0.005038
0.005133
0.004864
0.005099
0.004807
0.005293
0.005368
0.005134
0.005299
0.005231
0.005102
0.005335
0.005583
0.005639
0.005225
0.005467
0.005703
0.005363
0.005268
0.005062
0.005253
0.005329
0.005653
0.005497
0.005555
0.005832
0.005267
0.005468
0.005554
0.005689
0.005861
0.005446
0.005650
0.005477
0.006074
0.005660
0.005388
0.005227
0.005426
0.005488
0.005285
0.005123
0.005615
0.005899
0.005475
0.005305
0.005461
0.005522
0.005696
0.005538
0.005144
0.005211
0.005596
0.005323
0.005502
0.005651
0.005471
0.005511
0.005564
0.005717
0.005833
0.005558
0.005718
0.005720
0.005565
0.005819
0.005783
0.005593
0.005642
0.005987
0.006068
0.006006
0.005863
0.006108
0.005864
0.006116
0.006109
0.005803
0.005798
0.006335
0.005707
0.005815
0.006082
0.005818
0.006016
0.005999
0.005995
0.005779
0.006084
0.006104
0.005927
0.006149
0.005925
0.006247
0.005801
0.005701
0.006076
0.005819
0.006189
0.005636
0.005829
0.005726
0.005929
0.006187
0.005868
0.006051
0.005675
0.006018
0.005601
0.005746
0.006090
0.005890
0.006541
0.005983
0.006221
0.006135
0.006125
0.006258
0.005850
0.006061
0.005912
0.006084
0.006157
0.006054
0.006070
0.005884
0.006300
0.006204
0.006005
0.006317
0.006058
0.006635
0.006086
0.006112
0.006300
0.006137
0.006563
0.006319
0.006282
0.006360
0.006342
0.006407
0.006204
0.006299
0.006157
0.006071
0.006053
0.006259
0.006338
0.006236
0.006382
0.005971
0.006265
0.006514
0.006068
0.006336
0.006302
0.006575
0.006591
0.006593
0.006448
0.006064
0.006378
0.006259
0.006277
0.006134
0.006239
0.006361
0.006184
0.006324
0.006484
0.006435
0.006702
0.006485
0.006413
0.006379
0.006553
0.006286
0.006376
0.006290
0.006266
0.006352
0.006348
0.006523
0.006361
0.006436
0.006670
0.006630
0.006734
0.006648
0.006299
0.006431
0.006355
0.006286
0.006601
0.006714
0.006546
0.006628
0.006730
0.006503
0.006629
0.006743
0.006877
0.006499
0.006864
0.006482
0.006760
0.006699
0.006614
0.006678
0.006288
0.006357
0.006576
0.006325
0.006882
0.006591
0.006705
0.006534
0.006525
0.006684
0.006431
0.006737
0.006583
0.006420
0.006901
0.006782
0.006768
0.006659
0.006844
0.006532
0.006850
0.006511
0.006345
0.006804
0.006626
0.006419
0.006679
0.006738
0.006716
0.006560
0.006552
0.006452
0.006915
0.006791
0.006281
0.007128
0.006827
0.006945
0.006901
0.006886
0.006766
0.006585
0.006796
0.007012
0.006781
0.006718
0.006837
0.006823
0.006776
0.006797
0.006747
0.006730
0.006838
0.006833
0.006973
0.007127
0.006878
0.006906
0.007200
0.006879
0.006612
0.006789
0.007150
0.006922
0.006724
0.006899
0.006612
0.006693
0.007332
0.006904
0.007150
0.007153
0.006729
0.006826
0.006870
0.007293
0.006879
0.007180
0.007235
0.007091
0.006945
0.006666
0.007010
0.006905
0.006960
0.007189
0.006909
0.007128
0.006740
0.006934
0.006948
0.007039
0.007126
0.007023
0.007192
0.007141
0.007120
0.007249
0.007158
0.007256
0.007154
0.007295
0.006920
0.007054
0.007140
0.006974
0.007101
0.006934
0.007179
0.007275
0.007334
0.007000
0.006987
0.007334
0.006613
0.006974
0.007244
0.007268
0.007261
0.007281
0.007568
0.007096
0.007357
0.007386
0.007042
0.007453
0.007161
0.007317
0.007175
0.007491
0.007062
0.007252
0.007325
0.007236
0.007385
0.007218
0.007192
0.007326
0.007415
0.007643
0.007379
0.007321
0.007543
0.007441
0.007373
0.007145
0.007115
0.007237
0.007433
0.007417
0.007121
0.007539
0.007387
0.007662
0.007606
0.007489
0.007263
0.007549
0.007615
0.007236
0.007441
0.007648
0.007479
0.007391
0.007611
0.007497
0.007218
0.007915
0.007531
0.007358
0.007535
0.007056
0.007451
0.007591
0.007433
0.007357
0.007145
0.007655
0.007473
0.007494
0.007771
0.007488
0.007152
0.007210
0.007846
0.007557
0.007495
0.007583
0.007580
0.007605
0.007171
0.007665
0.007410
0.007354
0.007958
0.007455
0.007699
0.007576
0.007733
0.007502
0.007386
0.007417
0.007361
0.007721
0.007559
0.007393
0.007889
0.007592
0.007592
0.007663
0.007589
0.007652
0.007458
0.008003
0.007518
0.008036
0.007902
0.007733
0.007371
0.008087
0.007952
0.007545
0.008206
0.007859
0.007706
0.007651
0.007586
0.007732
0.007800
0.008232
0.008043
0.007848
0.007918
0.007690
0.008004
0.007604
0.007880
0.007862
0.008084
0.007976
0.007758
0.008132
0.007961
0.007849
0.007988
0.008108
0.007834
0.007979
0.008403
0.007740
0.007846
0.008197
0.008056
0.007802
0.008046
0.008344
0.008093
0.008256
0.008328
0.008051
0.008038
0.008136
0.008259
0.008154
0.008229
0.008023
0.007767
0.007994
0.008134
0.008057
0.008184
0.007989
0.008009
0.007762
0.008392
0.008223
0.007794
0.008377
0.008122
0.008365
0.007960
0.008331
0.008225
0.008084
0.008482
0.008167
0.008437
0.008207
0.008227
0.008144
0.008111
0.008051
0.008314
0.008365
0.008222
0.008404
0.008307
0.008403
0.008127
0.008181
0.008249
0.008119
0.008449
0.008441
0.007817
0.008312
0.007935
0.008011
0.008200
0.008451
0.008044
0.008026
0.008377
0.008392
0.008556
0.008555
0.008339
0.008480
0.008021
0.008658
0.008441
0.008434
0.008334
0.008476
0.008456
0.008023
0.008667
0.008319
0.008328
0.008123
0.008441
0.008969
0.008408
0.008373
0.008439
0.008543
0.008240
0.008460
0.008396
0.008586
0.008316
0.008494
0.008171
0.008507
0.008383
0.008565
0.008501
0.008648
0.008295
0.008430
0.008385
0.008651
0.008400
0.008265
0.008699
0.008784
0.008604
0.008962
0.008239
0.008612
0.008512
0.008225
0.008409
0.008217
0.008995
0.008437
0.008466
0.008837
0.008617
0.008576
0.008546
0.008686
0.008183
0.008689
0.008676
0.008301
0.008526
0.008756
0.008553
0.008492
0.008741
0.008853
0.008714
0.009196
0.008791
0.008896
0.008775
0.008462
0.008756
0.008801
0.009006
0.008429
0.008828
0.008883
0.008894
0.009019
0.008573
0.008543
0.008908
0.008672
0.008710
0.008555
0.009366
0.008950
0.008900
0.008831
0.008885
0.008971
0.008762
0.008904
0.008834
0.008939
0.009117
0.009046
0.009101
0.008725
0.009009
0.008988
0.009078
0.009184
0.009069
0.009230
0.009067
0.008973
0.008759
0.009309
0.009083
0.009095
0.009188
0.008989
0.009361
0.009256
0.008547
0.008841
0.008747
0.009406
0.008876
0.009108
0.008683
0.008892
0.009179
0.009115
0.008701
0.008875
0.009127
0.009060
0.009018
0.009106
0.009304
0.009082
0.009217
0.008902
0.008990
0.008968
0.009531
0.008682
0.009110
0.009431
0.009345
0.008852
0.008928
0.009150
0.009003
0.008806
0.009097
0.009090
0.009189
0.009345
0.009201
0.009359
0.008933
0.009447
0.008829
0.009385
0.009396
0.009538
0.009440
0.009366
0.009363
0.009345
0.009551
0.009194
0.009295
0.009549
0.009305
0.009876
0.009536
0.009289
0.009423
0.009228
0.009524
0.009155
0.009573
0.009271
0.009424
0.009327
0.009476
0.009181
0.009299
0.009605
0.009422
0.009617
0.009637
0.009514
0.009328
0.008944
0.009474
0.009253
0.009376
0.009644
0.009351
0.009875
0.009615
0.009618
0.009765
0.009611
0.009759
0.009638
0.009730
0.009609
0.009750
0.009801
0.009691
0.009584
0.009680
0.009860
0.009591
0.009844
0.009817
0.009475
0.010070
0.009389
0.009280
0.009778
0.009779
0.009721
0.009695
0.010259
0.009512
0.009563
0.009903
0.009749
0.009839
0.009477
0.009940
0.009817
0.009926
0.009876
0.009526
0.009895
0.009822
0.009931
0.009864
0.009951
0.009914
0.009796
0.010101
0.009606
0.009777
0.010064
0.009919
0.009763
0.009837
0.010235
0.009854
0.009632
0.010060
0.009800
0.010028
0.009852
0.010126
0.009929
0.010128
0.009902
0.009887
0.010125
0.009882
0.009801
0.009857
0.010020
0.010068
0.009987
0.010300
0.009815
0.010102
0.010143
0.009822
0.010129
0.010078
0.010143
0.009894
0.010126
0.010162
0.009969
0.010231
0.009913
0.010161
0.010101
0.010027
0.009621
0.009893
0.010507
0.010043
0.010206
0.010044
0.010088
0.010156
0.009749
0.010438
0.010203
0.009857
0.010330
0.009536
0.010416
0.010237
0.010327
0.010106
0.010376
0.010343
0.010001
0.010380
0.009776
0.009841
0.010380
0.010087
0.009864
0.009924
0.010385
0.010243
0.010114
0.010371
0.010228
0.010148
0.010041
0.010438
0.010065
0.009966
0.010404
0.010218
0.010415
0.010328
0.010591
0.010479
0.010238
0.010329
0.010272
0.011032
0.010378
0.010258
0.010448
0.010332
0.010646
0.010237
0.010698
0.010138
0.010470
0.010712
0.009919
0.010466
0.010138
0.010333
0.010142
0.010410
0.010581
0.010485
0.010473
0.010180
0.010293
0.010565
0.010364
0.010313
0.010389
0.010600
0.010290
0.010564
0.010354
0.010449
0.010641
0.010466
0.010793
0.010564
0.010478
0.010640
0.010436
0.010859
0.010600
0.010512
0.010753
0.010448
0.010482
0.010109
0.010922
0.010314
0.010232
0.010350
0.010699
0.010606
0.010599
0.010843
0.010673
0.010881
0.010877
0.010394
0.010524
0.010656
0.010979
0.010748
0.010716
0.010878
0.010448
0.011119
0.010789
0.010631
0.010713
0.010376
0.010551
0.010668
0.011115
0.010829
0.010920
0.010890
0.010695
0.010963
0.010624
0.011131
0.010716
0.010790
0.010959
0.010276
0.010890
0.010573
0.010774
0.010564
0.010973
0.010942
0.010644
0.011182
0.010678
0.011035
0.010901
0.010758
0.010982
0.010858
0.011043
0.010821
0.011172
0.011196
0.010774
0.011073
0.011035
0.011117
0.011135
0.011094
0.010831
0.010949
0.011280
0.010935
0.010983
0.011135
0.010988
0.010989
0.010750
0.010907
0.010850
0.011019
0.011146
0.010792
0.011231
0.010800
0.010797
0.010647
0.011064
0.010900
0.011208
0.011346
0.011064
0.010995
0.010675
0.010721
0.010919
0.010438
0.010781
0.010879
0.010761
0.010659
0.010869
0.011003
0.010579
0.010676
0.010639
0.010735
0.010825
0.010596
0.010802
0.010667
0.010687
0.011010
0.010773
0.010670
0.010514
0.011188
0.010656
0.010650
0.010692
0.010840
0.010871
0.010842
0.011118
0.010762
0.010825
0.011110
0.010719
0.011250
0.010648
0.010907
0.010802
0.011146
0.010768
0.010785
0.011255
0.010702
0.011192
0.010893
0.010951
0.010859
0.010724
0.011230
0.010969
0.010953
0.011331
0.010788
0.010832
0.010999
0.011201
0.010847
0.010934
0.011373
0.010882
0.011275
0.010851
0.011007
0.011228
0.011023
0.011015
0.011112
0.011110
0.010841
0.011453
0.011055
0.010921
0.011282
0.010897
0.011224
0.010930
0.010984
0.011142
0.011192
0.011421
0.011147
0.011269
0.011085
0.011197
0.011120
0.010897
0.011603
0.011313
0.011407
0.011171
0.011182
0.011840
0.011698
0.012182
0.011474
0.011688
0.011909
0.011812
0.011952
0.011647
0.011777
0.011372
0.011726
0.011932
0.011370
0.012159
0.011556
0.011856
0.011837
0.011898
0.011913
0.011637
0.011850
0.011356
0.011688
0.012016
0.011937
0.011907
0.011399
0.012272
0.011523
0.011893
0.011916
0.011829
0.011998
0.011675
0.011661
0.011793
0.011891
0.011951
0.011669
0.012054
0.011924
0.011951
0.011936
0.011860
0.011970
0.011682
0.012251
0.011842
0.012075
0.011940
0.011919
0.012112
0.011934
0.012144
0.011770
0.012291
0.011872
0.011583
0.012152
0.012150
0.012159
0.011835
0.011979
0.012098
0.012080
0.012604
0.012070
0.011823
0.012233
0.011880
0.011886
0.012000
0.012335
0.011944
0.012220
0.011939
0.011569
0.012352
0.012097
0.012401
0.012163
0.012326
0.012251
0.012098
0.012377
0.011535
0.012175
0.012077
0.012187
0.012203
0.012119
0.012269
0.012154
0.012345
0.012383
0.012244
0.012530
0.012040
0.012249
0.012267
0.012236
0.012378
0.011866
0.012284
0.012140
0.012347
0.012515
0.012246
0.012303
0.012042
0.012658
0.012268
0.012391
0.012522
0.012178
0.012450
0.012331
0.012639
0.012059
0.012466
0.012392
0.012281
0.012568
0.012622
0.012306
0.012155
0.012000
0.012619
0.012368
0.012573
0.012410
0.012586
0.012614
0.012403
0.012543
0.012218
0.012335
0.012546
0.012461
0.012395
0.012335
0.012781
0.012213
0.012708
0.012530
0.012662
0.012636
0.012410
0.012722
0.012521
0.012564
0.012542
0.012091
0.012651
0.012300
0.012382
0.012606
0.012431
0.012515
0.012778
0.012814
0.012642
0.012672
0.012687
0.012516
0.012755
0.012673
0.012712
0.012735
0.012898
0.012749
0.012736
0.012806
0.012612
0.012781
0.012871
0.012759
0.012743
0.012596
0.012776
0.012867
0.012891
0.012915
0.012884
0.012812
0.012927
0.012748
0.012913
0.012941
0.012804
0.012926
0.012887
0.012696
0.012991
0.012842
0.013043
0.012755
0.013064
0.012713
0.012914
0.012916
0.013048
0.013014
0.013005
0.013016
0.012980
0.012797
0.012603
0.012922
0.013025
0.012837
0.012584
0.012571
0.012957
0.012663
0.013053
0.013068
0.012905
0.013036
0.013031
0.013066
0.013114
0.012604
0.012887
0.012771
0.012791
0.012738
0.013044
0.012717
0.012854
0.012813
0.012936
0.013124
0.012984
0.013178
0.013038
0.013114
0.013181
0.012991
0.012946
0.013036
0.013195
0.013060
0.013137
0.013088
0.013240
0.013157
0.013262
0.013194
0.013271
0.013260
0.013275
0.013038
0.013221
0.012991
0.013315
0.013148
0.013157
0.013310
0.013341
0.013348
0.013337
0.013109
0.012736
0.012784
0.013295
0.013363
0.013618
0.013808
0.013208
0.013248
0.013111
0.013504
0.013579
0.013848
0.013690
0.013599
0.013702
0.013769
0.013549
0.013862
0.013269
0.013868
0.013739
0.013902
0.013495
0.013578
0.013543
0.013375
0.013816
0.013817
0.013779
0.013935
0.013589
0.013785
0.013858
0.013954
0.013629
0.013757
0.013854
0.013961
0.013693
0.013623
0.013726
0.013772
0.013575
0.013729
0.013914
0.014002
0.013940
0.013819
0.013855
0.013946
0.014053
0.013879
0.013884
0.013717
0.013551
0.014046
0.013659
0.013862
0.013926
0.013763
0.013618
0.014368
0.013807
0.014127
0.014006
0.014135
0.013983
0.014158
0.013895
0.014191
0.014033
0.014004
0.014085
0.013972
0.014036
0.014077
0.013913
0.014073
0.014107
0.014012
0.013780
0.013927
0.013569
0.014156
0.014152
0.014170
0.014143
0.014182
0.014127
0.014284
0.014164
0.014214
0.013983
0.014240
0.014202
0.014326
0.014026
0.014297
0.014235
0.014284
0.014258
0.014268
0.014238
0.014359
0.014307
0.014024
0.014156
0.014424
0.014235
0.014364
0.013976
0.014353
0.014355
0.014356
0.014484
0.014077
0.014372
0.014632
0.013950
0.014332
0.014124
0.014213
0.014493
0.014154
0.013913
0.014390
0.014351
0.014442
0.013774
0.014323
0.014393
0.014332
0.014272
0.014316
0.014037
0.014268
0.014345
0.014129
0.014135
0.014357
0.014431
0.014381
0.014236
0.014349
0.014483
0.014223
0.014479
0.014397
0.014263
0.014510
0.014217
0.014228
0.014477
0.014296
0.014233
0.014161
0.014524
0.014332
0.014375
0.014495
0.014702
0.014331
0.014569
0.014165
0.014440
0.014551
0.014490
0.014473
0.014579
0.014378
0.014513
0.014584
0.014586
0.014424
0.014590
0.014634
0.014680
0.014630
0.014602
0.014553
0.014638
0.014668
0.014710
0.014492
0.014684
0.014569
0.014778
0.014679
0.014531
0.014331
0.014452
0.014712
0.014689
0.014723
0.014741
0.014556
0.014744
0.014527
0.014739
0.014634
0.014685
0.014756
0.014738
0.014615
0.014806
0.014780
0.014781
0.014825
0.014718
0.014797
0.014595
0.014800
0.014953
0.014862
0.014832
0.014855
0.014649
0.014662
0.014912
0.014669
0.014869
0.014909
0.014648
0.014868
0.014884
0.014944
0.014923
0.014910
0.014980
0.015037
0.014744
0.014882
0.014758
0.014527
0.014822
0.014508
0.014983
0.014258
0.014473
0.014580
0.014370
0.014261
0.014336
0.014349
0.014254
0.014602
0.014398
0.014625
0.014515
0.014552
0.014577
0.014559
0.014570
0.014583
0.014542
0.014518
0.014700
0.014282
0.014605
0.021802
0.041078
0.014673
0.014417
0.014898
0.014338
0.014928
0.020087
0.014857
0.014976
0.019342
0.014934
0.014523
0.015000
0.036593
0.020182
0.019839
0.050605
0.014671
0.015599
0.015135
0.014814
0.014903
0.040344
0.015071
0.019625
0.014464
0.014954
0.014800
0.015344
0.058721
0.014621
0.014830
0.014678
0.014944
0.014928
0.014710
0.014742
0.015013
0.014953
0.014984
0.015074
0.015032
0.014908
0.015002
0.015209
0.015043
0.014902
0.014887
0.015031
0.014845
0.015139
0.015026
0.014905
0.014858
0.014976
0.014835
0.014775
0.015041
0.014821
0.014931
0.014756
0.015200
0.014679
0.014854
0.015062
0.014969
0.015169
0.014584
0.015305
0.014900
0.015190
0.015145
0.015168
0.015170
0.015181
0.015078
0.015196
0.015170
0.015203
0.015053
0.014958
0.015187
0.015238
0.015063
0.015200
0.015060
0.015001
0.015253
0.015278
0.015260
0.015074
0.015275
0.015308
0.015188
0.015154
0.015405
0.015105
0.015105
0.015405
0.015172
0.015178
0.015124
0.015318
0.015353
0.015058
0.015366
0.015330
0.015427
0.015424
0.015471
0.015254
0.015147
0.015284
0.015433
0.015427
0.015524
0.015461
0.015515
0.015464
0.015305
0.015476
0.015340
0.015530
0.015476
0.015510
0.015626
0.015485
0.015357
0.015578
0.015426
0.015575
0.015618
0.015386
0.015422
0.015192
0.015689
0.015580
0.015689
0.015414
0.015575
0.015798
0.015377
0.015481
0.015729
0.015691
0.015717
0.015497
0.015689
0.015521
0.015843
0.015697
0.015757
0.015635
0.015570
0.015565
0.015560
0.015736
0.015588
0.015754
0.015783
0.015598
0.015465
0.015662
0.015620
0.015465
0.015493
0.015882
0.015699
0.015648
0.015649
0.015631
0.015538
0.015892
0.015703
0.015721
0.015360
0.015690
0.015912
0.015663
0.015689
0.015906
0.015785
0.015765
0.015814
0.015640
0.015652
0.015689
0.015697
0.015998
0.015744
0.015884
0.015762
0.015789
0.015837
0.015790
0.015771
0.015993
0.015771
0.015643
0.015664
0.015640
0.015946
0.015956
0.016064
0.016046
0.015898
0.016138
0.015900
0.016086
0.015904
0.016135
0.015831
0.015831
0.016133
0.015702
0.015872
0.015731
0.016095
0.015956
0.016245
0.015983
0.016054
0.016220
0.016313
0.016092
0.016219
0.016116
0.016291
0.016012
0.016383
0.015721
0.016292
0.015628
0.016141
0.016164
0.016395
0.016167
0.015906
0.016259
0.015802
0.016365
0.016429
0.016358
0.016397
0.016461
0.016449
0.016312
0.016250
0.016350
0.016086
0.016408
0.016566
0.015636
0.016094
0.016092
0.016326
0.016357
0.016369
0.016311
0.016246
0.016299
0.016414
0.016270
0.016493
0.016239
0.016569
0.016414
0.016233
0.016526
0.016486
0.016477
0.016585
0.016516
