0.001378
0.001408
0.001478
0.001372
0.001335
0.001685
0.001355
0.001153
0.002345
0.002062
0.002403
0.002160
0.002145
0.002287
0.002184
0.002218
0.002234
0.002527
0.002171
0.002183
0.002230
0.002228
0.002231
0.002003
0.002066
0.001974
0.001957
0.001995
0.002040
0.002279
0.001995
0.002274
0.001939
0.001931
0.002026
0.002148
0.002121
0.002004
0.002033
0.002368
0.002057
0.001939
0.002115
0.002391
0.002596
0.002321
0.002170
0.002311
0.002074
0.002053
0.001941
0.001878
0.001702
0.002069
0.001962
0.002117
0.001954
0.002072
0.002214
0.002124
0.002086
0.002376
0.001994
0.002152
0.002114
0.002103
0.002157
0.002446
0.002087
0.002088
0.002505
0.002180
0.002379
0.002261
0.002056
0.002099
0.002020
0.002210
0.002316
0.002043
0.002122
0.002063
0.002151
0.002177
0.002390
0.002284
0.002503
0.002095
0.002087
0.002218
0.002468
0.002140
0.002238
0.001869
0.001768
0.001991
0.001886
0.002278
0.002238
0.002411
0.002318
0.002176
0.002500
0.002470
0.002170
0.002435
0.002294
0.002203
0.002326
0.002366
0.002142
0.002334
0.002333
0.002271
0.002249
0.002263
0.002213
0.002181
0.002126
0.002293
0.002329
0.002169
0.002381
0.002279
0.002273
0.002369
0.002464
0.002242
0.002075
0.002145
0.002187
0.002170
0.002265
0.002382
0.002283
0.002184
0.002228
0.002223
0.002077
0.002497
0.002301
0.002140
0.002158
0.002522
0.002269
0.002278
0.002377
0.002478
0.002120
0.002332
0.002294
0.002307
0.002255
0.002241
0.002318
0.002262
0.002281
0.002334
0.002201
0.002235
0.002305
0.002516
0.002342
0.002291
0.002227
0.002369
0.002268
0.002271
0.002265
0.002306
0.002262
0.002320
0.002340
0.002280
0.002226
0.002268
0.002263
0.002279
0.002336
0.002274
0.002272
0.002360
0.002176
0.001760
0.001981
0.002287
0.002277
0.002362
0.002143
0.002570
0.002231
0.002546
0.002101
0.002557
0.002313
0.002537
0.002365
0.002387
0.002302
0.002610
0.002301
0.002251
0.002409
0.002294
0.002329
0.002341
0.002572
0.002273
0.002282
0.002619
0.002316
0.002306
0.002608
0.002312
0.002296
0.002720
0.002376
0.002728
0.002672
0.002247
0.002080
0.002085
0.002262
0.002091
0.002172
0.002112
0.002273
0.002399
0.002297
0.002291
0.002321
0.002419
0.002448
0.002246
0.002372
0.002393
0.002416
0.002380
0.002278
0.002326
0.002377
0.002321
0.002383
0.002336
0.002282
0.002418
0.002438
0.002342
0.002373
0.002356
0.002298
0.002349
0.002351
0.002346
0.002309
0.002341
0.002329
0.002318
0.002324
0.002342
0.002295
0.002300
0.002392
0.002348
0.002303
0.002159
0.002101
0.002144
0.002348
0.002277
0.002261
0.002394
0.002313
0.002040
0.002158
0.002408
0.002412
0.002334
0.002526
0.002511
0.002295
0.002414
0.002276
0.002310
0.002346
0.002638
0.002379
0.002264
0.002300
0.002461
0.002402
0.002343
0.002507
0.002293
0.002415
0.002385
0.002357
0.002411
0.002351
0.002327
0.002336
0.002407
0.002451
0.002329
0.002343
0.002320
0.002321
0.002250
0.002407
0.002332
0.002346
0.002324
0.002449
0.002378
0.002364
0.002537
0.002449
0.002595
0.002390
0.001940
0.001996
0.002193
0.002146
0.002108
0.002137
0.002475
0.002088
0.002059
0.002386
0.002319
0.002292
0.002373
0.002262
0.002475
0.002341
0.002451
0.002462
0.002593
0.002385
0.002449
0.002651
0.002301
0.002309
0.002372
0.002454
0.002442
0.002092
0.002068
0.002050
0.002425
0.002322
0.002322
0.002353
0.002309
0.002366
0.002398
0.002387
0.002515
0.002249
0.002485
0.002263
0.002453
0.002426
0.002391
0.002407
0.002401
0.002484
0.002497
0.002413
0.002483
0.002396
0.002421
0.002219
0.002496
0.002300
0.002443
0.002304
0.002338
0.002307
0.002497
0.002345
0.002487
0.002389
0.002159
0.002188
0.002098
0.001904
0.002132
0.002328
0.002308
0.002118
0.002176
0.002091
0.002222
0.002137
0.002382
0.002159
0.002303
0.002411
0.002408
0.002150
0.002129
0.002057
0.002037
0.002141
0.002433
0.002588
0.002443
0.002605
0.002427
0.002490
0.002463
0.002312
0.002240
0.002339
0.002282
0.002437
0.002342
0.002351
0.002409
0.002737
0.002527
0.002268
0.002346
0.002283
0.002540
0.002532
0.002518
0.002372
0.002225
0.002204
0.002212
0.001958
0.002026
0.002272
0.002178
0.002319
0.002203
0.002189
0.002419
0.002511
0.002315
0.002425
0.002289
0.002325
0.002456
0.002392
0.002359
0.002548
0.002475
0.002524
0.002617
0.002492
0.002391
0.002394
0.002399
0.002519
0.002579
0.002310
0.002235
0.002428
0.002394
0.002235
0.002535
0.002500
0.002355
0.002643
0.002194
0.002426
0.002266
0.002382
0.002711
0.002539
0.002804
0.002470
0.002361
0.002444
0.002636
0.002425
0.002573
0.002272
0.002548
0.002452
0.002430
0.002525
0.002480
0.002663
0.002605
0.002472
0.002437
0.002489
0.002486
0.002545
0.002418
0.002578
0.002747
0.002552
0.002385
0.002527
0.002465
0.002318
0.002433
0.002739
0.002532
0.002635
0.002625
0.002432
0.002419
0.002624
0.002397
0.002392
0.002495
0.002487
0.002655
0.002427
0.002481
0.002444
0.002644
0.002499
0.002501
0.002564
0.002551
0.002666
0.002544
0.002478
0.002497
0.002419
0.002529
0.002462
0.002333
0.002488
0.002608
0.002471
0.002456
0.002415
0.002580
0.002416
0.002416
0.002328
0.002324
0.002433
0.002443
0.002467
0.002478
0.002489
0.002476
0.002406
0.002476
0.002652
0.002492
0.002455
0.002669
0.002710
0.002542
0.002437
0.002564
0.002674
0.002378
0.002471
0.002458
0.002489
0.002535
0.002467
0.002319
0.002647
0.002550
0.002505
0.002412
0.002288
0.002705
0.002420
0.002268
0.002274
0.002199
0.002113
0.002076
0.002359
0.002694
0.002465
0.002421
0.002739
0.002560
0.002568
0.002709
0.002700
0.002390
0.002501
0.002876
0.002727
0.002676
0.002681
0.002622
0.002619
0.002741
0.002522
0.002260
0.002171
0.002505
0.002627
0.002797
0.002699
0.002404
0.002403
0.002390
0.002465
0.002589
0.002653
0.002149
0.002396
0.002389
0.002674
0.002368
0.002355
0.002349
0.002473
0.002325
0.002618
0.002613
0.002679
0.002856
0.002461
0.002364
0.002668
0.002403
0.002624
0.002501
0.002782
0.002536
0.002490
0.002519
0.002534
0.002551
0.002736
0.002642
0.002901
0.002667
0.002394
0.002662
0.002723
0.002477
0.002483
0.002441
0.002501
0.002504
0.002646
0.002513
0.002296
0.002330
0.002392
0.002631
0.002740
0.002548
0.002709
0.002691
0.002603
0.002532
0.002694
0.002655
0.002630
0.002673
0.002608
0.002689
0.002629
0.002691
0.002605
0.002554
0.002461
0.002804
0.002786
0.002677
0.002732
0.002763
0.002508
0.002707
0.002585
0.002489
0.002671
0.002572
0.002468
0.002572
0.002594
0.002600
0.002592
0.002629
0.002591
0.002740
0.002537
0.002604
0.002667
0.002522
0.002648
0.002581
0.002591
0.002582
0.002602
0.002647
0.002596
0.002554
0.002722
0.002717
0.002571
0.002679
0.002559
0.002586
0.003078
0.002423
0.002562
0.002551
0.002635
0.002590
0.002537
0.002677
0.002580
0.002759
0.002598
0.002395
0.002393
0.002612
0.002617
0.002613
0.002561
0.002563
0.002560
0.002222
0.002092
0.002160
0.002095
0.002202
0.002194
0.002650
0.002508
0.002164
0.002148
0.002212
0.002596
0.002381
0.002200
0.002604
0.002169
0.002110
0.002128
0.002338
0.002164
0.002318
0.002299
0.002638
0.002418
0.002338
0.002313
0.002425
0.002382
0.002153
0.002357
0.002294
0.002330
0.002432
0.002620
0.002533
0.002676
0.002632
0.002574
0.002852
0.002513
0.002590
0.002448
0.002467
0.002687
0.002791
0.002675
0.002431
0.002747
0.002707
0.002570
0.002590
0.002466
0.002595
0.002606
0.002517
0.002548
0.002543
0.002664
0.002670
0.002448
0.002686
0.002535
0.002683
0.002652
0.002651
0.002732
0.002805
0.002578
0.002621
0.002697
0.002695
0.002606
0.002876
0.002647
0.002807
0.002602
0.002708
0.002736
0.002657
0.002654
0.002803
0.002850
0.002658
0.002485
0.002703
0.002836
0.002661
0.002645
0.002698
0.002639
0.002653
0.002923
0.002643
0.002582
0.002677
0.002711
0.002719
0.002514
0.002843
0.002345
0.002641
0.002905
0.002758
0.002502
0.002838
0.002882
0.002878
0.002790
0.002975
0.002848
0.003034
0.002901
0.002720
0.002936
0.002723
0.002830
0.002830
0.002820
0.002590
0.002657
0.002670
0.002780
0.002978
0.002985
0.002924
0.002659
0.002893
0.002552
0.003015
0.002796
0.002834
0.002853
0.002845
0.002893
0.002802
0.002882
0.002922
0.002898
0.002815
0.003025
0.002917
0.003089
0.002711
0.002908
0.002934
0.002978
0.002979
0.002691
0.002910
0.002996
0.003175
0.002807
0.002835
0.002781
0.002822
0.002625
0.002753
0.002797
0.002953
0.002529
0.002852
0.002837
0.002801
0.003105
0.002854
0.003008
0.003050
0.002909
0.002941
0.002702
0.002879
0.002794
0.002581
0.002815
0.002780
0.002554
0.002774
0.003183
0.003070
0.002782
0.003049
0.003050
0.002721
0.002905
0.003085
0.003123
0.003255
0.002977
0.002757
0.003089
0.003123
0.002850
0.002929
0.002785
0.002788
0.002722
0.002582
0.002409
0.002986
0.002931
0.002721
0.002917
0.003053
0.002918
0.002823
0.002673
0.002933
0.002748
0.002990
0.002930
0.003114
0.002937
0.002963
0.003037
0.002937
0.002726
0.002752
0.002847
0.002955
0.002913
0.002883
0.002873
0.003117
0.002802
0.002766
0.003066
0.002784
0.002989
0.003145
0.002950
0.002798
0.002946
0.002949
0.002920
0.002611
0.002758
0.003084
0.002846
0.002954
0.003211
0.002804
0.002526
0.002603
0.003129
0.002900
0.002771
0.003087
0.002774
0.002510
0.002589
0.002658
0.002639
0.002845
0.002799
0.002891
0.002825
0.002893
0.002694
0.002758
0.002968
0.003018
0.002705
0.002895
0.002763
0.003005
0.002906
0.002756
0.002485
0.002674
0.002677
0.002962
0.002786
0.002905
0.002784
0.002832
0.002979
0.002850
