0.001018
0.000827
0.000891
0.000918
0.000918
0.000904
0.001050
0.000899
0.000932
0.000941
0.000874
0.000930
0.000819
0.000866
0.000783
0.000820
0.000829
0.000994
0.000882
0.000840
0.000841
0.000848
0.000916
0.000899
0.000816
0.000864
0.000934
0.000908
0.000854
0.000897
0.000866
0.000780
0.000808
0.000825
0.000832
0.000852
0.000920
0.000866
0.000904
0.000901
0.000781
0.000902
0.000883
0.000915
0.000898
0.000802
0.000876
0.000843
0.000849
0.000869
0.000920
0.000943
0.000828
0.000821
0.000863
0.000812
0.000919
0.000960
0.000875
0.000825
0.000940
0.000928
0.000892
0.000962
0.000884
0.000832
0.000902
0.000927
0.000978
0.000859
0.000938
0.000955
0.000906
0.000889
0.000902
0.001072
0.000790
0.000901
0.000868
0.000913
0.000758
0.000876
0.000842
0.000908
0.000848
0.000790
0.000770
0.000800
0.000785
0.000804
0.000803
0.000766
0.000808
0.000844
0.000868
0.000840
0.000847
0.000806
0.000851
0.000858
0.000833
0.000781
0.000885
0.000742
0.000742
0.000668
0.000767
0.000828
0.000821
0.000718
0.000747
0.000821
0.000994
0.000797
0.000886
0.000889
0.000875
0.000870
0.000832
0.000743
0.000758
0.000775
0.000729
0.000765
0.000762
0.000852
0.000627
0.000785
0.000747
0.000788
0.000769
0.000791
0.000771
0.000773
0.000825
0.000876
0.000880
0.000866
0.000890
0.000893
0.000813
0.000789
0.000754
0.000775
0.000802
0.000828
0.000845
0.000901
0.000910
0.000881
0.000810
0.001089
0.000940
0.000885
0.001009
0.000850
0.000869
0.000855
0.001117
0.000876
0.000871
0.000939
0.000869
0.000896
0.000908
0.000690
0.000865
0.000701
0.000808
0.000778
0.000726
0.001014
0.000888
0.000903
0.000912
0.000889
0.000875
0.000903
0.000843
0.000925
0.000898
0.000909
0.000998
0.000920
0.000909
0.000869
0.000867
0.000842
0.000892
0.000878
0.000889
0.000804
0.000968
0.000966
0.000955
0.000817
0.000823
0.000944
0.000966
0.000930
0.000933
0.000908
0.000831
0.000889
0.000784
0.000848
0.000967
0.000949
0.000823
0.000871
0.000797
0.000812
0.000950
0.000901
0.001001
0.000935
0.000921
0.000917
0.000920
0.001424
0.000978
0.000934
0.000883
0.000981
0.000910
0.000839
0.000981
0.000943
0.000904
0.000945
0.001229
0.000987
0.000968
0.000929
0.000936
0.001138
0.000939
0.001011
0.000993
0.001161
0.000940
0.000946
0.000931
0.001164
0.000925
0.000947
0.000945
0.001148
0.000973
0.000904
0.000984
0.001021
0.001018
0.000964
0.000976
0.001006
0.000984
0.000975
0.000979
0.000996
0.001003
0.000961
0.000977
0.001038
0.001184
0.001019
0.000914
0.000867
0.000899
0.000960
0.001330
0.001030
0.001039
0.001038
0.001056
0.001036
0.001053
0.001035
0.001046
0.001021
0.001060
0.001016
0.001013
0.001027
0.000982
0.001279
0.000979
0.001227
0.001090
0.001213
0.001301
0.001270
0.001296
0.000970
0.001043
0.001492
0.001059
0.001073
0.001066
0.000993
0.001145
0.000996
0.001115
0.001048
0.001043
0.001094
0.000989
0.001040
0.001387
0.001052
0.001013
0.001166
0.001125
0.001119
0.000993
0.001040
0.001000
0.001038
0.001529
0.001053
0.000979
0.001197
0.001040
0.001176
0.001094
0.001086
0.001306
0.001038
0.001130
0.001063
0.000970
0.001102
0.001241
0.001148
0.001012
0.001225
0.001218
0.001058
0.001062
0.001197
0.001224
0.000999
0.001291
0.001278
0.001096
0.001078
0.001056
0.001029
0.001085
0.000816
0.001029
0.000990
0.001561
0.001104
0.001038
0.000993
0.000997
0.001032
0.001265
0.001140
0.001065
0.001217
0.001003
0.001381
0.001075
0.001049
0.001153
0.000931
0.001036
0.001067
0.001081
0.001053
0.001066
0.001282
0.001168
0.001022
0.001114
0.001110
0.001100
0.001064
0.001071
0.001314
0.001130
0.001038
0.001304
0.001125
0.001161
0.000995
0.001043
0.001176
0.001155
0.001082
0.001067
0.001065
0.001155
0.001095
0.001113
0.001127
0.001017
0.001358
0.001130
0.001123
0.001344
0.001416
0.001090
0.001120
0.001162
0.001217
0.001144
0.001281
0.001379
0.001166
0.000965
0.001168
0.001108
0.001145
0.001331
0.001116
0.001154
0.001277
0.001197
0.001205
0.001317
0.001249
0.001295
0.001221
0.001474
0.001333
0.001318
0.001291
0.001342
0.001278
0.001242
0.001224
0.001164
0.001253
0.001324
0.001271
0.001262
0.001119
0.001143
0.001159
0.001193
0.001185
0.001114
0.001149
0.001199
0.001277
0.001112
0.001195
0.001159
0.001315
0.001457
0.001230
0.001352
0.001283
0.001213
0.001322
0.001251
0.001156
0.001152
0.001283
0.001300
0.001255
0.001403
0.001175
0.001340
0.001355
0.001214
0.001227
0.001180
0.001106
0.001417
0.001287
0.001191
0.001626
0.001320
0.001201
0.001272
0.001300
0.001283
0.001502
0.001188
0.001275
0.001118
0.001285
0.001301
0.001600
0.001284
0.001347
0.001212
0.001384
0.001439
0.001330
0.001136
0.001246
0.001165
0.001225
0.001147
0.001172
0.001210
0.001267
0.001282
0.001195
0.001103
0.001092
0.001344
0.001439
0.001189
0.001340
0.001196
0.001253
0.001342
0.001288
0.001206
0.001225
0.001243
0.001173
0.001242
0.001291
0.001498
0.001322
0.001134
0.001269
0.002384
0.002002
0.002087
0.002290
0.002076
0.002187
0.002038
0.001963
0.002185
0.002118
0.002180
0.002299
0.001955
0.002112
0.002066
0.002242
0.002238
0.002066
0.002234
0.002115
0.002325
0.002093
0.002352
0.002149
0.002053
0.002333
0.002053
0.002120
0.002134
0.002092
0.002069
0.002131
0.002083
0.002214
0.002160
0.002175
0.002105
0.002198
0.002165
0.002263
0.002389
0.002027
0.002292
0.002112
0.002083
0.002229
0.002120
0.002243
0.002304
0.002007
0.002153
0.002110
0.002331
0.002187
0.002130
0.002154
0.002489
0.002154
0.002146
0.002140
0.002067
0.002201
0.002304
0.002268
0.001932
0.002228
0.002067
0.002165
0.002037
0.002248
0.002127
0.002245
0.002293
0.002073
0.002358
0.002058
0.002258
0.002129
0.002399
0.002144
0.001781
0.002165
0.002104
0.002115
0.002276
0.002346
0.002200
0.002284
0.002128
0.002048
0.002203
0.002528
0.002183
0.002315
0.002356
0.002029
0.002174
0.001829
0.001718
0.001843
0.002140
0.002104
0.002111
0.002112
0.002300
0.002435
0.002180
0.002134
0.002298
0.002081
0.002122
0.002168
0.002214
0.002178
0.002126
0.002096
0.002256
0.002111
0.002482
0.002237
0.002326
0.002167
0.002399
0.002211
0.002149
0.002165
0.002186
0.002307
0.002126
0.001973
0.002363
0.002024
0.002171
0.002248
0.002086
0.002294
0.002196
0.002284
0.002542
0.001979
0.002201
0.002334
0.001979
0.002312
0.002225
0.002038
0.002117
0.002400
0.002543
0.002133
0.002349
0.002122
0.002223
0.002033
0.002274
0.002238
0.002232
0.002148
0.002375
0.002184
0.002292
0.002281
0.002120
0.002154
0.002201
0.002352
0.002481
0.002609
0.002154
0.002283
0.002319
0.002048
0.002284
0.002379
0.002331
0.002139
0.002384
0.002538
0.002261
0.002320
0.002148
0.002197
0.002318
0.002289
0.002187
0.002347
0.002181
0.002217
0.002191
0.002360
0.002298
0.002180
0.002337
0.002256
0.002240
0.002292
0.002264
0.002217
0.002222
0.002283
0.002058
0.002344
0.002368
0.002288
0.002214
0.002411
0.002271
0.002163
0.002334
0.002234
0.002420
0.002364
0.002286
0.002211
0.002140
0.002224
0.002153
0.002331
0.002543
0.002206
0.002429
0.002205
0.002218
0.002298
0.002404
0.002285
0.002518
0.002241
0.002251
0.002226
0.002301
0.002415
0.002131
0.002513
0.002300
0.002293
0.002434
0.002753
0.002462
0.002502
0.002528
0.002278
0.002587
0.002562
0.002428
0.002673
0.002337
0.002563
0.002053
0.002552
0.002311
0.002551
0.002407
0.002774
0.002254
0.002255
0.002275
0.002131
0.002119
0.002104
0.002145
0.002475
0.002318
0.002282
0.002252
0.002297
0.002156
0.002433
0.002409
0.002186
0.002171
0.001945
0.002499
0.002385
0.002175
0.002448
0.002333
0.002328
0.002301
0.002447
0.002380
0.002345
0.002464
0.002369
0.002257
0.002312
0.002455
0.002810
0.002372
0.002475
0.002567
0.002217
0.002672
0.002252
0.002389
0.002379
0.002421
0.002405
0.002428
0.002087
0.002433
0.002255
0.002442
0.002306
0.002366
0.002184
0.002297
0.002366
0.002188
0.002411
0.002206
0.002105
0.002592
0.002170
0.002280
0.002541
0.002284
0.002311
0.002367
0.002236
0.002475
0.002291
0.002320
0.002449
0.002334
0.002357
0.002411
0.002361
0.002454
0.002445
0.002368
0.002202
0.002423
0.002323
0.002421
0.002409
0.002257
0.002396
0.002573
0.002546
0.002383
0.002530
0.002355
0.002371
0.002360
0.002342
0.002348
0.002339
0.002260
0.002470
0.002460
0.002506
0.002320
0.002423
0.002216
0.002232
0.002098
0.002500
0.002229
0.002306
0.002328
0.002330
0.002115
0.002458
0.002539
0.002418
0.002293
0.002167
0.002832
0.002354
0.002202
0.002548
0.002483
0.002438
0.002478
0.002434
0.002398
0.002025
0.002037
0.002169
0.001894
0.002500
0.002318
0.002459
0.002154
0.002386
0.002310
0.002341
0.002753
0.002237
0.002312
0.002192
0.002432
0.002333
0.002298
0.002382
0.002434
0.002540
0.002412
0.002402
0.002141
0.002421
0.002603
0.002532
0.002298
0.002256
0.002567
0.002375
0.002142
0.002339
0.002161
0.002416
0.002468
0.002219
0.002501
0.002482
0.002641
0.002471
0.002622
0.002635
0.002631
0.002354
0.002416
0.002445
0.002350
0.002507
0.002455
0.002519
0.002356
0.002422
0.002198
0.002485
0.002494
0.002361
0.002525
0.002376
0.002382
0.002444
0.002409
0.002557
0.002304
0.002258
0.002584
0.002612
0.002462
0.002581
0.002319
0.002404
0.002544
0.002698
0.002386
0.002405
0.002659
0.002445
0.002278
0.002599
0.002338
0.002437
0.002371
0.002290
0.002479
0.002287
0.002447
0.002415
0.002443
0.002729
0.002458
0.002719
0.002817
0.002387
0.002661
0.002229
0.002428
0.002405
0.002396
0.002255
