0.001741
0.001884
0.002232
0.002243
0.002202
0.002280
0.002477
0.002506
0.002102
0.001899
0.001995
0.002071
0.002206
0.002313
0.002293
0.002250
0.002226
0.002257
0.002281
0.002322
0.002147
0.001700
0.002101
0.001923
0.002099
0.002254
0.002232
0.002320
0.002349
0.002272
0.002447
0.002423
0.002284
0.001903
0.001847
0.001942
0.002324
0.002440
0.002281
0.002249
0.002127
0.002303
0.002403
0.002326
0.002219
0.002404
0.002235
0.002403
0.002454
0.002246
0.002327
0.002392
0.002296
0.002352
0.002462
0.002240
0.002322
0.002174
0.002264
0.002282
0.002573
0.001865
0.001915
0.002338
0.002303
0.002274
0.002437
0.002593
0.002115
0.001982
0.002751
0.002395
0.002224
0.002408
0.002304
0.002390
0.002279
0.002373
0.002295
0.002475
0.002456
0.002395
0.002316
0.002549
0.002195
0.002380
0.002341
0.002349
0.002370
0.002333
0.002311
0.002246
0.002318
0.002379
0.002624
0.002157
0.002307
0.002143
0.002374
0.002110
0.002230
0.002359
0.002493
0.002537
0.002325
0.002263
0.002530
0.002303
0.002491
0.002340
0.002520
0.001997
0.002536
0.002159
0.002200
0.002337
0.002236
0.002431
0.002187
0.002316
0.002462
0.002378
0.002442
0.002459
0.002270
0.002231
0.002271
0.002526
0.002477
0.002469
0.002355
0.002425
0.002345
0.002541
0.002360
0.002257
0.002266
0.002383
0.002452
0.002533
0.002472
0.002543
0.002251
0.002396
0.002462
0.002302
0.002531
0.002480
0.002530
0.002348
0.002405
0.002555
0.002297
0.002389
0.002168
0.002167
0.002468
0.002331
0.002285
0.002414
0.002472
0.002277
0.002343
0.002255
0.002313
0.002404
0.002389
0.002490
0.002431
0.002334
0.001963
0.002230
0.002077
0.002364
0.002239
0.002305
0.002207
0.002530
0.002009
0.002496
0.002532
0.002205
0.002466
0.002416
0.002308
0.002226
0.002425
0.002433
0.002214
0.002396
0.002314
0.002532
0.002121
0.002328
0.002409
0.002220
0.002313
0.002306
0.002613
0.002285
0.002495
0.002307
0.002569
0.002285
0.002360
0.002200
0.002479
0.002097
0.002330
0.002174
0.002487
0.002489
0.002368
0.002277
0.002382
0.002268
0.002161
0.002209
0.002077
0.002210
0.002292
0.002166
0.002263
0.002492
0.002634
0.002497
0.002385
0.002367
0.002355
0.002245
0.002450
0.002536
0.002495
0.002567
0.002409
0.002477
0.002138
0.002360
0.002191
0.002480
0.002329
0.002515
0.002240
0.002426
0.002225
0.002122
0.002389
0.002323
0.002291
0.002518
0.002246
0.002413
0.002321
0.002596
0.002426
0.002458
0.002571
0.002309
0.002345
0.002534
0.002420
0.002385
0.002500
0.002361
0.002510
0.002275
0.002556
0.002122
0.002466
0.002478
0.001979
0.002593
0.002220
0.002515
0.002474
0.002235
0.002470
0.002271
0.002668
0.002132
0.002100
0.002232
0.002373
0.002481
0.002218
0.002242
0.002553
0.002309
0.002259
0.002523
0.002217
0.002437
0.002223
0.002042
0.002569
0.002448
0.002215
0.002459
0.002346
0.002529
0.002343
0.002370
0.002169
0.002320
0.002143
0.002194
0.002143
0.002312
0.002253
0.002109
0.002430
0.002385
0.002116
0.002399
0.002328
0.002310
0.002457
0.002357
0.002417
0.002345
0.002290
0.002313
0.002132
0.002385
0.002500
0.001998
0.002132
0.002630
0.002301
0.002358
0.002251
0.002157
0.002266
0.002394
0.002407
0.002380
0.002419
0.002225
0.002377
0.002478
0.002485
0.002433
0.002206
0.002403
0.002199
0.002243
0.002265
0.002403
0.002242
0.002268
0.002394
0.002448
0.002276
0.002579
0.002260
0.002278
0.002391
0.002123
0.002114
0.002218
0.002300
0.002499
0.002529
0.002483
0.002457
0.002421
0.002349
0.002215
0.002474
0.002378
0.002136
0.002259
0.002123
0.002479
0.002538
0.001948
0.002522
0.002365
0.001815
0.002416
0.002324
0.002171
0.002146
0.002543
0.002150
0.002186
0.002047
0.002413
0.002323
0.002138
0.002525
0.002483
0.002314
0.002422
0.002126
0.002138
0.002287
0.002169
0.001728
0.002216
0.002415
0.002421
0.002215
0.002536
0.002439
0.002307
0.002425
0.002345
0.002427
0.002433
0.002429
0.002242
0.002015
0.002281
0.002333
0.002450
0.001956
0.002231
0.002398
0.002305
0.002451
0.002308
0.002235
0.002461
0.002361
0.002258
0.002196
0.002355
0.002316
0.002449
0.002380
0.002434
0.002008
0.002016
0.002172
0.002214
0.002432
0.002417
0.002438
0.002100
0.002393
0.002162
0.002346
0.002285
0.002367
0.002523
0.002365
0.002169
0.001956
0.002196
0.002146
0.002326
0.002458
0.002473
0.002315
0.002218
0.002476
0.001969
0.002433
0.002341
0.002347
0.002406
0.002201
0.002139
0.002343
0.002321
0.002472
0.002512
0.002521
0.002214
0.002161
0.002424
0.002292
0.002260
0.002453
0.002263
0.002378
0.002378
0.002489
0.002276
0.002197
0.002444
0.002491
0.002407
0.002250
0.002475
0.002220
0.002365
0.002357
0.002094
0.002546
0.002343
0.002525
0.002325
0.002331
0.002555
0.002266
0.002098
0.002372
0.002150
0.002093
0.002502
0.002018
0.002311
0.002215
0.002385
0.002288
0.002292
0.002519
0.002370
0.002464
0.002291
0.002464
0.002326
0.002262
0.002434
0.002238
0.002519
0.002374
0.002463
0.002254
0.002279
0.002323
0.002463
0.002320
0.002138
0.002377
0.002086
0.001968
0.002403
0.002109
0.002121
0.002067
0.002393
0.002500
0.001773
0.002283
0.002473
0.002454
0.002264
0.002014
0.002425
0.002389
0.001874
0.002290
0.002376
0.002455
0.002069
0.002514
0.002159
0.002472
0.002076
0.002399
0.002119
0.002365
0.002336
0.002276
0.002246
0.002507
0.002471
0.002170
0.002406
0.002396
0.002532
0.002386
0.002077
0.002209
0.002245
0.002479
0.002440
0.002447
0.002257
0.002438
0.002089
0.002417
0.002429
0.002538
0.002393
0.002199
0.002326
0.002538
0.002358
0.002416
0.002267
0.002437
0.002469
0.002339
0.002478
0.002407
0.002402
0.002309
0.002205
0.002498
0.002306
0.002480
0.002022
0.002311
0.002275
0.002488
0.002281
0.001983
0.002470
0.002502
0.002430
0.001963
0.002473
0.002496
0.002264
0.002264
0.002452
0.002264
0.002508
0.002566
0.002084
0.002409
0.002248
0.002321
0.002393
0.002139
0.002454
0.002016
0.002186
0.002521
0.002449
0.002489
0.002242
0.002421
0.002523
0.002187
0.002066
0.002097
0.002258
0.002026
0.002270
0.002323
0.002462
0.002547
0.002220
0.002463
0.002489
0.002069
0.002362
0.002299
0.001638
0.002201
0.002211
0.002135
0.002233
0.002063
0.002553
0.002281
0.002345
0.002460
0.002500
0.002571
0.002195
0.002453
0.002212
0.002511
0.002431
0.002459
0.002192
0.002230
0.002514
0.002254
0.002268
0.002248
0.002483
0.002318
0.002492
0.002175
0.002184
0.002398
0.002092
0.001990
0.002425
0.002435
0.002156
0.002484
0.002394
0.002379
0.002265
0.002011
0.001913
0.002473
0.002360
0.002593
0.002184
0.002383
0.002102
0.002514
0.002391
0.002473
0.001847
0.002151
0.002243
0.002455
0.002288
0.002254
0.002429
0.002489
0.002036
0.002466
0.002559
0.002291
0.002522
0.002234
0.001902
0.002173
0.002506
0.002515
0.002455
0.002367
0.002305
0.002323
0.002261
0.002212
0.002490
0.002524
0.002478
0.002220
0.002503
0.002369
0.002250
0.002540
0.002519
0.002229
0.002328
0.002340
0.002332
0.002545
0.002549
0.002114
0.002553
0.002394
0.002190
0.002300
0.002218
0.002516
0.002526
0.002534
0.001930
0.002213
0.002427
0.002287
0.002509
0.002518
0.002273
0.002381
0.002540
0.002165
0.002536
0.002450
0.002375
0.002521
0.002370
0.002111
0.002354
0.002285
0.002384
0.002480
0.002469
0.002508
0.002529
0.002269
0.002276
0.002235
0.002448
0.001996
0.002583
0.002373
0.002391
0.002285
0.002478
0.002439
0.002592
0.002418
0.002520
0.002604
0.002514
0.002369
0.001867
0.002187
0.001851
0.002380
0.002479
0.002550
0.002333
0.002004
0.002425
0.002117
0.002256
0.002500
0.002558
0.002186
0.002179
0.002505
0.002269
0.002366
0.002138
0.002241
0.002346
0.002216
0.002507
0.002482
0.002300
0.002238
0.002193
0.002563
0.002394
0.002394
0.002437
0.002353
0.002287
0.002403
0.002542
0.002254
0.002193
0.002508
0.002187
0.002516
0.002296
0.002230
0.002518
0.002421
0.002452
0.002298
0.002447
0.002473
0.002434
0.002252
0.002324
0.002306
0.002210
0.002554
0.002522
0.002051
0.002561
0.002463
0.002565
0.002081
0.002444
0.002597
0.002090
0.001880
0.002441
0.001597
0.002062
0.002027
0.001557
0.001679
0.002311
0.002418
0.002576
0.002297
0.002316
0.002267
0.002000
0.002142
0.002240
0.002562
0.002456
0.002230
0.002494
0.002491
0.002254
0.002222
0.002541
0.002462
0.002523
0.002463
0.002324
0.002514
0.002454
0.002489
0.002455
0.002308
0.002231
0.002504
0.002510
0.002524
0.002526
0.002247
0.002518
0.002438
0.002628
0.002142
0.002404
0.001973
0.002183
0.002487
0.002443
0.002383
0.002473
0.002506
0.002295
0.002456
0.002459
0.001933
0.001877
0.002597
0.002419
0.002394
0.002624
0.002470
0.002539
0.002533
0.002072
0.001894
0.002517
0.002139
0.002162
0.002062
0.002253
0.002053
0.002324
0.002087
0.002226
0.002223
0.002174
0.002479
0.002247
0.002289
0.002014
0.002378
0.001709
0.002093
0.002240
0.002470
0.002170
0.002183
0.002291
0.002292
0.002566
0.002486
0.002273
0.002564
0.002411
0.002507
0.002229
0.002431
0.002271
0.002546
0.002273
0.002416
0.002280
0.002478
0.002505
0.002386
0.002107
0.002223
0.002576
0.002260
0.002252
0.002304
0.002445
0.002534
0.002312
0.002555
0.002233
0.002524
0.002010
0.002124
0.002546
0.002336
0.002537
0.001990
0.002346
0.002290
0.002144
0.002357
0.002290
0.002394
0.002102
0.002541
0.002005
0.002401
0.002351
0.002494
0.002506
0.002212
0.002468
0.002139
0.002205
0.002434
0.002145
0.002507
0.002051
0.001804
0.002252
0.002500
0.002376
0.002391
0.002527
0.002144
0.002181
0.002413
0.002361
0.002430
0.002465
