0.001248
0.000899
0.001518
0.001723
0.001063
0.000766
0.000863
0.000697
0.000726
0.000700
0.000909
0.000785
0.000725
0.001089
0.001150
0.001008
0.000760
0.000918
0.001082
0.001053
0.000783
0.000884
0.000892
0.006823
0.001417
0.001073
0.005261
0.001283
0.000995
0.005770
0.001392
0.001045
0.005490
0.000857
0.001158
0.001128
0.001034
0.001166
0.000948
0.000720
0.004953
0.004626
0.004920
0.001426
0.001175
0.004387
0.001164
0.001168
0.004489
0.001323
0.001131
0.005459
0.001135
0.001081
0.001117
0.001201
0.001396
0.034318
0.001404
0.001853
0.006641
0.004435
0.004984
0.004386
0.002746
0.003931
0.002671
0.002483
0.007219
0.002246
0.002454
0.001353
0.002437
0.001486
0.001085
0.001430
0.001138
0.001197
0.001056
0.001498
0.001348
0.001472
0.001276
0.002756
0.021868
0.007726
0.001914
0.007301
0.001709
0.006982
0.006782
0.007888
0.006781
0.001705
0.006082
0.007725
0.001327
0.008000
0.001572
0.001608
0.001552
0.007018
0.001571
0.005945
0.001627
0.001648
0.001760
0.001653
0.001804
0.001884
0.001396
0.005922
0.001587
0.001637
0.001691
0.001482
0.003875
0.003536
0.001772
0.001763
0.001182
0.001464
0.002330
0.004401
0.008242
0.004731
0.001955
0.005137
0.002125
0.004354
0.003907
0.004626
0.002199
0.003055
0.002351
0.002299
0.003043
0.005036
0.004087
0.002988
0.008139
0.006564
0.002856
0.005977
0.003315
0.002823
0.002698
0.024583
0.002434
0.001747
0.002339
0.002204
0.002457
0.002302
0.002357
0.008464
0.008413
0.007119
0.007819
0.007669
0.007930
0.002019
0.002454
0.002225
0.001906
0.008446
0.004020
0.001771
0.002014
0.001977
0.002177
0.002082
0.002522
0.006519
0.002023
0.002313
0.006456
0.002216
0.005903
0.002746
0.007154
0.002941
0.007069
0.002218
0.002080
0.006626
0.006528
0.002402
0.002178
0.005750
0.002247
0.002197
0.008732
0.002408
0.002233
0.002145
0.003451
0.007444
0.002000
0.002320
0.002185
0.002481
0.002268
0.008184
0.001958
0.005169
0.001941
0.001981
0.002257
0.002187
0.002015
0.027495
0.002119
0.002350
0.002601
0.001763
0.002118
0.002115
0.002121
0.002624
0.002512
0.002197
0.002171
0.001960
0.001938
0.007621
0.002270
0.017165
0.019230
0.002065
0.002263
0.002650
0.011208
0.022538
0.002443
0.002408
0.002063
0.002422
0.014189
0.002082
0.002200
0.002169
0.002601
0.002546
0.002644
0.002497
0.001676
0.002377
0.002555
0.002176
0.001802
0.006907
0.002336
0.002536
0.002249
0.002181
0.002281
0.002079
0.005787
0.002023
0.002304
0.002161
0.002280
0.001953
0.002231
0.002348
0.002296
0.002142
0.002454
0.002359
0.002204
0.001551
0.002466
0.001792
0.003624
0.001693
0.001871
0.001763
0.056542
0.017433
0.013831
0.001522
0.001679
0.001682
0.001560
0.001568
0.001661
0.001594
0.049947
0.001812
0.016968
0.001818
0.001717
0.001249
0.001327
0.001509
0.002139
0.002278
0.001395
0.002199
0.001507
0.001601
0.001446
0.002518
0.001767
0.080173
0.001386
0.002067
0.002143
0.001817
0.002387
0.001712
0.001613
0.001565
0.067507
0.001713
0.002425
0.001970
0.002206
0.002102
0.002032
0.002034
0.001562
0.002011
0.001902
0.002180
0.002470
0.002135
0.015011
0.003703
0.002106
0.005112
0.007425
0.002177
0.002210
0.001977
0.002349
0.002157
0.002316
0.008792
0.002047
0.001598
0.001588
0.001594
0.001701
0.001659
0.001596
0.001838
0.002145
0.001834
0.001879
0.002093
0.006845
0.001923
0.002166
0.002187
0.002341
0.001876
0.002294
0.002007
0.002068
0.002256
0.001841
0.002223
0.001829
0.001976
0.001507
0.001542
0.001851
0.001941
0.002020
0.001401
0.008057
0.004908
0.001755
0.001831
0.003174
0.001990
0.002121
0.002077
0.002266
0.002199
0.002022
0.001525
0.001840
0.001953
0.001652
0.001816
0.001714
0.002134
0.002079
0.002047
0.002193
0.002017
0.002303
0.002406
0.002019
0.002174
0.002019
0.002153
0.002129
0.001858
0.001839
